<?xml version="1.0" encoding="UTF-8"?>
<!-- Generated by org.testng.reporters.JUnitXMLReporter -->
<testsuite hostname="mbpro-dejuan.local" name="GRP-CreateData,CheckPriceAD,BuyMultiple,Buy,LoginFirstTime,CheckPriceAD2,CheckPriceEXADV2,CheckOrder,CheckPriceMB,CheckPriceEX,Offer,Option,Bid,CheckPriceEXADV,UnderBid" tests="284" failures="54" timestamp="28 Oct 2016 07:08:40 GMT" time="2407.128" errors="0">
  <testcase name="" time="138.499" classname="testcases.A1Dev1028UnitCreate"/>
  <testcase name="" time="21.354" classname="testcases.A2Dev1072LoginFirstTime"/>
  <testcase name="" time="21.658" classname="testcases.A2Dev1072LoginFirstTime"/>
  <testcase name="" time="21.29" classname="testcases.A2Dev1072LoginFirstTime"/>
  <testcase name="" time="21.206" classname="testcases.A2Dev1072LoginFirstTime"/>
  <testcase name="" time="21.226" classname="testcases.A2Dev1072LoginFirstTime"/>
  <testcase name="" time="21.706" classname="testcases.A2Dev1072LoginFirstTime"/>
  <testcase name="" time="21.798" classname="testcases.A2Dev1072LoginFirstTime"/>
  <testcase name="" time="21.443" classname="testcases.A3Dev1015CheckExchangePricesMB"/>
  <testcase name="" time="0.16" classname="testcases.A3Dev1015CheckExchangePricesMB">
    <failure type="java.lang.AssertionError" message="The following asserts failed:
	expected [4.500,00] but found [5.000,00],
	expected [22,50] but found [25,00]">
      <![CDATA[java.lang.AssertionError: The following asserts failed:
	expected [4.500,00] but found [5.000,00],
	expected [22,50] but found [25,00]
	at testcases.A3Dev1015CheckExchangePricesMB.checkLMExchangePrice(A3Dev1015CheckExchangePricesMB.java:57)
... Removed 25 stack frames]]>
    </failure>
  </testcase> <!--  -->
  <testcase name="" time="0.141" classname="testcases.A3Dev1015CheckExchangePricesMB">
    <failure type="java.lang.AssertionError" message="The following asserts failed:
	expected [2.250,00] but found [2.500,00],
	expected [11,25] but found [12,50]">
      <![CDATA[java.lang.AssertionError: The following asserts failed:
	expected [2.250,00] but found [2.500,00],
	expected [11,25] but found [12,50]
	at testcases.A3Dev1015CheckExchangePricesMB.checkLMExchangePrice(A3Dev1015CheckExchangePricesMB.java:57)
... Removed 25 stack frames]]>
    </failure>
  </testcase> <!--  -->
  <testcase name="" time="0.146" classname="testcases.A3Dev1015CheckExchangePricesMB">
    <failure type="java.lang.AssertionError" message="The following asserts failed:
	expected [2.250,00] but found [2.500,00],
	expected [11,25] but found [12,50]">
      <![CDATA[java.lang.AssertionError: The following asserts failed:
	expected [2.250,00] but found [2.500,00],
	expected [11,25] but found [12,50]
	at testcases.A3Dev1015CheckExchangePricesMB.checkLMExchangePrice(A3Dev1015CheckExchangePricesMB.java:57)
... Removed 25 stack frames]]>
    </failure>
  </testcase> <!--  -->
  <testcase name="" time="0.142" classname="testcases.A3Dev1015CheckExchangePricesMB">
    <failure type="java.lang.AssertionError" message="The following asserts failed:
	expected [2.250,00] but found [2.500,00],
	expected [11,25] but found [12,50]">
      <![CDATA[java.lang.AssertionError: The following asserts failed:
	expected [2.250,00] but found [2.500,00],
	expected [11,25] but found [12,50]
	at testcases.A3Dev1015CheckExchangePricesMB.checkLMExchangePrice(A3Dev1015CheckExchangePricesMB.java:57)
... Removed 25 stack frames]]>
    </failure>
  </testcase> <!--  -->
  <testcase name="" time="0.138" classname="testcases.A3Dev1015CheckExchangePricesMB">
    <failure type="java.lang.AssertionError" message="The following asserts failed:
	expected [2.250,00] but found [2.500,00],
	expected [11,25] but found [12,50]">
      <![CDATA[java.lang.AssertionError: The following asserts failed:
	expected [2.250,00] but found [2.500,00],
	expected [11,25] but found [12,50]
	at testcases.A3Dev1015CheckExchangePricesMB.checkLMExchangePrice(A3Dev1015CheckExchangePricesMB.java:57)
... Removed 25 stack frames]]>
    </failure>
  </testcase> <!--  -->
  <testcase name="" time="0.136" classname="testcases.A3Dev1015CheckExchangePricesMB">
    <failure type="java.lang.AssertionError" message="The following asserts failed:
	expected [4.500,00] but found [5.000,00],
	expected [22,50] but found [25,00]">
      <![CDATA[java.lang.AssertionError: The following asserts failed:
	expected [4.500,00] but found [5.000,00],
	expected [22,50] but found [25,00]
	at testcases.A3Dev1015CheckExchangePricesMB.checkLMExchangePrice(A3Dev1015CheckExchangePricesMB.java:57)
... Removed 25 stack frames]]>
    </failure>
  </testcase> <!--  -->
  <testcase name="" time="7.111" classname="testcases.A3Dev1015CheckExchangePricesMB"/>
  <testcase name="" time="0.158" classname="testcases.A3Dev1015CheckExchangePricesMB"/>
  <testcase name="" time="0.213" classname="testcases.A3Dev1015CheckExchangePricesMB"/>
  <testcase name="" time="0.22" classname="testcases.A3Dev1015CheckExchangePricesMB"/>
  <testcase name="" time="0.169" classname="testcases.A3Dev1015CheckExchangePricesMB"/>
  <testcase name="" time="0.148" classname="testcases.A3Dev1015CheckExchangePricesMB"/>
  <testcase name="" time="0.155" classname="testcases.A3Dev1015CheckExchangePricesMB"/>
  <testcase name="" time="7.063" classname="testcases.A3Dev1015CheckExchangePricesMB"/>
  <testcase name="" time="0.159" classname="testcases.A3Dev1015CheckExchangePricesMB"/>
  <testcase name="" time="0.139" classname="testcases.A3Dev1015CheckExchangePricesMB"/>
  <testcase name="" time="0.137" classname="testcases.A3Dev1015CheckExchangePricesMB"/>
  <testcase name="" time="0.127" classname="testcases.A3Dev1015CheckExchangePricesMB"/>
  <testcase name="" time="0.134" classname="testcases.A3Dev1015CheckExchangePricesMB"/>
  <testcase name="" time="0.132" classname="testcases.A3Dev1015CheckExchangePricesMB"/>
  <testcase name="" time="18.032" classname="testcases.A3Dev1015CheckExchangePricesMB"/>
  <testcase name="" time="0.164" classname="testcases.A3Dev1015CheckExchangePricesMB"/>
  <testcase name="" time="0.14" classname="testcases.A3Dev1015CheckExchangePricesMB"/>
  <testcase name="" time="0.137" classname="testcases.A3Dev1015CheckExchangePricesMB"/>
  <testcase name="" time="0.123" classname="testcases.A3Dev1015CheckExchangePricesMB"/>
  <testcase name="" time="0.133" classname="testcases.A3Dev1015CheckExchangePricesMB"/>
  <testcase name="" time="0.13" classname="testcases.A3Dev1015CheckExchangePricesMB"/>
  <testcase name="" time="18.018" classname="testcases.A3Dev1015CheckExchangePricesMB"/>
  <testcase name="" time="0.143" classname="testcases.A3Dev1015CheckExchangePricesMB"/>
  <testcase name="" time="0.131" classname="testcases.A3Dev1015CheckExchangePricesMB"/>
  <testcase name="" time="0.127" classname="testcases.A3Dev1015CheckExchangePricesMB"/>
  <testcase name="" time="0.159" classname="testcases.A3Dev1015CheckExchangePricesMB"/>
  <testcase name="" time="0.19" classname="testcases.A3Dev1015CheckExchangePricesMB"/>
  <testcase name="" time="0.197" classname="testcases.A3Dev1015CheckExchangePricesMB"/>
  <testcase name="" time="24.576" classname="testcases.A3Dev1015CheckExchangePricesMB"/>
  <testcase name="" time="0.175" classname="testcases.A3Dev1015CheckExchangePricesMB">
    <failure type="java.lang.AssertionError" message="The following asserts failed:
	expected [4.500,00] but found [5.000,00],
	expected [22,50] but found [25,00]">
      <![CDATA[java.lang.AssertionError: The following asserts failed:
	expected [4.500,00] but found [5.000,00],
	expected [22,50] but found [25,00]
	at testcases.A3Dev1015CheckExchangePricesMB.checkLMExchangePriceM2(A3Dev1015CheckExchangePricesMB.java:246)
... Removed 25 stack frames]]>
    </failure>
  </testcase> <!--  -->
  <testcase name="" time="0.16" classname="testcases.A3Dev1015CheckExchangePricesMB">
    <failure type="java.lang.AssertionError" message="The following asserts failed:
	expected [4.500,00] but found [5.000,00],
	expected [22,50] but found [25,00]">
      <![CDATA[java.lang.AssertionError: The following asserts failed:
	expected [4.500,00] but found [5.000,00],
	expected [22,50] but found [25,00]
	at testcases.A3Dev1015CheckExchangePricesMB.checkLMExchangePriceM2(A3Dev1015CheckExchangePricesMB.java:246)
... Removed 25 stack frames]]>
    </failure>
  </testcase> <!--  -->
  <testcase name="" time="0.154" classname="testcases.A3Dev1015CheckExchangePricesMB">
    <failure type="java.lang.AssertionError" message="The following asserts failed:
	expected [4.500,00] but found [5.000,00],
	expected [22,50] but found [25,00]">
      <![CDATA[java.lang.AssertionError: The following asserts failed:
	expected [4.500,00] but found [5.000,00],
	expected [22,50] but found [25,00]
	at testcases.A3Dev1015CheckExchangePricesMB.checkLMExchangePriceM2(A3Dev1015CheckExchangePricesMB.java:246)
... Removed 25 stack frames]]>
    </failure>
  </testcase> <!--  -->
  <testcase name="" time="0.159" classname="testcases.A3Dev1015CheckExchangePricesMB">
    <failure type="java.lang.AssertionError" message="The following asserts failed:
	expected [4.500,00] but found [5.000,00],
	expected [22,50] but found [25,00]">
      <![CDATA[java.lang.AssertionError: The following asserts failed:
	expected [4.500,00] but found [5.000,00],
	expected [22,50] but found [25,00]
	at testcases.A3Dev1015CheckExchangePricesMB.checkLMExchangePriceM2(A3Dev1015CheckExchangePricesMB.java:246)
... Removed 25 stack frames]]>
    </failure>
  </testcase> <!--  -->
  <testcase name="" time="0.164" classname="testcases.A3Dev1015CheckExchangePricesMB">
    <failure type="java.lang.AssertionError" message="The following asserts failed:
	expected [2.250,00] but found [2.500,00],
	expected [11,25] but found [12,50]">
      <![CDATA[java.lang.AssertionError: The following asserts failed:
	expected [2.250,00] but found [2.500,00],
	expected [11,25] but found [12,50]
	at testcases.A3Dev1015CheckExchangePricesMB.checkLMExchangePriceM2(A3Dev1015CheckExchangePricesMB.java:246)
... Removed 25 stack frames]]>
    </failure>
  </testcase> <!--  -->
  <testcase name="" time="0.15" classname="testcases.A3Dev1015CheckExchangePricesMB">
    <failure type="java.lang.AssertionError" message="The following asserts failed:
	expected [2.250,00] but found [2.500,00],
	expected [11,25] but found [12,50]">
      <![CDATA[java.lang.AssertionError: The following asserts failed:
	expected [2.250,00] but found [2.500,00],
	expected [11,25] but found [12,50]
	at testcases.A3Dev1015CheckExchangePricesMB.checkLMExchangePriceM2(A3Dev1015CheckExchangePricesMB.java:246)
... Removed 25 stack frames]]>
    </failure>
  </testcase> <!--  -->
  <testcase name="" time="0.16" classname="testcases.A3Dev1015CheckExchangePricesMB">
    <failure type="java.lang.AssertionError" message="The following asserts failed:
	expected [2.250,00] but found [2.500,00],
	expected [11,25] but found [12,50]">
      <![CDATA[java.lang.AssertionError: The following asserts failed:
	expected [2.250,00] but found [2.500,00],
	expected [11,25] but found [12,50]
	at testcases.A3Dev1015CheckExchangePricesMB.checkLMExchangePriceM2(A3Dev1015CheckExchangePricesMB.java:246)
... Removed 25 stack frames]]>
    </failure>
  </testcase> <!--  -->
  <testcase name="" time="0.165" classname="testcases.A3Dev1015CheckExchangePricesMB">
    <failure type="java.lang.AssertionError" message="The following asserts failed:
	expected [2.250,00] but found [2.500,00],
	expected [11,25] but found [12,50]">
      <![CDATA[java.lang.AssertionError: The following asserts failed:
	expected [2.250,00] but found [2.500,00],
	expected [11,25] but found [12,50]
	at testcases.A3Dev1015CheckExchangePricesMB.checkLMExchangePriceM2(A3Dev1015CheckExchangePricesMB.java:246)
... Removed 25 stack frames]]>
    </failure>
  </testcase> <!--  -->
  <testcase name="" time="0.159" classname="testcases.A3Dev1015CheckExchangePricesMB">
    <failure type="java.lang.AssertionError" message="The following asserts failed:
	expected [2.250,00] but found [2.500,00],
	expected [11,25] but found [12,50]">
      <![CDATA[java.lang.AssertionError: The following asserts failed:
	expected [2.250,00] but found [2.500,00],
	expected [11,25] but found [12,50]
	at testcases.A3Dev1015CheckExchangePricesMB.checkLMExchangePriceM2(A3Dev1015CheckExchangePricesMB.java:246)
... Removed 25 stack frames]]>
    </failure>
  </testcase> <!--  -->
  <testcase name="" time="0.157" classname="testcases.A3Dev1015CheckExchangePricesMB">
    <failure type="java.lang.AssertionError" message="The following asserts failed:
	expected [2.250,00] but found [2.500,00],
	expected [11,25] but found [12,50]">
      <![CDATA[java.lang.AssertionError: The following asserts failed:
	expected [2.250,00] but found [2.500,00],
	expected [11,25] but found [12,50]
	at testcases.A3Dev1015CheckExchangePricesMB.checkLMExchangePriceM2(A3Dev1015CheckExchangePricesMB.java:246)
... Removed 25 stack frames]]>
    </failure>
  </testcase> <!--  -->
  <testcase name="" time="0.25" classname="testcases.A3Dev1015CheckExchangePricesMB">
    <failure type="java.lang.AssertionError" message="The following asserts failed:
	expected [2.250,00] but found [2.500,00],
	expected [11,25] but found [12,50]">
      <![CDATA[java.lang.AssertionError: The following asserts failed:
	expected [2.250,00] but found [2.500,00],
	expected [11,25] but found [12,50]
	at testcases.A3Dev1015CheckExchangePricesMB.checkLMExchangePriceM2(A3Dev1015CheckExchangePricesMB.java:246)
... Removed 25 stack frames]]>
    </failure>
  </testcase> <!--  -->
  <testcase name="" time="0.17" classname="testcases.A3Dev1015CheckExchangePricesMB">
    <failure type="java.lang.AssertionError" message="The following asserts failed:
	expected [2.250,00] but found [2.500,00],
	expected [11,25] but found [12,50]">
      <![CDATA[java.lang.AssertionError: The following asserts failed:
	expected [2.250,00] but found [2.500,00],
	expected [11,25] but found [12,50]
	at testcases.A3Dev1015CheckExchangePricesMB.checkLMExchangePriceM2(A3Dev1015CheckExchangePricesMB.java:246)
... Removed 25 stack frames]]>
    </failure>
  </testcase> <!--  -->
  <testcase name="" time="7.981" classname="testcases.A3Dev1015CheckExchangePricesMB"/>
  <testcase name="" time="0.168" classname="testcases.A3Dev1015CheckExchangePricesMB"/>
  <testcase name="" time="0.166" classname="testcases.A3Dev1015CheckExchangePricesMB"/>
  <testcase name="" time="0.157" classname="testcases.A3Dev1015CheckExchangePricesMB"/>
  <testcase name="" time="0.161" classname="testcases.A3Dev1015CheckExchangePricesMB"/>
  <testcase name="" time="0.167" classname="testcases.A3Dev1015CheckExchangePricesMB"/>
  <testcase name="" time="0.154" classname="testcases.A3Dev1015CheckExchangePricesMB"/>
  <testcase name="" time="0.149" classname="testcases.A3Dev1015CheckExchangePricesMB"/>
  <testcase name="" time="0.157" classname="testcases.A3Dev1015CheckExchangePricesMB"/>
  <testcase name="" time="0.157" classname="testcases.A3Dev1015CheckExchangePricesMB"/>
  <testcase name="" time="0.169" classname="testcases.A3Dev1015CheckExchangePricesMB"/>
  <testcase name="" time="0.164" classname="testcases.A3Dev1015CheckExchangePricesMB"/>
  <testcase name="" time="0.165" classname="testcases.A3Dev1015CheckExchangePricesMB"/>
  <testcase name="" time="7.236" classname="testcases.A3Dev1015CheckExchangePricesMB"/>
  <testcase name="" time="0.152" classname="testcases.A3Dev1015CheckExchangePricesMB"/>
  <testcase name="" time="0.157" classname="testcases.A3Dev1015CheckExchangePricesMB"/>
  <testcase name="" time="0.226" classname="testcases.A3Dev1015CheckExchangePricesMB"/>
  <testcase name="" time="0.146" classname="testcases.A3Dev1015CheckExchangePricesMB"/>
  <testcase name="" time="0.144" classname="testcases.A3Dev1015CheckExchangePricesMB"/>
  <testcase name="" time="0.152" classname="testcases.A3Dev1015CheckExchangePricesMB"/>
  <testcase name="" time="0.153" classname="testcases.A3Dev1015CheckExchangePricesMB"/>
  <testcase name="" time="0.147" classname="testcases.A3Dev1015CheckExchangePricesMB"/>
  <testcase name="" time="0.146" classname="testcases.A3Dev1015CheckExchangePricesMB"/>
  <testcase name="" time="0.148" classname="testcases.A3Dev1015CheckExchangePricesMB"/>
  <testcase name="" time="0.154" classname="testcases.A3Dev1015CheckExchangePricesMB"/>
  <testcase name="" time="0.152" classname="testcases.A3Dev1015CheckExchangePricesMB"/>
  <testcase name="" time="18.374" classname="testcases.A3Dev1015CheckExchangePricesMB"/>
  <testcase name="" time="0.174" classname="testcases.A3Dev1015CheckExchangePricesMB"/>
  <testcase name="" time="0.149" classname="testcases.A3Dev1015CheckExchangePricesMB"/>
  <testcase name="" time="0.144" classname="testcases.A3Dev1015CheckExchangePricesMB"/>
  <testcase name="" time="0.159" classname="testcases.A3Dev1015CheckExchangePricesMB"/>
  <testcase name="" time="0.249" classname="testcases.A3Dev1015CheckExchangePricesMB"/>
  <testcase name="" time="0.233" classname="testcases.A3Dev1015CheckExchangePricesMB"/>
  <testcase name="" time="0.164" classname="testcases.A3Dev1015CheckExchangePricesMB"/>
  <testcase name="" time="0.159" classname="testcases.A3Dev1015CheckExchangePricesMB"/>
  <testcase name="" time="0.153" classname="testcases.A3Dev1015CheckExchangePricesMB"/>
  <testcase name="" time="0.152" classname="testcases.A3Dev1015CheckExchangePricesMB"/>
  <testcase name="" time="0.156" classname="testcases.A3Dev1015CheckExchangePricesMB"/>
  <testcase name="" time="0.146" classname="testcases.A3Dev1015CheckExchangePricesMB"/>
  <testcase name="" time="18.405" classname="testcases.A3Dev1015CheckExchangePricesMB"/>
  <testcase name="" time="0.208" classname="testcases.A3Dev1015CheckExchangePricesMB"/>
  <testcase name="" time="0.155" classname="testcases.A3Dev1015CheckExchangePricesMB"/>
  <testcase name="" time="0.162" classname="testcases.A3Dev1015CheckExchangePricesMB"/>
  <testcase name="" time="0.147" classname="testcases.A3Dev1015CheckExchangePricesMB"/>
  <testcase name="" time="0.147" classname="testcases.A3Dev1015CheckExchangePricesMB"/>
  <testcase name="" time="0.155" classname="testcases.A3Dev1015CheckExchangePricesMB"/>
  <testcase name="" time="0.146" classname="testcases.A3Dev1015CheckExchangePricesMB"/>
  <testcase name="" time="0.146" classname="testcases.A3Dev1015CheckExchangePricesMB"/>
  <testcase name="" time="0.141" classname="testcases.A3Dev1015CheckExchangePricesMB"/>
  <testcase name="" time="0.145" classname="testcases.A3Dev1015CheckExchangePricesMB"/>
  <testcase name="" time="0.146" classname="testcases.A3Dev1015CheckExchangePricesMB"/>
  <testcase name="" time="0.154" classname="testcases.A3Dev1015CheckExchangePricesMB"/>
  <testcase name="" time="25.395" classname="testcases.A3Dev1015CheckExchangePricesMB"/>
  <testcase name="" time="0.093" classname="testcases.A3Dev1015CheckExchangePricesMB"/>
  <testcase name="" time="0.077" classname="testcases.A3Dev1015CheckExchangePricesMB"/>
  <testcase name="" time="0.07" classname="testcases.A3Dev1015CheckExchangePricesMB"/>
  <testcase name="" time="0.071" classname="testcases.A3Dev1015CheckExchangePricesMB"/>
  <testcase name="" time="0.069" classname="testcases.A3Dev1015CheckExchangePricesMB"/>
  <testcase name="" time="0.079" classname="testcases.A3Dev1015CheckExchangePricesMB"/>
  <testcase name="" time="18.417" classname="testcases.A3Dev999CheckExchangePricesADV"/>
  <testcase name="" time="0.174" classname="testcases.A3Dev999CheckExchangePricesADV">
    <failure type="java.lang.AssertionError" message="The following asserts failed:
	expected [4.500,00] but found [5.000,00],
	expected [22,50] but found [25,00]">
      <![CDATA[java.lang.AssertionError: The following asserts failed:
	expected [4.500,00] but found [5.000,00],
	expected [22,50] but found [25,00]
	at testcases.A3Dev999CheckExchangePricesADV.checkLMExchangePrice(A3Dev999CheckExchangePricesADV.java:56)
... Removed 25 stack frames]]>
    </failure>
  </testcase> <!--  -->
  <testcase name="" time="0.147" classname="testcases.A3Dev999CheckExchangePricesADV">
    <failure type="java.lang.AssertionError" message="The following asserts failed:
	expected [2.250,00] but found [2.500,00],
	expected [11,25] but found [12,50]">
      <![CDATA[java.lang.AssertionError: The following asserts failed:
	expected [2.250,00] but found [2.500,00],
	expected [11,25] but found [12,50]
	at testcases.A3Dev999CheckExchangePricesADV.checkLMExchangePrice(A3Dev999CheckExchangePricesADV.java:56)
... Removed 25 stack frames]]>
    </failure>
  </testcase> <!--  -->
  <testcase name="" time="0.138" classname="testcases.A3Dev999CheckExchangePricesADV">
    <failure type="java.lang.AssertionError" message="The following asserts failed:
	expected [2.250,00] but found [2.500,00],
	expected [11,25] but found [12,50]">
      <![CDATA[java.lang.AssertionError: The following asserts failed:
	expected [2.250,00] but found [2.500,00],
	expected [11,25] but found [12,50]
	at testcases.A3Dev999CheckExchangePricesADV.checkLMExchangePrice(A3Dev999CheckExchangePricesADV.java:56)
... Removed 25 stack frames]]>
    </failure>
  </testcase> <!--  -->
  <testcase name="" time="0.132" classname="testcases.A3Dev999CheckExchangePricesADV">
    <failure type="java.lang.AssertionError" message="The following asserts failed:
	expected [2.250,00] but found [2.500,00],
	expected [11,25] but found [12,50]">
      <![CDATA[java.lang.AssertionError: The following asserts failed:
	expected [2.250,00] but found [2.500,00],
	expected [11,25] but found [12,50]
	at testcases.A3Dev999CheckExchangePricesADV.checkLMExchangePrice(A3Dev999CheckExchangePricesADV.java:56)
... Removed 25 stack frames]]>
    </failure>
  </testcase> <!--  -->
  <testcase name="" time="0.136" classname="testcases.A3Dev999CheckExchangePricesADV">
    <failure type="java.lang.AssertionError" message="The following asserts failed:
	expected [2.250,00] but found [2.500,00],
	expected [11,25] but found [12,50]">
      <![CDATA[java.lang.AssertionError: The following asserts failed:
	expected [2.250,00] but found [2.500,00],
	expected [11,25] but found [12,50]
	at testcases.A3Dev999CheckExchangePricesADV.checkLMExchangePrice(A3Dev999CheckExchangePricesADV.java:56)
... Removed 25 stack frames]]>
    </failure>
  </testcase> <!--  -->
  <testcase name="" time="0.143" classname="testcases.A3Dev999CheckExchangePricesADV">
    <failure type="java.lang.AssertionError" message="The following asserts failed:
	expected [4.500,00] but found [5.000,00],
	expected [22,50] but found [25,00]">
      <![CDATA[java.lang.AssertionError: The following asserts failed:
	expected [4.500,00] but found [5.000,00],
	expected [22,50] but found [25,00]
	at testcases.A3Dev999CheckExchangePricesADV.checkLMExchangePrice(A3Dev999CheckExchangePricesADV.java:56)
... Removed 25 stack frames]]>
    </failure>
  </testcase> <!--  -->
  <testcase name="" time="6.998" classname="testcases.A3Dev999CheckExchangePricesADV"/>
  <testcase name="" time="0.17" classname="testcases.A3Dev999CheckExchangePricesADV"/>
  <testcase name="" time="0.144" classname="testcases.A3Dev999CheckExchangePricesADV"/>
  <testcase name="" time="0.146" classname="testcases.A3Dev999CheckExchangePricesADV"/>
  <testcase name="" time="0.134" classname="testcases.A3Dev999CheckExchangePricesADV"/>
  <testcase name="" time="0.13" classname="testcases.A3Dev999CheckExchangePricesADV"/>
  <testcase name="" time="0.137" classname="testcases.A3Dev999CheckExchangePricesADV"/>
  <testcase name="" time="6.817" classname="testcases.A3Dev999CheckExchangePricesADV"/>
  <testcase name="" time="0.134" classname="testcases.A3Dev999CheckExchangePricesADV"/>
  <testcase name="" time="0.137" classname="testcases.A3Dev999CheckExchangePricesADV"/>
  <testcase name="" time="0.126" classname="testcases.A3Dev999CheckExchangePricesADV"/>
  <testcase name="" time="0.131" classname="testcases.A3Dev999CheckExchangePricesADV"/>
  <testcase name="" time="0.127" classname="testcases.A3Dev999CheckExchangePricesADV"/>
  <testcase name="" time="0.121" classname="testcases.A3Dev999CheckExchangePricesADV"/>
  <testcase name="" time="16.678" classname="testcases.A3Dev999CheckExchangePricesADV"/>
  <testcase name="" time="0.264" classname="testcases.A3Dev999CheckExchangePricesADV">
    <failure type="java.lang.AssertionError" message="The following asserts failed:
	expected [4.500,00] but found [5.000,00],
	expected [22,50] but found [25,00]">
      <![CDATA[java.lang.AssertionError: The following asserts failed:
	expected [4.500,00] but found [5.000,00],
	expected [22,50] but found [25,00]
	at testcases.A3Dev999CheckExchangePricesADV.checkLMExchangePriceM2(A3Dev999CheckExchangePricesADV.java:172)
... Removed 25 stack frames]]>
    </failure>
  </testcase> <!--  -->
  <testcase name="" time="0.233" classname="testcases.A3Dev999CheckExchangePricesADV">
    <failure type="java.lang.AssertionError" message="The following asserts failed:
	expected [4.500,00] but found [5.000,00],
	expected [22,50] but found [25,00]">
      <![CDATA[java.lang.AssertionError: The following asserts failed:
	expected [4.500,00] but found [5.000,00],
	expected [22,50] but found [25,00]
	at testcases.A3Dev999CheckExchangePricesADV.checkLMExchangePriceM2(A3Dev999CheckExchangePricesADV.java:172)
... Removed 25 stack frames]]>
    </failure>
  </testcase> <!--  -->
  <testcase name="" time="0.237" classname="testcases.A3Dev999CheckExchangePricesADV">
    <failure type="java.lang.AssertionError" message="The following asserts failed:
	expected [4.500,00] but found [5.000,00],
	expected [22,50] but found [25,00]">
      <![CDATA[java.lang.AssertionError: The following asserts failed:
	expected [4.500,00] but found [5.000,00],
	expected [22,50] but found [25,00]
	at testcases.A3Dev999CheckExchangePricesADV.checkLMExchangePriceM2(A3Dev999CheckExchangePricesADV.java:172)
... Removed 25 stack frames]]>
    </failure>
  </testcase> <!--  -->
  <testcase name="" time="0.22" classname="testcases.A3Dev999CheckExchangePricesADV">
    <failure type="java.lang.AssertionError" message="The following asserts failed:
	expected [4.500,00] but found [5.000,00],
	expected [22,50] but found [25,00]">
      <![CDATA[java.lang.AssertionError: The following asserts failed:
	expected [4.500,00] but found [5.000,00],
	expected [22,50] but found [25,00]
	at testcases.A3Dev999CheckExchangePricesADV.checkLMExchangePriceM2(A3Dev999CheckExchangePricesADV.java:172)
... Removed 25 stack frames]]>
    </failure>
  </testcase> <!--  -->
  <testcase name="" time="0.221" classname="testcases.A3Dev999CheckExchangePricesADV">
    <failure type="java.lang.AssertionError" message="The following asserts failed:
	expected [2.250,00] but found [2.500,00],
	expected [11,25] but found [12,50]">
      <![CDATA[java.lang.AssertionError: The following asserts failed:
	expected [2.250,00] but found [2.500,00],
	expected [11,25] but found [12,50]
	at testcases.A3Dev999CheckExchangePricesADV.checkLMExchangePriceM2(A3Dev999CheckExchangePricesADV.java:172)
... Removed 25 stack frames]]>
    </failure>
  </testcase> <!--  -->
  <testcase name="" time="0.159" classname="testcases.A3Dev999CheckExchangePricesADV">
    <failure type="java.lang.AssertionError" message="The following asserts failed:
	expected [2.250,00] but found [2.500,00],
	expected [11,25] but found [12,50]">
      <![CDATA[java.lang.AssertionError: The following asserts failed:
	expected [2.250,00] but found [2.500,00],
	expected [11,25] but found [12,50]
	at testcases.A3Dev999CheckExchangePricesADV.checkLMExchangePriceM2(A3Dev999CheckExchangePricesADV.java:172)
... Removed 25 stack frames]]>
    </failure>
  </testcase> <!--  -->
  <testcase name="" time="0.17" classname="testcases.A3Dev999CheckExchangePricesADV">
    <failure type="java.lang.AssertionError" message="The following asserts failed:
	expected [2.250,00] but found [2.500,00],
	expected [11,25] but found [12,50]">
      <![CDATA[java.lang.AssertionError: The following asserts failed:
	expected [2.250,00] but found [2.500,00],
	expected [11,25] but found [12,50]
	at testcases.A3Dev999CheckExchangePricesADV.checkLMExchangePriceM2(A3Dev999CheckExchangePricesADV.java:172)
... Removed 25 stack frames]]>
    </failure>
  </testcase> <!--  -->
  <testcase name="" time="0.168" classname="testcases.A3Dev999CheckExchangePricesADV">
    <failure type="java.lang.AssertionError" message="The following asserts failed:
	expected [2.250,00] but found [2.500,00],
	expected [11,25] but found [12,50]">
      <![CDATA[java.lang.AssertionError: The following asserts failed:
	expected [2.250,00] but found [2.500,00],
	expected [11,25] but found [12,50]
	at testcases.A3Dev999CheckExchangePricesADV.checkLMExchangePriceM2(A3Dev999CheckExchangePricesADV.java:172)
... Removed 25 stack frames]]>
    </failure>
  </testcase> <!--  -->
  <testcase name="" time="0.164" classname="testcases.A3Dev999CheckExchangePricesADV">
    <failure type="java.lang.AssertionError" message="The following asserts failed:
	expected [2.250,00] but found [2.500,00],
	expected [11,25] but found [12,50]">
      <![CDATA[java.lang.AssertionError: The following asserts failed:
	expected [2.250,00] but found [2.500,00],
	expected [11,25] but found [12,50]
	at testcases.A3Dev999CheckExchangePricesADV.checkLMExchangePriceM2(A3Dev999CheckExchangePricesADV.java:172)
... Removed 25 stack frames]]>
    </failure>
  </testcase> <!--  -->
  <testcase name="" time="0.249" classname="testcases.A3Dev999CheckExchangePricesADV">
    <failure type="java.lang.AssertionError" message="The following asserts failed:
	expected [2.250,00] but found [2.500,00],
	expected [11,25] but found [12,50]">
      <![CDATA[java.lang.AssertionError: The following asserts failed:
	expected [2.250,00] but found [2.500,00],
	expected [11,25] but found [12,50]
	at testcases.A3Dev999CheckExchangePricesADV.checkLMExchangePriceM2(A3Dev999CheckExchangePricesADV.java:172)
... Removed 25 stack frames]]>
    </failure>
  </testcase> <!--  -->
  <testcase name="" time="0.183" classname="testcases.A3Dev999CheckExchangePricesADV">
    <failure type="java.lang.AssertionError" message="The following asserts failed:
	expected [2.250,00] but found [2.500,00],
	expected [11,25] but found [12,50]">
      <![CDATA[java.lang.AssertionError: The following asserts failed:
	expected [2.250,00] but found [2.500,00],
	expected [11,25] but found [12,50]
	at testcases.A3Dev999CheckExchangePricesADV.checkLMExchangePriceM2(A3Dev999CheckExchangePricesADV.java:172)
... Removed 25 stack frames]]>
    </failure>
  </testcase> <!--  -->
  <testcase name="" time="0.159" classname="testcases.A3Dev999CheckExchangePricesADV">
    <failure type="java.lang.AssertionError" message="The following asserts failed:
	expected [2.250,00] but found [2.500,00],
	expected [11,25] but found [12,50]">
      <![CDATA[java.lang.AssertionError: The following asserts failed:
	expected [2.250,00] but found [2.500,00],
	expected [11,25] but found [12,50]
	at testcases.A3Dev999CheckExchangePricesADV.checkLMExchangePriceM2(A3Dev999CheckExchangePricesADV.java:172)
... Removed 25 stack frames]]>
    </failure>
  </testcase> <!--  -->
  <testcase name="" time="7.386" classname="testcases.A3Dev999CheckExchangePricesADV"/>
  <testcase name="" time="0.185" classname="testcases.A3Dev999CheckExchangePricesADV"/>
  <testcase name="" time="0.17" classname="testcases.A3Dev999CheckExchangePricesADV"/>
  <testcase name="" time="0.17" classname="testcases.A3Dev999CheckExchangePricesADV"/>
  <testcase name="" time="0.169" classname="testcases.A3Dev999CheckExchangePricesADV"/>
  <testcase name="" time="0.16" classname="testcases.A3Dev999CheckExchangePricesADV"/>
  <testcase name="" time="0.165" classname="testcases.A3Dev999CheckExchangePricesADV"/>
  <testcase name="" time="0.157" classname="testcases.A3Dev999CheckExchangePricesADV"/>
  <testcase name="" time="0.168" classname="testcases.A3Dev999CheckExchangePricesADV"/>
  <testcase name="" time="0.158" classname="testcases.A3Dev999CheckExchangePricesADV"/>
  <testcase name="" time="0.157" classname="testcases.A3Dev999CheckExchangePricesADV"/>
  <testcase name="" time="0.152" classname="testcases.A3Dev999CheckExchangePricesADV"/>
  <testcase name="" time="0.16" classname="testcases.A3Dev999CheckExchangePricesADV"/>
  <testcase name="" time="7.123" classname="testcases.A3Dev999CheckExchangePricesADV"/>
  <testcase name="" time="0.142" classname="testcases.A3Dev999CheckExchangePricesADV"/>
  <testcase name="" time="0.138" classname="testcases.A3Dev999CheckExchangePricesADV"/>
  <testcase name="" time="0.148" classname="testcases.A3Dev999CheckExchangePricesADV"/>
  <testcase name="" time="0.157" classname="testcases.A3Dev999CheckExchangePricesADV"/>
  <testcase name="" time="0.183" classname="testcases.A3Dev999CheckExchangePricesADV"/>
  <testcase name="" time="0.225" classname="testcases.A3Dev999CheckExchangePricesADV"/>
  <testcase name="" time="0.161" classname="testcases.A3Dev999CheckExchangePricesADV"/>
  <testcase name="" time="0.162" classname="testcases.A3Dev999CheckExchangePricesADV"/>
  <testcase name="" time="0.145" classname="testcases.A3Dev999CheckExchangePricesADV"/>
  <testcase name="" time="0.153" classname="testcases.A3Dev999CheckExchangePricesADV"/>
  <testcase name="" time="0.15" classname="testcases.A3Dev999CheckExchangePricesADV"/>
  <testcase name="" time="0.147" classname="testcases.A3Dev999CheckExchangePricesADV"/>
  <testcase name="" time="17.905" classname="testcases.A3Dev998CheckExchangePricesADV2"/>
  <testcase name="" time="0.167" classname="testcases.A3Dev998CheckExchangePricesADV2">
    <failure type="java.lang.AssertionError" message="The following asserts failed:
	expected [4.500,00] but found [5.000,00],
	expected [22,50] but found [25,00]">
      <![CDATA[java.lang.AssertionError: The following asserts failed:
	expected [4.500,00] but found [5.000,00],
	expected [22,50] but found [25,00]
	at testcases.A3Dev998CheckExchangePricesADV2.checkLMExchangePrice(A3Dev998CheckExchangePricesADV2.java:56)
... Removed 25 stack frames]]>
    </failure>
  </testcase> <!--  -->
  <testcase name="" time="0.142" classname="testcases.A3Dev998CheckExchangePricesADV2">
    <failure type="java.lang.AssertionError" message="The following asserts failed:
	expected [2.250,00] but found [2.500,00],
	expected [11,25] but found [12,50]">
      <![CDATA[java.lang.AssertionError: The following asserts failed:
	expected [2.250,00] but found [2.500,00],
	expected [11,25] but found [12,50]
	at testcases.A3Dev998CheckExchangePricesADV2.checkLMExchangePrice(A3Dev998CheckExchangePricesADV2.java:56)
... Removed 25 stack frames]]>
    </failure>
  </testcase> <!--  -->
  <testcase name="" time="0.14" classname="testcases.A3Dev998CheckExchangePricesADV2">
    <failure type="java.lang.AssertionError" message="The following asserts failed:
	expected [2.250,00] but found [2.500,00],
	expected [11,25] but found [12,50]">
      <![CDATA[java.lang.AssertionError: The following asserts failed:
	expected [2.250,00] but found [2.500,00],
	expected [11,25] but found [12,50]
	at testcases.A3Dev998CheckExchangePricesADV2.checkLMExchangePrice(A3Dev998CheckExchangePricesADV2.java:56)
... Removed 25 stack frames]]>
    </failure>
  </testcase> <!--  -->
  <testcase name="" time="0.133" classname="testcases.A3Dev998CheckExchangePricesADV2">
    <failure type="java.lang.AssertionError" message="The following asserts failed:
	expected [2.250,00] but found [2.500,00],
	expected [11,25] but found [12,50]">
      <![CDATA[java.lang.AssertionError: The following asserts failed:
	expected [2.250,00] but found [2.500,00],
	expected [11,25] but found [12,50]
	at testcases.A3Dev998CheckExchangePricesADV2.checkLMExchangePrice(A3Dev998CheckExchangePricesADV2.java:56)
... Removed 25 stack frames]]>
    </failure>
  </testcase> <!--  -->
  <testcase name="" time="0.144" classname="testcases.A3Dev998CheckExchangePricesADV2">
    <failure type="java.lang.AssertionError" message="The following asserts failed:
	expected [2.250,00] but found [2.500,00],
	expected [11,25] but found [12,50]">
      <![CDATA[java.lang.AssertionError: The following asserts failed:
	expected [2.250,00] but found [2.500,00],
	expected [11,25] but found [12,50]
	at testcases.A3Dev998CheckExchangePricesADV2.checkLMExchangePrice(A3Dev998CheckExchangePricesADV2.java:56)
... Removed 25 stack frames]]>
    </failure>
  </testcase> <!--  -->
  <testcase name="" time="0.142" classname="testcases.A3Dev998CheckExchangePricesADV2">
    <failure type="java.lang.AssertionError" message="The following asserts failed:
	expected [4.500,00] but found [5.000,00],
	expected [22,50] but found [25,00]">
      <![CDATA[java.lang.AssertionError: The following asserts failed:
	expected [4.500,00] but found [5.000,00],
	expected [22,50] but found [25,00]
	at testcases.A3Dev998CheckExchangePricesADV2.checkLMExchangePrice(A3Dev998CheckExchangePricesADV2.java:56)
... Removed 25 stack frames]]>
    </failure>
  </testcase> <!--  -->
  <testcase name="" time="7.02" classname="testcases.A3Dev998CheckExchangePricesADV2"/>
  <testcase name="" time="0.165" classname="testcases.A3Dev998CheckExchangePricesADV2"/>
  <testcase name="" time="0.139" classname="testcases.A3Dev998CheckExchangePricesADV2"/>
  <testcase name="" time="0.151" classname="testcases.A3Dev998CheckExchangePricesADV2"/>
  <testcase name="" time="0.139" classname="testcases.A3Dev998CheckExchangePricesADV2"/>
  <testcase name="" time="0.133" classname="testcases.A3Dev998CheckExchangePricesADV2"/>
  <testcase name="" time="0.137" classname="testcases.A3Dev998CheckExchangePricesADV2"/>
  <testcase name="" time="6.932" classname="testcases.A3Dev998CheckExchangePricesADV2"/>
  <testcase name="" time="0.148" classname="testcases.A3Dev998CheckExchangePricesADV2"/>
  <testcase name="" time="0.129" classname="testcases.A3Dev998CheckExchangePricesADV2"/>
  <testcase name="" time="0.129" classname="testcases.A3Dev998CheckExchangePricesADV2"/>
  <testcase name="" time="0.126" classname="testcases.A3Dev998CheckExchangePricesADV2"/>
  <testcase name="" time="0.126" classname="testcases.A3Dev998CheckExchangePricesADV2"/>
  <testcase name="" time="0.127" classname="testcases.A3Dev998CheckExchangePricesADV2"/>
  <testcase name="" time="16.662" classname="testcases.A3Dev998CheckExchangePricesADV2"/>
  <testcase name="" time="0.293" classname="testcases.A3Dev998CheckExchangePricesADV2">
    <failure type="java.lang.AssertionError" message="The following asserts failed:
	expected [4.500,00] but found [5.000,00],
	expected [22,50] but found [25,00]">
      <![CDATA[java.lang.AssertionError: The following asserts failed:
	expected [4.500,00] but found [5.000,00],
	expected [22,50] but found [25,00]
	at testcases.A3Dev998CheckExchangePricesADV2.checkLMExchangePriceM2(A3Dev998CheckExchangePricesADV2.java:173)
... Removed 25 stack frames]]>
    </failure>
  </testcase> <!--  -->
  <testcase name="" time="0.156" classname="testcases.A3Dev998CheckExchangePricesADV2">
    <failure type="java.lang.AssertionError" message="The following asserts failed:
	expected [4.500,00] but found [5.000,00],
	expected [22,50] but found [25,00]">
      <![CDATA[java.lang.AssertionError: The following asserts failed:
	expected [4.500,00] but found [5.000,00],
	expected [22,50] but found [25,00]
	at testcases.A3Dev998CheckExchangePricesADV2.checkLMExchangePriceM2(A3Dev998CheckExchangePricesADV2.java:173)
... Removed 25 stack frames]]>
    </failure>
  </testcase> <!--  -->
  <testcase name="" time="0.161" classname="testcases.A3Dev998CheckExchangePricesADV2">
    <failure type="java.lang.AssertionError" message="The following asserts failed:
	expected [4.500,00] but found [5.000,00],
	expected [22,50] but found [25,00]">
      <![CDATA[java.lang.AssertionError: The following asserts failed:
	expected [4.500,00] but found [5.000,00],
	expected [22,50] but found [25,00]
	at testcases.A3Dev998CheckExchangePricesADV2.checkLMExchangePriceM2(A3Dev998CheckExchangePricesADV2.java:173)
... Removed 25 stack frames]]>
    </failure>
  </testcase> <!--  -->
  <testcase name="" time="0.152" classname="testcases.A3Dev998CheckExchangePricesADV2">
    <failure type="java.lang.AssertionError" message="The following asserts failed:
	expected [4.500,00] but found [5.000,00],
	expected [22,50] but found [25,00]">
      <![CDATA[java.lang.AssertionError: The following asserts failed:
	expected [4.500,00] but found [5.000,00],
	expected [22,50] but found [25,00]
	at testcases.A3Dev998CheckExchangePricesADV2.checkLMExchangePriceM2(A3Dev998CheckExchangePricesADV2.java:173)
... Removed 25 stack frames]]>
    </failure>
  </testcase> <!--  -->
  <testcase name="" time="0.156" classname="testcases.A3Dev998CheckExchangePricesADV2">
    <failure type="java.lang.AssertionError" message="The following asserts failed:
	expected [2.250,00] but found [2.500,00],
	expected [11,25] but found [12,50]">
      <![CDATA[java.lang.AssertionError: The following asserts failed:
	expected [2.250,00] but found [2.500,00],
	expected [11,25] but found [12,50]
	at testcases.A3Dev998CheckExchangePricesADV2.checkLMExchangePriceM2(A3Dev998CheckExchangePricesADV2.java:173)
... Removed 25 stack frames]]>
    </failure>
  </testcase> <!--  -->
  <testcase name="" time="0.152" classname="testcases.A3Dev998CheckExchangePricesADV2">
    <failure type="java.lang.AssertionError" message="The following asserts failed:
	expected [2.250,00] but found [2.500,00],
	expected [11,25] but found [12,50]">
      <![CDATA[java.lang.AssertionError: The following asserts failed:
	expected [2.250,00] but found [2.500,00],
	expected [11,25] but found [12,50]
	at testcases.A3Dev998CheckExchangePricesADV2.checkLMExchangePriceM2(A3Dev998CheckExchangePricesADV2.java:173)
... Removed 25 stack frames]]>
    </failure>
  </testcase> <!--  -->
  <testcase name="" time="0.17" classname="testcases.A3Dev998CheckExchangePricesADV2">
    <failure type="java.lang.AssertionError" message="The following asserts failed:
	expected [2.250,00] but found [2.500,00],
	expected [11,25] but found [12,50]">
      <![CDATA[java.lang.AssertionError: The following asserts failed:
	expected [2.250,00] but found [2.500,00],
	expected [11,25] but found [12,50]
	at testcases.A3Dev998CheckExchangePricesADV2.checkLMExchangePriceM2(A3Dev998CheckExchangePricesADV2.java:173)
... Removed 25 stack frames]]>
    </failure>
  </testcase> <!--  -->
  <testcase name="" time="0.153" classname="testcases.A3Dev998CheckExchangePricesADV2">
    <failure type="java.lang.AssertionError" message="The following asserts failed:
	expected [2.250,00] but found [2.500,00],
	expected [11,25] but found [12,50]">
      <![CDATA[java.lang.AssertionError: The following asserts failed:
	expected [2.250,00] but found [2.500,00],
	expected [11,25] but found [12,50]
	at testcases.A3Dev998CheckExchangePricesADV2.checkLMExchangePriceM2(A3Dev998CheckExchangePricesADV2.java:173)
... Removed 25 stack frames]]>
    </failure>
  </testcase> <!--  -->
  <testcase name="" time="0.157" classname="testcases.A3Dev998CheckExchangePricesADV2">
    <failure type="java.lang.AssertionError" message="The following asserts failed:
	expected [2.250,00] but found [2.500,00],
	expected [11,25] but found [12,50]">
      <![CDATA[java.lang.AssertionError: The following asserts failed:
	expected [2.250,00] but found [2.500,00],
	expected [11,25] but found [12,50]
	at testcases.A3Dev998CheckExchangePricesADV2.checkLMExchangePriceM2(A3Dev998CheckExchangePricesADV2.java:173)
... Removed 25 stack frames]]>
    </failure>
  </testcase> <!--  -->
  <testcase name="" time="0.163" classname="testcases.A3Dev998CheckExchangePricesADV2">
    <failure type="java.lang.AssertionError" message="The following asserts failed:
	expected [2.250,00] but found [2.500,00],
	expected [11,25] but found [12,50]">
      <![CDATA[java.lang.AssertionError: The following asserts failed:
	expected [2.250,00] but found [2.500,00],
	expected [11,25] but found [12,50]
	at testcases.A3Dev998CheckExchangePricesADV2.checkLMExchangePriceM2(A3Dev998CheckExchangePricesADV2.java:173)
... Removed 25 stack frames]]>
    </failure>
  </testcase> <!--  -->
  <testcase name="" time="0.158" classname="testcases.A3Dev998CheckExchangePricesADV2">
    <failure type="java.lang.AssertionError" message="The following asserts failed:
	expected [2.250,00] but found [2.500,00],
	expected [11,25] but found [12,50]">
      <![CDATA[java.lang.AssertionError: The following asserts failed:
	expected [2.250,00] but found [2.500,00],
	expected [11,25] but found [12,50]
	at testcases.A3Dev998CheckExchangePricesADV2.checkLMExchangePriceM2(A3Dev998CheckExchangePricesADV2.java:173)
... Removed 25 stack frames]]>
    </failure>
  </testcase> <!--  -->
  <testcase name="" time="0.253" classname="testcases.A3Dev998CheckExchangePricesADV2">
    <failure type="java.lang.AssertionError" message="The following asserts failed:
	expected [2.250,00] but found [2.500,00],
	expected [11,25] but found [12,50]">
      <![CDATA[java.lang.AssertionError: The following asserts failed:
	expected [2.250,00] but found [2.500,00],
	expected [11,25] but found [12,50]
	at testcases.A3Dev998CheckExchangePricesADV2.checkLMExchangePriceM2(A3Dev998CheckExchangePricesADV2.java:173)
... Removed 25 stack frames]]>
    </failure>
  </testcase> <!--  -->
  <testcase name="" time="7.466" classname="testcases.A3Dev998CheckExchangePricesADV2"/>
  <testcase name="" time="0.189" classname="testcases.A3Dev998CheckExchangePricesADV2"/>
  <testcase name="" time="0.172" classname="testcases.A3Dev998CheckExchangePricesADV2"/>
  <testcase name="" time="0.163" classname="testcases.A3Dev998CheckExchangePricesADV2"/>
  <testcase name="" time="0.161" classname="testcases.A3Dev998CheckExchangePricesADV2"/>
  <testcase name="" time="0.163" classname="testcases.A3Dev998CheckExchangePricesADV2"/>
  <testcase name="" time="0.167" classname="testcases.A3Dev998CheckExchangePricesADV2"/>
  <testcase name="" time="0.163" classname="testcases.A3Dev998CheckExchangePricesADV2"/>
  <testcase name="" time="0.163" classname="testcases.A3Dev998CheckExchangePricesADV2"/>
  <testcase name="" time="0.152" classname="testcases.A3Dev998CheckExchangePricesADV2"/>
  <testcase name="" time="0.159" classname="testcases.A3Dev998CheckExchangePricesADV2"/>
  <testcase name="" time="0.164" classname="testcases.A3Dev998CheckExchangePricesADV2"/>
  <testcase name="" time="0.165" classname="testcases.A3Dev998CheckExchangePricesADV2"/>
  <testcase name="" time="7.398" classname="testcases.A3Dev998CheckExchangePricesADV2"/>
  <testcase name="" time="0.189" classname="testcases.A3Dev998CheckExchangePricesADV2"/>
  <testcase name="" time="0.147" classname="testcases.A3Dev998CheckExchangePricesADV2"/>
  <testcase name="" time="0.154" classname="testcases.A3Dev998CheckExchangePricesADV2"/>
  <testcase name="" time="0.151" classname="testcases.A3Dev998CheckExchangePricesADV2"/>
  <testcase name="" time="0.155" classname="testcases.A3Dev998CheckExchangePricesADV2"/>
  <testcase name="" time="0.157" classname="testcases.A3Dev998CheckExchangePricesADV2"/>
  <testcase name="" time="0.155" classname="testcases.A3Dev998CheckExchangePricesADV2"/>
  <testcase name="" time="0.154" classname="testcases.A3Dev998CheckExchangePricesADV2"/>
  <testcase name="" time="0.144" classname="testcases.A3Dev998CheckExchangePricesADV2"/>
  <testcase name="" time="0.149" classname="testcases.A3Dev998CheckExchangePricesADV2"/>
  <testcase name="" time="0.147" classname="testcases.A3Dev998CheckExchangePricesADV2"/>
  <testcase name="" time="0.164" classname="testcases.A3Dev998CheckExchangePricesADV2"/>
  <testcase name="checkAllPrices" time="0.0" classname="testcases.A3Dev1077CheckAllPricesForADV">
    <skipped/>
  </testcase> <!-- checkAllPrices -->
  <testcase name="" time="44.911" classname="testcases.A3Dev1079CheckPricesForADV2"/>
  <testcase name="" time="10.036" classname="testcases.A3Dev1079CheckPricesForADV2"/>
  <testcase name="" time="10.067" classname="testcases.A3Dev1079CheckPricesForADV2"/>
  <testcase name="" time="14.63" classname="testcases.A3Dev1079CheckPricesForADV2"/>
  <testcase name="" time="14.694" classname="testcases.A3Dev1079CheckPricesForADV2"/>
  <testcase name="" time="7.902" classname="testcases.A3Dev1079CheckPricesForADV2"/>
  <testcase name="" time="32.585" classname="testcases.A3Dev1080CheckPricesForDiffCampaign"/>
  <testcase name="" time="18.513" classname="testcases.A3Dev1080CheckPricesForDiffCampaign"/>
  <testcase name="" time="18.223" classname="testcases.A3Dev1080CheckPricesForDiffCampaign"/>
  <testcase name="" time="20.089" classname="testcases.A3Dev1080CheckPricesForDiffCampaign"/>
  <testcase name="" time="18.411" classname="testcases.A3Dev1080CheckPricesForDiffCampaign"/>
  <testcase name="" time="5.205" classname="testcases.A3Dev1080CheckPricesForDiffCampaign"/>
  <testcase name="" time="59.66" classname="testcases.A4Dev1101CampaignBuy"/>
  <testcase name="" time="69.247" classname="testcases.A4Dev1101CampaignBuy"/>
  <testcase name="" time="0.0" classname="testcases.A5Dev1102CheckOrders"/>
  <testcase name="" time="0.0" classname="testcases.A5Dev1102CheckOrders"/>
  <testcase name="" time="0.0" classname="testcases.A5Dev1102CheckOrders"/>
  <testcase name="" time="0.001" classname="testcases.A5Dev1102CheckOrders"/>
  <testcase name="" time="91.796" classname="testcases.A6Dev1194CampaignBuyMultiple"/>
  <testcase name="" time="0.0" classname="testcases.A6Dev1194CampaignBuyMultiple"/>
  <testcase name="" time="0.0" classname="testcases.A6Dev1194CampaignBuyMultiple"/>
  <testcase name="" time="0.001" classname="testcases.A6Dev1194CampaignBuyMultiple"/>
  <testcase name="" time="119.241" classname="testcases.B1Dev1121OptionRequestAcceptReject"/>
  <testcase name="" time="106.129" classname="testcases.B1Dev1121OptionRequestAcceptReject"/>
  <testcase name="" time="68.146" classname="testcases.B2Dev1132OptionPush"/>
  <testcase name="" time="66.607" classname="testcases.B2Dev1132OptionPush"/>
  <testcase name="" time="65.192" classname="testcases.B2Dev1132OptionPush"/>
  <testcase name="" time="65.158" classname="testcases.B2Dev1132OptionPush"/>
  <testcase name="" time="24.67" classname="testcases.B2Dev1132OptionPush"/>
  <testcase name="" time="14.442" classname="testcases.B2Dev1132OptionPush"/>
  <testcase name="" time="13.219" classname="testcases.B2Dev1132OptionPush"/>
  <testcase name="" time="8.874" classname="testcases.B2Dev1132OptionPush"/>
  <testcase name="" time="43.534" classname="testcases.B2Dev1132OptionPush"/>
  <testcase name="" time="35.913" classname="testcases.C1Dev1137BidAutoBid"/>
  <testcase name="" time="36.854" classname="testcases.C1Dev1137BidAutoBid"/>
  <testcase name="" time="43.27" classname="testcases.C1Dev1137BidAutoBid"/>
  <testcase name="" time="31.799" classname="testcases.C1Dev1137BidAutoBid"/>
  <testcase name="" time="17.862" classname="testcases.C1Dev1137BidAutoBid"/>
  <testcase name="" time="44.592" classname="testcases.C1Dev1137BidAutoBid"/>
  <testcase name="" time="31.591" classname="testcases.C1Dev1137BidAutoBid"/>
  <testcase name="" time="22.548" classname="testcases.C1Dev1137BidAutoBid"/>
  <testcase name="" time="36.307" classname="testcases.C2Dev1139UnderBidAutoBid"/>
  <testcase name="" time="37.084" classname="testcases.C2Dev1139UnderBidAutoBid"/>
  <testcase name="" time="45.892" classname="testcases.C2Dev1139UnderBidAutoBid"/>
  <testcase name="" time="38.315" classname="testcases.C2Dev1139UnderBidAutoBid"/>
  <testcase name="" time="24.734" classname="testcases.C2Dev1139UnderBidAutoBid"/>
  <testcase name="" time="31.252" classname="testcases.C2Dev1139UnderBidAutoBid"/>
  <testcase name="" time="22.223" classname="testcases.C2Dev1139UnderBidAutoBid"/>
</testsuite> <!-- GRP-CreateData,CheckPriceAD,BuyMultiple,Buy,LoginFirstTime,CheckPriceAD2,CheckPriceEXADV2,CheckOrder,CheckPriceMB,CheckPriceEX,Offer,Option,Bid,CheckPriceEXADV,UnderBid -->
