<?xml version="1.0" encoding="UTF-8"?>
<!-- Generated by org.testng.reporters.JUnitXMLReporter -->
<testsuite hostname="mbpro-dejuan.local" name="GRP-D4,D5,D6,D1,D2,D3" tests="34" failures="1" timestamp="25 Nov 2016 14:44:46 GMT" time="779.595" errors="0">
  <testcase name="" time="52.915" classname="testcases.D1Dev1101MBBuyCheckOrders"/>
  <testcase name="" time="67.291" classname="testcases.D1Dev1101MBBuyCheckOrders"/>
  <testcase name="" time="42.073" classname="testcases.D1Dev1101MBBuyCheckOrders"/>
  <testcase name="" time="0.0" classname="testcases.D1Dev1101MBBuyCheckOrders"/>
  <testcase name="" time="0.003" classname="testcases.D1Dev1101MBBuyCheckOrders"/>
  <testcase name="" time="0.0" classname="testcases.D1Dev1101MBBuyCheckOrders"/>
  <testcase name="" time="0.0" classname="testcases.D1Dev1101MBBuyCheckOrders"/>
  <testcase name="" time="37.457" classname="testcases.D2Dev986ADVBuy"/>
  <testcase name="" time="20.962" classname="testcases.D2Dev986ADVBuy"/>
  <testcase name="" time="12.102" classname="testcases.D2Dev986ADVBuy"/>
  <testcase name="" time="46.82" classname="testcases.D3Dev1102ADV2BuyDealIDAndBulkDealID"/>
  <testcase name="" time="20.518" classname="testcases.D3Dev1102ADV2BuyDealIDAndBulkDealID"/>
  <testcase name="" time="35.674" classname="testcases.D3Dev1102ADV2BuyDealIDAndBulkDealID"/>
  <testcase name="" time="48.359" classname="testcases.D4Dev1194MBBuyDealIDAndBulkDealID"/>
  <testcase name="" time="23.8" classname="testcases.D4Dev1194MBBuyDealIDAndBulkDealID"/>
  <testcase name="" time="51.531" classname="testcases.D4Dev1194MBBuyDealIDAndBulkDealID"/>
  <testcase name="" time="0.0" classname="testcases.D4Dev1194MBBuyDealIDAndBulkDealID"/>
  <testcase name="" time="0.001" classname="testcases.D4Dev1194MBBuyDealIDAndBulkDealID"/>
  <testcase name="" time="0.001" classname="testcases.D4Dev1194MBBuyDealIDAndBulkDealID"/>
  <testcase name="" time="44.154" classname="testcases.D4Dev1194MBBuyDealIDAndBulkDealID"/>
  <testcase name="" time="22.076" classname="testcases.D4Dev1194MBBuyDealIDAndBulkDealID"/>
  <testcase name="" time="0.001" classname="testcases.D4Dev1194MBBuyDealIDAndBulkDealID"/>
  <testcase name="" time="0.001" classname="testcases.D4Dev1194MBBuyDealIDAndBulkDealID"/>
  <testcase name="" time="47.199" classname="testcases.D5Dev0000PlusPADV"/>
  <testcase name="" time="23.861" classname="testcases.D5Dev0000PlusPADV"/>
  <testcase name="" time="32.568" classname="testcases.D5Dev0000PlusPADV"/>
  <testcase name="" time="16.915" classname="testcases.D5Dev0000PlusPADV"/>
  <testcase name="" time="0.001" classname="testcases.D5Dev0000PlusPADV">
    <failure type="java.lang.AssertionError" message="The following asserts failed:
	expected [2.162,50] but found [2162,50]">
      <![CDATA[java.lang.AssertionError: The following asserts failed:
	expected [2.162,50] but found [2162,50]
	at testcases.D5Dev0000PlusPADV.checkFinalOrderResults(D5Dev0000PlusPADV.java:109)
... Removed 25 stack frames]]>
    </failure>
  </testcase> <!--  -->
  <testcase name="" time="71.869" classname="testcases.D6Dev0000PlusPMB"/>
  <testcase name="BuySinglePPP" time="0.0" classname="testcases.D6Dev0000PlusPMB">
    <skipped/>
  </testcase> <!-- BuySinglePPP -->
  <testcase name="BuyMultiplePPPAndBuyAndGetOrderOverview" time="0.0" classname="testcases.D6Dev0000PlusPMB">
    <skipped/>
  </testcase> <!-- BuyMultiplePPPAndBuyAndGetOrderOverview -->
  <testcase name="setPPPricesByPublisher" time="0.0" classname="testcases.D6Dev0000PlusPMB">
    <skipped/>
  </testcase> <!-- setPPPricesByPublisher -->
  <testcase name="MBGetOrderOverview" time="0.0" classname="testcases.D6Dev0000PlusPMB">
    <skipped/>
  </testcase> <!-- MBGetOrderOverview -->
  <testcase name="checkFinalOrderResults" time="0.0" classname="testcases.D6Dev0000PlusPMB">
    <skipped/>
  </testcase> <!-- checkFinalOrderResults -->
</testsuite> <!-- GRP-D4,D5,D6,D1,D2,D3 -->
