<html>
<head>
<title>TestNG:  GRP-CreateData,Offer,Buy,CheckPrice,LoginFirstTime,Option,Gui,CheckOrder,Bid</title>
<link href="../testng.css" rel="stylesheet" type="text/css" />
<link href="../my-testng.css" rel="stylesheet" type="text/css" />

<style type="text/css">
.log { display: none;} 
.stack-trace { display: none;} 
</style>
<script type="text/javascript">
<!--
function flip(e) {
  current = e.style.display;
  if (current == 'block') {
    e.style.display = 'none';
    return 0;
  }
  else {
    e.style.display = 'block';
    return 1;
  }
}

function toggleBox(szDivId, elem, msg1, msg2)
{
  var res = -1;  if (document.getElementById) {
    res = flip(document.getElementById(szDivId));
  }
  else if (document.all) {
    // this is the way old msie versions work
    res = flip(document.all[szDivId]);
  }
  if(elem) {
    if(res == 0) elem.innerHTML = msg1; else elem.innerHTML = msg2;
  }

}

function toggleAllBoxes() {
  if (document.getElementsByTagName) {
    d = document.getElementsByTagName('div');
    for (i = 0; i < d.length; i++) {
      if (d[i].className == 'log') {
        flip(d[i]);
      }
    }
  }
}

// -->
</script>

</head>
<body>
<h2 align='center'>GRP-CreateData,Offer,Buy,CheckPrice,LoginFirstTime,Option,Gui,CheckOrder,Bid</h2><table border='1' align="center">
<tr>
<td>Tests passed/Failed/Skipped:</td><td>41/3/0</td>
</tr><tr>
<td>Started on:</td><td>Wed Sep 14 13:19:19 CEST 2016</td>
</tr>
<tr><td>Total time:</td><td>1630 seconds (1630038 ms)</td>
</tr><tr>
<td>Included groups:</td><td>CreateData Offer Buy CheckPrice LoginFirstTime Option Gui CheckOrder Bid </td>
</tr><tr>
<td>Excluded groups:</td><td></td>
</tr>
</table><p/>
<small><i>(Hover the method name to see the test class name)</i></small><p/>
<table width='100%' border='1' class='invocation-failed'>
<tr><td colspan='4' align='center'><b>FAILED TESTS</b></td></tr>
<tr><td><b>Test method</b></td>
<td width="30%"><b>Exception</b></td>
<td width="10%"><b>Time (seconds)</b></td>
<td><b>Instance</b></td>
</tr>
<tr>
<td title='testcases.B2Dev1132OptionPush.notificationNoCampaignDeselect()'><b>notificationNoCampaignDeselect</b><br>Test class: testcases.B2Dev1132OptionPush ()<br>Parameters: CD104BS - Pagina 3, CD101V - Voorpagina, CD102VL - Cover 3, CD102VS - Cover 3</td>
<td><div><pre>org.openqa.selenium.TimeoutException: Timed out after 60 seconds waiting for visibility of element located by By.xpath: //table[contains(@class, &apos;int-table-to-datagrid&apos;)]//*[contains(text(), &apos;CD101V - Voorpagina&apos;)]/ancestor::table[contains(@class, &apos;mx-name-table1&apos;)]/tbody/tr[1]
Build info: version: &apos;2.53.1&apos;, revision: &apos;a36b8b1cd5757287168e54b817830adce9b0158d&apos;, time: &apos;2016-06-30 19:26:09&apos;
System info: host: &apos;mbpro-dejuan.local&apos;, ip: &apos;10.34.6.211&apos;, os.name: &apos;Mac OS X&apos;, os.arch: &apos;x86_64&apos;, os.version: &apos;10.11.6&apos;, java.version: &apos;1.8.0_91&apos;
Driver info: org.openqa.selenium.firefox.FirefoxDriver
Capabilities [{applicationCacheEnabled=true, rotatable=false, handlesAlerts=true, databaseEnabled=true, version=47.0.1, platform=MAC, nativeEvents=false, acceptSslCerts=true, webStorageEnabled=true, locationContextEnabled=true, browserName=firefox, takesScreenshot=true, javascriptEnabled=true, cssSelectorsEnabled=true}]
Session ID: 92260860-1a35-fa41-8d8c-a3e92f03786a
	at org.openqa.selenium.support.ui.WebDriverWait.timeoutException(WebDriverWait.java:80)
	at org.openqa.selenium.support.ui.FluentWait.until(FluentWait.java:261)
	at toplevel.Helper.FindElement(Helper.java:218)
	at advertiser.Exchange.SelectAInventory(Exchange.java:73)
	at testcases.B2Dev1132OptionPush.notificationNoCampaignDeselect(B2Dev1132OptionPush.java:66)
Caused by: org.openqa.selenium.NoSuchElementException: Unable to locate element: {&quot;method&quot;:&quot;xpath&quot;,&quot;selector&quot;:&quot;//table[contains(@class, &apos;int-table-to-datagrid&apos;)]//*[contains(text(), &apos;CD101V - Voorpagina&apos;)]/ancestor::table[contains(@class, &apos;mx-name-table1&apos;)]/tbody/tr[1]&quot;}
Command duration or timeout: 12 milliseconds
For documentation on this error, please visit: http://seleniumhq.org/exceptions/no_such_element.html
Build info: version: &apos;2.53.1&apos;, revision: &apos;a36b8b1cd5757287168e54b817830adce9b0158d&apos;, time: &apos;2016-06-30 19:26:09&apos;
System info: host: &apos;mbpro-dejuan.local&apos;, ip: &apos;10.34.6.211&apos;, os.name: &apos;Mac OS X&apos;, os.arch: &apos;x86_64&apos;, os.version: &apos;10.11.6&apos;, java.version: &apos;1.8.0_91&apos;
Driver info: org.openqa.selenium.firefox.FirefoxDriver
Capabilities [{applicationCacheEnabled=true, rotatable=false, handlesAlerts=true, databaseEnabled=true, version=47.0.1, platform=MAC, nativeEvents=false, acceptSslCerts=true, webStorageEnabled=true, locationContextEnabled=true, browserName=firefox, takesScreenshot=true, javascriptEnabled=true, cssSelectorsEnabled=true}]
Session ID: 92260860-1a35-fa41-8d8c-a3e92f03786a
*** Element info: {Using=xpath, value=//table[contains(@class, &apos;int-table-to-datagrid&apos;)]//*[contains(text(), &apos;CD101V - Voorpagina&apos;)]/ancestor::table[contains(@class, &apos;mx-name-table1&apos;)]/tbody/tr[1]}
	at org.openqa.selenium.remote.ErrorHandler.createThrowable(ErrorHandler.java:206)
	at org.openqa.selenium.remote.ErrorHandler.throwIfResponseFailed(ErrorHandler.java:158)
	at org.openqa.selenium.remote.RemoteWebDriver.execute(RemoteWebDriver.java:678)
	at org.openqa.selenium.remote.RemoteWebDriver.findElement(RemoteWebDriver.java:363)
	at org.openqa.selenium.remote.RemoteWebDriver.findElementByXPath(RemoteWebDriver.java:500)
	at org.openqa.selenium.By$ByXPath.findElement(By.java:361)
	at org.openqa.selenium.remote.RemoteWebDriver.findElement(RemoteWebDriver.java:355)
	at org.openqa.selenium.support.ui.ExpectedConditions.findElement(ExpectedConditions.java:899)
	at org.openqa.selenium.support.ui.ExpectedConditions.access$000(ExpectedConditions.java:41)
	at org.openqa.selenium.support.ui.ExpectedConditions$7.apply(ExpectedConditions.java:205)
	at org.openqa.selenium.support.ui.ExpectedConditions$7.apply(ExpectedConditions.java:201)
	at org.openqa.selenium.support.ui.FluentWait.until(FluentWait.java:238)
	... 27 more
Caused by: org.openqa.selenium.NoSuchElementException: Unable to locate element: {&quot;method&quot;:&quot;xpath&quot;,&quot;selector&quot;:&quot;//table[contains(@class, &apos;int-table-to-datagrid&apos;)]//*[contains(text(), &apos;CD101V - Voorpagina&apos;)]/ancestor::table[contains(@class, &apos;mx-name-table1&apos;)]/tbody/tr[1]&quot;}
For documentation on this error, please visit: http://seleniumhq.org/exceptions/no_such_element.html
Build info: version: &apos;2.53.1&apos;, revision: &apos;a36b8b1cd5757287168e54b817830adce9b0158d&apos;, time: &apos;2016-06-30 19:26:09&apos;
System info: host: &apos;mbpro-dejuan.local&apos;, ip: &apos;10.34.6.211&apos;, os.name: &apos;Mac OS X&apos;, os.arch: &apos;x86_64&apos;, os.version: &apos;10.11.6&apos;, java.version: &apos;1.8.0_91&apos;
Driver info: driver.version: unknown
	at &lt;anonymous class&gt;.FirefoxDriver.prototype.findElementInternal_(file:///var/folders/wr/g92p1f_s6c34hxrt50h3c8jc0000gn/T/anonymous4074227668122159058webdriver-profile/extensions/fxdriver@googlecode.com/components/driver-component.js:10770)
	at &lt;anonymous class&gt;.FirefoxDriver.prototype.findElement(file:///var/folders/wr/g92p1f_s6c34hxrt50h3c8jc0000gn/T/anonymous4074227668122159058webdriver-profile/extensions/fxdriver@googlecode.com/components/driver-component.js:10779)
	at &lt;anonymous class&gt;.DelayedCommand.prototype.executeInternal_/h(file:///var/folders/wr/g92p1f_s6c34hxrt50h3c8jc0000gn/T/anonymous4074227668122159058webdriver-profile/extensions/fxdriver@googlecode.com/components/command-processor.js:12661)
	at &lt;anonymous class&gt;.DelayedCommand.prototype.executeInternal_(file:///var/folders/wr/g92p1f_s6c34hxrt50h3c8jc0000gn/T/anonymous4074227668122159058webdriver-profile/extensions/fxdriver@googlecode.com/components/command-processor.js:12666)
	at &lt;anonymous class&gt;.DelayedCommand.prototype.execute/&lt;(file:///var/folders/wr/g92p1f_s6c34hxrt50h3c8jc0000gn/T/anonymous4074227668122159058webdriver-profile/extensions/fxdriver@googlecode.com/components/command-processor.js:12608)
... Removed 27 stack frames</pre></div><a href='#' onClick='toggleBox("stack-trace442465916", this, "Click to show all stack frames", "Click to hide stack frames")'>Click to show all stack frames</a>
<div class='stack-trace' id='stack-trace442465916'><pre>org.openqa.selenium.TimeoutException: Timed out after 60 seconds waiting for visibility of element located by By.xpath: //table[contains(@class, &apos;int-table-to-datagrid&apos;)]//*[contains(text(), &apos;CD101V - Voorpagina&apos;)]/ancestor::table[contains(@class, &apos;mx-name-table1&apos;)]/tbody/tr[1]
Build info: version: &apos;2.53.1&apos;, revision: &apos;a36b8b1cd5757287168e54b817830adce9b0158d&apos;, time: &apos;2016-06-30 19:26:09&apos;
System info: host: &apos;mbpro-dejuan.local&apos;, ip: &apos;10.34.6.211&apos;, os.name: &apos;Mac OS X&apos;, os.arch: &apos;x86_64&apos;, os.version: &apos;10.11.6&apos;, java.version: &apos;1.8.0_91&apos;
Driver info: org.openqa.selenium.firefox.FirefoxDriver
Capabilities [{applicationCacheEnabled=true, rotatable=false, handlesAlerts=true, databaseEnabled=true, version=47.0.1, platform=MAC, nativeEvents=false, acceptSslCerts=true, webStorageEnabled=true, locationContextEnabled=true, browserName=firefox, takesScreenshot=true, javascriptEnabled=true, cssSelectorsEnabled=true}]
Session ID: 92260860-1a35-fa41-8d8c-a3e92f03786a
	at org.openqa.selenium.support.ui.WebDriverWait.timeoutException(WebDriverWait.java:80)
	at org.openqa.selenium.support.ui.FluentWait.until(FluentWait.java:261)
	at toplevel.Helper.FindElement(Helper.java:218)
	at advertiser.Exchange.SelectAInventory(Exchange.java:73)
	at testcases.B2Dev1132OptionPush.notificationNoCampaignDeselect(B2Dev1132OptionPush.java:66)
	at sun.reflect.NativeMethodAccessorImpl.invoke0(Native Method)
	at sun.reflect.NativeMethodAccessorImpl.invoke(NativeMethodAccessorImpl.java:62)
	at sun.reflect.DelegatingMethodAccessorImpl.invoke(DelegatingMethodAccessorImpl.java:43)
	at java.lang.reflect.Method.invoke(Method.java:498)
	at org.testng.internal.MethodInvocationHelper.invokeMethod(MethodInvocationHelper.java:86)
	at org.testng.internal.Invoker.invokeMethod(Invoker.java:643)
	at org.testng.internal.Invoker.invokeTestMethod(Invoker.java:820)
	at org.testng.internal.Invoker.invokeTestMethods(Invoker.java:1128)
	at org.testng.internal.TestMethodWorker.invokeTestMethods(TestMethodWorker.java:129)
	at org.testng.internal.TestMethodWorker.run(TestMethodWorker.java:112)
	at org.testng.TestRunner.privateRun(TestRunner.java:782)
	at org.testng.TestRunner.run(TestRunner.java:632)
	at org.testng.SuiteRunner.runTest(SuiteRunner.java:366)
	at org.testng.SuiteRunner.runSequentially(SuiteRunner.java:361)
	at org.testng.SuiteRunner.privateRun(SuiteRunner.java:319)
	at org.testng.SuiteRunner.run(SuiteRunner.java:268)
	at org.testng.SuiteRunnerWorker.runSuite(SuiteRunnerWorker.java:52)
	at org.testng.SuiteRunnerWorker.run(SuiteRunnerWorker.java:86)
	at org.testng.TestNG.runSuitesSequentially(TestNG.java:1244)
	at org.testng.TestNG.runSuitesLocally(TestNG.java:1169)
	at org.testng.TestNG.run(TestNG.java:1064)
	at org.testng.remote.AbstractRemoteTestNG.run(AbstractRemoteTestNG.java:126)
	at org.testng.remote.RemoteTestNG.initAndRun(RemoteTestNG.java:152)
	at org.testng.remote.RemoteTestNG.main(RemoteTestNG.java:57)
Caused by: org.openqa.selenium.NoSuchElementException: Unable to locate element: {&quot;method&quot;:&quot;xpath&quot;,&quot;selector&quot;:&quot;//table[contains(@class, &apos;int-table-to-datagrid&apos;)]//*[contains(text(), &apos;CD101V - Voorpagina&apos;)]/ancestor::table[contains(@class, &apos;mx-name-table1&apos;)]/tbody/tr[1]&quot;}
Command duration or timeout: 12 milliseconds
For documentation on this error, please visit: http://seleniumhq.org/exceptions/no_such_element.html
Build info: version: &apos;2.53.1&apos;, revision: &apos;a36b8b1cd5757287168e54b817830adce9b0158d&apos;, time: &apos;2016-06-30 19:26:09&apos;
System info: host: &apos;mbpro-dejuan.local&apos;, ip: &apos;10.34.6.211&apos;, os.name: &apos;Mac OS X&apos;, os.arch: &apos;x86_64&apos;, os.version: &apos;10.11.6&apos;, java.version: &apos;1.8.0_91&apos;
Driver info: org.openqa.selenium.firefox.FirefoxDriver
Capabilities [{applicationCacheEnabled=true, rotatable=false, handlesAlerts=true, databaseEnabled=true, version=47.0.1, platform=MAC, nativeEvents=false, acceptSslCerts=true, webStorageEnabled=true, locationContextEnabled=true, browserName=firefox, takesScreenshot=true, javascriptEnabled=true, cssSelectorsEnabled=true}]
Session ID: 92260860-1a35-fa41-8d8c-a3e92f03786a
*** Element info: {Using=xpath, value=//table[contains(@class, &apos;int-table-to-datagrid&apos;)]//*[contains(text(), &apos;CD101V - Voorpagina&apos;)]/ancestor::table[contains(@class, &apos;mx-name-table1&apos;)]/tbody/tr[1]}
	at sun.reflect.GeneratedConstructorAccessor16.newInstance(Unknown Source)
	at sun.reflect.DelegatingConstructorAccessorImpl.newInstance(DelegatingConstructorAccessorImpl.java:45)
	at java.lang.reflect.Constructor.newInstance(Constructor.java:423)
	at org.openqa.selenium.remote.ErrorHandler.createThrowable(ErrorHandler.java:206)
	at org.openqa.selenium.remote.ErrorHandler.throwIfResponseFailed(ErrorHandler.java:158)
	at org.openqa.selenium.remote.RemoteWebDriver.execute(RemoteWebDriver.java:678)
	at org.openqa.selenium.remote.RemoteWebDriver.findElement(RemoteWebDriver.java:363)
	at org.openqa.selenium.remote.RemoteWebDriver.findElementByXPath(RemoteWebDriver.java:500)
	at org.openqa.selenium.By$ByXPath.findElement(By.java:361)
	at org.openqa.selenium.remote.RemoteWebDriver.findElement(RemoteWebDriver.java:355)
	at org.openqa.selenium.support.ui.ExpectedConditions.findElement(ExpectedConditions.java:899)
	at org.openqa.selenium.support.ui.ExpectedConditions.access$000(ExpectedConditions.java:41)
	at org.openqa.selenium.support.ui.ExpectedConditions$7.apply(ExpectedConditions.java:205)
	at org.openqa.selenium.support.ui.ExpectedConditions$7.apply(ExpectedConditions.java:201)
	at org.openqa.selenium.support.ui.FluentWait.until(FluentWait.java:238)
	... 27 more
Caused by: org.openqa.selenium.NoSuchElementException: Unable to locate element: {&quot;method&quot;:&quot;xpath&quot;,&quot;selector&quot;:&quot;//table[contains(@class, &apos;int-table-to-datagrid&apos;)]//*[contains(text(), &apos;CD101V - Voorpagina&apos;)]/ancestor::table[contains(@class, &apos;mx-name-table1&apos;)]/tbody/tr[1]&quot;}
For documentation on this error, please visit: http://seleniumhq.org/exceptions/no_such_element.html
Build info: version: &apos;2.53.1&apos;, revision: &apos;a36b8b1cd5757287168e54b817830adce9b0158d&apos;, time: &apos;2016-06-30 19:26:09&apos;
System info: host: &apos;mbpro-dejuan.local&apos;, ip: &apos;10.34.6.211&apos;, os.name: &apos;Mac OS X&apos;, os.arch: &apos;x86_64&apos;, os.version: &apos;10.11.6&apos;, java.version: &apos;1.8.0_91&apos;
Driver info: driver.version: unknown
	at &lt;anonymous class&gt;.FirefoxDriver.prototype.findElementInternal_(file:///var/folders/wr/g92p1f_s6c34hxrt50h3c8jc0000gn/T/anonymous4074227668122159058webdriver-profile/extensions/fxdriver@googlecode.com/components/driver-component.js:10770)
	at &lt;anonymous class&gt;.FirefoxDriver.prototype.findElement(file:///var/folders/wr/g92p1f_s6c34hxrt50h3c8jc0000gn/T/anonymous4074227668122159058webdriver-profile/extensions/fxdriver@googlecode.com/components/driver-component.js:10779)
	at &lt;anonymous class&gt;.DelayedCommand.prototype.executeInternal_/h(file:///var/folders/wr/g92p1f_s6c34hxrt50h3c8jc0000gn/T/anonymous4074227668122159058webdriver-profile/extensions/fxdriver@googlecode.com/components/command-processor.js:12661)
	at &lt;anonymous class&gt;.DelayedCommand.prototype.executeInternal_(file:///var/folders/wr/g92p1f_s6c34hxrt50h3c8jc0000gn/T/anonymous4074227668122159058webdriver-profile/extensions/fxdriver@googlecode.com/components/command-processor.js:12666)
	at &lt;anonymous class&gt;.DelayedCommand.prototype.execute/&lt;(file:///var/folders/wr/g92p1f_s6c34hxrt50h3c8jc0000gn/T/anonymous4074227668122159058webdriver-profile/extensions/fxdriver@googlecode.com/components/command-processor.js:12608)
</pre></div></td>
<td>71</td>
<td>testcases.B2Dev1132OptionPush@490ab905</td></tr>
<tr>
<td title='testcases.B2Dev1132OptionPush.optionPush()'><b>optionPush</b><br>Test class: testcases.B2Dev1132OptionPush ()<br>Parameters: RzybffRes2, RzybffMB, RzybffADV2, RzybffBuyNow2, CD101V, 20-09-2016, 400, CD101V - Voorpagina</td>
<td><div><pre>org.openqa.selenium.WebDriverException: Element is not clickable at point (400, 332.79998779296875). Other element would receive the click: &lt;label class=&quot;checkbox&quot;&gt;&lt;/label&gt;
Command duration or timeout: 65 milliseconds
Build info: version: &apos;2.53.1&apos;, revision: &apos;a36b8b1cd5757287168e54b817830adce9b0158d&apos;, time: &apos;2016-06-30 19:26:09&apos;
System info: host: &apos;mbpro-dejuan.local&apos;, ip: &apos;10.34.6.211&apos;, os.name: &apos;Mac OS X&apos;, os.arch: &apos;x86_64&apos;, os.version: &apos;10.11.6&apos;, java.version: &apos;1.8.0_91&apos;
Driver info: org.openqa.selenium.firefox.FirefoxDriver
Capabilities [{applicationCacheEnabled=true, rotatable=false, handlesAlerts=true, databaseEnabled=true, version=47.0.1, platform=MAC, nativeEvents=false, acceptSslCerts=true, webStorageEnabled=true, locationContextEnabled=true, browserName=firefox, takesScreenshot=true, javascriptEnabled=true, cssSelectorsEnabled=true}]
Session ID: 92260860-1a35-fa41-8d8c-a3e92f03786a
	at org.openqa.selenium.remote.ErrorHandler.createThrowable(ErrorHandler.java:206)
	at org.openqa.selenium.remote.ErrorHandler.throwIfResponseFailed(ErrorHandler.java:158)
	at org.openqa.selenium.remote.RemoteWebDriver.execute(RemoteWebDriver.java:678)
	at org.openqa.selenium.remote.RemoteWebElement.execute(RemoteWebElement.java:327)
	at org.openqa.selenium.remote.RemoteWebElement.click(RemoteWebElement.java:85)
	at advertiser.Exchange.SelectMediumOrFormat(Exchange.java:47)
	at testcases.B2Dev1132OptionPush.optionPush(B2Dev1132OptionPush.java:40)
... Removed 28 stack frames</pre></div><a href='#' onClick='toggleBox("stack-trace1002911155", this, "Click to show all stack frames", "Click to hide stack frames")'>Click to show all stack frames</a>
<div class='stack-trace' id='stack-trace1002911155'><pre>org.openqa.selenium.WebDriverException: Element is not clickable at point (400, 332.79998779296875). Other element would receive the click: &lt;label class=&quot;checkbox&quot;&gt;&lt;/label&gt;
Command duration or timeout: 65 milliseconds
Build info: version: &apos;2.53.1&apos;, revision: &apos;a36b8b1cd5757287168e54b817830adce9b0158d&apos;, time: &apos;2016-06-30 19:26:09&apos;
System info: host: &apos;mbpro-dejuan.local&apos;, ip: &apos;10.34.6.211&apos;, os.name: &apos;Mac OS X&apos;, os.arch: &apos;x86_64&apos;, os.version: &apos;10.11.6&apos;, java.version: &apos;1.8.0_91&apos;
Driver info: org.openqa.selenium.firefox.FirefoxDriver
Capabilities [{applicationCacheEnabled=true, rotatable=false, handlesAlerts=true, databaseEnabled=true, version=47.0.1, platform=MAC, nativeEvents=false, acceptSslCerts=true, webStorageEnabled=true, locationContextEnabled=true, browserName=firefox, takesScreenshot=true, javascriptEnabled=true, cssSelectorsEnabled=true}]
Session ID: 92260860-1a35-fa41-8d8c-a3e92f03786a
	at sun.reflect.NativeConstructorAccessorImpl.newInstance0(Native Method)
	at sun.reflect.NativeConstructorAccessorImpl.newInstance(NativeConstructorAccessorImpl.java:62)
	at sun.reflect.DelegatingConstructorAccessorImpl.newInstance(DelegatingConstructorAccessorImpl.java:45)
	at java.lang.reflect.Constructor.newInstance(Constructor.java:423)
	at org.openqa.selenium.remote.ErrorHandler.createThrowable(ErrorHandler.java:206)
	at org.openqa.selenium.remote.ErrorHandler.throwIfResponseFailed(ErrorHandler.java:158)
	at org.openqa.selenium.remote.RemoteWebDriver.execute(RemoteWebDriver.java:678)
	at org.openqa.selenium.remote.RemoteWebElement.execute(RemoteWebElement.java:327)
	at org.openqa.selenium.remote.RemoteWebElement.click(RemoteWebElement.java:85)
	at advertiser.Exchange.SelectMediumOrFormat(Exchange.java:47)
	at testcases.B2Dev1132OptionPush.optionPush(B2Dev1132OptionPush.java:40)
	at sun.reflect.NativeMethodAccessorImpl.invoke0(Native Method)
	at sun.reflect.NativeMethodAccessorImpl.invoke(NativeMethodAccessorImpl.java:62)
	at sun.reflect.DelegatingMethodAccessorImpl.invoke(DelegatingMethodAccessorImpl.java:43)
	at java.lang.reflect.Method.invoke(Method.java:498)
	at org.testng.internal.MethodInvocationHelper.invokeMethod(MethodInvocationHelper.java:86)
	at org.testng.internal.Invoker.invokeMethod(Invoker.java:643)
	at org.testng.internal.Invoker.invokeTestMethod(Invoker.java:820)
	at org.testng.internal.Invoker.invokeTestMethods(Invoker.java:1128)
	at org.testng.internal.TestMethodWorker.invokeTestMethods(TestMethodWorker.java:129)
	at org.testng.internal.TestMethodWorker.run(TestMethodWorker.java:112)
	at org.testng.TestRunner.privateRun(TestRunner.java:782)
	at org.testng.TestRunner.run(TestRunner.java:632)
	at org.testng.SuiteRunner.runTest(SuiteRunner.java:366)
	at org.testng.SuiteRunner.runSequentially(SuiteRunner.java:361)
	at org.testng.SuiteRunner.privateRun(SuiteRunner.java:319)
	at org.testng.SuiteRunner.run(SuiteRunner.java:268)
	at org.testng.SuiteRunnerWorker.runSuite(SuiteRunnerWorker.java:52)
	at org.testng.SuiteRunnerWorker.run(SuiteRunnerWorker.java:86)
	at org.testng.TestNG.runSuitesSequentially(TestNG.java:1244)
	at org.testng.TestNG.runSuitesLocally(TestNG.java:1169)
	at org.testng.TestNG.run(TestNG.java:1064)
	at org.testng.remote.AbstractRemoteTestNG.run(AbstractRemoteTestNG.java:126)
	at org.testng.remote.RemoteTestNG.initAndRun(RemoteTestNG.java:152)
	at org.testng.remote.RemoteTestNG.main(RemoteTestNG.java:57)
</pre></div></td>
<td>17</td>
<td>testcases.B2Dev1132OptionPush@490ab905</td></tr>
</table><p>
<table width='100%' border='1' class='invocation-passed'>
<tr><td colspan='4' align='center'><b>PASSED TESTS</b></td></tr>
<tr><td><b>Test method</b></td>
<td width="30%"><b>Exception</b></td>
<td width="10%"><b>Time (seconds)</b></td>
<td><b>Instance</b></td>
</tr>
<tr>
<td title='testcases.A1Dev1028UnitCreate.CreateData()'><b>CreateData</b><br>Test class: testcases.A1Dev1028UnitCreate ()</td>
<td></td>
<td>330</td>
<td>testcases.A1Dev1028UnitCreate@3f49dace</td></tr>
<tr>
<td title='testcases.A0GuiCheckMB.MainPageCheck()'><b>MainPageCheck</b><br>Test class: testcases.A0GuiCheckMB ()<br>Parameters: //img[contains(@src,'Layouts$icon_veiling.png')], Exchange</td>
<td></td>
<td>19</td>
<td>testcases.A0GuiCheckMB@5cb9f472</td></tr>
<tr>
<td title='testcases.A0GuiCheckMB.MainPageCheck()'><b>MainPageCheck</b><br>Test class: testcases.A0GuiCheckMB ()<br>Parameters: //img[contains(@src,'Layouts$icon_tariefkaarten.png')], Offers</td>
<td></td>
<td>4</td>
<td>testcases.A0GuiCheckMB@5cb9f472</td></tr>
<tr>
<td title='testcases.A0GuiCheckMB.MainPageCheck()'><b>MainPageCheck</b><br>Test class: testcases.A0GuiCheckMB ()<br>Parameters: //img[contains(@src,'Layouts$icon_media_zoeken.png')], Beschikbare titels</td>
<td></td>
<td>5</td>
<td>testcases.A0GuiCheckMB@5cb9f472</td></tr>
<tr>
<td title='testcases.A0GuiCheckMB.MainPageCheck()'><b>MainPageCheck</b><br>Test class: testcases.A0GuiCheckMB ()<br>Parameters: //img[contains(@src,'Layouts$icon_uitgevers.png')], Uitgevers</td>
<td></td>
<td>5</td>
<td>testcases.A0GuiCheckMB@5cb9f472</td></tr>
<tr>
<td title='testcases.A0GuiCheckMB.MainPageCheck()'><b>MainPageCheck</b><br>Test class: testcases.A0GuiCheckMB ()<br>Parameters: //img[contains(@src,'Layouts$icon_winkelmand.png')], Mijn Kavels</td>
<td></td>
<td>15</td>
<td>testcases.A0GuiCheckMB@5cb9f472</td></tr>
<tr>
<td title='testcases.A0GuiCheckMB.MainPageCheck()'><b>MainPageCheck</b><br>Test class: testcases.A0GuiCheckMB ()<br>Parameters: //img[contains(@src,'Layouts$icon_publicatieschema.png')], Bieding- en orderoverzicht</td>
<td></td>
<td>6</td>
<td>testcases.A0GuiCheckMB@5cb9f472</td></tr>
<tr>
<td title='testcases.A0GuiCheckMB.MainPageCheck()'><b>MainPageCheck</b><br>Test class: testcases.A0GuiCheckMB ()<br>Parameters: //img[contains(@src,'Layouts$icon_orderoverzicht.png')], Orderoverzicht</td>
<td></td>
<td>5</td>
<td>testcases.A0GuiCheckMB@5cb9f472</td></tr>
<tr>
<td title='testcases.A0GuiCheckMB.MainPageCheck()'><b>MainPageCheck</b><br>Test class: testcases.A0GuiCheckMB ()<br>Parameters: //img[contains(@src,'Layouts$icon_publicatieplannen.png')], Campagnes</td>
<td></td>
<td>4</td>
<td>testcases.A0GuiCheckMB@5cb9f472</td></tr>
<tr>
<td title='testcases.A0GuiCheckMB.MainPageCheck()'><b>MainPageCheck</b><br>Test class: testcases.A0GuiCheckMB ()<br>Parameters: //img[contains(@src,'Layouts$icon_uitgever_dashboard.png')], Campagne Dashboard</td>
<td></td>
<td>4</td>
<td>testcases.A0GuiCheckMB@5cb9f472</td></tr>
<tr>
<td title='testcases.A0GuiCheckMB.MainPageCheck()'><b>MainPageCheck</b><br>Test class: testcases.A0GuiCheckMB ()<br>Parameters: //img[contains(@src,'Layouts$icon_adverteerders.png')], Adverteerders</td>
<td></td>
<td>14</td>
<td>testcases.A0GuiCheckMB@5cb9f472</td></tr>
<tr>
<td title='testcases.A3Dev1077CheckAllPricesForADV.checkAllPrices()'><b>checkAllPrices</b><br>Test class: testcases.A3Dev1077CheckAllPricesForADV ()<br>Parameters: lastMinute, defaultSale, 5.000,00, 4.500,00, RzybffBuyNow, CD101V, 17-09-2016, CD101V - Cover 2, 6.300,00, 3.150,00, 3.150,00, 1.575,00, 0,00, 50,00, 0,00, 0,00, 1.575,00</td>
<td></td>
<td>42</td>
<td>testcases.A3Dev1077CheckAllPricesForADV@72d818d1</td></tr>
<tr>
<td title='testcases.A3Dev1077CheckAllPricesForADV.checkAllPrices()'><b>checkAllPrices</b><br>Test class: testcases.A3Dev1077CheckAllPricesForADV ()<br>Parameters: lastMinute, defaultSale, 2.500,00, 2.250,00, RzybffBuyNow, CD102VL, 17-09-2016, CD102VL - Cover 3, 2.500,00, 2.750,00, 2.750,00, 1.375,00, 343,75, 50,00, 25,00, 0,00, 1.031,25</td>
<td></td>
<td>37</td>
<td>testcases.A3Dev1077CheckAllPricesForADV@72d818d1</td></tr>
<tr>
<td title='testcases.A3Dev1077CheckAllPricesForADV.checkAllPrices()'><b>checkAllPrices</b><br>Test class: testcases.A3Dev1077CheckAllPricesForADV ()<br>Parameters: bid, defaultSale, 5.000,00, NoLM, RzybffBuyNow, CD101V, 19-09-2016, CD101V - Cover 2, 6.300,00, 3.150,00, 3.150,00, 1.575,00, 0,00, 50,00, 0,00, 0,00, 1.575,00</td>
<td></td>
<td>36</td>
<td>testcases.A3Dev1077CheckAllPricesForADV@72d818d1</td></tr>
<tr>
<td title='testcases.A3Dev1077CheckAllPricesForADV.checkAllPrices()'><b>checkAllPrices</b><br>Test class: testcases.A3Dev1077CheckAllPricesForADV ()<br>Parameters: bid, defaultSale, 2.500,00, NoLM, RzybffBuyNow, CD102VL, 19-09-2016, CD102VL - Cover 3, 2.500,00, 2.750,00, 2.750,00, 1.375,00, 343,75, 50,00, 25,00, 0,00, 1.031,25</td>
<td></td>
<td>36</td>
<td>testcases.A3Dev1077CheckAllPricesForADV@72d818d1</td></tr>
<tr>
<td title='testcases.A3Dev1077CheckAllPricesForADV.checkAllPrices()'><b>checkAllPrices</b><br>Test class: testcases.A3Dev1077CheckAllPricesForADV ()<br>Parameters: DefaultBuyNow, defaultSale, NoBid, NoLM, RzybffBuyNow, CD101V, 22-09-2016, CD101V - Cover 2, 6.300,00, 3.150,00, 3.150,00, 1.575,00, 0,00, 50,00, 0,00, 0,00, 1.575,00</td>
<td></td>
<td>36</td>
<td>testcases.A3Dev1077CheckAllPricesForADV@72d818d1</td></tr>
<tr>
<td title='testcases.A3Dev1077CheckAllPricesForADV.checkAllPrices()'><b>checkAllPrices</b><br>Test class: testcases.A3Dev1077CheckAllPricesForADV ()<br>Parameters: DefaultBuyNow, defaultSale, NoBid, NoLM, RzybffBuyNow, CD101V, 22-09-2016, CD101V - Cover 3, 9.000,00, 4.500,00, 4.500,00, 2.250,00, 0,00, 50,00, 0,00, 0,00, 2.250,00</td>
<td></td>
<td>35</td>
<td>testcases.A3Dev1077CheckAllPricesForADV@72d818d1</td></tr>
<tr>
<td title='testcases.A3Dev1077CheckAllPricesForADV.checkAllPrices()'><b>checkAllPrices</b><br>Test class: testcases.A3Dev1077CheckAllPricesForADV ()<br>Parameters: DefaultBuyNow, defaultSale, NoBid, NoLM, RzybffBuyNow, CD102VS, 22-09-2016, CD102VS - Cover 2, 5.040,00, 2.520,00, 2.520,00, 1.260,00, 0,00, 50,00, 0,00, 0,00, 1.260,00</td>
<td></td>
<td>35</td>
<td>testcases.A3Dev1077CheckAllPricesForADV@72d818d1</td></tr>
<tr>
<td title='testcases.A3Dev1077CheckAllPricesForADV.checkAllPrices()'><b>checkAllPrices</b><br>Test class: testcases.A3Dev1077CheckAllPricesForADV ()<br>Parameters: DefaultBuyNow, defaultSale, NoBid, NoLM, RzybffBuyNow, CD101V, 20-09-2016, CD101V - Cover 2, 3.780,00, 1.890,00, 1.890,00, 945,00, 0,00, 50,00, 0,00, 0,00, 945,00</td>
<td></td>
<td>35</td>
<td>testcases.A3Dev1077CheckAllPricesForADV@72d818d1</td></tr>
<tr>
<td title='testcases.A3Dev1077CheckAllPricesForADV.checkAllPrices()'><b>checkAllPrices</b><br>Test class: testcases.A3Dev1077CheckAllPricesForADV ()<br>Parameters: DefaultBuyNow, defaultSale, NoBid, NoLM, RzybffBuyNow, CD101V, 20-09-2016, CD101V - Cover 3, 5.400,00, 2.700,00, 2.700,00, 1.350,00, 0,00, 50,00, 0,00, 0,00, 1.350,00</td>
<td></td>
<td>35</td>
<td>testcases.A3Dev1077CheckAllPricesForADV@72d818d1</td></tr>
<tr>
<td title='testcases.A3Dev1077CheckAllPricesForADV.checkAllPrices()'><b>checkAllPrices</b><br>Test class: testcases.A3Dev1077CheckAllPricesForADV ()<br>Parameters: AnotherSaleOrg, RzybffRes, NoBid, NoLM, RzybffBuyNow, CD101V, 22-09-2016, CD101V - Cover 2, 5.000,00, 5.500,00, 5.500,00, 2.750,00, 687,50, 50,00, 25,00, 0,00, 2.062,50</td>
<td></td>
<td>38</td>
<td>testcases.A3Dev1077CheckAllPricesForADV@72d818d1</td></tr>
<tr>
<td title='testcases.A3Dev1077CheckAllPricesForADV.checkAllPrices()'><b>checkAllPrices</b><br>Test class: testcases.A3Dev1077CheckAllPricesForADV ()<br>Parameters: AnotherSaleOrg, RzybffUG, NoBid, NoLM, RzybffBuyNow, CD102VS, 22-09-2016, CD102VS - Cover 2, 5.040,00, 2.520,00, 2.520,00, 1.260,00, 0,00, 50,00, 0,00, 0,00, 1.260,00</td>
<td></td>
<td>38</td>
<td>testcases.A3Dev1077CheckAllPricesForADV@72d818d1</td></tr>
<tr>
<td title='testcases.A4Dev1101CampaignCheckPricesAndBuy.checkCmpPricesBuy()'><b>checkCmpPricesBuy</b><br>Test class: testcases.A4Dev1101CampaignCheckPricesAndBuy ()<br>Parameters: RzybffMB, RzybffADV2-Campaign, RzybffBuyNow2, CD101V, 20-09-2016, CD101V - Pagina 2, 5.000,00, 5.500,00, 5.500,00, 0,00, 1.375,00, 0,00, 25,00, 0,00, 4.125,00</td>
<td></td>
<td>78</td>
<td>testcases.A4Dev1101CampaignCheckPricesAndBuy@59494225</td></tr>
<tr>
<td title='testcases.A4Dev1101CampaignCheckPricesAndBuy.checkCmpPricesBuy()'><b>checkCmpPricesBuy</b><br>Test class: testcases.A4Dev1101CampaignCheckPricesAndBuy ()<br>Parameters: RzybffMB, RzybffADV2-Campaign, RzybffBuyNow2, CD104BS, 20-09-2016, CD104BS - Pagina 3, 1.250,00, 1.375,00, 1.375,00, 0,00, 343,75, 0,00, 25,00, 0,00, 1.031,25</td>
<td></td>
<td>63</td>
<td>testcases.A4Dev1101CampaignCheckPricesAndBuy@59494225</td></tr>
<tr>
<td title='testcases.A4Dev1101CampaignCheckPricesAndBuy.checkCmpPricesBuy()'><b>checkCmpPricesBuy</b><br>Test class: testcases.A4Dev1101CampaignCheckPricesAndBuy ()<br>Parameters: RzybffMB, RzybffADV-Campaign, RzybffBuyNow, CD101V, 22-09-2016, CD101V - Cover 2, 6.300,00, 3.150,00, 3.150,00, 1.575,00, 0,00, 50,00, 0,00, 0,00, 1.575,00</td>
<td></td>
<td>61</td>
<td>testcases.A4Dev1101CampaignCheckPricesAndBuy@59494225</td></tr>
<tr>
<td title='testcases.A5Dev1102CheckOrders.checkOrderValue()'><b>checkOrderValue</b><br>Test class: testcases.A5Dev1102CheckOrders ()<br>Parameters: 22-09-2016, RzybffBuyNow, CD101V - Cover 2, RzybffADV, RzybffADV-Campaign, 1.575,00, Nee, 0,00</td>
<td></td>
<td>0</td>
<td>testcases.A5Dev1102CheckOrders@13805618</td></tr>
<tr>
<td title='testcases.A5Dev1102CheckOrders.checkOrderValue()'><b>checkOrderValue</b><br>Test class: testcases.A5Dev1102CheckOrders ()<br>Parameters: 20-09-2016, RzybffBuyNow2, CD104BS - Pagina 3, RzybffADV2, RzybffADV2-Campaign, 1.031,25, Nee, 0,00</td>
<td></td>
<td>0</td>
<td>testcases.A5Dev1102CheckOrders@13805618</td></tr>
<tr>
<td title='testcases.A5Dev1102CheckOrders.checkOrderValue()'><b>checkOrderValue</b><br>Test class: testcases.A5Dev1102CheckOrders ()<br>Parameters: 20-09-2016, RzybffBuyNow2, CD101V - Pagina 2, RzybffADV2, RzybffADV2-Campaign, 4.125,00, Nee, 0,00</td>
<td></td>
<td>0</td>
<td>testcases.A5Dev1102CheckOrders@13805618</td></tr>
<tr>
<td title='testcases.A5Dev1102CheckOrders.compareOrdersPubSideAndMBSide()'><b>compareOrdersPubSideAndMBSide</b><br>Test class: testcases.A5Dev1102CheckOrders ()</td>
<td></td>
<td>0</td>
<td>testcases.A5Dev1102CheckOrders@13805618</td></tr>
<tr>
<td title='testcases.A2Dev1072LoginFirstTime.logInChangePass()'><b>logInChangePass</b><br>Test class: testcases.A2Dev1072LoginFirstTime ()<br>Parameters: RzybffADV</td>
<td></td>
<td>11</td>
<td>testcases.A2Dev1072LoginFirstTime@31a5c39e</td></tr>
<tr>
<td title='testcases.A2Dev1072LoginFirstTime.logInChangePass()'><b>logInChangePass</b><br>Test class: testcases.A2Dev1072LoginFirstTime ()<br>Parameters: RzybffADV2</td>
<td></td>
<td>11</td>
<td>testcases.A2Dev1072LoginFirstTime@31a5c39e</td></tr>
<tr>
<td title='testcases.A2Dev1072LoginFirstTime.logInChangePass()'><b>logInChangePass</b><br>Test class: testcases.A2Dev1072LoginFirstTime ()<br>Parameters: RzybffMB</td>
<td></td>
<td>11</td>
<td>testcases.A2Dev1072LoginFirstTime@31a5c39e</td></tr>
<tr>
<td title='testcases.A2Dev1072LoginFirstTime.logInChangePass()'><b>logInChangePass</b><br>Test class: testcases.A2Dev1072LoginFirstTime ()<br>Parameters: RzybffUG</td>
<td></td>
<td>11</td>
<td>testcases.A2Dev1072LoginFirstTime@31a5c39e</td></tr>
<tr>
<td title='testcases.A2Dev1072LoginFirstTime.logInChangePass()'><b>logInChangePass</b><br>Test class: testcases.A2Dev1072LoginFirstTime ()<br>Parameters: RzybffUG2</td>
<td></td>
<td>11</td>
<td>testcases.A2Dev1072LoginFirstTime@31a5c39e</td></tr>
<tr>
<td title='testcases.A2Dev1072LoginFirstTime.logInChangePass()'><b>logInChangePass</b><br>Test class: testcases.A2Dev1072LoginFirstTime ()<br>Parameters: RzybffRes</td>
<td></td>
<td>11</td>
<td>testcases.A2Dev1072LoginFirstTime@31a5c39e</td></tr>
<tr>
<td title='testcases.A2Dev1072LoginFirstTime.logInChangePass()'><b>logInChangePass</b><br>Test class: testcases.A2Dev1072LoginFirstTime ()<br>Parameters: RzybffRes2</td>
<td></td>
<td>11</td>
<td>testcases.A2Dev1072LoginFirstTime@31a5c39e</td></tr>
<tr>
<td title='testcases.B2Dev1132OptionPush.optionPush()'><b>optionPush</b><br>Test class: testcases.B2Dev1132OptionPush ()<br>Parameters: RzybffUG2, RzybffMB, RzybffADV2, RzybffBuyNow2, CD104BS, 20-09-2016, 300, CD104BS - Pagina 3</td>
<td></td>
<td>44</td>
<td>testcases.B2Dev1132OptionPush@490ab905</td></tr>
<tr>
<td title='testcases.B2Dev1132OptionPush.optionPush()'><b>optionPush</b><br>Test class: testcases.B2Dev1132OptionPush ()<br>Parameters: RzybffRes, RzybffMB, RzybffADV, RzybffBuyNow, CD102VL, 22-09-2016, 200, CD102VL - Cover 3</td>
<td></td>
<td>40</td>
<td>testcases.B2Dev1132OptionPush@490ab905</td></tr>
<tr>
<td title='testcases.B2Dev1132OptionPush.optionPush()'><b>optionPush</b><br>Test class: testcases.B2Dev1132OptionPush ()<br>Parameters: RzybffUG, RzybffMB, RzybffADV, RzybffBuyNow, CD102VS, 22-09-2016, 100, CD102VS - Cover 3</td>
<td></td>
<td>38</td>
<td>testcases.B2Dev1132OptionPush@490ab905</td></tr>
<tr>
<td title='testcases.B1Dev1121OptionRequestAcceptReject.optionRequestAcceptReject()'><b>optionRequestAcceptReject</b><br>Test class: testcases.B1Dev1121OptionRequestAcceptReject ()<br>Parameters: accept, RzybffRes2, RzybffMB, RzybffADV2-Campaign, RzybffBuyNow2, CD101V, 20-09-2016, CD101V - Pagina 4-5</td>
<td></td>
<td>87</td>
<td>testcases.B1Dev1121OptionRequestAcceptReject@cb644e</td></tr>
<tr>
<td title='testcases.B1Dev1121OptionRequestAcceptReject.optionRequestAcceptReject()'><b>optionRequestAcceptReject</b><br>Test class: testcases.B1Dev1121OptionRequestAcceptReject ()<br>Parameters: reject, RzybffUG, RzybffMB, RzybffADV-Campaign, RzybffBuyNow, CD101V, 22-09-2016, CD101V - Cover 3</td>
<td></td>
<td>76</td>
<td>testcases.B1Dev1121OptionRequestAcceptReject@cb644e</td></tr>
</table><p>
</body>
</html>