<html>
<head>
<title>TestNG:  GRP-CreateData,CheckPriceAD,BuyMultiple,Buy,LoginFirstTime,CheckPriceAD2,CheckPriceEXADV2,CheckOrder,CheckPriceMB,CheckPriceEX,Offer,Option,Bid,CheckPriceEXADV,UnderBid</title>
<link href="../testng.css" rel="stylesheet" type="text/css" />
<link href="../my-testng.css" rel="stylesheet" type="text/css" />

<style type="text/css">
.log { display: none;} 
.stack-trace { display: none;} 
</style>
<script type="text/javascript">
<!--
function flip(e) {
  current = e.style.display;
  if (current == 'block') {
    e.style.display = 'none';
    return 0;
  }
  else {
    e.style.display = 'block';
    return 1;
  }
}

function toggleBox(szDivId, elem, msg1, msg2)
{
  var res = -1;  if (document.getElementById) {
    res = flip(document.getElementById(szDivId));
  }
  else if (document.all) {
    // this is the way old msie versions work
    res = flip(document.all[szDivId]);
  }
  if(elem) {
    if(res == 0) elem.innerHTML = msg1; else elem.innerHTML = msg2;
  }

}

function toggleAllBoxes() {
  if (document.getElementsByTagName) {
    d = document.getElementsByTagName('div');
    for (i = 0; i < d.length; i++) {
      if (d[i].className == 'log') {
        flip(d[i]);
      }
    }
  }
}

// -->
</script>

</head>
<body>
<h2 align='center'>GRP-CreateData,CheckPriceAD,BuyMultiple,Buy,LoginFirstTime,CheckPriceAD2,CheckPriceEXADV2,CheckOrder,CheckPriceMB,CheckPriceEX,Offer,Option,Bid,CheckPriceEXADV,UnderBid</h2><table border='1' align="center">
<tr>
<td>Tests passed/Failed/Skipped:</td><td>229/54/1</td>
</tr><tr>
<td>Started on:</td><td>Fri Oct 28 08:28:33 CEST 2016</td>
</tr>
<tr><td>Total time:</td><td>2407 seconds (2407128 ms)</td>
</tr><tr>
<td>Included groups:</td><td>CreateData CheckPriceAD BuyMultiple Buy LoginFirstTime CheckPriceAD2 CheckPriceEXADV2 CheckOrder CheckPriceMB CheckPriceEX Offer Option Bid CheckPriceEXADV UnderBid </td>
</tr><tr>
<td>Excluded groups:</td><td></td>
</tr>
</table><p/>
<small><i>(Hover the method name to see the test class name)</i></small><p/>
<table width='100%' border='1' class='invocation-failed'>
<tr><td colspan='4' align='center'><b>FAILED TESTS</b></td></tr>
<tr><td><b>Test method</b></td>
<td width="30%"><b>Exception</b></td>
<td width="10%"><b>Time (seconds)</b></td>
<td><b>Instance</b></td>
</tr>
<tr>
<td title='testcases.A3Dev1015CheckExchangePricesMB.checkLMExchangePrice()'><b>checkLMExchangePrice</b><br>Test class: testcases.A3Dev1015CheckExchangePricesMB ()<br>Parameters: false, CD101V - Cover 2, 3.150,00, 15,75, 4.500,00, 22,50</td>
<td><div><pre>java.lang.AssertionError: The following asserts failed:
	expected [4.500,00] but found [5.000,00],
	expected [22,50] but found [25,00]
	at testcases.A3Dev1015CheckExchangePricesMB.checkLMExchangePrice(A3Dev1015CheckExchangePricesMB.java:57)
... Removed 25 stack frames</pre></div><a href='#' onClick='toggleBox("stack-trace1257299717", this, "Click to show all stack frames", "Click to hide stack frames")'>Click to show all stack frames</a>
<div class='stack-trace' id='stack-trace1257299717'><pre>java.lang.AssertionError: The following asserts failed:
	expected [4.500,00] but found [5.000,00],
	expected [22,50] but found [25,00]
	at org.testng.asserts.SoftAssert.assertAll(SoftAssert.java:43)
	at testcases.A3Dev1015CheckExchangePricesMB.checkLMExchangePrice(A3Dev1015CheckExchangePricesMB.java:57)
	at sun.reflect.NativeMethodAccessorImpl.invoke0(Native Method)
	at sun.reflect.NativeMethodAccessorImpl.invoke(NativeMethodAccessorImpl.java:62)
	at sun.reflect.DelegatingMethodAccessorImpl.invoke(DelegatingMethodAccessorImpl.java:43)
	at java.lang.reflect.Method.invoke(Method.java:498)
	at org.testng.internal.MethodInvocationHelper.invokeMethod(MethodInvocationHelper.java:86)
	at org.testng.internal.Invoker.invokeMethod(Invoker.java:643)
	at org.testng.internal.Invoker.invokeTestMethod(Invoker.java:820)
	at org.testng.internal.Invoker.invokeTestMethods(Invoker.java:1128)
	at org.testng.internal.TestMethodWorker.invokeTestMethods(TestMethodWorker.java:129)
	at org.testng.internal.TestMethodWorker.run(TestMethodWorker.java:112)
	at org.testng.TestRunner.privateRun(TestRunner.java:782)
	at org.testng.TestRunner.run(TestRunner.java:632)
	at org.testng.SuiteRunner.runTest(SuiteRunner.java:366)
	at org.testng.SuiteRunner.runSequentially(SuiteRunner.java:361)
	at org.testng.SuiteRunner.privateRun(SuiteRunner.java:319)
	at org.testng.SuiteRunner.run(SuiteRunner.java:268)
	at org.testng.SuiteRunnerWorker.runSuite(SuiteRunnerWorker.java:52)
	at org.testng.SuiteRunnerWorker.run(SuiteRunnerWorker.java:86)
	at org.testng.TestNG.runSuitesSequentially(TestNG.java:1244)
	at org.testng.TestNG.runSuitesLocally(TestNG.java:1169)
	at org.testng.TestNG.run(TestNG.java:1064)
	at org.testng.remote.AbstractRemoteTestNG.run(AbstractRemoteTestNG.java:126)
	at org.testng.remote.RemoteTestNG.initAndRun(RemoteTestNG.java:152)
	at org.testng.remote.RemoteTestNG.main(RemoteTestNG.java:57)
</pre></div></td>
<td>0</td>
<td>testcases.A3Dev1015CheckExchangePricesMB@cb644e</td></tr>
<tr>
<td title='testcases.A3Dev1015CheckExchangePricesMB.checkLMExchangePrice()'><b>checkLMExchangePrice</b><br>Test class: testcases.A3Dev1015CheckExchangePricesMB ()<br>Parameters: false, CD102VS - Cover 2, 2.062,50, 10,31, 2.250,00, 11,25</td>
<td><div><pre>java.lang.AssertionError: The following asserts failed:
	expected [2.250,00] but found [2.500,00],
	expected [11,25] but found [12,50]
	at testcases.A3Dev1015CheckExchangePricesMB.checkLMExchangePrice(A3Dev1015CheckExchangePricesMB.java:57)
... Removed 25 stack frames</pre></div><a href='#' onClick='toggleBox("stack-trace1261044180", this, "Click to show all stack frames", "Click to hide stack frames")'>Click to show all stack frames</a>
<div class='stack-trace' id='stack-trace1261044180'><pre>java.lang.AssertionError: The following asserts failed:
	expected [2.250,00] but found [2.500,00],
	expected [11,25] but found [12,50]
	at org.testng.asserts.SoftAssert.assertAll(SoftAssert.java:43)
	at testcases.A3Dev1015CheckExchangePricesMB.checkLMExchangePrice(A3Dev1015CheckExchangePricesMB.java:57)
	at sun.reflect.NativeMethodAccessorImpl.invoke0(Native Method)
	at sun.reflect.NativeMethodAccessorImpl.invoke(NativeMethodAccessorImpl.java:62)
	at sun.reflect.DelegatingMethodAccessorImpl.invoke(DelegatingMethodAccessorImpl.java:43)
	at java.lang.reflect.Method.invoke(Method.java:498)
	at org.testng.internal.MethodInvocationHelper.invokeMethod(MethodInvocationHelper.java:86)
	at org.testng.internal.Invoker.invokeMethod(Invoker.java:643)
	at org.testng.internal.Invoker.invokeTestMethod(Invoker.java:820)
	at org.testng.internal.Invoker.invokeTestMethods(Invoker.java:1128)
	at org.testng.internal.TestMethodWorker.invokeTestMethods(TestMethodWorker.java:129)
	at org.testng.internal.TestMethodWorker.run(TestMethodWorker.java:112)
	at org.testng.TestRunner.privateRun(TestRunner.java:782)
	at org.testng.TestRunner.run(TestRunner.java:632)
	at org.testng.SuiteRunner.runTest(SuiteRunner.java:366)
	at org.testng.SuiteRunner.runSequentially(SuiteRunner.java:361)
	at org.testng.SuiteRunner.privateRun(SuiteRunner.java:319)
	at org.testng.SuiteRunner.run(SuiteRunner.java:268)
	at org.testng.SuiteRunnerWorker.runSuite(SuiteRunnerWorker.java:52)
	at org.testng.SuiteRunnerWorker.run(SuiteRunnerWorker.java:86)
	at org.testng.TestNG.runSuitesSequentially(TestNG.java:1244)
	at org.testng.TestNG.runSuitesLocally(TestNG.java:1169)
	at org.testng.TestNG.run(TestNG.java:1064)
	at org.testng.remote.AbstractRemoteTestNG.run(AbstractRemoteTestNG.java:126)
	at org.testng.remote.RemoteTestNG.initAndRun(RemoteTestNG.java:152)
	at org.testng.remote.RemoteTestNG.main(RemoteTestNG.java:57)
</pre></div></td>
<td>0</td>
<td>testcases.A3Dev1015CheckExchangePricesMB@cb644e</td></tr>
<tr>
<td title='testcases.A3Dev1015CheckExchangePricesMB.checkLMExchangePrice()'><b>checkLMExchangePrice</b><br>Test class: testcases.A3Dev1015CheckExchangePricesMB ()<br>Parameters: false, CD102VL - Cover 2, 2.062,50, 10,31, 2.250,00, 11,25</td>
<td><div><pre>java.lang.AssertionError: The following asserts failed:
	expected [2.250,00] but found [2.500,00],
	expected [11,25] but found [12,50]
	at testcases.A3Dev1015CheckExchangePricesMB.checkLMExchangePrice(A3Dev1015CheckExchangePricesMB.java:57)
... Removed 25 stack frames</pre></div><a href='#' onClick='toggleBox("stack-trace925150995", this, "Click to show all stack frames", "Click to hide stack frames")'>Click to show all stack frames</a>
<div class='stack-trace' id='stack-trace925150995'><pre>java.lang.AssertionError: The following asserts failed:
	expected [2.250,00] but found [2.500,00],
	expected [11,25] but found [12,50]
	at org.testng.asserts.SoftAssert.assertAll(SoftAssert.java:43)
	at testcases.A3Dev1015CheckExchangePricesMB.checkLMExchangePrice(A3Dev1015CheckExchangePricesMB.java:57)
	at sun.reflect.NativeMethodAccessorImpl.invoke0(Native Method)
	at sun.reflect.NativeMethodAccessorImpl.invoke(NativeMethodAccessorImpl.java:62)
	at sun.reflect.DelegatingMethodAccessorImpl.invoke(DelegatingMethodAccessorImpl.java:43)
	at java.lang.reflect.Method.invoke(Method.java:498)
	at org.testng.internal.MethodInvocationHelper.invokeMethod(MethodInvocationHelper.java:86)
	at org.testng.internal.Invoker.invokeMethod(Invoker.java:643)
	at org.testng.internal.Invoker.invokeTestMethod(Invoker.java:820)
	at org.testng.internal.Invoker.invokeTestMethods(Invoker.java:1128)
	at org.testng.internal.TestMethodWorker.invokeTestMethods(TestMethodWorker.java:129)
	at org.testng.internal.TestMethodWorker.run(TestMethodWorker.java:112)
	at org.testng.TestRunner.privateRun(TestRunner.java:782)
	at org.testng.TestRunner.run(TestRunner.java:632)
	at org.testng.SuiteRunner.runTest(SuiteRunner.java:366)
	at org.testng.SuiteRunner.runSequentially(SuiteRunner.java:361)
	at org.testng.SuiteRunner.privateRun(SuiteRunner.java:319)
	at org.testng.SuiteRunner.run(SuiteRunner.java:268)
	at org.testng.SuiteRunnerWorker.runSuite(SuiteRunnerWorker.java:52)
	at org.testng.SuiteRunnerWorker.run(SuiteRunnerWorker.java:86)
	at org.testng.TestNG.runSuitesSequentially(TestNG.java:1244)
	at org.testng.TestNG.runSuitesLocally(TestNG.java:1169)
	at org.testng.TestNG.run(TestNG.java:1064)
	at org.testng.remote.AbstractRemoteTestNG.run(AbstractRemoteTestNG.java:126)
	at org.testng.remote.RemoteTestNG.initAndRun(RemoteTestNG.java:152)
	at org.testng.remote.RemoteTestNG.main(RemoteTestNG.java:57)
</pre></div></td>
<td>0</td>
<td>testcases.A3Dev1015CheckExchangePricesMB@cb644e</td></tr>
<tr>
<td title='testcases.A3Dev1015CheckExchangePricesMB.checkLMExchangePrice()'><b>checkLMExchangePrice</b><br>Test class: testcases.A3Dev1015CheckExchangePricesMB ()<br>Parameters: false, CD102VS - Cover 3, 2.062,50, 10,31, 2.250,00, 11,25</td>
<td><div><pre>java.lang.AssertionError: The following asserts failed:
	expected [2.250,00] but found [2.500,00],
	expected [11,25] but found [12,50]
	at testcases.A3Dev1015CheckExchangePricesMB.checkLMExchangePrice(A3Dev1015CheckExchangePricesMB.java:57)
... Removed 25 stack frames</pre></div><a href='#' onClick='toggleBox("stack-trace2120063568", this, "Click to show all stack frames", "Click to hide stack frames")'>Click to show all stack frames</a>
<div class='stack-trace' id='stack-trace2120063568'><pre>java.lang.AssertionError: The following asserts failed:
	expected [2.250,00] but found [2.500,00],
	expected [11,25] but found [12,50]
	at org.testng.asserts.SoftAssert.assertAll(SoftAssert.java:43)
	at testcases.A3Dev1015CheckExchangePricesMB.checkLMExchangePrice(A3Dev1015CheckExchangePricesMB.java:57)
	at sun.reflect.NativeMethodAccessorImpl.invoke0(Native Method)
	at sun.reflect.NativeMethodAccessorImpl.invoke(NativeMethodAccessorImpl.java:62)
	at sun.reflect.DelegatingMethodAccessorImpl.invoke(DelegatingMethodAccessorImpl.java:43)
	at java.lang.reflect.Method.invoke(Method.java:498)
	at org.testng.internal.MethodInvocationHelper.invokeMethod(MethodInvocationHelper.java:86)
	at org.testng.internal.Invoker.invokeMethod(Invoker.java:643)
	at org.testng.internal.Invoker.invokeTestMethod(Invoker.java:820)
	at org.testng.internal.Invoker.invokeTestMethods(Invoker.java:1128)
	at org.testng.internal.TestMethodWorker.invokeTestMethods(TestMethodWorker.java:129)
	at org.testng.internal.TestMethodWorker.run(TestMethodWorker.java:112)
	at org.testng.TestRunner.privateRun(TestRunner.java:782)
	at org.testng.TestRunner.run(TestRunner.java:632)
	at org.testng.SuiteRunner.runTest(SuiteRunner.java:366)
	at org.testng.SuiteRunner.runSequentially(SuiteRunner.java:361)
	at org.testng.SuiteRunner.privateRun(SuiteRunner.java:319)
	at org.testng.SuiteRunner.run(SuiteRunner.java:268)
	at org.testng.SuiteRunnerWorker.runSuite(SuiteRunnerWorker.java:52)
	at org.testng.SuiteRunnerWorker.run(SuiteRunnerWorker.java:86)
	at org.testng.TestNG.runSuitesSequentially(TestNG.java:1244)
	at org.testng.TestNG.runSuitesLocally(TestNG.java:1169)
	at org.testng.TestNG.run(TestNG.java:1064)
	at org.testng.remote.AbstractRemoteTestNG.run(AbstractRemoteTestNG.java:126)
	at org.testng.remote.RemoteTestNG.initAndRun(RemoteTestNG.java:152)
	at org.testng.remote.RemoteTestNG.main(RemoteTestNG.java:57)
</pre></div></td>
<td>0</td>
<td>testcases.A3Dev1015CheckExchangePricesMB@cb644e</td></tr>
<tr>
<td title='testcases.A3Dev1015CheckExchangePricesMB.checkLMExchangePrice()'><b>checkLMExchangePrice</b><br>Test class: testcases.A3Dev1015CheckExchangePricesMB ()<br>Parameters: false, CD102VL - Cover 3, 2.062,50, 10,31, 2.250,00, 11,25</td>
<td><div><pre>java.lang.AssertionError: The following asserts failed:
	expected [2.250,00] but found [2.500,00],
	expected [11,25] but found [12,50]
	at testcases.A3Dev1015CheckExchangePricesMB.checkLMExchangePrice(A3Dev1015CheckExchangePricesMB.java:57)
... Removed 25 stack frames</pre></div><a href='#' onClick='toggleBox("stack-trace746280996", this, "Click to show all stack frames", "Click to hide stack frames")'>Click to show all stack frames</a>
<div class='stack-trace' id='stack-trace746280996'><pre>java.lang.AssertionError: The following asserts failed:
	expected [2.250,00] but found [2.500,00],
	expected [11,25] but found [12,50]
	at org.testng.asserts.SoftAssert.assertAll(SoftAssert.java:43)
	at testcases.A3Dev1015CheckExchangePricesMB.checkLMExchangePrice(A3Dev1015CheckExchangePricesMB.java:57)
	at sun.reflect.NativeMethodAccessorImpl.invoke0(Native Method)
	at sun.reflect.NativeMethodAccessorImpl.invoke(NativeMethodAccessorImpl.java:62)
	at sun.reflect.DelegatingMethodAccessorImpl.invoke(DelegatingMethodAccessorImpl.java:43)
	at java.lang.reflect.Method.invoke(Method.java:498)
	at org.testng.internal.MethodInvocationHelper.invokeMethod(MethodInvocationHelper.java:86)
	at org.testng.internal.Invoker.invokeMethod(Invoker.java:643)
	at org.testng.internal.Invoker.invokeTestMethod(Invoker.java:820)
	at org.testng.internal.Invoker.invokeTestMethods(Invoker.java:1128)
	at org.testng.internal.TestMethodWorker.invokeTestMethods(TestMethodWorker.java:129)
	at org.testng.internal.TestMethodWorker.run(TestMethodWorker.java:112)
	at org.testng.TestRunner.privateRun(TestRunner.java:782)
	at org.testng.TestRunner.run(TestRunner.java:632)
	at org.testng.SuiteRunner.runTest(SuiteRunner.java:366)
	at org.testng.SuiteRunner.runSequentially(SuiteRunner.java:361)
	at org.testng.SuiteRunner.privateRun(SuiteRunner.java:319)
	at org.testng.SuiteRunner.run(SuiteRunner.java:268)
	at org.testng.SuiteRunnerWorker.runSuite(SuiteRunnerWorker.java:52)
	at org.testng.SuiteRunnerWorker.run(SuiteRunnerWorker.java:86)
	at org.testng.TestNG.runSuitesSequentially(TestNG.java:1244)
	at org.testng.TestNG.runSuitesLocally(TestNG.java:1169)
	at org.testng.TestNG.run(TestNG.java:1064)
	at org.testng.remote.AbstractRemoteTestNG.run(AbstractRemoteTestNG.java:126)
	at org.testng.remote.RemoteTestNG.initAndRun(RemoteTestNG.java:152)
	at org.testng.remote.RemoteTestNG.main(RemoteTestNG.java:57)
</pre></div></td>
<td>0</td>
<td>testcases.A3Dev1015CheckExchangePricesMB@cb644e</td></tr>
<tr>
<td title='testcases.A3Dev1015CheckExchangePricesMB.checkLMExchangePrice()'><b>checkLMExchangePrice</b><br>Test class: testcases.A3Dev1015CheckExchangePricesMB ()<br>Parameters: false, CD101V - Cover 3, 4.125,00, 20,63, 4.500,00, 22,50</td>
<td><div><pre>java.lang.AssertionError: The following asserts failed:
	expected [4.500,00] but found [5.000,00],
	expected [22,50] but found [25,00]
	at testcases.A3Dev1015CheckExchangePricesMB.checkLMExchangePrice(A3Dev1015CheckExchangePricesMB.java:57)
... Removed 25 stack frames</pre></div><a href='#' onClick='toggleBox("stack-trace1164365897", this, "Click to show all stack frames", "Click to hide stack frames")'>Click to show all stack frames</a>
<div class='stack-trace' id='stack-trace1164365897'><pre>java.lang.AssertionError: The following asserts failed:
	expected [4.500,00] but found [5.000,00],
	expected [22,50] but found [25,00]
	at org.testng.asserts.SoftAssert.assertAll(SoftAssert.java:43)
	at testcases.A3Dev1015CheckExchangePricesMB.checkLMExchangePrice(A3Dev1015CheckExchangePricesMB.java:57)
	at sun.reflect.NativeMethodAccessorImpl.invoke0(Native Method)
	at sun.reflect.NativeMethodAccessorImpl.invoke(NativeMethodAccessorImpl.java:62)
	at sun.reflect.DelegatingMethodAccessorImpl.invoke(DelegatingMethodAccessorImpl.java:43)
	at java.lang.reflect.Method.invoke(Method.java:498)
	at org.testng.internal.MethodInvocationHelper.invokeMethod(MethodInvocationHelper.java:86)
	at org.testng.internal.Invoker.invokeMethod(Invoker.java:643)
	at org.testng.internal.Invoker.invokeTestMethod(Invoker.java:820)
	at org.testng.internal.Invoker.invokeTestMethods(Invoker.java:1128)
	at org.testng.internal.TestMethodWorker.invokeTestMethods(TestMethodWorker.java:129)
	at org.testng.internal.TestMethodWorker.run(TestMethodWorker.java:112)
	at org.testng.TestRunner.privateRun(TestRunner.java:782)
	at org.testng.TestRunner.run(TestRunner.java:632)
	at org.testng.SuiteRunner.runTest(SuiteRunner.java:366)
	at org.testng.SuiteRunner.runSequentially(SuiteRunner.java:361)
	at org.testng.SuiteRunner.privateRun(SuiteRunner.java:319)
	at org.testng.SuiteRunner.run(SuiteRunner.java:268)
	at org.testng.SuiteRunnerWorker.runSuite(SuiteRunnerWorker.java:52)
	at org.testng.SuiteRunnerWorker.run(SuiteRunnerWorker.java:86)
	at org.testng.TestNG.runSuitesSequentially(TestNG.java:1244)
	at org.testng.TestNG.runSuitesLocally(TestNG.java:1169)
	at org.testng.TestNG.run(TestNG.java:1064)
	at org.testng.remote.AbstractRemoteTestNG.run(AbstractRemoteTestNG.java:126)
	at org.testng.remote.RemoteTestNG.initAndRun(RemoteTestNG.java:152)
	at org.testng.remote.RemoteTestNG.main(RemoteTestNG.java:57)
</pre></div></td>
<td>0</td>
<td>testcases.A3Dev1015CheckExchangePricesMB@cb644e</td></tr>
<tr>
<td title='testcases.A3Dev999CheckExchangePricesADV.checkLMExchangePrice()'><b>checkLMExchangePrice</b><br>Test class: testcases.A3Dev999CheckExchangePricesADV ()<br>Parameters: false, CD101V - Cover 2, 1.575,00, 7,88, 4.500,00, 22,50</td>
<td><div><pre>java.lang.AssertionError: The following asserts failed:
	expected [4.500,00] but found [5.000,00],
	expected [22,50] but found [25,00]
	at testcases.A3Dev999CheckExchangePricesADV.checkLMExchangePrice(A3Dev999CheckExchangePricesADV.java:56)
... Removed 25 stack frames</pre></div><a href='#' onClick='toggleBox("stack-trace1354280589", this, "Click to show all stack frames", "Click to hide stack frames")'>Click to show all stack frames</a>
<div class='stack-trace' id='stack-trace1354280589'><pre>java.lang.AssertionError: The following asserts failed:
	expected [4.500,00] but found [5.000,00],
	expected [22,50] but found [25,00]
	at org.testng.asserts.SoftAssert.assertAll(SoftAssert.java:43)
	at testcases.A3Dev999CheckExchangePricesADV.checkLMExchangePrice(A3Dev999CheckExchangePricesADV.java:56)
	at sun.reflect.NativeMethodAccessorImpl.invoke0(Native Method)
	at sun.reflect.NativeMethodAccessorImpl.invoke(NativeMethodAccessorImpl.java:62)
	at sun.reflect.DelegatingMethodAccessorImpl.invoke(DelegatingMethodAccessorImpl.java:43)
	at java.lang.reflect.Method.invoke(Method.java:498)
	at org.testng.internal.MethodInvocationHelper.invokeMethod(MethodInvocationHelper.java:86)
	at org.testng.internal.Invoker.invokeMethod(Invoker.java:643)
	at org.testng.internal.Invoker.invokeTestMethod(Invoker.java:820)
	at org.testng.internal.Invoker.invokeTestMethods(Invoker.java:1128)
	at org.testng.internal.TestMethodWorker.invokeTestMethods(TestMethodWorker.java:129)
	at org.testng.internal.TestMethodWorker.run(TestMethodWorker.java:112)
	at org.testng.TestRunner.privateRun(TestRunner.java:782)
	at org.testng.TestRunner.run(TestRunner.java:632)
	at org.testng.SuiteRunner.runTest(SuiteRunner.java:366)
	at org.testng.SuiteRunner.runSequentially(SuiteRunner.java:361)
	at org.testng.SuiteRunner.privateRun(SuiteRunner.java:319)
	at org.testng.SuiteRunner.run(SuiteRunner.java:268)
	at org.testng.SuiteRunnerWorker.runSuite(SuiteRunnerWorker.java:52)
	at org.testng.SuiteRunnerWorker.run(SuiteRunnerWorker.java:86)
	at org.testng.TestNG.runSuitesSequentially(TestNG.java:1244)
	at org.testng.TestNG.runSuitesLocally(TestNG.java:1169)
	at org.testng.TestNG.run(TestNG.java:1064)
	at org.testng.remote.AbstractRemoteTestNG.run(AbstractRemoteTestNG.java:126)
	at org.testng.remote.RemoteTestNG.initAndRun(RemoteTestNG.java:152)
	at org.testng.remote.RemoteTestNG.main(RemoteTestNG.java:57)
</pre></div></td>
<td>0</td>
<td>testcases.A3Dev999CheckExchangePricesADV@31dc339b</td></tr>
<tr>
<td title='testcases.A3Dev999CheckExchangePricesADV.checkLMExchangePrice()'><b>checkLMExchangePrice</b><br>Test class: testcases.A3Dev999CheckExchangePricesADV ()<br>Parameters: false, CD102VS - Cover 2, 1.031,25, 5,16, 2.250,00, 11,25</td>
<td><div><pre>java.lang.AssertionError: The following asserts failed:
	expected [2.250,00] but found [2.500,00],
	expected [11,25] but found [12,50]
	at testcases.A3Dev999CheckExchangePricesADV.checkLMExchangePrice(A3Dev999CheckExchangePricesADV.java:56)
... Removed 25 stack frames</pre></div><a href='#' onClick='toggleBox("stack-trace405488475", this, "Click to show all stack frames", "Click to hide stack frames")'>Click to show all stack frames</a>
<div class='stack-trace' id='stack-trace405488475'><pre>java.lang.AssertionError: The following asserts failed:
	expected [2.250,00] but found [2.500,00],
	expected [11,25] but found [12,50]
	at org.testng.asserts.SoftAssert.assertAll(SoftAssert.java:43)
	at testcases.A3Dev999CheckExchangePricesADV.checkLMExchangePrice(A3Dev999CheckExchangePricesADV.java:56)
	at sun.reflect.NativeMethodAccessorImpl.invoke0(Native Method)
	at sun.reflect.NativeMethodAccessorImpl.invoke(NativeMethodAccessorImpl.java:62)
	at sun.reflect.DelegatingMethodAccessorImpl.invoke(DelegatingMethodAccessorImpl.java:43)
	at java.lang.reflect.Method.invoke(Method.java:498)
	at org.testng.internal.MethodInvocationHelper.invokeMethod(MethodInvocationHelper.java:86)
	at org.testng.internal.Invoker.invokeMethod(Invoker.java:643)
	at org.testng.internal.Invoker.invokeTestMethod(Invoker.java:820)
	at org.testng.internal.Invoker.invokeTestMethods(Invoker.java:1128)
	at org.testng.internal.TestMethodWorker.invokeTestMethods(TestMethodWorker.java:129)
	at org.testng.internal.TestMethodWorker.run(TestMethodWorker.java:112)
	at org.testng.TestRunner.privateRun(TestRunner.java:782)
	at org.testng.TestRunner.run(TestRunner.java:632)
	at org.testng.SuiteRunner.runTest(SuiteRunner.java:366)
	at org.testng.SuiteRunner.runSequentially(SuiteRunner.java:361)
	at org.testng.SuiteRunner.privateRun(SuiteRunner.java:319)
	at org.testng.SuiteRunner.run(SuiteRunner.java:268)
	at org.testng.SuiteRunnerWorker.runSuite(SuiteRunnerWorker.java:52)
	at org.testng.SuiteRunnerWorker.run(SuiteRunnerWorker.java:86)
	at org.testng.TestNG.runSuitesSequentially(TestNG.java:1244)
	at org.testng.TestNG.runSuitesLocally(TestNG.java:1169)
	at org.testng.TestNG.run(TestNG.java:1064)
	at org.testng.remote.AbstractRemoteTestNG.run(AbstractRemoteTestNG.java:126)
	at org.testng.remote.RemoteTestNG.initAndRun(RemoteTestNG.java:152)
	at org.testng.remote.RemoteTestNG.main(RemoteTestNG.java:57)
</pre></div></td>
<td>0</td>
<td>testcases.A3Dev999CheckExchangePricesADV@31dc339b</td></tr>
<tr>
<td title='testcases.A3Dev999CheckExchangePricesADV.checkLMExchangePrice()'><b>checkLMExchangePrice</b><br>Test class: testcases.A3Dev999CheckExchangePricesADV ()<br>Parameters: false, CD102VL - Cover 2, 1.031,25, 5,16, 2.250,00, 11,25</td>
<td><div><pre>java.lang.AssertionError: The following asserts failed:
	expected [2.250,00] but found [2.500,00],
	expected [11,25] but found [12,50]
	at testcases.A3Dev999CheckExchangePricesADV.checkLMExchangePrice(A3Dev999CheckExchangePricesADV.java:56)
... Removed 25 stack frames</pre></div><a href='#' onClick='toggleBox("stack-trace985487390", this, "Click to show all stack frames", "Click to hide stack frames")'>Click to show all stack frames</a>
<div class='stack-trace' id='stack-trace985487390'><pre>java.lang.AssertionError: The following asserts failed:
	expected [2.250,00] but found [2.500,00],
	expected [11,25] but found [12,50]
	at org.testng.asserts.SoftAssert.assertAll(SoftAssert.java:43)
	at testcases.A3Dev999CheckExchangePricesADV.checkLMExchangePrice(A3Dev999CheckExchangePricesADV.java:56)
	at sun.reflect.NativeMethodAccessorImpl.invoke0(Native Method)
	at sun.reflect.NativeMethodAccessorImpl.invoke(NativeMethodAccessorImpl.java:62)
	at sun.reflect.DelegatingMethodAccessorImpl.invoke(DelegatingMethodAccessorImpl.java:43)
	at java.lang.reflect.Method.invoke(Method.java:498)
	at org.testng.internal.MethodInvocationHelper.invokeMethod(MethodInvocationHelper.java:86)
	at org.testng.internal.Invoker.invokeMethod(Invoker.java:643)
	at org.testng.internal.Invoker.invokeTestMethod(Invoker.java:820)
	at org.testng.internal.Invoker.invokeTestMethods(Invoker.java:1128)
	at org.testng.internal.TestMethodWorker.invokeTestMethods(TestMethodWorker.java:129)
	at org.testng.internal.TestMethodWorker.run(TestMethodWorker.java:112)
	at org.testng.TestRunner.privateRun(TestRunner.java:782)
	at org.testng.TestRunner.run(TestRunner.java:632)
	at org.testng.SuiteRunner.runTest(SuiteRunner.java:366)
	at org.testng.SuiteRunner.runSequentially(SuiteRunner.java:361)
	at org.testng.SuiteRunner.privateRun(SuiteRunner.java:319)
	at org.testng.SuiteRunner.run(SuiteRunner.java:268)
	at org.testng.SuiteRunnerWorker.runSuite(SuiteRunnerWorker.java:52)
	at org.testng.SuiteRunnerWorker.run(SuiteRunnerWorker.java:86)
	at org.testng.TestNG.runSuitesSequentially(TestNG.java:1244)
	at org.testng.TestNG.runSuitesLocally(TestNG.java:1169)
	at org.testng.TestNG.run(TestNG.java:1064)
	at org.testng.remote.AbstractRemoteTestNG.run(AbstractRemoteTestNG.java:126)
	at org.testng.remote.RemoteTestNG.initAndRun(RemoteTestNG.java:152)
	at org.testng.remote.RemoteTestNG.main(RemoteTestNG.java:57)
</pre></div></td>
<td>0</td>
<td>testcases.A3Dev999CheckExchangePricesADV@31dc339b</td></tr>
<tr>
<td title='testcases.A3Dev999CheckExchangePricesADV.checkLMExchangePrice()'><b>checkLMExchangePrice</b><br>Test class: testcases.A3Dev999CheckExchangePricesADV ()<br>Parameters: false, CD102VS - Cover 3, 1.031,25, 5,16, 2.250,00, 11,25</td>
<td><div><pre>java.lang.AssertionError: The following asserts failed:
	expected [2.250,00] but found [2.500,00],
	expected [11,25] but found [12,50]
	at testcases.A3Dev999CheckExchangePricesADV.checkLMExchangePrice(A3Dev999CheckExchangePricesADV.java:56)
... Removed 25 stack frames</pre></div><a href='#' onClick='toggleBox("stack-trace417875774", this, "Click to show all stack frames", "Click to hide stack frames")'>Click to show all stack frames</a>
<div class='stack-trace' id='stack-trace417875774'><pre>java.lang.AssertionError: The following asserts failed:
	expected [2.250,00] but found [2.500,00],
	expected [11,25] but found [12,50]
	at org.testng.asserts.SoftAssert.assertAll(SoftAssert.java:43)
	at testcases.A3Dev999CheckExchangePricesADV.checkLMExchangePrice(A3Dev999CheckExchangePricesADV.java:56)
	at sun.reflect.NativeMethodAccessorImpl.invoke0(Native Method)
	at sun.reflect.NativeMethodAccessorImpl.invoke(NativeMethodAccessorImpl.java:62)
	at sun.reflect.DelegatingMethodAccessorImpl.invoke(DelegatingMethodAccessorImpl.java:43)
	at java.lang.reflect.Method.invoke(Method.java:498)
	at org.testng.internal.MethodInvocationHelper.invokeMethod(MethodInvocationHelper.java:86)
	at org.testng.internal.Invoker.invokeMethod(Invoker.java:643)
	at org.testng.internal.Invoker.invokeTestMethod(Invoker.java:820)
	at org.testng.internal.Invoker.invokeTestMethods(Invoker.java:1128)
	at org.testng.internal.TestMethodWorker.invokeTestMethods(TestMethodWorker.java:129)
	at org.testng.internal.TestMethodWorker.run(TestMethodWorker.java:112)
	at org.testng.TestRunner.privateRun(TestRunner.java:782)
	at org.testng.TestRunner.run(TestRunner.java:632)
	at org.testng.SuiteRunner.runTest(SuiteRunner.java:366)
	at org.testng.SuiteRunner.runSequentially(SuiteRunner.java:361)
	at org.testng.SuiteRunner.privateRun(SuiteRunner.java:319)
	at org.testng.SuiteRunner.run(SuiteRunner.java:268)
	at org.testng.SuiteRunnerWorker.runSuite(SuiteRunnerWorker.java:52)
	at org.testng.SuiteRunnerWorker.run(SuiteRunnerWorker.java:86)
	at org.testng.TestNG.runSuitesSequentially(TestNG.java:1244)
	at org.testng.TestNG.runSuitesLocally(TestNG.java:1169)
	at org.testng.TestNG.run(TestNG.java:1064)
	at org.testng.remote.AbstractRemoteTestNG.run(AbstractRemoteTestNG.java:126)
	at org.testng.remote.RemoteTestNG.initAndRun(RemoteTestNG.java:152)
	at org.testng.remote.RemoteTestNG.main(RemoteTestNG.java:57)
</pre></div></td>
<td>0</td>
<td>testcases.A3Dev999CheckExchangePricesADV@31dc339b</td></tr>
<tr>
<td title='testcases.A3Dev999CheckExchangePricesADV.checkLMExchangePrice()'><b>checkLMExchangePrice</b><br>Test class: testcases.A3Dev999CheckExchangePricesADV ()<br>Parameters: false, CD102VL - Cover 3, 1.031,25, 5,16, 2.250,00, 11,25</td>
<td><div><pre>java.lang.AssertionError: The following asserts failed:
	expected [2.250,00] but found [2.500,00],
	expected [11,25] but found [12,50]
	at testcases.A3Dev999CheckExchangePricesADV.checkLMExchangePrice(A3Dev999CheckExchangePricesADV.java:56)
... Removed 25 stack frames</pre></div><a href='#' onClick='toggleBox("stack-trace61304908", this, "Click to show all stack frames", "Click to hide stack frames")'>Click to show all stack frames</a>
<div class='stack-trace' id='stack-trace61304908'><pre>java.lang.AssertionError: The following asserts failed:
	expected [2.250,00] but found [2.500,00],
	expected [11,25] but found [12,50]
	at org.testng.asserts.SoftAssert.assertAll(SoftAssert.java:43)
	at testcases.A3Dev999CheckExchangePricesADV.checkLMExchangePrice(A3Dev999CheckExchangePricesADV.java:56)
	at sun.reflect.NativeMethodAccessorImpl.invoke0(Native Method)
	at sun.reflect.NativeMethodAccessorImpl.invoke(NativeMethodAccessorImpl.java:62)
	at sun.reflect.DelegatingMethodAccessorImpl.invoke(DelegatingMethodAccessorImpl.java:43)
	at java.lang.reflect.Method.invoke(Method.java:498)
	at org.testng.internal.MethodInvocationHelper.invokeMethod(MethodInvocationHelper.java:86)
	at org.testng.internal.Invoker.invokeMethod(Invoker.java:643)
	at org.testng.internal.Invoker.invokeTestMethod(Invoker.java:820)
	at org.testng.internal.Invoker.invokeTestMethods(Invoker.java:1128)
	at org.testng.internal.TestMethodWorker.invokeTestMethods(TestMethodWorker.java:129)
	at org.testng.internal.TestMethodWorker.run(TestMethodWorker.java:112)
	at org.testng.TestRunner.privateRun(TestRunner.java:782)
	at org.testng.TestRunner.run(TestRunner.java:632)
	at org.testng.SuiteRunner.runTest(SuiteRunner.java:366)
	at org.testng.SuiteRunner.runSequentially(SuiteRunner.java:361)
	at org.testng.SuiteRunner.privateRun(SuiteRunner.java:319)
	at org.testng.SuiteRunner.run(SuiteRunner.java:268)
	at org.testng.SuiteRunnerWorker.runSuite(SuiteRunnerWorker.java:52)
	at org.testng.SuiteRunnerWorker.run(SuiteRunnerWorker.java:86)
	at org.testng.TestNG.runSuitesSequentially(TestNG.java:1244)
	at org.testng.TestNG.runSuitesLocally(TestNG.java:1169)
	at org.testng.TestNG.run(TestNG.java:1064)
	at org.testng.remote.AbstractRemoteTestNG.run(AbstractRemoteTestNG.java:126)
	at org.testng.remote.RemoteTestNG.initAndRun(RemoteTestNG.java:152)
	at org.testng.remote.RemoteTestNG.main(RemoteTestNG.java:57)
</pre></div></td>
<td>0</td>
<td>testcases.A3Dev999CheckExchangePricesADV@31dc339b</td></tr>
<tr>
<td title='testcases.A3Dev999CheckExchangePricesADV.checkLMExchangePrice()'><b>checkLMExchangePrice</b><br>Test class: testcases.A3Dev999CheckExchangePricesADV ()<br>Parameters: false, CD101V - Cover 3, 2.062,50, 10,31, 4.500,00, 22,50</td>
<td><div><pre>java.lang.AssertionError: The following asserts failed:
	expected [4.500,00] but found [5.000,00],
	expected [22,50] but found [25,00]
	at testcases.A3Dev999CheckExchangePricesADV.checkLMExchangePrice(A3Dev999CheckExchangePricesADV.java:56)
... Removed 25 stack frames</pre></div><a href='#' onClick='toggleBox("stack-trace664839586", this, "Click to show all stack frames", "Click to hide stack frames")'>Click to show all stack frames</a>
<div class='stack-trace' id='stack-trace664839586'><pre>java.lang.AssertionError: The following asserts failed:
	expected [4.500,00] but found [5.000,00],
	expected [22,50] but found [25,00]
	at org.testng.asserts.SoftAssert.assertAll(SoftAssert.java:43)
	at testcases.A3Dev999CheckExchangePricesADV.checkLMExchangePrice(A3Dev999CheckExchangePricesADV.java:56)
	at sun.reflect.NativeMethodAccessorImpl.invoke0(Native Method)
	at sun.reflect.NativeMethodAccessorImpl.invoke(NativeMethodAccessorImpl.java:62)
	at sun.reflect.DelegatingMethodAccessorImpl.invoke(DelegatingMethodAccessorImpl.java:43)
	at java.lang.reflect.Method.invoke(Method.java:498)
	at org.testng.internal.MethodInvocationHelper.invokeMethod(MethodInvocationHelper.java:86)
	at org.testng.internal.Invoker.invokeMethod(Invoker.java:643)
	at org.testng.internal.Invoker.invokeTestMethod(Invoker.java:820)
	at org.testng.internal.Invoker.invokeTestMethods(Invoker.java:1128)
	at org.testng.internal.TestMethodWorker.invokeTestMethods(TestMethodWorker.java:129)
	at org.testng.internal.TestMethodWorker.run(TestMethodWorker.java:112)
	at org.testng.TestRunner.privateRun(TestRunner.java:782)
	at org.testng.TestRunner.run(TestRunner.java:632)
	at org.testng.SuiteRunner.runTest(SuiteRunner.java:366)
	at org.testng.SuiteRunner.runSequentially(SuiteRunner.java:361)
	at org.testng.SuiteRunner.privateRun(SuiteRunner.java:319)
	at org.testng.SuiteRunner.run(SuiteRunner.java:268)
	at org.testng.SuiteRunnerWorker.runSuite(SuiteRunnerWorker.java:52)
	at org.testng.SuiteRunnerWorker.run(SuiteRunnerWorker.java:86)
	at org.testng.TestNG.runSuitesSequentially(TestNG.java:1244)
	at org.testng.TestNG.runSuitesLocally(TestNG.java:1169)
	at org.testng.TestNG.run(TestNG.java:1064)
	at org.testng.remote.AbstractRemoteTestNG.run(AbstractRemoteTestNG.java:126)
	at org.testng.remote.RemoteTestNG.initAndRun(RemoteTestNG.java:152)
	at org.testng.remote.RemoteTestNG.main(RemoteTestNG.java:57)
</pre></div></td>
<td>0</td>
<td>testcases.A3Dev999CheckExchangePricesADV@31dc339b</td></tr>
<tr>
<td title='testcases.A3Dev998CheckExchangePricesADV2.checkLMExchangePrice()'><b>checkLMExchangePrice</b><br>Test class: testcases.A3Dev998CheckExchangePricesADV2 ()<br>Parameters: false, CD101V - Cover 2, 1.875,00, 9,38, 4.500,00, 22,50</td>
<td><div><pre>java.lang.AssertionError: The following asserts failed:
	expected [4.500,00] but found [5.000,00],
	expected [22,50] but found [25,00]
	at testcases.A3Dev998CheckExchangePricesADV2.checkLMExchangePrice(A3Dev998CheckExchangePricesADV2.java:56)
... Removed 25 stack frames</pre></div><a href='#' onClick='toggleBox("stack-trace1300576734", this, "Click to show all stack frames", "Click to hide stack frames")'>Click to show all stack frames</a>
<div class='stack-trace' id='stack-trace1300576734'><pre>java.lang.AssertionError: The following asserts failed:
	expected [4.500,00] but found [5.000,00],
	expected [22,50] but found [25,00]
	at org.testng.asserts.SoftAssert.assertAll(SoftAssert.java:43)
	at testcases.A3Dev998CheckExchangePricesADV2.checkLMExchangePrice(A3Dev998CheckExchangePricesADV2.java:56)
	at sun.reflect.NativeMethodAccessorImpl.invoke0(Native Method)
	at sun.reflect.NativeMethodAccessorImpl.invoke(NativeMethodAccessorImpl.java:62)
	at sun.reflect.DelegatingMethodAccessorImpl.invoke(DelegatingMethodAccessorImpl.java:43)
	at java.lang.reflect.Method.invoke(Method.java:498)
	at org.testng.internal.MethodInvocationHelper.invokeMethod(MethodInvocationHelper.java:86)
	at org.testng.internal.Invoker.invokeMethod(Invoker.java:643)
	at org.testng.internal.Invoker.invokeTestMethod(Invoker.java:820)
	at org.testng.internal.Invoker.invokeTestMethods(Invoker.java:1128)
	at org.testng.internal.TestMethodWorker.invokeTestMethods(TestMethodWorker.java:129)
	at org.testng.internal.TestMethodWorker.run(TestMethodWorker.java:112)
	at org.testng.TestRunner.privateRun(TestRunner.java:782)
	at org.testng.TestRunner.run(TestRunner.java:632)
	at org.testng.SuiteRunner.runTest(SuiteRunner.java:366)
	at org.testng.SuiteRunner.runSequentially(SuiteRunner.java:361)
	at org.testng.SuiteRunner.privateRun(SuiteRunner.java:319)
	at org.testng.SuiteRunner.run(SuiteRunner.java:268)
	at org.testng.SuiteRunnerWorker.runSuite(SuiteRunnerWorker.java:52)
	at org.testng.SuiteRunnerWorker.run(SuiteRunnerWorker.java:86)
	at org.testng.TestNG.runSuitesSequentially(TestNG.java:1244)
	at org.testng.TestNG.runSuitesLocally(TestNG.java:1169)
	at org.testng.TestNG.run(TestNG.java:1064)
	at org.testng.remote.AbstractRemoteTestNG.run(AbstractRemoteTestNG.java:126)
	at org.testng.remote.RemoteTestNG.initAndRun(RemoteTestNG.java:152)
	at org.testng.remote.RemoteTestNG.main(RemoteTestNG.java:57)
</pre></div></td>
<td>0</td>
<td>testcases.A3Dev998CheckExchangePricesADV2@55d56113</td></tr>
<tr>
<td title='testcases.A3Dev998CheckExchangePricesADV2.checkLMExchangePrice()'><b>checkLMExchangePrice</b><br>Test class: testcases.A3Dev998CheckExchangePricesADV2 ()<br>Parameters: false, CD102VS - Cover 2, 937,50, 4,69, 2.250,00, 11,25</td>
<td><div><pre>java.lang.AssertionError: The following asserts failed:
	expected [2.250,00] but found [2.500,00],
	expected [11,25] but found [12,50]
	at testcases.A3Dev998CheckExchangePricesADV2.checkLMExchangePrice(A3Dev998CheckExchangePricesADV2.java:56)
... Removed 25 stack frames</pre></div><a href='#' onClick='toggleBox("stack-trace562685863", this, "Click to show all stack frames", "Click to hide stack frames")'>Click to show all stack frames</a>
<div class='stack-trace' id='stack-trace562685863'><pre>java.lang.AssertionError: The following asserts failed:
	expected [2.250,00] but found [2.500,00],
	expected [11,25] but found [12,50]
	at org.testng.asserts.SoftAssert.assertAll(SoftAssert.java:43)
	at testcases.A3Dev998CheckExchangePricesADV2.checkLMExchangePrice(A3Dev998CheckExchangePricesADV2.java:56)
	at sun.reflect.NativeMethodAccessorImpl.invoke0(Native Method)
	at sun.reflect.NativeMethodAccessorImpl.invoke(NativeMethodAccessorImpl.java:62)
	at sun.reflect.DelegatingMethodAccessorImpl.invoke(DelegatingMethodAccessorImpl.java:43)
	at java.lang.reflect.Method.invoke(Method.java:498)
	at org.testng.internal.MethodInvocationHelper.invokeMethod(MethodInvocationHelper.java:86)
	at org.testng.internal.Invoker.invokeMethod(Invoker.java:643)
	at org.testng.internal.Invoker.invokeTestMethod(Invoker.java:820)
	at org.testng.internal.Invoker.invokeTestMethods(Invoker.java:1128)
	at org.testng.internal.TestMethodWorker.invokeTestMethods(TestMethodWorker.java:129)
	at org.testng.internal.TestMethodWorker.run(TestMethodWorker.java:112)
	at org.testng.TestRunner.privateRun(TestRunner.java:782)
	at org.testng.TestRunner.run(TestRunner.java:632)
	at org.testng.SuiteRunner.runTest(SuiteRunner.java:366)
	at org.testng.SuiteRunner.runSequentially(SuiteRunner.java:361)
	at org.testng.SuiteRunner.privateRun(SuiteRunner.java:319)
	at org.testng.SuiteRunner.run(SuiteRunner.java:268)
	at org.testng.SuiteRunnerWorker.runSuite(SuiteRunnerWorker.java:52)
	at org.testng.SuiteRunnerWorker.run(SuiteRunnerWorker.java:86)
	at org.testng.TestNG.runSuitesSequentially(TestNG.java:1244)
	at org.testng.TestNG.runSuitesLocally(TestNG.java:1169)
	at org.testng.TestNG.run(TestNG.java:1064)
	at org.testng.remote.AbstractRemoteTestNG.run(AbstractRemoteTestNG.java:126)
	at org.testng.remote.RemoteTestNG.initAndRun(RemoteTestNG.java:152)
	at org.testng.remote.RemoteTestNG.main(RemoteTestNG.java:57)
</pre></div></td>
<td>0</td>
<td>testcases.A3Dev998CheckExchangePricesADV2@55d56113</td></tr>
<tr>
<td title='testcases.A3Dev998CheckExchangePricesADV2.checkLMExchangePrice()'><b>checkLMExchangePrice</b><br>Test class: testcases.A3Dev998CheckExchangePricesADV2 ()<br>Parameters: false, CD102VL - Cover 2, 937,50, 4,69, 2.250,00, 11,25</td>
<td><div><pre>java.lang.AssertionError: The following asserts failed:
	expected [2.250,00] but found [2.500,00],
	expected [11,25] but found [12,50]
	at testcases.A3Dev998CheckExchangePricesADV2.checkLMExchangePrice(A3Dev998CheckExchangePricesADV2.java:56)
... Removed 25 stack frames</pre></div><a href='#' onClick='toggleBox("stack-trace1378559537", this, "Click to show all stack frames", "Click to hide stack frames")'>Click to show all stack frames</a>
<div class='stack-trace' id='stack-trace1378559537'><pre>java.lang.AssertionError: The following asserts failed:
	expected [2.250,00] but found [2.500,00],
	expected [11,25] but found [12,50]
	at org.testng.asserts.SoftAssert.assertAll(SoftAssert.java:43)
	at testcases.A3Dev998CheckExchangePricesADV2.checkLMExchangePrice(A3Dev998CheckExchangePricesADV2.java:56)
	at sun.reflect.NativeMethodAccessorImpl.invoke0(Native Method)
	at sun.reflect.NativeMethodAccessorImpl.invoke(NativeMethodAccessorImpl.java:62)
	at sun.reflect.DelegatingMethodAccessorImpl.invoke(DelegatingMethodAccessorImpl.java:43)
	at java.lang.reflect.Method.invoke(Method.java:498)
	at org.testng.internal.MethodInvocationHelper.invokeMethod(MethodInvocationHelper.java:86)
	at org.testng.internal.Invoker.invokeMethod(Invoker.java:643)
	at org.testng.internal.Invoker.invokeTestMethod(Invoker.java:820)
	at org.testng.internal.Invoker.invokeTestMethods(Invoker.java:1128)
	at org.testng.internal.TestMethodWorker.invokeTestMethods(TestMethodWorker.java:129)
	at org.testng.internal.TestMethodWorker.run(TestMethodWorker.java:112)
	at org.testng.TestRunner.privateRun(TestRunner.java:782)
	at org.testng.TestRunner.run(TestRunner.java:632)
	at org.testng.SuiteRunner.runTest(SuiteRunner.java:366)
	at org.testng.SuiteRunner.runSequentially(SuiteRunner.java:361)
	at org.testng.SuiteRunner.privateRun(SuiteRunner.java:319)
	at org.testng.SuiteRunner.run(SuiteRunner.java:268)
	at org.testng.SuiteRunnerWorker.runSuite(SuiteRunnerWorker.java:52)
	at org.testng.SuiteRunnerWorker.run(SuiteRunnerWorker.java:86)
	at org.testng.TestNG.runSuitesSequentially(TestNG.java:1244)
	at org.testng.TestNG.runSuitesLocally(TestNG.java:1169)
	at org.testng.TestNG.run(TestNG.java:1064)
	at org.testng.remote.AbstractRemoteTestNG.run(AbstractRemoteTestNG.java:126)
	at org.testng.remote.RemoteTestNG.initAndRun(RemoteTestNG.java:152)
	at org.testng.remote.RemoteTestNG.main(RemoteTestNG.java:57)
</pre></div></td>
<td>0</td>
<td>testcases.A3Dev998CheckExchangePricesADV2@55d56113</td></tr>
<tr>
<td title='testcases.A3Dev998CheckExchangePricesADV2.checkLMExchangePrice()'><b>checkLMExchangePrice</b><br>Test class: testcases.A3Dev998CheckExchangePricesADV2 ()<br>Parameters: false, CD102VS - Cover 3, 937,50, 4,69, 2.250,00, 11,25</td>
<td><div><pre>java.lang.AssertionError: The following asserts failed:
	expected [2.250,00] but found [2.500,00],
	expected [11,25] but found [12,50]
	at testcases.A3Dev998CheckExchangePricesADV2.checkLMExchangePrice(A3Dev998CheckExchangePricesADV2.java:56)
... Removed 25 stack frames</pre></div><a href='#' onClick='toggleBox("stack-trace1147394515", this, "Click to show all stack frames", "Click to hide stack frames")'>Click to show all stack frames</a>
<div class='stack-trace' id='stack-trace1147394515'><pre>java.lang.AssertionError: The following asserts failed:
	expected [2.250,00] but found [2.500,00],
	expected [11,25] but found [12,50]
	at org.testng.asserts.SoftAssert.assertAll(SoftAssert.java:43)
	at testcases.A3Dev998CheckExchangePricesADV2.checkLMExchangePrice(A3Dev998CheckExchangePricesADV2.java:56)
	at sun.reflect.NativeMethodAccessorImpl.invoke0(Native Method)
	at sun.reflect.NativeMethodAccessorImpl.invoke(NativeMethodAccessorImpl.java:62)
	at sun.reflect.DelegatingMethodAccessorImpl.invoke(DelegatingMethodAccessorImpl.java:43)
	at java.lang.reflect.Method.invoke(Method.java:498)
	at org.testng.internal.MethodInvocationHelper.invokeMethod(MethodInvocationHelper.java:86)
	at org.testng.internal.Invoker.invokeMethod(Invoker.java:643)
	at org.testng.internal.Invoker.invokeTestMethod(Invoker.java:820)
	at org.testng.internal.Invoker.invokeTestMethods(Invoker.java:1128)
	at org.testng.internal.TestMethodWorker.invokeTestMethods(TestMethodWorker.java:129)
	at org.testng.internal.TestMethodWorker.run(TestMethodWorker.java:112)
	at org.testng.TestRunner.privateRun(TestRunner.java:782)
	at org.testng.TestRunner.run(TestRunner.java:632)
	at org.testng.SuiteRunner.runTest(SuiteRunner.java:366)
	at org.testng.SuiteRunner.runSequentially(SuiteRunner.java:361)
	at org.testng.SuiteRunner.privateRun(SuiteRunner.java:319)
	at org.testng.SuiteRunner.run(SuiteRunner.java:268)
	at org.testng.SuiteRunnerWorker.runSuite(SuiteRunnerWorker.java:52)
	at org.testng.SuiteRunnerWorker.run(SuiteRunnerWorker.java:86)
	at org.testng.TestNG.runSuitesSequentially(TestNG.java:1244)
	at org.testng.TestNG.runSuitesLocally(TestNG.java:1169)
	at org.testng.TestNG.run(TestNG.java:1064)
	at org.testng.remote.AbstractRemoteTestNG.run(AbstractRemoteTestNG.java:126)
	at org.testng.remote.RemoteTestNG.initAndRun(RemoteTestNG.java:152)
	at org.testng.remote.RemoteTestNG.main(RemoteTestNG.java:57)
</pre></div></td>
<td>0</td>
<td>testcases.A3Dev998CheckExchangePricesADV2@55d56113</td></tr>
<tr>
<td title='testcases.A3Dev998CheckExchangePricesADV2.checkLMExchangePrice()'><b>checkLMExchangePrice</b><br>Test class: testcases.A3Dev998CheckExchangePricesADV2 ()<br>Parameters: false, CD102VL - Cover 3, 937,50, 4,69, 2.250,00, 11,25</td>
<td><div><pre>java.lang.AssertionError: The following asserts failed:
	expected [2.250,00] but found [2.500,00],
	expected [11,25] but found [12,50]
	at testcases.A3Dev998CheckExchangePricesADV2.checkLMExchangePrice(A3Dev998CheckExchangePricesADV2.java:56)
... Removed 25 stack frames</pre></div><a href='#' onClick='toggleBox("stack-trace763236610", this, "Click to show all stack frames", "Click to hide stack frames")'>Click to show all stack frames</a>
<div class='stack-trace' id='stack-trace763236610'><pre>java.lang.AssertionError: The following asserts failed:
	expected [2.250,00] but found [2.500,00],
	expected [11,25] but found [12,50]
	at org.testng.asserts.SoftAssert.assertAll(SoftAssert.java:43)
	at testcases.A3Dev998CheckExchangePricesADV2.checkLMExchangePrice(A3Dev998CheckExchangePricesADV2.java:56)
	at sun.reflect.NativeMethodAccessorImpl.invoke0(Native Method)
	at sun.reflect.NativeMethodAccessorImpl.invoke(NativeMethodAccessorImpl.java:62)
	at sun.reflect.DelegatingMethodAccessorImpl.invoke(DelegatingMethodAccessorImpl.java:43)
	at java.lang.reflect.Method.invoke(Method.java:498)
	at org.testng.internal.MethodInvocationHelper.invokeMethod(MethodInvocationHelper.java:86)
	at org.testng.internal.Invoker.invokeMethod(Invoker.java:643)
	at org.testng.internal.Invoker.invokeTestMethod(Invoker.java:820)
	at org.testng.internal.Invoker.invokeTestMethods(Invoker.java:1128)
	at org.testng.internal.TestMethodWorker.invokeTestMethods(TestMethodWorker.java:129)
	at org.testng.internal.TestMethodWorker.run(TestMethodWorker.java:112)
	at org.testng.TestRunner.privateRun(TestRunner.java:782)
	at org.testng.TestRunner.run(TestRunner.java:632)
	at org.testng.SuiteRunner.runTest(SuiteRunner.java:366)
	at org.testng.SuiteRunner.runSequentially(SuiteRunner.java:361)
	at org.testng.SuiteRunner.privateRun(SuiteRunner.java:319)
	at org.testng.SuiteRunner.run(SuiteRunner.java:268)
	at org.testng.SuiteRunnerWorker.runSuite(SuiteRunnerWorker.java:52)
	at org.testng.SuiteRunnerWorker.run(SuiteRunnerWorker.java:86)
	at org.testng.TestNG.runSuitesSequentially(TestNG.java:1244)
	at org.testng.TestNG.runSuitesLocally(TestNG.java:1169)
	at org.testng.TestNG.run(TestNG.java:1064)
	at org.testng.remote.AbstractRemoteTestNG.run(AbstractRemoteTestNG.java:126)
	at org.testng.remote.RemoteTestNG.initAndRun(RemoteTestNG.java:152)
	at org.testng.remote.RemoteTestNG.main(RemoteTestNG.java:57)
</pre></div></td>
<td>0</td>
<td>testcases.A3Dev998CheckExchangePricesADV2@55d56113</td></tr>
<tr>
<td title='testcases.A3Dev998CheckExchangePricesADV2.checkLMExchangePrice()'><b>checkLMExchangePrice</b><br>Test class: testcases.A3Dev998CheckExchangePricesADV2 ()<br>Parameters: false, CD101V - Cover 3, 1.875,00, 9,38, 4.500,00, 22,50</td>
<td><div><pre>java.lang.AssertionError: The following asserts failed:
	expected [4.500,00] but found [5.000,00],
	expected [22,50] but found [25,00]
	at testcases.A3Dev998CheckExchangePricesADV2.checkLMExchangePrice(A3Dev998CheckExchangePricesADV2.java:56)
... Removed 25 stack frames</pre></div><a href='#' onClick='toggleBox("stack-trace755759908", this, "Click to show all stack frames", "Click to hide stack frames")'>Click to show all stack frames</a>
<div class='stack-trace' id='stack-trace755759908'><pre>java.lang.AssertionError: The following asserts failed:
	expected [4.500,00] but found [5.000,00],
	expected [22,50] but found [25,00]
	at org.testng.asserts.SoftAssert.assertAll(SoftAssert.java:43)
	at testcases.A3Dev998CheckExchangePricesADV2.checkLMExchangePrice(A3Dev998CheckExchangePricesADV2.java:56)
	at sun.reflect.NativeMethodAccessorImpl.invoke0(Native Method)
	at sun.reflect.NativeMethodAccessorImpl.invoke(NativeMethodAccessorImpl.java:62)
	at sun.reflect.DelegatingMethodAccessorImpl.invoke(DelegatingMethodAccessorImpl.java:43)
	at java.lang.reflect.Method.invoke(Method.java:498)
	at org.testng.internal.MethodInvocationHelper.invokeMethod(MethodInvocationHelper.java:86)
	at org.testng.internal.Invoker.invokeMethod(Invoker.java:643)
	at org.testng.internal.Invoker.invokeTestMethod(Invoker.java:820)
	at org.testng.internal.Invoker.invokeTestMethods(Invoker.java:1128)
	at org.testng.internal.TestMethodWorker.invokeTestMethods(TestMethodWorker.java:129)
	at org.testng.internal.TestMethodWorker.run(TestMethodWorker.java:112)
	at org.testng.TestRunner.privateRun(TestRunner.java:782)
	at org.testng.TestRunner.run(TestRunner.java:632)
	at org.testng.SuiteRunner.runTest(SuiteRunner.java:366)
	at org.testng.SuiteRunner.runSequentially(SuiteRunner.java:361)
	at org.testng.SuiteRunner.privateRun(SuiteRunner.java:319)
	at org.testng.SuiteRunner.run(SuiteRunner.java:268)
	at org.testng.SuiteRunnerWorker.runSuite(SuiteRunnerWorker.java:52)
	at org.testng.SuiteRunnerWorker.run(SuiteRunnerWorker.java:86)
	at org.testng.TestNG.runSuitesSequentially(TestNG.java:1244)
	at org.testng.TestNG.runSuitesLocally(TestNG.java:1169)
	at org.testng.TestNG.run(TestNG.java:1064)
	at org.testng.remote.AbstractRemoteTestNG.run(AbstractRemoteTestNG.java:126)
	at org.testng.remote.RemoteTestNG.initAndRun(RemoteTestNG.java:152)
	at org.testng.remote.RemoteTestNG.main(RemoteTestNG.java:57)
</pre></div></td>
<td>0</td>
<td>testcases.A3Dev998CheckExchangePricesADV2@55d56113</td></tr>
<tr>
<td title='testcases.A3Dev1015CheckExchangePricesMB.checkLMExchangePriceM2()'><b>checkLMExchangePriceM2</b><br>Test class: testcases.A3Dev1015CheckExchangePricesMB ()<br>Parameters: false, CD101V - Pagina 2, 4.125,00, 20,63, 4.500,00, 22,50</td>
<td><div><pre>java.lang.AssertionError: The following asserts failed:
	expected [4.500,00] but found [5.000,00],
	expected [22,50] but found [25,00]
	at testcases.A3Dev1015CheckExchangePricesMB.checkLMExchangePriceM2(A3Dev1015CheckExchangePricesMB.java:246)
... Removed 25 stack frames</pre></div><a href='#' onClick='toggleBox("stack-trace1527086220", this, "Click to show all stack frames", "Click to hide stack frames")'>Click to show all stack frames</a>
<div class='stack-trace' id='stack-trace1527086220'><pre>java.lang.AssertionError: The following asserts failed:
	expected [4.500,00] but found [5.000,00],
	expected [22,50] but found [25,00]
	at org.testng.asserts.SoftAssert.assertAll(SoftAssert.java:43)
	at testcases.A3Dev1015CheckExchangePricesMB.checkLMExchangePriceM2(A3Dev1015CheckExchangePricesMB.java:246)
	at sun.reflect.NativeMethodAccessorImpl.invoke0(Native Method)
	at sun.reflect.NativeMethodAccessorImpl.invoke(NativeMethodAccessorImpl.java:62)
	at sun.reflect.DelegatingMethodAccessorImpl.invoke(DelegatingMethodAccessorImpl.java:43)
	at java.lang.reflect.Method.invoke(Method.java:498)
	at org.testng.internal.MethodInvocationHelper.invokeMethod(MethodInvocationHelper.java:86)
	at org.testng.internal.Invoker.invokeMethod(Invoker.java:643)
	at org.testng.internal.Invoker.invokeTestMethod(Invoker.java:820)
	at org.testng.internal.Invoker.invokeTestMethods(Invoker.java:1128)
	at org.testng.internal.TestMethodWorker.invokeTestMethods(TestMethodWorker.java:129)
	at org.testng.internal.TestMethodWorker.run(TestMethodWorker.java:112)
	at org.testng.TestRunner.privateRun(TestRunner.java:782)
	at org.testng.TestRunner.run(TestRunner.java:632)
	at org.testng.SuiteRunner.runTest(SuiteRunner.java:366)
	at org.testng.SuiteRunner.runSequentially(SuiteRunner.java:361)
	at org.testng.SuiteRunner.privateRun(SuiteRunner.java:319)
	at org.testng.SuiteRunner.run(SuiteRunner.java:268)
	at org.testng.SuiteRunnerWorker.runSuite(SuiteRunnerWorker.java:52)
	at org.testng.SuiteRunnerWorker.run(SuiteRunnerWorker.java:86)
	at org.testng.TestNG.runSuitesSequentially(TestNG.java:1244)
	at org.testng.TestNG.runSuitesLocally(TestNG.java:1169)
	at org.testng.TestNG.run(TestNG.java:1064)
	at org.testng.remote.AbstractRemoteTestNG.run(AbstractRemoteTestNG.java:126)
	at org.testng.remote.RemoteTestNG.initAndRun(RemoteTestNG.java:152)
	at org.testng.remote.RemoteTestNG.main(RemoteTestNG.java:57)
</pre></div></td>
<td>0</td>
<td>testcases.A3Dev1015CheckExchangePricesMB@cb644e</td></tr>
<tr>
<td title='testcases.A3Dev1015CheckExchangePricesMB.checkLMExchangePriceM2()'><b>checkLMExchangePriceM2</b><br>Test class: testcases.A3Dev1015CheckExchangePricesMB ()<br>Parameters: false, CD101V - Pagina 3, 4.125,00, 20,63, 4.500,00, 22,50</td>
<td><div><pre>java.lang.AssertionError: The following asserts failed:
	expected [4.500,00] but found [5.000,00],
	expected [22,50] but found [25,00]
	at testcases.A3Dev1015CheckExchangePricesMB.checkLMExchangePriceM2(A3Dev1015CheckExchangePricesMB.java:246)
... Removed 25 stack frames</pre></div><a href='#' onClick='toggleBox("stack-trace353023213", this, "Click to show all stack frames", "Click to hide stack frames")'>Click to show all stack frames</a>
<div class='stack-trace' id='stack-trace353023213'><pre>java.lang.AssertionError: The following asserts failed:
	expected [4.500,00] but found [5.000,00],
	expected [22,50] but found [25,00]
	at org.testng.asserts.SoftAssert.assertAll(SoftAssert.java:43)
	at testcases.A3Dev1015CheckExchangePricesMB.checkLMExchangePriceM2(A3Dev1015CheckExchangePricesMB.java:246)
	at sun.reflect.NativeMethodAccessorImpl.invoke0(Native Method)
	at sun.reflect.NativeMethodAccessorImpl.invoke(NativeMethodAccessorImpl.java:62)
	at sun.reflect.DelegatingMethodAccessorImpl.invoke(DelegatingMethodAccessorImpl.java:43)
	at java.lang.reflect.Method.invoke(Method.java:498)
	at org.testng.internal.MethodInvocationHelper.invokeMethod(MethodInvocationHelper.java:86)
	at org.testng.internal.Invoker.invokeMethod(Invoker.java:643)
	at org.testng.internal.Invoker.invokeTestMethod(Invoker.java:820)
	at org.testng.internal.Invoker.invokeTestMethods(Invoker.java:1128)
	at org.testng.internal.TestMethodWorker.invokeTestMethods(TestMethodWorker.java:129)
	at org.testng.internal.TestMethodWorker.run(TestMethodWorker.java:112)
	at org.testng.TestRunner.privateRun(TestRunner.java:782)
	at org.testng.TestRunner.run(TestRunner.java:632)
	at org.testng.SuiteRunner.runTest(SuiteRunner.java:366)
	at org.testng.SuiteRunner.runSequentially(SuiteRunner.java:361)
	at org.testng.SuiteRunner.privateRun(SuiteRunner.java:319)
	at org.testng.SuiteRunner.run(SuiteRunner.java:268)
	at org.testng.SuiteRunnerWorker.runSuite(SuiteRunnerWorker.java:52)
	at org.testng.SuiteRunnerWorker.run(SuiteRunnerWorker.java:86)
	at org.testng.TestNG.runSuitesSequentially(TestNG.java:1244)
	at org.testng.TestNG.runSuitesLocally(TestNG.java:1169)
	at org.testng.TestNG.run(TestNG.java:1064)
	at org.testng.remote.AbstractRemoteTestNG.run(AbstractRemoteTestNG.java:126)
	at org.testng.remote.RemoteTestNG.initAndRun(RemoteTestNG.java:152)
	at org.testng.remote.RemoteTestNG.main(RemoteTestNG.java:57)
</pre></div></td>
<td>0</td>
<td>testcases.A3Dev1015CheckExchangePricesMB@cb644e</td></tr>
<tr>
<td title='testcases.A3Dev1015CheckExchangePricesMB.checkLMExchangePriceM2()'><b>checkLMExchangePriceM2</b><br>Test class: testcases.A3Dev1015CheckExchangePricesMB ()<br>Parameters: false, CD101V - Pagina 4-5, 4.125,00, 20,63, 4.500,00, 22,50</td>
<td><div><pre>java.lang.AssertionError: The following asserts failed:
	expected [4.500,00] but found [5.000,00],
	expected [22,50] but found [25,00]
	at testcases.A3Dev1015CheckExchangePricesMB.checkLMExchangePriceM2(A3Dev1015CheckExchangePricesMB.java:246)
... Removed 25 stack frames</pre></div><a href='#' onClick='toggleBox("stack-trace1807176280", this, "Click to show all stack frames", "Click to hide stack frames")'>Click to show all stack frames</a>
<div class='stack-trace' id='stack-trace1807176280'><pre>java.lang.AssertionError: The following asserts failed:
	expected [4.500,00] but found [5.000,00],
	expected [22,50] but found [25,00]
	at org.testng.asserts.SoftAssert.assertAll(SoftAssert.java:43)
	at testcases.A3Dev1015CheckExchangePricesMB.checkLMExchangePriceM2(A3Dev1015CheckExchangePricesMB.java:246)
	at sun.reflect.NativeMethodAccessorImpl.invoke0(Native Method)
	at sun.reflect.NativeMethodAccessorImpl.invoke(NativeMethodAccessorImpl.java:62)
	at sun.reflect.DelegatingMethodAccessorImpl.invoke(DelegatingMethodAccessorImpl.java:43)
	at java.lang.reflect.Method.invoke(Method.java:498)
	at org.testng.internal.MethodInvocationHelper.invokeMethod(MethodInvocationHelper.java:86)
	at org.testng.internal.Invoker.invokeMethod(Invoker.java:643)
	at org.testng.internal.Invoker.invokeTestMethod(Invoker.java:820)
	at org.testng.internal.Invoker.invokeTestMethods(Invoker.java:1128)
	at org.testng.internal.TestMethodWorker.invokeTestMethods(TestMethodWorker.java:129)
	at org.testng.internal.TestMethodWorker.run(TestMethodWorker.java:112)
	at org.testng.TestRunner.privateRun(TestRunner.java:782)
	at org.testng.TestRunner.run(TestRunner.java:632)
	at org.testng.SuiteRunner.runTest(SuiteRunner.java:366)
	at org.testng.SuiteRunner.runSequentially(SuiteRunner.java:361)
	at org.testng.SuiteRunner.privateRun(SuiteRunner.java:319)
	at org.testng.SuiteRunner.run(SuiteRunner.java:268)
	at org.testng.SuiteRunnerWorker.runSuite(SuiteRunnerWorker.java:52)
	at org.testng.SuiteRunnerWorker.run(SuiteRunnerWorker.java:86)
	at org.testng.TestNG.runSuitesSequentially(TestNG.java:1244)
	at org.testng.TestNG.runSuitesLocally(TestNG.java:1169)
	at org.testng.TestNG.run(TestNG.java:1064)
	at org.testng.remote.AbstractRemoteTestNG.run(AbstractRemoteTestNG.java:126)
	at org.testng.remote.RemoteTestNG.initAndRun(RemoteTestNG.java:152)
	at org.testng.remote.RemoteTestNG.main(RemoteTestNG.java:57)
</pre></div></td>
<td>0</td>
<td>testcases.A3Dev1015CheckExchangePricesMB@cb644e</td></tr>
<tr>
<td title='testcases.A3Dev1015CheckExchangePricesMB.checkLMExchangePriceM2()'><b>checkLMExchangePriceM2</b><br>Test class: testcases.A3Dev1015CheckExchangePricesMB ()<br>Parameters: false, CD101V - Voorpagina, 4.125,00, 20,63, 4.500,00, 22,50</td>
<td><div><pre>java.lang.AssertionError: The following asserts failed:
	expected [4.500,00] but found [5.000,00],
	expected [22,50] but found [25,00]
	at testcases.A3Dev1015CheckExchangePricesMB.checkLMExchangePriceM2(A3Dev1015CheckExchangePricesMB.java:246)
... Removed 25 stack frames</pre></div><a href='#' onClick='toggleBox("stack-trace1847431070", this, "Click to show all stack frames", "Click to hide stack frames")'>Click to show all stack frames</a>
<div class='stack-trace' id='stack-trace1847431070'><pre>java.lang.AssertionError: The following asserts failed:
	expected [4.500,00] but found [5.000,00],
	expected [22,50] but found [25,00]
	at org.testng.asserts.SoftAssert.assertAll(SoftAssert.java:43)
	at testcases.A3Dev1015CheckExchangePricesMB.checkLMExchangePriceM2(A3Dev1015CheckExchangePricesMB.java:246)
	at sun.reflect.NativeMethodAccessorImpl.invoke0(Native Method)
	at sun.reflect.NativeMethodAccessorImpl.invoke(NativeMethodAccessorImpl.java:62)
	at sun.reflect.DelegatingMethodAccessorImpl.invoke(DelegatingMethodAccessorImpl.java:43)
	at java.lang.reflect.Method.invoke(Method.java:498)
	at org.testng.internal.MethodInvocationHelper.invokeMethod(MethodInvocationHelper.java:86)
	at org.testng.internal.Invoker.invokeMethod(Invoker.java:643)
	at org.testng.internal.Invoker.invokeTestMethod(Invoker.java:820)
	at org.testng.internal.Invoker.invokeTestMethods(Invoker.java:1128)
	at org.testng.internal.TestMethodWorker.invokeTestMethods(TestMethodWorker.java:129)
	at org.testng.internal.TestMethodWorker.run(TestMethodWorker.java:112)
	at org.testng.TestRunner.privateRun(TestRunner.java:782)
	at org.testng.TestRunner.run(TestRunner.java:632)
	at org.testng.SuiteRunner.runTest(SuiteRunner.java:366)
	at org.testng.SuiteRunner.runSequentially(SuiteRunner.java:361)
	at org.testng.SuiteRunner.privateRun(SuiteRunner.java:319)
	at org.testng.SuiteRunner.run(SuiteRunner.java:268)
	at org.testng.SuiteRunnerWorker.runSuite(SuiteRunnerWorker.java:52)
	at org.testng.SuiteRunnerWorker.run(SuiteRunnerWorker.java:86)
	at org.testng.TestNG.runSuitesSequentially(TestNG.java:1244)
	at org.testng.TestNG.runSuitesLocally(TestNG.java:1169)
	at org.testng.TestNG.run(TestNG.java:1064)
	at org.testng.remote.AbstractRemoteTestNG.run(AbstractRemoteTestNG.java:126)
	at org.testng.remote.RemoteTestNG.initAndRun(RemoteTestNG.java:152)
	at org.testng.remote.RemoteTestNG.main(RemoteTestNG.java:57)
</pre></div></td>
<td>0</td>
<td>testcases.A3Dev1015CheckExchangePricesMB@cb644e</td></tr>
<tr>
<td title='testcases.A3Dev1015CheckExchangePricesMB.checkLMExchangePriceM2()'><b>checkLMExchangePriceM2</b><br>Test class: testcases.A3Dev1015CheckExchangePricesMB ()<br>Parameters: false, CD102VS - Pagina 2, 2.062,50, 10,31, 2.250,00, 11,25</td>
<td><div><pre>java.lang.AssertionError: The following asserts failed:
	expected [2.250,00] but found [2.500,00],
	expected [11,25] but found [12,50]
	at testcases.A3Dev1015CheckExchangePricesMB.checkLMExchangePriceM2(A3Dev1015CheckExchangePricesMB.java:246)
... Removed 25 stack frames</pre></div><a href='#' onClick='toggleBox("stack-trace2076249476", this, "Click to show all stack frames", "Click to hide stack frames")'>Click to show all stack frames</a>
<div class='stack-trace' id='stack-trace2076249476'><pre>java.lang.AssertionError: The following asserts failed:
	expected [2.250,00] but found [2.500,00],
	expected [11,25] but found [12,50]
	at org.testng.asserts.SoftAssert.assertAll(SoftAssert.java:43)
	at testcases.A3Dev1015CheckExchangePricesMB.checkLMExchangePriceM2(A3Dev1015CheckExchangePricesMB.java:246)
	at sun.reflect.NativeMethodAccessorImpl.invoke0(Native Method)
	at sun.reflect.NativeMethodAccessorImpl.invoke(NativeMethodAccessorImpl.java:62)
	at sun.reflect.DelegatingMethodAccessorImpl.invoke(DelegatingMethodAccessorImpl.java:43)
	at java.lang.reflect.Method.invoke(Method.java:498)
	at org.testng.internal.MethodInvocationHelper.invokeMethod(MethodInvocationHelper.java:86)
	at org.testng.internal.Invoker.invokeMethod(Invoker.java:643)
	at org.testng.internal.Invoker.invokeTestMethod(Invoker.java:820)
	at org.testng.internal.Invoker.invokeTestMethods(Invoker.java:1128)
	at org.testng.internal.TestMethodWorker.invokeTestMethods(TestMethodWorker.java:129)
	at org.testng.internal.TestMethodWorker.run(TestMethodWorker.java:112)
	at org.testng.TestRunner.privateRun(TestRunner.java:782)
	at org.testng.TestRunner.run(TestRunner.java:632)
	at org.testng.SuiteRunner.runTest(SuiteRunner.java:366)
	at org.testng.SuiteRunner.runSequentially(SuiteRunner.java:361)
	at org.testng.SuiteRunner.privateRun(SuiteRunner.java:319)
	at org.testng.SuiteRunner.run(SuiteRunner.java:268)
	at org.testng.SuiteRunnerWorker.runSuite(SuiteRunnerWorker.java:52)
	at org.testng.SuiteRunnerWorker.run(SuiteRunnerWorker.java:86)
	at org.testng.TestNG.runSuitesSequentially(TestNG.java:1244)
	at org.testng.TestNG.runSuitesLocally(TestNG.java:1169)
	at org.testng.TestNG.run(TestNG.java:1064)
	at org.testng.remote.AbstractRemoteTestNG.run(AbstractRemoteTestNG.java:126)
	at org.testng.remote.RemoteTestNG.initAndRun(RemoteTestNG.java:152)
	at org.testng.remote.RemoteTestNG.main(RemoteTestNG.java:57)
</pre></div></td>
<td>0</td>
<td>testcases.A3Dev1015CheckExchangePricesMB@cb644e</td></tr>
<tr>
<td title='testcases.A3Dev1015CheckExchangePricesMB.checkLMExchangePriceM2()'><b>checkLMExchangePriceM2</b><br>Test class: testcases.A3Dev1015CheckExchangePricesMB ()<br>Parameters: false, CD102VL - Pagina 2, 2.062,50, 10,31, 2.250,00, 11,25</td>
<td><div><pre>java.lang.AssertionError: The following asserts failed:
	expected [2.250,00] but found [2.500,00],
	expected [11,25] but found [12,50]
	at testcases.A3Dev1015CheckExchangePricesMB.checkLMExchangePriceM2(A3Dev1015CheckExchangePricesMB.java:246)
... Removed 25 stack frames</pre></div><a href='#' onClick='toggleBox("stack-trace1411543296", this, "Click to show all stack frames", "Click to hide stack frames")'>Click to show all stack frames</a>
<div class='stack-trace' id='stack-trace1411543296'><pre>java.lang.AssertionError: The following asserts failed:
	expected [2.250,00] but found [2.500,00],
	expected [11,25] but found [12,50]
	at org.testng.asserts.SoftAssert.assertAll(SoftAssert.java:43)
	at testcases.A3Dev1015CheckExchangePricesMB.checkLMExchangePriceM2(A3Dev1015CheckExchangePricesMB.java:246)
	at sun.reflect.NativeMethodAccessorImpl.invoke0(Native Method)
	at sun.reflect.NativeMethodAccessorImpl.invoke(NativeMethodAccessorImpl.java:62)
	at sun.reflect.DelegatingMethodAccessorImpl.invoke(DelegatingMethodAccessorImpl.java:43)
	at java.lang.reflect.Method.invoke(Method.java:498)
	at org.testng.internal.MethodInvocationHelper.invokeMethod(MethodInvocationHelper.java:86)
	at org.testng.internal.Invoker.invokeMethod(Invoker.java:643)
	at org.testng.internal.Invoker.invokeTestMethod(Invoker.java:820)
	at org.testng.internal.Invoker.invokeTestMethods(Invoker.java:1128)
	at org.testng.internal.TestMethodWorker.invokeTestMethods(TestMethodWorker.java:129)
	at org.testng.internal.TestMethodWorker.run(TestMethodWorker.java:112)
	at org.testng.TestRunner.privateRun(TestRunner.java:782)
	at org.testng.TestRunner.run(TestRunner.java:632)
	at org.testng.SuiteRunner.runTest(SuiteRunner.java:366)
	at org.testng.SuiteRunner.runSequentially(SuiteRunner.java:361)
	at org.testng.SuiteRunner.privateRun(SuiteRunner.java:319)
	at org.testng.SuiteRunner.run(SuiteRunner.java:268)
	at org.testng.SuiteRunnerWorker.runSuite(SuiteRunnerWorker.java:52)
	at org.testng.SuiteRunnerWorker.run(SuiteRunnerWorker.java:86)
	at org.testng.TestNG.runSuitesSequentially(TestNG.java:1244)
	at org.testng.TestNG.runSuitesLocally(TestNG.java:1169)
	at org.testng.TestNG.run(TestNG.java:1064)
	at org.testng.remote.AbstractRemoteTestNG.run(AbstractRemoteTestNG.java:126)
	at org.testng.remote.RemoteTestNG.initAndRun(RemoteTestNG.java:152)
	at org.testng.remote.RemoteTestNG.main(RemoteTestNG.java:57)
</pre></div></td>
<td>0</td>
<td>testcases.A3Dev1015CheckExchangePricesMB@cb644e</td></tr>
<tr>
<td title='testcases.A3Dev1015CheckExchangePricesMB.checkLMExchangePriceM2()'><b>checkLMExchangePriceM2</b><br>Test class: testcases.A3Dev1015CheckExchangePricesMB ()<br>Parameters: false, CD102VS - Pagina 3, 2.062,50, 10,31, 2.250,00, 11,25</td>
<td><div><pre>java.lang.AssertionError: The following asserts failed:
	expected [2.250,00] but found [2.500,00],
	expected [11,25] but found [12,50]
	at testcases.A3Dev1015CheckExchangePricesMB.checkLMExchangePriceM2(A3Dev1015CheckExchangePricesMB.java:246)
... Removed 25 stack frames</pre></div><a href='#' onClick='toggleBox("stack-trace1459016715", this, "Click to show all stack frames", "Click to hide stack frames")'>Click to show all stack frames</a>
<div class='stack-trace' id='stack-trace1459016715'><pre>java.lang.AssertionError: The following asserts failed:
	expected [2.250,00] but found [2.500,00],
	expected [11,25] but found [12,50]
	at org.testng.asserts.SoftAssert.assertAll(SoftAssert.java:43)
	at testcases.A3Dev1015CheckExchangePricesMB.checkLMExchangePriceM2(A3Dev1015CheckExchangePricesMB.java:246)
	at sun.reflect.NativeMethodAccessorImpl.invoke0(Native Method)
	at sun.reflect.NativeMethodAccessorImpl.invoke(NativeMethodAccessorImpl.java:62)
	at sun.reflect.DelegatingMethodAccessorImpl.invoke(DelegatingMethodAccessorImpl.java:43)
	at java.lang.reflect.Method.invoke(Method.java:498)
	at org.testng.internal.MethodInvocationHelper.invokeMethod(MethodInvocationHelper.java:86)
	at org.testng.internal.Invoker.invokeMethod(Invoker.java:643)
	at org.testng.internal.Invoker.invokeTestMethod(Invoker.java:820)
	at org.testng.internal.Invoker.invokeTestMethods(Invoker.java:1128)
	at org.testng.internal.TestMethodWorker.invokeTestMethods(TestMethodWorker.java:129)
	at org.testng.internal.TestMethodWorker.run(TestMethodWorker.java:112)
	at org.testng.TestRunner.privateRun(TestRunner.java:782)
	at org.testng.TestRunner.run(TestRunner.java:632)
	at org.testng.SuiteRunner.runTest(SuiteRunner.java:366)
	at org.testng.SuiteRunner.runSequentially(SuiteRunner.java:361)
	at org.testng.SuiteRunner.privateRun(SuiteRunner.java:319)
	at org.testng.SuiteRunner.run(SuiteRunner.java:268)
	at org.testng.SuiteRunnerWorker.runSuite(SuiteRunnerWorker.java:52)
	at org.testng.SuiteRunnerWorker.run(SuiteRunnerWorker.java:86)
	at org.testng.TestNG.runSuitesSequentially(TestNG.java:1244)
	at org.testng.TestNG.runSuitesLocally(TestNG.java:1169)
	at org.testng.TestNG.run(TestNG.java:1064)
	at org.testng.remote.AbstractRemoteTestNG.run(AbstractRemoteTestNG.java:126)
	at org.testng.remote.RemoteTestNG.initAndRun(RemoteTestNG.java:152)
	at org.testng.remote.RemoteTestNG.main(RemoteTestNG.java:57)
</pre></div></td>
<td>0</td>
<td>testcases.A3Dev1015CheckExchangePricesMB@cb644e</td></tr>
<tr>
<td title='testcases.A3Dev1015CheckExchangePricesMB.checkLMExchangePriceM2()'><b>checkLMExchangePriceM2</b><br>Test class: testcases.A3Dev1015CheckExchangePricesMB ()<br>Parameters: false, CD102VL - Pagina 3, 2.062,50, 10,31, 2.250,00, 11,25</td>
<td><div><pre>java.lang.AssertionError: The following asserts failed:
	expected [2.250,00] but found [2.500,00],
	expected [11,25] but found [12,50]
	at testcases.A3Dev1015CheckExchangePricesMB.checkLMExchangePriceM2(A3Dev1015CheckExchangePricesMB.java:246)
... Removed 25 stack frames</pre></div><a href='#' onClick='toggleBox("stack-trace1831141281", this, "Click to show all stack frames", "Click to hide stack frames")'>Click to show all stack frames</a>
<div class='stack-trace' id='stack-trace1831141281'><pre>java.lang.AssertionError: The following asserts failed:
	expected [2.250,00] but found [2.500,00],
	expected [11,25] but found [12,50]
	at org.testng.asserts.SoftAssert.assertAll(SoftAssert.java:43)
	at testcases.A3Dev1015CheckExchangePricesMB.checkLMExchangePriceM2(A3Dev1015CheckExchangePricesMB.java:246)
	at sun.reflect.NativeMethodAccessorImpl.invoke0(Native Method)
	at sun.reflect.NativeMethodAccessorImpl.invoke(NativeMethodAccessorImpl.java:62)
	at sun.reflect.DelegatingMethodAccessorImpl.invoke(DelegatingMethodAccessorImpl.java:43)
	at java.lang.reflect.Method.invoke(Method.java:498)
	at org.testng.internal.MethodInvocationHelper.invokeMethod(MethodInvocationHelper.java:86)
	at org.testng.internal.Invoker.invokeMethod(Invoker.java:643)
	at org.testng.internal.Invoker.invokeTestMethod(Invoker.java:820)
	at org.testng.internal.Invoker.invokeTestMethods(Invoker.java:1128)
	at org.testng.internal.TestMethodWorker.invokeTestMethods(TestMethodWorker.java:129)
	at org.testng.internal.TestMethodWorker.run(TestMethodWorker.java:112)
	at org.testng.TestRunner.privateRun(TestRunner.java:782)
	at org.testng.TestRunner.run(TestRunner.java:632)
	at org.testng.SuiteRunner.runTest(SuiteRunner.java:366)
	at org.testng.SuiteRunner.runSequentially(SuiteRunner.java:361)
	at org.testng.SuiteRunner.privateRun(SuiteRunner.java:319)
	at org.testng.SuiteRunner.run(SuiteRunner.java:268)
	at org.testng.SuiteRunnerWorker.runSuite(SuiteRunnerWorker.java:52)
	at org.testng.SuiteRunnerWorker.run(SuiteRunnerWorker.java:86)
	at org.testng.TestNG.runSuitesSequentially(TestNG.java:1244)
	at org.testng.TestNG.runSuitesLocally(TestNG.java:1169)
	at org.testng.TestNG.run(TestNG.java:1064)
	at org.testng.remote.AbstractRemoteTestNG.run(AbstractRemoteTestNG.java:126)
	at org.testng.remote.RemoteTestNG.initAndRun(RemoteTestNG.java:152)
	at org.testng.remote.RemoteTestNG.main(RemoteTestNG.java:57)
</pre></div></td>
<td>0</td>
<td>testcases.A3Dev1015CheckExchangePricesMB@cb644e</td></tr>
<tr>
<td title='testcases.A3Dev1015CheckExchangePricesMB.checkLMExchangePriceM2()'><b>checkLMExchangePriceM2</b><br>Test class: testcases.A3Dev1015CheckExchangePricesMB ()<br>Parameters: false, CD102VS - Pagina 4-5, 2.062,50, 10,31, 2.250,00, 11,25</td>
<td><div><pre>java.lang.AssertionError: The following asserts failed:
	expected [2.250,00] but found [2.500,00],
	expected [11,25] but found [12,50]
	at testcases.A3Dev1015CheckExchangePricesMB.checkLMExchangePriceM2(A3Dev1015CheckExchangePricesMB.java:246)
... Removed 25 stack frames</pre></div><a href='#' onClick='toggleBox("stack-trace119112899", this, "Click to show all stack frames", "Click to hide stack frames")'>Click to show all stack frames</a>
<div class='stack-trace' id='stack-trace119112899'><pre>java.lang.AssertionError: The following asserts failed:
	expected [2.250,00] but found [2.500,00],
	expected [11,25] but found [12,50]
	at org.testng.asserts.SoftAssert.assertAll(SoftAssert.java:43)
	at testcases.A3Dev1015CheckExchangePricesMB.checkLMExchangePriceM2(A3Dev1015CheckExchangePricesMB.java:246)
	at sun.reflect.NativeMethodAccessorImpl.invoke0(Native Method)
	at sun.reflect.NativeMethodAccessorImpl.invoke(NativeMethodAccessorImpl.java:62)
	at sun.reflect.DelegatingMethodAccessorImpl.invoke(DelegatingMethodAccessorImpl.java:43)
	at java.lang.reflect.Method.invoke(Method.java:498)
	at org.testng.internal.MethodInvocationHelper.invokeMethod(MethodInvocationHelper.java:86)
	at org.testng.internal.Invoker.invokeMethod(Invoker.java:643)
	at org.testng.internal.Invoker.invokeTestMethod(Invoker.java:820)
	at org.testng.internal.Invoker.invokeTestMethods(Invoker.java:1128)
	at org.testng.internal.TestMethodWorker.invokeTestMethods(TestMethodWorker.java:129)
	at org.testng.internal.TestMethodWorker.run(TestMethodWorker.java:112)
	at org.testng.TestRunner.privateRun(TestRunner.java:782)
	at org.testng.TestRunner.run(TestRunner.java:632)
	at org.testng.SuiteRunner.runTest(SuiteRunner.java:366)
	at org.testng.SuiteRunner.runSequentially(SuiteRunner.java:361)
	at org.testng.SuiteRunner.privateRun(SuiteRunner.java:319)
	at org.testng.SuiteRunner.run(SuiteRunner.java:268)
	at org.testng.SuiteRunnerWorker.runSuite(SuiteRunnerWorker.java:52)
	at org.testng.SuiteRunnerWorker.run(SuiteRunnerWorker.java:86)
	at org.testng.TestNG.runSuitesSequentially(TestNG.java:1244)
	at org.testng.TestNG.runSuitesLocally(TestNG.java:1169)
	at org.testng.TestNG.run(TestNG.java:1064)
	at org.testng.remote.AbstractRemoteTestNG.run(AbstractRemoteTestNG.java:126)
	at org.testng.remote.RemoteTestNG.initAndRun(RemoteTestNG.java:152)
	at org.testng.remote.RemoteTestNG.main(RemoteTestNG.java:57)
</pre></div></td>
<td>0</td>
<td>testcases.A3Dev1015CheckExchangePricesMB@cb644e</td></tr>
<tr>
<td title='testcases.A3Dev1015CheckExchangePricesMB.checkLMExchangePriceM2()'><b>checkLMExchangePriceM2</b><br>Test class: testcases.A3Dev1015CheckExchangePricesMB ()<br>Parameters: false, CD102VL - Pagina 4-5, 2.062,50, 10,31, 2.250,00, 11,25</td>
<td><div><pre>java.lang.AssertionError: The following asserts failed:
	expected [2.250,00] but found [2.500,00],
	expected [11,25] but found [12,50]
	at testcases.A3Dev1015CheckExchangePricesMB.checkLMExchangePriceM2(A3Dev1015CheckExchangePricesMB.java:246)
... Removed 25 stack frames</pre></div><a href='#' onClick='toggleBox("stack-trace501608687", this, "Click to show all stack frames", "Click to hide stack frames")'>Click to show all stack frames</a>
<div class='stack-trace' id='stack-trace501608687'><pre>java.lang.AssertionError: The following asserts failed:
	expected [2.250,00] but found [2.500,00],
	expected [11,25] but found [12,50]
	at org.testng.asserts.SoftAssert.assertAll(SoftAssert.java:43)
	at testcases.A3Dev1015CheckExchangePricesMB.checkLMExchangePriceM2(A3Dev1015CheckExchangePricesMB.java:246)
	at sun.reflect.NativeMethodAccessorImpl.invoke0(Native Method)
	at sun.reflect.NativeMethodAccessorImpl.invoke(NativeMethodAccessorImpl.java:62)
	at sun.reflect.DelegatingMethodAccessorImpl.invoke(DelegatingMethodAccessorImpl.java:43)
	at java.lang.reflect.Method.invoke(Method.java:498)
	at org.testng.internal.MethodInvocationHelper.invokeMethod(MethodInvocationHelper.java:86)
	at org.testng.internal.Invoker.invokeMethod(Invoker.java:643)
	at org.testng.internal.Invoker.invokeTestMethod(Invoker.java:820)
	at org.testng.internal.Invoker.invokeTestMethods(Invoker.java:1128)
	at org.testng.internal.TestMethodWorker.invokeTestMethods(TestMethodWorker.java:129)
	at org.testng.internal.TestMethodWorker.run(TestMethodWorker.java:112)
	at org.testng.TestRunner.privateRun(TestRunner.java:782)
	at org.testng.TestRunner.run(TestRunner.java:632)
	at org.testng.SuiteRunner.runTest(SuiteRunner.java:366)
	at org.testng.SuiteRunner.runSequentially(SuiteRunner.java:361)
	at org.testng.SuiteRunner.privateRun(SuiteRunner.java:319)
	at org.testng.SuiteRunner.run(SuiteRunner.java:268)
	at org.testng.SuiteRunnerWorker.runSuite(SuiteRunnerWorker.java:52)
	at org.testng.SuiteRunnerWorker.run(SuiteRunnerWorker.java:86)
	at org.testng.TestNG.runSuitesSequentially(TestNG.java:1244)
	at org.testng.TestNG.runSuitesLocally(TestNG.java:1169)
	at org.testng.TestNG.run(TestNG.java:1064)
	at org.testng.remote.AbstractRemoteTestNG.run(AbstractRemoteTestNG.java:126)
	at org.testng.remote.RemoteTestNG.initAndRun(RemoteTestNG.java:152)
	at org.testng.remote.RemoteTestNG.main(RemoteTestNG.java:57)
</pre></div></td>
<td>0</td>
<td>testcases.A3Dev1015CheckExchangePricesMB@cb644e</td></tr>
<tr>
<td title='testcases.A3Dev1015CheckExchangePricesMB.checkLMExchangePriceM2()'><b>checkLMExchangePriceM2</b><br>Test class: testcases.A3Dev1015CheckExchangePricesMB ()<br>Parameters: false, CD102VS - Voorpagina, 2.062,50, 10,31, 2.250,00, 11,25</td>
<td><div><pre>java.lang.AssertionError: The following asserts failed:
	expected [2.250,00] but found [2.500,00],
	expected [11,25] but found [12,50]
	at testcases.A3Dev1015CheckExchangePricesMB.checkLMExchangePriceM2(A3Dev1015CheckExchangePricesMB.java:246)
... Removed 25 stack frames</pre></div><a href='#' onClick='toggleBox("stack-trace749486981", this, "Click to show all stack frames", "Click to hide stack frames")'>Click to show all stack frames</a>
<div class='stack-trace' id='stack-trace749486981'><pre>java.lang.AssertionError: The following asserts failed:
	expected [2.250,00] but found [2.500,00],
	expected [11,25] but found [12,50]
	at org.testng.asserts.SoftAssert.assertAll(SoftAssert.java:43)
	at testcases.A3Dev1015CheckExchangePricesMB.checkLMExchangePriceM2(A3Dev1015CheckExchangePricesMB.java:246)
	at sun.reflect.NativeMethodAccessorImpl.invoke0(Native Method)
	at sun.reflect.NativeMethodAccessorImpl.invoke(NativeMethodAccessorImpl.java:62)
	at sun.reflect.DelegatingMethodAccessorImpl.invoke(DelegatingMethodAccessorImpl.java:43)
	at java.lang.reflect.Method.invoke(Method.java:498)
	at org.testng.internal.MethodInvocationHelper.invokeMethod(MethodInvocationHelper.java:86)
	at org.testng.internal.Invoker.invokeMethod(Invoker.java:643)
	at org.testng.internal.Invoker.invokeTestMethod(Invoker.java:820)
	at org.testng.internal.Invoker.invokeTestMethods(Invoker.java:1128)
	at org.testng.internal.TestMethodWorker.invokeTestMethods(TestMethodWorker.java:129)
	at org.testng.internal.TestMethodWorker.run(TestMethodWorker.java:112)
	at org.testng.TestRunner.privateRun(TestRunner.java:782)
	at org.testng.TestRunner.run(TestRunner.java:632)
	at org.testng.SuiteRunner.runTest(SuiteRunner.java:366)
	at org.testng.SuiteRunner.runSequentially(SuiteRunner.java:361)
	at org.testng.SuiteRunner.privateRun(SuiteRunner.java:319)
	at org.testng.SuiteRunner.run(SuiteRunner.java:268)
	at org.testng.SuiteRunnerWorker.runSuite(SuiteRunnerWorker.java:52)
	at org.testng.SuiteRunnerWorker.run(SuiteRunnerWorker.java:86)
	at org.testng.TestNG.runSuitesSequentially(TestNG.java:1244)
	at org.testng.TestNG.runSuitesLocally(TestNG.java:1169)
	at org.testng.TestNG.run(TestNG.java:1064)
	at org.testng.remote.AbstractRemoteTestNG.run(AbstractRemoteTestNG.java:126)
	at org.testng.remote.RemoteTestNG.initAndRun(RemoteTestNG.java:152)
	at org.testng.remote.RemoteTestNG.main(RemoteTestNG.java:57)
</pre></div></td>
<td>0</td>
<td>testcases.A3Dev1015CheckExchangePricesMB@cb644e</td></tr>
<tr>
<td title='testcases.A3Dev1015CheckExchangePricesMB.checkLMExchangePriceM2()'><b>checkLMExchangePriceM2</b><br>Test class: testcases.A3Dev1015CheckExchangePricesMB ()<br>Parameters: false, CD102VL - Voorpagina, 2.062,50, 10,31, 2.250,00, 11,25</td>
<td><div><pre>java.lang.AssertionError: The following asserts failed:
	expected [2.250,00] but found [2.500,00],
	expected [11,25] but found [12,50]
	at testcases.A3Dev1015CheckExchangePricesMB.checkLMExchangePriceM2(A3Dev1015CheckExchangePricesMB.java:246)
... Removed 25 stack frames</pre></div><a href='#' onClick='toggleBox("stack-trace1123226989", this, "Click to show all stack frames", "Click to hide stack frames")'>Click to show all stack frames</a>
<div class='stack-trace' id='stack-trace1123226989'><pre>java.lang.AssertionError: The following asserts failed:
	expected [2.250,00] but found [2.500,00],
	expected [11,25] but found [12,50]
	at org.testng.asserts.SoftAssert.assertAll(SoftAssert.java:43)
	at testcases.A3Dev1015CheckExchangePricesMB.checkLMExchangePriceM2(A3Dev1015CheckExchangePricesMB.java:246)
	at sun.reflect.NativeMethodAccessorImpl.invoke0(Native Method)
	at sun.reflect.NativeMethodAccessorImpl.invoke(NativeMethodAccessorImpl.java:62)
	at sun.reflect.DelegatingMethodAccessorImpl.invoke(DelegatingMethodAccessorImpl.java:43)
	at java.lang.reflect.Method.invoke(Method.java:498)
	at org.testng.internal.MethodInvocationHelper.invokeMethod(MethodInvocationHelper.java:86)
	at org.testng.internal.Invoker.invokeMethod(Invoker.java:643)
	at org.testng.internal.Invoker.invokeTestMethod(Invoker.java:820)
	at org.testng.internal.Invoker.invokeTestMethods(Invoker.java:1128)
	at org.testng.internal.TestMethodWorker.invokeTestMethods(TestMethodWorker.java:129)
	at org.testng.internal.TestMethodWorker.run(TestMethodWorker.java:112)
	at org.testng.TestRunner.privateRun(TestRunner.java:782)
	at org.testng.TestRunner.run(TestRunner.java:632)
	at org.testng.SuiteRunner.runTest(SuiteRunner.java:366)
	at org.testng.SuiteRunner.runSequentially(SuiteRunner.java:361)
	at org.testng.SuiteRunner.privateRun(SuiteRunner.java:319)
	at org.testng.SuiteRunner.run(SuiteRunner.java:268)
	at org.testng.SuiteRunnerWorker.runSuite(SuiteRunnerWorker.java:52)
	at org.testng.SuiteRunnerWorker.run(SuiteRunnerWorker.java:86)
	at org.testng.TestNG.runSuitesSequentially(TestNG.java:1244)
	at org.testng.TestNG.runSuitesLocally(TestNG.java:1169)
	at org.testng.TestNG.run(TestNG.java:1064)
	at org.testng.remote.AbstractRemoteTestNG.run(AbstractRemoteTestNG.java:126)
	at org.testng.remote.RemoteTestNG.initAndRun(RemoteTestNG.java:152)
	at org.testng.remote.RemoteTestNG.main(RemoteTestNG.java:57)
</pre></div></td>
<td>0</td>
<td>testcases.A3Dev1015CheckExchangePricesMB@cb644e</td></tr>
<tr>
<td title='testcases.A3Dev999CheckExchangePricesADV.checkLMExchangePriceM2()'><b>checkLMExchangePriceM2</b><br>Test class: testcases.A3Dev999CheckExchangePricesADV ()<br>Parameters: false, CD101V - Pagina 2, 4.125,00, 20,63, 4.500,00, 22,50</td>
<td><div><pre>java.lang.AssertionError: The following asserts failed:
	expected [4.500,00] but found [5.000,00],
	expected [22,50] but found [25,00]
	at testcases.A3Dev999CheckExchangePricesADV.checkLMExchangePriceM2(A3Dev999CheckExchangePricesADV.java:172)
... Removed 25 stack frames</pre></div><a href='#' onClick='toggleBox("stack-trace1041326823", this, "Click to show all stack frames", "Click to hide stack frames")'>Click to show all stack frames</a>
<div class='stack-trace' id='stack-trace1041326823'><pre>java.lang.AssertionError: The following asserts failed:
	expected [4.500,00] but found [5.000,00],
	expected [22,50] but found [25,00]
	at org.testng.asserts.SoftAssert.assertAll(SoftAssert.java:43)
	at testcases.A3Dev999CheckExchangePricesADV.checkLMExchangePriceM2(A3Dev999CheckExchangePricesADV.java:172)
	at sun.reflect.NativeMethodAccessorImpl.invoke0(Native Method)
	at sun.reflect.NativeMethodAccessorImpl.invoke(NativeMethodAccessorImpl.java:62)
	at sun.reflect.DelegatingMethodAccessorImpl.invoke(DelegatingMethodAccessorImpl.java:43)
	at java.lang.reflect.Method.invoke(Method.java:498)
	at org.testng.internal.MethodInvocationHelper.invokeMethod(MethodInvocationHelper.java:86)
	at org.testng.internal.Invoker.invokeMethod(Invoker.java:643)
	at org.testng.internal.Invoker.invokeTestMethod(Invoker.java:820)
	at org.testng.internal.Invoker.invokeTestMethods(Invoker.java:1128)
	at org.testng.internal.TestMethodWorker.invokeTestMethods(TestMethodWorker.java:129)
	at org.testng.internal.TestMethodWorker.run(TestMethodWorker.java:112)
	at org.testng.TestRunner.privateRun(TestRunner.java:782)
	at org.testng.TestRunner.run(TestRunner.java:632)
	at org.testng.SuiteRunner.runTest(SuiteRunner.java:366)
	at org.testng.SuiteRunner.runSequentially(SuiteRunner.java:361)
	at org.testng.SuiteRunner.privateRun(SuiteRunner.java:319)
	at org.testng.SuiteRunner.run(SuiteRunner.java:268)
	at org.testng.SuiteRunnerWorker.runSuite(SuiteRunnerWorker.java:52)
	at org.testng.SuiteRunnerWorker.run(SuiteRunnerWorker.java:86)
	at org.testng.TestNG.runSuitesSequentially(TestNG.java:1244)
	at org.testng.TestNG.runSuitesLocally(TestNG.java:1169)
	at org.testng.TestNG.run(TestNG.java:1064)
	at org.testng.remote.AbstractRemoteTestNG.run(AbstractRemoteTestNG.java:126)
	at org.testng.remote.RemoteTestNG.initAndRun(RemoteTestNG.java:152)
	at org.testng.remote.RemoteTestNG.main(RemoteTestNG.java:57)
</pre></div></td>
<td>0</td>
<td>testcases.A3Dev999CheckExchangePricesADV@31dc339b</td></tr>
<tr>
<td title='testcases.A3Dev999CheckExchangePricesADV.checkLMExchangePriceM2()'><b>checkLMExchangePriceM2</b><br>Test class: testcases.A3Dev999CheckExchangePricesADV ()<br>Parameters: false, CD101V - Pagina 3, 4.125,00, 20,63, 4.500,00, 22,50</td>
<td><div><pre>java.lang.AssertionError: The following asserts failed:
	expected [4.500,00] but found [5.000,00],
	expected [22,50] but found [25,00]
	at testcases.A3Dev999CheckExchangePricesADV.checkLMExchangePriceM2(A3Dev999CheckExchangePricesADV.java:172)
... Removed 25 stack frames</pre></div><a href='#' onClick='toggleBox("stack-trace364480205", this, "Click to show all stack frames", "Click to hide stack frames")'>Click to show all stack frames</a>
<div class='stack-trace' id='stack-trace364480205'><pre>java.lang.AssertionError: The following asserts failed:
	expected [4.500,00] but found [5.000,00],
	expected [22,50] but found [25,00]
	at org.testng.asserts.SoftAssert.assertAll(SoftAssert.java:43)
	at testcases.A3Dev999CheckExchangePricesADV.checkLMExchangePriceM2(A3Dev999CheckExchangePricesADV.java:172)
	at sun.reflect.NativeMethodAccessorImpl.invoke0(Native Method)
	at sun.reflect.NativeMethodAccessorImpl.invoke(NativeMethodAccessorImpl.java:62)
	at sun.reflect.DelegatingMethodAccessorImpl.invoke(DelegatingMethodAccessorImpl.java:43)
	at java.lang.reflect.Method.invoke(Method.java:498)
	at org.testng.internal.MethodInvocationHelper.invokeMethod(MethodInvocationHelper.java:86)
	at org.testng.internal.Invoker.invokeMethod(Invoker.java:643)
	at org.testng.internal.Invoker.invokeTestMethod(Invoker.java:820)
	at org.testng.internal.Invoker.invokeTestMethods(Invoker.java:1128)
	at org.testng.internal.TestMethodWorker.invokeTestMethods(TestMethodWorker.java:129)
	at org.testng.internal.TestMethodWorker.run(TestMethodWorker.java:112)
	at org.testng.TestRunner.privateRun(TestRunner.java:782)
	at org.testng.TestRunner.run(TestRunner.java:632)
	at org.testng.SuiteRunner.runTest(SuiteRunner.java:366)
	at org.testng.SuiteRunner.runSequentially(SuiteRunner.java:361)
	at org.testng.SuiteRunner.privateRun(SuiteRunner.java:319)
	at org.testng.SuiteRunner.run(SuiteRunner.java:268)
	at org.testng.SuiteRunnerWorker.runSuite(SuiteRunnerWorker.java:52)
	at org.testng.SuiteRunnerWorker.run(SuiteRunnerWorker.java:86)
	at org.testng.TestNG.runSuitesSequentially(TestNG.java:1244)
	at org.testng.TestNG.runSuitesLocally(TestNG.java:1169)
	at org.testng.TestNG.run(TestNG.java:1064)
	at org.testng.remote.AbstractRemoteTestNG.run(AbstractRemoteTestNG.java:126)
	at org.testng.remote.RemoteTestNG.initAndRun(RemoteTestNG.java:152)
	at org.testng.remote.RemoteTestNG.main(RemoteTestNG.java:57)
</pre></div></td>
<td>0</td>
<td>testcases.A3Dev999CheckExchangePricesADV@31dc339b</td></tr>
<tr>
<td title='testcases.A3Dev999CheckExchangePricesADV.checkLMExchangePriceM2()'><b>checkLMExchangePriceM2</b><br>Test class: testcases.A3Dev999CheckExchangePricesADV ()<br>Parameters: false, CD101V - Pagina 4-5, 4.125,00, 20,63, 4.500,00, 22,50</td>
<td><div><pre>java.lang.AssertionError: The following asserts failed:
	expected [4.500,00] but found [5.000,00],
	expected [22,50] but found [25,00]
	at testcases.A3Dev999CheckExchangePricesADV.checkLMExchangePriceM2(A3Dev999CheckExchangePricesADV.java:172)
... Removed 25 stack frames</pre></div><a href='#' onClick='toggleBox("stack-trace1097069005", this, "Click to show all stack frames", "Click to hide stack frames")'>Click to show all stack frames</a>
<div class='stack-trace' id='stack-trace1097069005'><pre>java.lang.AssertionError: The following asserts failed:
	expected [4.500,00] but found [5.000,00],
	expected [22,50] but found [25,00]
	at org.testng.asserts.SoftAssert.assertAll(SoftAssert.java:43)
	at testcases.A3Dev999CheckExchangePricesADV.checkLMExchangePriceM2(A3Dev999CheckExchangePricesADV.java:172)
	at sun.reflect.NativeMethodAccessorImpl.invoke0(Native Method)
	at sun.reflect.NativeMethodAccessorImpl.invoke(NativeMethodAccessorImpl.java:62)
	at sun.reflect.DelegatingMethodAccessorImpl.invoke(DelegatingMethodAccessorImpl.java:43)
	at java.lang.reflect.Method.invoke(Method.java:498)
	at org.testng.internal.MethodInvocationHelper.invokeMethod(MethodInvocationHelper.java:86)
	at org.testng.internal.Invoker.invokeMethod(Invoker.java:643)
	at org.testng.internal.Invoker.invokeTestMethod(Invoker.java:820)
	at org.testng.internal.Invoker.invokeTestMethods(Invoker.java:1128)
	at org.testng.internal.TestMethodWorker.invokeTestMethods(TestMethodWorker.java:129)
	at org.testng.internal.TestMethodWorker.run(TestMethodWorker.java:112)
	at org.testng.TestRunner.privateRun(TestRunner.java:782)
	at org.testng.TestRunner.run(TestRunner.java:632)
	at org.testng.SuiteRunner.runTest(SuiteRunner.java:366)
	at org.testng.SuiteRunner.runSequentially(SuiteRunner.java:361)
	at org.testng.SuiteRunner.privateRun(SuiteRunner.java:319)
	at org.testng.SuiteRunner.run(SuiteRunner.java:268)
	at org.testng.SuiteRunnerWorker.runSuite(SuiteRunnerWorker.java:52)
	at org.testng.SuiteRunnerWorker.run(SuiteRunnerWorker.java:86)
	at org.testng.TestNG.runSuitesSequentially(TestNG.java:1244)
	at org.testng.TestNG.runSuitesLocally(TestNG.java:1169)
	at org.testng.TestNG.run(TestNG.java:1064)
	at org.testng.remote.AbstractRemoteTestNG.run(AbstractRemoteTestNG.java:126)
	at org.testng.remote.RemoteTestNG.initAndRun(RemoteTestNG.java:152)
	at org.testng.remote.RemoteTestNG.main(RemoteTestNG.java:57)
</pre></div></td>
<td>0</td>
<td>testcases.A3Dev999CheckExchangePricesADV@31dc339b</td></tr>
<tr>
<td title='testcases.A3Dev999CheckExchangePricesADV.checkLMExchangePriceM2()'><b>checkLMExchangePriceM2</b><br>Test class: testcases.A3Dev999CheckExchangePricesADV ()<br>Parameters: false, CD101V - Voorpagina, 4.125,00, 20,63, 4.500,00, 22,50</td>
<td><div><pre>java.lang.AssertionError: The following asserts failed:
	expected [4.500,00] but found [5.000,00],
	expected [22,50] but found [25,00]
	at testcases.A3Dev999CheckExchangePricesADV.checkLMExchangePriceM2(A3Dev999CheckExchangePricesADV.java:172)
... Removed 25 stack frames</pre></div><a href='#' onClick='toggleBox("stack-trace131037934", this, "Click to show all stack frames", "Click to hide stack frames")'>Click to show all stack frames</a>
<div class='stack-trace' id='stack-trace131037934'><pre>java.lang.AssertionError: The following asserts failed:
	expected [4.500,00] but found [5.000,00],
	expected [22,50] but found [25,00]
	at org.testng.asserts.SoftAssert.assertAll(SoftAssert.java:43)
	at testcases.A3Dev999CheckExchangePricesADV.checkLMExchangePriceM2(A3Dev999CheckExchangePricesADV.java:172)
	at sun.reflect.NativeMethodAccessorImpl.invoke0(Native Method)
	at sun.reflect.NativeMethodAccessorImpl.invoke(NativeMethodAccessorImpl.java:62)
	at sun.reflect.DelegatingMethodAccessorImpl.invoke(DelegatingMethodAccessorImpl.java:43)
	at java.lang.reflect.Method.invoke(Method.java:498)
	at org.testng.internal.MethodInvocationHelper.invokeMethod(MethodInvocationHelper.java:86)
	at org.testng.internal.Invoker.invokeMethod(Invoker.java:643)
	at org.testng.internal.Invoker.invokeTestMethod(Invoker.java:820)
	at org.testng.internal.Invoker.invokeTestMethods(Invoker.java:1128)
	at org.testng.internal.TestMethodWorker.invokeTestMethods(TestMethodWorker.java:129)
	at org.testng.internal.TestMethodWorker.run(TestMethodWorker.java:112)
	at org.testng.TestRunner.privateRun(TestRunner.java:782)
	at org.testng.TestRunner.run(TestRunner.java:632)
	at org.testng.SuiteRunner.runTest(SuiteRunner.java:366)
	at org.testng.SuiteRunner.runSequentially(SuiteRunner.java:361)
	at org.testng.SuiteRunner.privateRun(SuiteRunner.java:319)
	at org.testng.SuiteRunner.run(SuiteRunner.java:268)
	at org.testng.SuiteRunnerWorker.runSuite(SuiteRunnerWorker.java:52)
	at org.testng.SuiteRunnerWorker.run(SuiteRunnerWorker.java:86)
	at org.testng.TestNG.runSuitesSequentially(TestNG.java:1244)
	at org.testng.TestNG.runSuitesLocally(TestNG.java:1169)
	at org.testng.TestNG.run(TestNG.java:1064)
	at org.testng.remote.AbstractRemoteTestNG.run(AbstractRemoteTestNG.java:126)
	at org.testng.remote.RemoteTestNG.initAndRun(RemoteTestNG.java:152)
	at org.testng.remote.RemoteTestNG.main(RemoteTestNG.java:57)
</pre></div></td>
<td>0</td>
<td>testcases.A3Dev999CheckExchangePricesADV@31dc339b</td></tr>
<tr>
<td title='testcases.A3Dev999CheckExchangePricesADV.checkLMExchangePriceM2()'><b>checkLMExchangePriceM2</b><br>Test class: testcases.A3Dev999CheckExchangePricesADV ()<br>Parameters: false, CD102VS - Pagina 2, 2.062,50, 10,31, 2.250,00, 11,25</td>
<td><div><pre>java.lang.AssertionError: The following asserts failed:
	expected [2.250,00] but found [2.500,00],
	expected [11,25] but found [12,50]
	at testcases.A3Dev999CheckExchangePricesADV.checkLMExchangePriceM2(A3Dev999CheckExchangePricesADV.java:172)
... Removed 25 stack frames</pre></div><a href='#' onClick='toggleBox("stack-trace1053744929", this, "Click to show all stack frames", "Click to hide stack frames")'>Click to show all stack frames</a>
<div class='stack-trace' id='stack-trace1053744929'><pre>java.lang.AssertionError: The following asserts failed:
	expected [2.250,00] but found [2.500,00],
	expected [11,25] but found [12,50]
	at org.testng.asserts.SoftAssert.assertAll(SoftAssert.java:43)
	at testcases.A3Dev999CheckExchangePricesADV.checkLMExchangePriceM2(A3Dev999CheckExchangePricesADV.java:172)
	at sun.reflect.NativeMethodAccessorImpl.invoke0(Native Method)
	at sun.reflect.NativeMethodAccessorImpl.invoke(NativeMethodAccessorImpl.java:62)
	at sun.reflect.DelegatingMethodAccessorImpl.invoke(DelegatingMethodAccessorImpl.java:43)
	at java.lang.reflect.Method.invoke(Method.java:498)
	at org.testng.internal.MethodInvocationHelper.invokeMethod(MethodInvocationHelper.java:86)
	at org.testng.internal.Invoker.invokeMethod(Invoker.java:643)
	at org.testng.internal.Invoker.invokeTestMethod(Invoker.java:820)
	at org.testng.internal.Invoker.invokeTestMethods(Invoker.java:1128)
	at org.testng.internal.TestMethodWorker.invokeTestMethods(TestMethodWorker.java:129)
	at org.testng.internal.TestMethodWorker.run(TestMethodWorker.java:112)
	at org.testng.TestRunner.privateRun(TestRunner.java:782)
	at org.testng.TestRunner.run(TestRunner.java:632)
	at org.testng.SuiteRunner.runTest(SuiteRunner.java:366)
	at org.testng.SuiteRunner.runSequentially(SuiteRunner.java:361)
	at org.testng.SuiteRunner.privateRun(SuiteRunner.java:319)
	at org.testng.SuiteRunner.run(SuiteRunner.java:268)
	at org.testng.SuiteRunnerWorker.runSuite(SuiteRunnerWorker.java:52)
	at org.testng.SuiteRunnerWorker.run(SuiteRunnerWorker.java:86)
	at org.testng.TestNG.runSuitesSequentially(TestNG.java:1244)
	at org.testng.TestNG.runSuitesLocally(TestNG.java:1169)
	at org.testng.TestNG.run(TestNG.java:1064)
	at org.testng.remote.AbstractRemoteTestNG.run(AbstractRemoteTestNG.java:126)
	at org.testng.remote.RemoteTestNG.initAndRun(RemoteTestNG.java:152)
	at org.testng.remote.RemoteTestNG.main(RemoteTestNG.java:57)
</pre></div></td>
<td>0</td>
<td>testcases.A3Dev999CheckExchangePricesADV@31dc339b</td></tr>
<tr>
<td title='testcases.A3Dev999CheckExchangePricesADV.checkLMExchangePriceM2()'><b>checkLMExchangePriceM2</b><br>Test class: testcases.A3Dev999CheckExchangePricesADV ()<br>Parameters: false, CD102VL - Pagina 2, 2.062,50, 10,31, 2.250,00, 11,25</td>
<td><div><pre>java.lang.AssertionError: The following asserts failed:
	expected [2.250,00] but found [2.500,00],
	expected [11,25] but found [12,50]
	at testcases.A3Dev999CheckExchangePricesADV.checkLMExchangePriceM2(A3Dev999CheckExchangePricesADV.java:172)
... Removed 25 stack frames</pre></div><a href='#' onClick='toggleBox("stack-trace404586280", this, "Click to show all stack frames", "Click to hide stack frames")'>Click to show all stack frames</a>
<div class='stack-trace' id='stack-trace404586280'><pre>java.lang.AssertionError: The following asserts failed:
	expected [2.250,00] but found [2.500,00],
	expected [11,25] but found [12,50]
	at org.testng.asserts.SoftAssert.assertAll(SoftAssert.java:43)
	at testcases.A3Dev999CheckExchangePricesADV.checkLMExchangePriceM2(A3Dev999CheckExchangePricesADV.java:172)
	at sun.reflect.NativeMethodAccessorImpl.invoke0(Native Method)
	at sun.reflect.NativeMethodAccessorImpl.invoke(NativeMethodAccessorImpl.java:62)
	at sun.reflect.DelegatingMethodAccessorImpl.invoke(DelegatingMethodAccessorImpl.java:43)
	at java.lang.reflect.Method.invoke(Method.java:498)
	at org.testng.internal.MethodInvocationHelper.invokeMethod(MethodInvocationHelper.java:86)
	at org.testng.internal.Invoker.invokeMethod(Invoker.java:643)
	at org.testng.internal.Invoker.invokeTestMethod(Invoker.java:820)
	at org.testng.internal.Invoker.invokeTestMethods(Invoker.java:1128)
	at org.testng.internal.TestMethodWorker.invokeTestMethods(TestMethodWorker.java:129)
	at org.testng.internal.TestMethodWorker.run(TestMethodWorker.java:112)
	at org.testng.TestRunner.privateRun(TestRunner.java:782)
	at org.testng.TestRunner.run(TestRunner.java:632)
	at org.testng.SuiteRunner.runTest(SuiteRunner.java:366)
	at org.testng.SuiteRunner.runSequentially(SuiteRunner.java:361)
	at org.testng.SuiteRunner.privateRun(SuiteRunner.java:319)
	at org.testng.SuiteRunner.run(SuiteRunner.java:268)
	at org.testng.SuiteRunnerWorker.runSuite(SuiteRunnerWorker.java:52)
	at org.testng.SuiteRunnerWorker.run(SuiteRunnerWorker.java:86)
	at org.testng.TestNG.runSuitesSequentially(TestNG.java:1244)
	at org.testng.TestNG.runSuitesLocally(TestNG.java:1169)
	at org.testng.TestNG.run(TestNG.java:1064)
	at org.testng.remote.AbstractRemoteTestNG.run(AbstractRemoteTestNG.java:126)
	at org.testng.remote.RemoteTestNG.initAndRun(RemoteTestNG.java:152)
	at org.testng.remote.RemoteTestNG.main(RemoteTestNG.java:57)
</pre></div></td>
<td>0</td>
<td>testcases.A3Dev999CheckExchangePricesADV@31dc339b</td></tr>
<tr>
<td title='testcases.A3Dev999CheckExchangePricesADV.checkLMExchangePriceM2()'><b>checkLMExchangePriceM2</b><br>Test class: testcases.A3Dev999CheckExchangePricesADV ()<br>Parameters: false, CD102VS - Pagina 3, 2.062,50, 10,31, 2.250,00, 11,25</td>
<td><div><pre>java.lang.AssertionError: The following asserts failed:
	expected [2.250,00] but found [2.500,00],
	expected [11,25] but found [12,50]
	at testcases.A3Dev999CheckExchangePricesADV.checkLMExchangePriceM2(A3Dev999CheckExchangePricesADV.java:172)
... Removed 25 stack frames</pre></div><a href='#' onClick='toggleBox("stack-trace1251285265", this, "Click to show all stack frames", "Click to hide stack frames")'>Click to show all stack frames</a>
<div class='stack-trace' id='stack-trace1251285265'><pre>java.lang.AssertionError: The following asserts failed:
	expected [2.250,00] but found [2.500,00],
	expected [11,25] but found [12,50]
	at org.testng.asserts.SoftAssert.assertAll(SoftAssert.java:43)
	at testcases.A3Dev999CheckExchangePricesADV.checkLMExchangePriceM2(A3Dev999CheckExchangePricesADV.java:172)
	at sun.reflect.NativeMethodAccessorImpl.invoke0(Native Method)
	at sun.reflect.NativeMethodAccessorImpl.invoke(NativeMethodAccessorImpl.java:62)
	at sun.reflect.DelegatingMethodAccessorImpl.invoke(DelegatingMethodAccessorImpl.java:43)
	at java.lang.reflect.Method.invoke(Method.java:498)
	at org.testng.internal.MethodInvocationHelper.invokeMethod(MethodInvocationHelper.java:86)
	at org.testng.internal.Invoker.invokeMethod(Invoker.java:643)
	at org.testng.internal.Invoker.invokeTestMethod(Invoker.java:820)
	at org.testng.internal.Invoker.invokeTestMethods(Invoker.java:1128)
	at org.testng.internal.TestMethodWorker.invokeTestMethods(TestMethodWorker.java:129)
	at org.testng.internal.TestMethodWorker.run(TestMethodWorker.java:112)
	at org.testng.TestRunner.privateRun(TestRunner.java:782)
	at org.testng.TestRunner.run(TestRunner.java:632)
	at org.testng.SuiteRunner.runTest(SuiteRunner.java:366)
	at org.testng.SuiteRunner.runSequentially(SuiteRunner.java:361)
	at org.testng.SuiteRunner.privateRun(SuiteRunner.java:319)
	at org.testng.SuiteRunner.run(SuiteRunner.java:268)
	at org.testng.SuiteRunnerWorker.runSuite(SuiteRunnerWorker.java:52)
	at org.testng.SuiteRunnerWorker.run(SuiteRunnerWorker.java:86)
	at org.testng.TestNG.runSuitesSequentially(TestNG.java:1244)
	at org.testng.TestNG.runSuitesLocally(TestNG.java:1169)
	at org.testng.TestNG.run(TestNG.java:1064)
	at org.testng.remote.AbstractRemoteTestNG.run(AbstractRemoteTestNG.java:126)
	at org.testng.remote.RemoteTestNG.initAndRun(RemoteTestNG.java:152)
	at org.testng.remote.RemoteTestNG.main(RemoteTestNG.java:57)
</pre></div></td>
<td>0</td>
<td>testcases.A3Dev999CheckExchangePricesADV@31dc339b</td></tr>
<tr>
<td title='testcases.A3Dev999CheckExchangePricesADV.checkLMExchangePriceM2()'><b>checkLMExchangePriceM2</b><br>Test class: testcases.A3Dev999CheckExchangePricesADV ()<br>Parameters: false, CD102VL - Pagina 3, 2.062,50, 10,31, 2.250,00, 11,25</td>
<td><div><pre>java.lang.AssertionError: The following asserts failed:
	expected [2.250,00] but found [2.500,00],
	expected [11,25] but found [12,50]
	at testcases.A3Dev999CheckExchangePricesADV.checkLMExchangePriceM2(A3Dev999CheckExchangePricesADV.java:172)
... Removed 25 stack frames</pre></div><a href='#' onClick='toggleBox("stack-trace2107706203", this, "Click to show all stack frames", "Click to hide stack frames")'>Click to show all stack frames</a>
<div class='stack-trace' id='stack-trace2107706203'><pre>java.lang.AssertionError: The following asserts failed:
	expected [2.250,00] but found [2.500,00],
	expected [11,25] but found [12,50]
	at org.testng.asserts.SoftAssert.assertAll(SoftAssert.java:43)
	at testcases.A3Dev999CheckExchangePricesADV.checkLMExchangePriceM2(A3Dev999CheckExchangePricesADV.java:172)
	at sun.reflect.NativeMethodAccessorImpl.invoke0(Native Method)
	at sun.reflect.NativeMethodAccessorImpl.invoke(NativeMethodAccessorImpl.java:62)
	at sun.reflect.DelegatingMethodAccessorImpl.invoke(DelegatingMethodAccessorImpl.java:43)
	at java.lang.reflect.Method.invoke(Method.java:498)
	at org.testng.internal.MethodInvocationHelper.invokeMethod(MethodInvocationHelper.java:86)
	at org.testng.internal.Invoker.invokeMethod(Invoker.java:643)
	at org.testng.internal.Invoker.invokeTestMethod(Invoker.java:820)
	at org.testng.internal.Invoker.invokeTestMethods(Invoker.java:1128)
	at org.testng.internal.TestMethodWorker.invokeTestMethods(TestMethodWorker.java:129)
	at org.testng.internal.TestMethodWorker.run(TestMethodWorker.java:112)
	at org.testng.TestRunner.privateRun(TestRunner.java:782)
	at org.testng.TestRunner.run(TestRunner.java:632)
	at org.testng.SuiteRunner.runTest(SuiteRunner.java:366)
	at org.testng.SuiteRunner.runSequentially(SuiteRunner.java:361)
	at org.testng.SuiteRunner.privateRun(SuiteRunner.java:319)
	at org.testng.SuiteRunner.run(SuiteRunner.java:268)
	at org.testng.SuiteRunnerWorker.runSuite(SuiteRunnerWorker.java:52)
	at org.testng.SuiteRunnerWorker.run(SuiteRunnerWorker.java:86)
	at org.testng.TestNG.runSuitesSequentially(TestNG.java:1244)
	at org.testng.TestNG.runSuitesLocally(TestNG.java:1169)
	at org.testng.TestNG.run(TestNG.java:1064)
	at org.testng.remote.AbstractRemoteTestNG.run(AbstractRemoteTestNG.java:126)
	at org.testng.remote.RemoteTestNG.initAndRun(RemoteTestNG.java:152)
	at org.testng.remote.RemoteTestNG.main(RemoteTestNG.java:57)
</pre></div></td>
<td>0</td>
<td>testcases.A3Dev999CheckExchangePricesADV@31dc339b</td></tr>
<tr>
<td title='testcases.A3Dev999CheckExchangePricesADV.checkLMExchangePriceM2()'><b>checkLMExchangePriceM2</b><br>Test class: testcases.A3Dev999CheckExchangePricesADV ()<br>Parameters: false, CD102VS - Pagina 4-5, 2.062,50, 10,31, 2.250,00, 11,25</td>
<td><div><pre>java.lang.AssertionError: The following asserts failed:
	expected [2.250,00] but found [2.500,00],
	expected [11,25] but found [12,50]
	at testcases.A3Dev999CheckExchangePricesADV.checkLMExchangePriceM2(A3Dev999CheckExchangePricesADV.java:172)
... Removed 25 stack frames</pre></div><a href='#' onClick='toggleBox("stack-trace152848959", this, "Click to show all stack frames", "Click to hide stack frames")'>Click to show all stack frames</a>
<div class='stack-trace' id='stack-trace152848959'><pre>java.lang.AssertionError: The following asserts failed:
	expected [2.250,00] but found [2.500,00],
	expected [11,25] but found [12,50]
	at org.testng.asserts.SoftAssert.assertAll(SoftAssert.java:43)
	at testcases.A3Dev999CheckExchangePricesADV.checkLMExchangePriceM2(A3Dev999CheckExchangePricesADV.java:172)
	at sun.reflect.NativeMethodAccessorImpl.invoke0(Native Method)
	at sun.reflect.NativeMethodAccessorImpl.invoke(NativeMethodAccessorImpl.java:62)
	at sun.reflect.DelegatingMethodAccessorImpl.invoke(DelegatingMethodAccessorImpl.java:43)
	at java.lang.reflect.Method.invoke(Method.java:498)
	at org.testng.internal.MethodInvocationHelper.invokeMethod(MethodInvocationHelper.java:86)
	at org.testng.internal.Invoker.invokeMethod(Invoker.java:643)
	at org.testng.internal.Invoker.invokeTestMethod(Invoker.java:820)
	at org.testng.internal.Invoker.invokeTestMethods(Invoker.java:1128)
	at org.testng.internal.TestMethodWorker.invokeTestMethods(TestMethodWorker.java:129)
	at org.testng.internal.TestMethodWorker.run(TestMethodWorker.java:112)
	at org.testng.TestRunner.privateRun(TestRunner.java:782)
	at org.testng.TestRunner.run(TestRunner.java:632)
	at org.testng.SuiteRunner.runTest(SuiteRunner.java:366)
	at org.testng.SuiteRunner.runSequentially(SuiteRunner.java:361)
	at org.testng.SuiteRunner.privateRun(SuiteRunner.java:319)
	at org.testng.SuiteRunner.run(SuiteRunner.java:268)
	at org.testng.SuiteRunnerWorker.runSuite(SuiteRunnerWorker.java:52)
	at org.testng.SuiteRunnerWorker.run(SuiteRunnerWorker.java:86)
	at org.testng.TestNG.runSuitesSequentially(TestNG.java:1244)
	at org.testng.TestNG.runSuitesLocally(TestNG.java:1169)
	at org.testng.TestNG.run(TestNG.java:1064)
	at org.testng.remote.AbstractRemoteTestNG.run(AbstractRemoteTestNG.java:126)
	at org.testng.remote.RemoteTestNG.initAndRun(RemoteTestNG.java:152)
	at org.testng.remote.RemoteTestNG.main(RemoteTestNG.java:57)
</pre></div></td>
<td>0</td>
<td>testcases.A3Dev999CheckExchangePricesADV@31dc339b</td></tr>
<tr>
<td title='testcases.A3Dev999CheckExchangePricesADV.checkLMExchangePriceM2()'><b>checkLMExchangePriceM2</b><br>Test class: testcases.A3Dev999CheckExchangePricesADV ()<br>Parameters: false, CD102VL - Pagina 4-5, 2.062,50, 10,31, 2.250,00, 11,25</td>
<td><div><pre>java.lang.AssertionError: The following asserts failed:
	expected [2.250,00] but found [2.500,00],
	expected [11,25] but found [12,50]
	at testcases.A3Dev999CheckExchangePricesADV.checkLMExchangePriceM2(A3Dev999CheckExchangePricesADV.java:172)
... Removed 25 stack frames</pre></div><a href='#' onClick='toggleBox("stack-trace1897221921", this, "Click to show all stack frames", "Click to hide stack frames")'>Click to show all stack frames</a>
<div class='stack-trace' id='stack-trace1897221921'><pre>java.lang.AssertionError: The following asserts failed:
	expected [2.250,00] but found [2.500,00],
	expected [11,25] but found [12,50]
	at org.testng.asserts.SoftAssert.assertAll(SoftAssert.java:43)
	at testcases.A3Dev999CheckExchangePricesADV.checkLMExchangePriceM2(A3Dev999CheckExchangePricesADV.java:172)
	at sun.reflect.NativeMethodAccessorImpl.invoke0(Native Method)
	at sun.reflect.NativeMethodAccessorImpl.invoke(NativeMethodAccessorImpl.java:62)
	at sun.reflect.DelegatingMethodAccessorImpl.invoke(DelegatingMethodAccessorImpl.java:43)
	at java.lang.reflect.Method.invoke(Method.java:498)
	at org.testng.internal.MethodInvocationHelper.invokeMethod(MethodInvocationHelper.java:86)
	at org.testng.internal.Invoker.invokeMethod(Invoker.java:643)
	at org.testng.internal.Invoker.invokeTestMethod(Invoker.java:820)
	at org.testng.internal.Invoker.invokeTestMethods(Invoker.java:1128)
	at org.testng.internal.TestMethodWorker.invokeTestMethods(TestMethodWorker.java:129)
	at org.testng.internal.TestMethodWorker.run(TestMethodWorker.java:112)
	at org.testng.TestRunner.privateRun(TestRunner.java:782)
	at org.testng.TestRunner.run(TestRunner.java:632)
	at org.testng.SuiteRunner.runTest(SuiteRunner.java:366)
	at org.testng.SuiteRunner.runSequentially(SuiteRunner.java:361)
	at org.testng.SuiteRunner.privateRun(SuiteRunner.java:319)
	at org.testng.SuiteRunner.run(SuiteRunner.java:268)
	at org.testng.SuiteRunnerWorker.runSuite(SuiteRunnerWorker.java:52)
	at org.testng.SuiteRunnerWorker.run(SuiteRunnerWorker.java:86)
	at org.testng.TestNG.runSuitesSequentially(TestNG.java:1244)
	at org.testng.TestNG.runSuitesLocally(TestNG.java:1169)
	at org.testng.TestNG.run(TestNG.java:1064)
	at org.testng.remote.AbstractRemoteTestNG.run(AbstractRemoteTestNG.java:126)
	at org.testng.remote.RemoteTestNG.initAndRun(RemoteTestNG.java:152)
	at org.testng.remote.RemoteTestNG.main(RemoteTestNG.java:57)
</pre></div></td>
<td>0</td>
<td>testcases.A3Dev999CheckExchangePricesADV@31dc339b</td></tr>
<tr>
<td title='testcases.A3Dev999CheckExchangePricesADV.checkLMExchangePriceM2()'><b>checkLMExchangePriceM2</b><br>Test class: testcases.A3Dev999CheckExchangePricesADV ()<br>Parameters: false, CD102VS - Voorpagina, 2.062,50, 10,31, 2.250,00, 11,25</td>
<td><div><pre>java.lang.AssertionError: The following asserts failed:
	expected [2.250,00] but found [2.500,00],
	expected [11,25] but found [12,50]
	at testcases.A3Dev999CheckExchangePricesADV.checkLMExchangePriceM2(A3Dev999CheckExchangePricesADV.java:172)
... Removed 25 stack frames</pre></div><a href='#' onClick='toggleBox("stack-trace624693846", this, "Click to show all stack frames", "Click to hide stack frames")'>Click to show all stack frames</a>
<div class='stack-trace' id='stack-trace624693846'><pre>java.lang.AssertionError: The following asserts failed:
	expected [2.250,00] but found [2.500,00],
	expected [11,25] but found [12,50]
	at org.testng.asserts.SoftAssert.assertAll(SoftAssert.java:43)
	at testcases.A3Dev999CheckExchangePricesADV.checkLMExchangePriceM2(A3Dev999CheckExchangePricesADV.java:172)
	at sun.reflect.NativeMethodAccessorImpl.invoke0(Native Method)
	at sun.reflect.NativeMethodAccessorImpl.invoke(NativeMethodAccessorImpl.java:62)
	at sun.reflect.DelegatingMethodAccessorImpl.invoke(DelegatingMethodAccessorImpl.java:43)
	at java.lang.reflect.Method.invoke(Method.java:498)
	at org.testng.internal.MethodInvocationHelper.invokeMethod(MethodInvocationHelper.java:86)
	at org.testng.internal.Invoker.invokeMethod(Invoker.java:643)
	at org.testng.internal.Invoker.invokeTestMethod(Invoker.java:820)
	at org.testng.internal.Invoker.invokeTestMethods(Invoker.java:1128)
	at org.testng.internal.TestMethodWorker.invokeTestMethods(TestMethodWorker.java:129)
	at org.testng.internal.TestMethodWorker.run(TestMethodWorker.java:112)
	at org.testng.TestRunner.privateRun(TestRunner.java:782)
	at org.testng.TestRunner.run(TestRunner.java:632)
	at org.testng.SuiteRunner.runTest(SuiteRunner.java:366)
	at org.testng.SuiteRunner.runSequentially(SuiteRunner.java:361)
	at org.testng.SuiteRunner.privateRun(SuiteRunner.java:319)
	at org.testng.SuiteRunner.run(SuiteRunner.java:268)
	at org.testng.SuiteRunnerWorker.runSuite(SuiteRunnerWorker.java:52)
	at org.testng.SuiteRunnerWorker.run(SuiteRunnerWorker.java:86)
	at org.testng.TestNG.runSuitesSequentially(TestNG.java:1244)
	at org.testng.TestNG.runSuitesLocally(TestNG.java:1169)
	at org.testng.TestNG.run(TestNG.java:1064)
	at org.testng.remote.AbstractRemoteTestNG.run(AbstractRemoteTestNG.java:126)
	at org.testng.remote.RemoteTestNG.initAndRun(RemoteTestNG.java:152)
	at org.testng.remote.RemoteTestNG.main(RemoteTestNG.java:57)
</pre></div></td>
<td>0</td>
<td>testcases.A3Dev999CheckExchangePricesADV@31dc339b</td></tr>
<tr>
<td title='testcases.A3Dev999CheckExchangePricesADV.checkLMExchangePriceM2()'><b>checkLMExchangePriceM2</b><br>Test class: testcases.A3Dev999CheckExchangePricesADV ()<br>Parameters: false, CD102VL - Voorpagina, 2.062,50, 10,31, 2.250,00, 11,25</td>
<td><div><pre>java.lang.AssertionError: The following asserts failed:
	expected [2.250,00] but found [2.500,00],
	expected [11,25] but found [12,50]
	at testcases.A3Dev999CheckExchangePricesADV.checkLMExchangePriceM2(A3Dev999CheckExchangePricesADV.java:172)
... Removed 25 stack frames</pre></div><a href='#' onClick='toggleBox("stack-trace818785904", this, "Click to show all stack frames", "Click to hide stack frames")'>Click to show all stack frames</a>
<div class='stack-trace' id='stack-trace818785904'><pre>java.lang.AssertionError: The following asserts failed:
	expected [2.250,00] but found [2.500,00],
	expected [11,25] but found [12,50]
	at org.testng.asserts.SoftAssert.assertAll(SoftAssert.java:43)
	at testcases.A3Dev999CheckExchangePricesADV.checkLMExchangePriceM2(A3Dev999CheckExchangePricesADV.java:172)
	at sun.reflect.NativeMethodAccessorImpl.invoke0(Native Method)
	at sun.reflect.NativeMethodAccessorImpl.invoke(NativeMethodAccessorImpl.java:62)
	at sun.reflect.DelegatingMethodAccessorImpl.invoke(DelegatingMethodAccessorImpl.java:43)
	at java.lang.reflect.Method.invoke(Method.java:498)
	at org.testng.internal.MethodInvocationHelper.invokeMethod(MethodInvocationHelper.java:86)
	at org.testng.internal.Invoker.invokeMethod(Invoker.java:643)
	at org.testng.internal.Invoker.invokeTestMethod(Invoker.java:820)
	at org.testng.internal.Invoker.invokeTestMethods(Invoker.java:1128)
	at org.testng.internal.TestMethodWorker.invokeTestMethods(TestMethodWorker.java:129)
	at org.testng.internal.TestMethodWorker.run(TestMethodWorker.java:112)
	at org.testng.TestRunner.privateRun(TestRunner.java:782)
	at org.testng.TestRunner.run(TestRunner.java:632)
	at org.testng.SuiteRunner.runTest(SuiteRunner.java:366)
	at org.testng.SuiteRunner.runSequentially(SuiteRunner.java:361)
	at org.testng.SuiteRunner.privateRun(SuiteRunner.java:319)
	at org.testng.SuiteRunner.run(SuiteRunner.java:268)
	at org.testng.SuiteRunnerWorker.runSuite(SuiteRunnerWorker.java:52)
	at org.testng.SuiteRunnerWorker.run(SuiteRunnerWorker.java:86)
	at org.testng.TestNG.runSuitesSequentially(TestNG.java:1244)
	at org.testng.TestNG.runSuitesLocally(TestNG.java:1169)
	at org.testng.TestNG.run(TestNG.java:1064)
	at org.testng.remote.AbstractRemoteTestNG.run(AbstractRemoteTestNG.java:126)
	at org.testng.remote.RemoteTestNG.initAndRun(RemoteTestNG.java:152)
	at org.testng.remote.RemoteTestNG.main(RemoteTestNG.java:57)
</pre></div></td>
<td>0</td>
<td>testcases.A3Dev999CheckExchangePricesADV@31dc339b</td></tr>
<tr>
<td title='testcases.A3Dev998CheckExchangePricesADV2.checkLMExchangePriceM2()'><b>checkLMExchangePriceM2</b><br>Test class: testcases.A3Dev998CheckExchangePricesADV2 ()<br>Parameters: false, CD101V - Pagina 2, 4.125,00, 20,63, 4.500,00, 22,50</td>
<td><div><pre>java.lang.AssertionError: The following asserts failed:
	expected [4.500,00] but found [5.000,00],
	expected [22,50] but found [25,00]
	at testcases.A3Dev998CheckExchangePricesADV2.checkLMExchangePriceM2(A3Dev998CheckExchangePricesADV2.java:173)
... Removed 25 stack frames</pre></div><a href='#' onClick='toggleBox("stack-trace1707901480", this, "Click to show all stack frames", "Click to hide stack frames")'>Click to show all stack frames</a>
<div class='stack-trace' id='stack-trace1707901480'><pre>java.lang.AssertionError: The following asserts failed:
	expected [4.500,00] but found [5.000,00],
	expected [22,50] but found [25,00]
	at org.testng.asserts.SoftAssert.assertAll(SoftAssert.java:43)
	at testcases.A3Dev998CheckExchangePricesADV2.checkLMExchangePriceM2(A3Dev998CheckExchangePricesADV2.java:173)
	at sun.reflect.NativeMethodAccessorImpl.invoke0(Native Method)
	at sun.reflect.NativeMethodAccessorImpl.invoke(NativeMethodAccessorImpl.java:62)
	at sun.reflect.DelegatingMethodAccessorImpl.invoke(DelegatingMethodAccessorImpl.java:43)
	at java.lang.reflect.Method.invoke(Method.java:498)
	at org.testng.internal.MethodInvocationHelper.invokeMethod(MethodInvocationHelper.java:86)
	at org.testng.internal.Invoker.invokeMethod(Invoker.java:643)
	at org.testng.internal.Invoker.invokeTestMethod(Invoker.java:820)
	at org.testng.internal.Invoker.invokeTestMethods(Invoker.java:1128)
	at org.testng.internal.TestMethodWorker.invokeTestMethods(TestMethodWorker.java:129)
	at org.testng.internal.TestMethodWorker.run(TestMethodWorker.java:112)
	at org.testng.TestRunner.privateRun(TestRunner.java:782)
	at org.testng.TestRunner.run(TestRunner.java:632)
	at org.testng.SuiteRunner.runTest(SuiteRunner.java:366)
	at org.testng.SuiteRunner.runSequentially(SuiteRunner.java:361)
	at org.testng.SuiteRunner.privateRun(SuiteRunner.java:319)
	at org.testng.SuiteRunner.run(SuiteRunner.java:268)
	at org.testng.SuiteRunnerWorker.runSuite(SuiteRunnerWorker.java:52)
	at org.testng.SuiteRunnerWorker.run(SuiteRunnerWorker.java:86)
	at org.testng.TestNG.runSuitesSequentially(TestNG.java:1244)
	at org.testng.TestNG.runSuitesLocally(TestNG.java:1169)
	at org.testng.TestNG.run(TestNG.java:1064)
	at org.testng.remote.AbstractRemoteTestNG.run(AbstractRemoteTestNG.java:126)
	at org.testng.remote.RemoteTestNG.initAndRun(RemoteTestNG.java:152)
	at org.testng.remote.RemoteTestNG.main(RemoteTestNG.java:57)
</pre></div></td>
<td>0</td>
<td>testcases.A3Dev998CheckExchangePricesADV2@55d56113</td></tr>
<tr>
<td title='testcases.A3Dev998CheckExchangePricesADV2.checkLMExchangePriceM2()'><b>checkLMExchangePriceM2</b><br>Test class: testcases.A3Dev998CheckExchangePricesADV2 ()<br>Parameters: false, CD101V - Pagina 3, 4.125,00, 20,63, 4.500,00, 22,50</td>
<td><div><pre>java.lang.AssertionError: The following asserts failed:
	expected [4.500,00] but found [5.000,00],
	expected [22,50] but found [25,00]
	at testcases.A3Dev998CheckExchangePricesADV2.checkLMExchangePriceM2(A3Dev998CheckExchangePricesADV2.java:173)
... Removed 25 stack frames</pre></div><a href='#' onClick='toggleBox("stack-trace1801704517", this, "Click to show all stack frames", "Click to hide stack frames")'>Click to show all stack frames</a>
<div class='stack-trace' id='stack-trace1801704517'><pre>java.lang.AssertionError: The following asserts failed:
	expected [4.500,00] but found [5.000,00],
	expected [22,50] but found [25,00]
	at org.testng.asserts.SoftAssert.assertAll(SoftAssert.java:43)
	at testcases.A3Dev998CheckExchangePricesADV2.checkLMExchangePriceM2(A3Dev998CheckExchangePricesADV2.java:173)
	at sun.reflect.NativeMethodAccessorImpl.invoke0(Native Method)
	at sun.reflect.NativeMethodAccessorImpl.invoke(NativeMethodAccessorImpl.java:62)
	at sun.reflect.DelegatingMethodAccessorImpl.invoke(DelegatingMethodAccessorImpl.java:43)
	at java.lang.reflect.Method.invoke(Method.java:498)
	at org.testng.internal.MethodInvocationHelper.invokeMethod(MethodInvocationHelper.java:86)
	at org.testng.internal.Invoker.invokeMethod(Invoker.java:643)
	at org.testng.internal.Invoker.invokeTestMethod(Invoker.java:820)
	at org.testng.internal.Invoker.invokeTestMethods(Invoker.java:1128)
	at org.testng.internal.TestMethodWorker.invokeTestMethods(TestMethodWorker.java:129)
	at org.testng.internal.TestMethodWorker.run(TestMethodWorker.java:112)
	at org.testng.TestRunner.privateRun(TestRunner.java:782)
	at org.testng.TestRunner.run(TestRunner.java:632)
	at org.testng.SuiteRunner.runTest(SuiteRunner.java:366)
	at org.testng.SuiteRunner.runSequentially(SuiteRunner.java:361)
	at org.testng.SuiteRunner.privateRun(SuiteRunner.java:319)
	at org.testng.SuiteRunner.run(SuiteRunner.java:268)
	at org.testng.SuiteRunnerWorker.runSuite(SuiteRunnerWorker.java:52)
	at org.testng.SuiteRunnerWorker.run(SuiteRunnerWorker.java:86)
	at org.testng.TestNG.runSuitesSequentially(TestNG.java:1244)
	at org.testng.TestNG.runSuitesLocally(TestNG.java:1169)
	at org.testng.TestNG.run(TestNG.java:1064)
	at org.testng.remote.AbstractRemoteTestNG.run(AbstractRemoteTestNG.java:126)
	at org.testng.remote.RemoteTestNG.initAndRun(RemoteTestNG.java:152)
	at org.testng.remote.RemoteTestNG.main(RemoteTestNG.java:57)
</pre></div></td>
<td>0</td>
<td>testcases.A3Dev998CheckExchangePricesADV2@55d56113</td></tr>
<tr>
<td title='testcases.A3Dev998CheckExchangePricesADV2.checkLMExchangePriceM2()'><b>checkLMExchangePriceM2</b><br>Test class: testcases.A3Dev998CheckExchangePricesADV2 ()<br>Parameters: false, CD101V - Pagina 4-5, 4.125,00, 20,63, 4.500,00, 22,50</td>
<td><div><pre>java.lang.AssertionError: The following asserts failed:
	expected [4.500,00] but found [5.000,00],
	expected [22,50] but found [25,00]
	at testcases.A3Dev998CheckExchangePricesADV2.checkLMExchangePriceM2(A3Dev998CheckExchangePricesADV2.java:173)
... Removed 25 stack frames</pre></div><a href='#' onClick='toggleBox("stack-trace65551384", this, "Click to show all stack frames", "Click to hide stack frames")'>Click to show all stack frames</a>
<div class='stack-trace' id='stack-trace65551384'><pre>java.lang.AssertionError: The following asserts failed:
	expected [4.500,00] but found [5.000,00],
	expected [22,50] but found [25,00]
	at org.testng.asserts.SoftAssert.assertAll(SoftAssert.java:43)
	at testcases.A3Dev998CheckExchangePricesADV2.checkLMExchangePriceM2(A3Dev998CheckExchangePricesADV2.java:173)
	at sun.reflect.NativeMethodAccessorImpl.invoke0(Native Method)
	at sun.reflect.NativeMethodAccessorImpl.invoke(NativeMethodAccessorImpl.java:62)
	at sun.reflect.DelegatingMethodAccessorImpl.invoke(DelegatingMethodAccessorImpl.java:43)
	at java.lang.reflect.Method.invoke(Method.java:498)
	at org.testng.internal.MethodInvocationHelper.invokeMethod(MethodInvocationHelper.java:86)
	at org.testng.internal.Invoker.invokeMethod(Invoker.java:643)
	at org.testng.internal.Invoker.invokeTestMethod(Invoker.java:820)
	at org.testng.internal.Invoker.invokeTestMethods(Invoker.java:1128)
	at org.testng.internal.TestMethodWorker.invokeTestMethods(TestMethodWorker.java:129)
	at org.testng.internal.TestMethodWorker.run(TestMethodWorker.java:112)
	at org.testng.TestRunner.privateRun(TestRunner.java:782)
	at org.testng.TestRunner.run(TestRunner.java:632)
	at org.testng.SuiteRunner.runTest(SuiteRunner.java:366)
	at org.testng.SuiteRunner.runSequentially(SuiteRunner.java:361)
	at org.testng.SuiteRunner.privateRun(SuiteRunner.java:319)
	at org.testng.SuiteRunner.run(SuiteRunner.java:268)
	at org.testng.SuiteRunnerWorker.runSuite(SuiteRunnerWorker.java:52)
	at org.testng.SuiteRunnerWorker.run(SuiteRunnerWorker.java:86)
	at org.testng.TestNG.runSuitesSequentially(TestNG.java:1244)
	at org.testng.TestNG.runSuitesLocally(TestNG.java:1169)
	at org.testng.TestNG.run(TestNG.java:1064)
	at org.testng.remote.AbstractRemoteTestNG.run(AbstractRemoteTestNG.java:126)
	at org.testng.remote.RemoteTestNG.initAndRun(RemoteTestNG.java:152)
	at org.testng.remote.RemoteTestNG.main(RemoteTestNG.java:57)
</pre></div></td>
<td>0</td>
<td>testcases.A3Dev998CheckExchangePricesADV2@55d56113</td></tr>
<tr>
<td title='testcases.A3Dev998CheckExchangePricesADV2.checkLMExchangePriceM2()'><b>checkLMExchangePriceM2</b><br>Test class: testcases.A3Dev998CheckExchangePricesADV2 ()<br>Parameters: false, CD101V - Voorpagina, 4.125,00, 20,63, 4.500,00, 22,50</td>
<td><div><pre>java.lang.AssertionError: The following asserts failed:
	expected [4.500,00] but found [5.000,00],
	expected [22,50] but found [25,00]
	at testcases.A3Dev998CheckExchangePricesADV2.checkLMExchangePriceM2(A3Dev998CheckExchangePricesADV2.java:173)
... Removed 25 stack frames</pre></div><a href='#' onClick='toggleBox("stack-trace1875520143", this, "Click to show all stack frames", "Click to hide stack frames")'>Click to show all stack frames</a>
<div class='stack-trace' id='stack-trace1875520143'><pre>java.lang.AssertionError: The following asserts failed:
	expected [4.500,00] but found [5.000,00],
	expected [22,50] but found [25,00]
	at org.testng.asserts.SoftAssert.assertAll(SoftAssert.java:43)
	at testcases.A3Dev998CheckExchangePricesADV2.checkLMExchangePriceM2(A3Dev998CheckExchangePricesADV2.java:173)
	at sun.reflect.NativeMethodAccessorImpl.invoke0(Native Method)
	at sun.reflect.NativeMethodAccessorImpl.invoke(NativeMethodAccessorImpl.java:62)
	at sun.reflect.DelegatingMethodAccessorImpl.invoke(DelegatingMethodAccessorImpl.java:43)
	at java.lang.reflect.Method.invoke(Method.java:498)
	at org.testng.internal.MethodInvocationHelper.invokeMethod(MethodInvocationHelper.java:86)
	at org.testng.internal.Invoker.invokeMethod(Invoker.java:643)
	at org.testng.internal.Invoker.invokeTestMethod(Invoker.java:820)
	at org.testng.internal.Invoker.invokeTestMethods(Invoker.java:1128)
	at org.testng.internal.TestMethodWorker.invokeTestMethods(TestMethodWorker.java:129)
	at org.testng.internal.TestMethodWorker.run(TestMethodWorker.java:112)
	at org.testng.TestRunner.privateRun(TestRunner.java:782)
	at org.testng.TestRunner.run(TestRunner.java:632)
	at org.testng.SuiteRunner.runTest(SuiteRunner.java:366)
	at org.testng.SuiteRunner.runSequentially(SuiteRunner.java:361)
	at org.testng.SuiteRunner.privateRun(SuiteRunner.java:319)
	at org.testng.SuiteRunner.run(SuiteRunner.java:268)
	at org.testng.SuiteRunnerWorker.runSuite(SuiteRunnerWorker.java:52)
	at org.testng.SuiteRunnerWorker.run(SuiteRunnerWorker.java:86)
	at org.testng.TestNG.runSuitesSequentially(TestNG.java:1244)
	at org.testng.TestNG.runSuitesLocally(TestNG.java:1169)
	at org.testng.TestNG.run(TestNG.java:1064)
	at org.testng.remote.AbstractRemoteTestNG.run(AbstractRemoteTestNG.java:126)
	at org.testng.remote.RemoteTestNG.initAndRun(RemoteTestNG.java:152)
	at org.testng.remote.RemoteTestNG.main(RemoteTestNG.java:57)
</pre></div></td>
<td>0</td>
<td>testcases.A3Dev998CheckExchangePricesADV2@55d56113</td></tr>
<tr>
<td title='testcases.A3Dev998CheckExchangePricesADV2.checkLMExchangePriceM2()'><b>checkLMExchangePriceM2</b><br>Test class: testcases.A3Dev998CheckExchangePricesADV2 ()<br>Parameters: false, CD102VS - Pagina 2, 2.062,50, 10,31, 2.250,00, 11,25</td>
<td><div><pre>java.lang.AssertionError: The following asserts failed:
	expected [2.250,00] but found [2.500,00],
	expected [11,25] but found [12,50]
	at testcases.A3Dev998CheckExchangePricesADV2.checkLMExchangePriceM2(A3Dev998CheckExchangePricesADV2.java:173)
... Removed 25 stack frames</pre></div><a href='#' onClick='toggleBox("stack-trace806588571", this, "Click to show all stack frames", "Click to hide stack frames")'>Click to show all stack frames</a>
<div class='stack-trace' id='stack-trace806588571'><pre>java.lang.AssertionError: The following asserts failed:
	expected [2.250,00] but found [2.500,00],
	expected [11,25] but found [12,50]
	at org.testng.asserts.SoftAssert.assertAll(SoftAssert.java:43)
	at testcases.A3Dev998CheckExchangePricesADV2.checkLMExchangePriceM2(A3Dev998CheckExchangePricesADV2.java:173)
	at sun.reflect.NativeMethodAccessorImpl.invoke0(Native Method)
	at sun.reflect.NativeMethodAccessorImpl.invoke(NativeMethodAccessorImpl.java:62)
	at sun.reflect.DelegatingMethodAccessorImpl.invoke(DelegatingMethodAccessorImpl.java:43)
	at java.lang.reflect.Method.invoke(Method.java:498)
	at org.testng.internal.MethodInvocationHelper.invokeMethod(MethodInvocationHelper.java:86)
	at org.testng.internal.Invoker.invokeMethod(Invoker.java:643)
	at org.testng.internal.Invoker.invokeTestMethod(Invoker.java:820)
	at org.testng.internal.Invoker.invokeTestMethods(Invoker.java:1128)
	at org.testng.internal.TestMethodWorker.invokeTestMethods(TestMethodWorker.java:129)
	at org.testng.internal.TestMethodWorker.run(TestMethodWorker.java:112)
	at org.testng.TestRunner.privateRun(TestRunner.java:782)
	at org.testng.TestRunner.run(TestRunner.java:632)
	at org.testng.SuiteRunner.runTest(SuiteRunner.java:366)
	at org.testng.SuiteRunner.runSequentially(SuiteRunner.java:361)
	at org.testng.SuiteRunner.privateRun(SuiteRunner.java:319)
	at org.testng.SuiteRunner.run(SuiteRunner.java:268)
	at org.testng.SuiteRunnerWorker.runSuite(SuiteRunnerWorker.java:52)
	at org.testng.SuiteRunnerWorker.run(SuiteRunnerWorker.java:86)
	at org.testng.TestNG.runSuitesSequentially(TestNG.java:1244)
	at org.testng.TestNG.runSuitesLocally(TestNG.java:1169)
	at org.testng.TestNG.run(TestNG.java:1064)
	at org.testng.remote.AbstractRemoteTestNG.run(AbstractRemoteTestNG.java:126)
	at org.testng.remote.RemoteTestNG.initAndRun(RemoteTestNG.java:152)
	at org.testng.remote.RemoteTestNG.main(RemoteTestNG.java:57)
</pre></div></td>
<td>0</td>
<td>testcases.A3Dev998CheckExchangePricesADV2@55d56113</td></tr>
<tr>
<td title='testcases.A3Dev998CheckExchangePricesADV2.checkLMExchangePriceM2()'><b>checkLMExchangePriceM2</b><br>Test class: testcases.A3Dev998CheckExchangePricesADV2 ()<br>Parameters: false, CD102VL - Pagina 2, 2.062,50, 10,31, 2.250,00, 11,25</td>
<td><div><pre>java.lang.AssertionError: The following asserts failed:
	expected [2.250,00] but found [2.500,00],
	expected [11,25] but found [12,50]
	at testcases.A3Dev998CheckExchangePricesADV2.checkLMExchangePriceM2(A3Dev998CheckExchangePricesADV2.java:173)
... Removed 25 stack frames</pre></div><a href='#' onClick='toggleBox("stack-trace556945462", this, "Click to show all stack frames", "Click to hide stack frames")'>Click to show all stack frames</a>
<div class='stack-trace' id='stack-trace556945462'><pre>java.lang.AssertionError: The following asserts failed:
	expected [2.250,00] but found [2.500,00],
	expected [11,25] but found [12,50]
	at org.testng.asserts.SoftAssert.assertAll(SoftAssert.java:43)
	at testcases.A3Dev998CheckExchangePricesADV2.checkLMExchangePriceM2(A3Dev998CheckExchangePricesADV2.java:173)
	at sun.reflect.NativeMethodAccessorImpl.invoke0(Native Method)
	at sun.reflect.NativeMethodAccessorImpl.invoke(NativeMethodAccessorImpl.java:62)
	at sun.reflect.DelegatingMethodAccessorImpl.invoke(DelegatingMethodAccessorImpl.java:43)
	at java.lang.reflect.Method.invoke(Method.java:498)
	at org.testng.internal.MethodInvocationHelper.invokeMethod(MethodInvocationHelper.java:86)
	at org.testng.internal.Invoker.invokeMethod(Invoker.java:643)
	at org.testng.internal.Invoker.invokeTestMethod(Invoker.java:820)
	at org.testng.internal.Invoker.invokeTestMethods(Invoker.java:1128)
	at org.testng.internal.TestMethodWorker.invokeTestMethods(TestMethodWorker.java:129)
	at org.testng.internal.TestMethodWorker.run(TestMethodWorker.java:112)
	at org.testng.TestRunner.privateRun(TestRunner.java:782)
	at org.testng.TestRunner.run(TestRunner.java:632)
	at org.testng.SuiteRunner.runTest(SuiteRunner.java:366)
	at org.testng.SuiteRunner.runSequentially(SuiteRunner.java:361)
	at org.testng.SuiteRunner.privateRun(SuiteRunner.java:319)
	at org.testng.SuiteRunner.run(SuiteRunner.java:268)
	at org.testng.SuiteRunnerWorker.runSuite(SuiteRunnerWorker.java:52)
	at org.testng.SuiteRunnerWorker.run(SuiteRunnerWorker.java:86)
	at org.testng.TestNG.runSuitesSequentially(TestNG.java:1244)
	at org.testng.TestNG.runSuitesLocally(TestNG.java:1169)
	at org.testng.TestNG.run(TestNG.java:1064)
	at org.testng.remote.AbstractRemoteTestNG.run(AbstractRemoteTestNG.java:126)
	at org.testng.remote.RemoteTestNG.initAndRun(RemoteTestNG.java:152)
	at org.testng.remote.RemoteTestNG.main(RemoteTestNG.java:57)
</pre></div></td>
<td>0</td>
<td>testcases.A3Dev998CheckExchangePricesADV2@55d56113</td></tr>
<tr>
<td title='testcases.A3Dev998CheckExchangePricesADV2.checkLMExchangePriceM2()'><b>checkLMExchangePriceM2</b><br>Test class: testcases.A3Dev998CheckExchangePricesADV2 ()<br>Parameters: false, CD102VS - Pagina 3, 2.062,50, 10,31, 2.250,00, 11,25</td>
<td><div><pre>java.lang.AssertionError: The following asserts failed:
	expected [2.250,00] but found [2.500,00],
	expected [11,25] but found [12,50]
	at testcases.A3Dev998CheckExchangePricesADV2.checkLMExchangePriceM2(A3Dev998CheckExchangePricesADV2.java:173)
... Removed 25 stack frames</pre></div><a href='#' onClick='toggleBox("stack-trace663215704", this, "Click to show all stack frames", "Click to hide stack frames")'>Click to show all stack frames</a>
<div class='stack-trace' id='stack-trace663215704'><pre>java.lang.AssertionError: The following asserts failed:
	expected [2.250,00] but found [2.500,00],
	expected [11,25] but found [12,50]
	at org.testng.asserts.SoftAssert.assertAll(SoftAssert.java:43)
	at testcases.A3Dev998CheckExchangePricesADV2.checkLMExchangePriceM2(A3Dev998CheckExchangePricesADV2.java:173)
	at sun.reflect.NativeMethodAccessorImpl.invoke0(Native Method)
	at sun.reflect.NativeMethodAccessorImpl.invoke(NativeMethodAccessorImpl.java:62)
	at sun.reflect.DelegatingMethodAccessorImpl.invoke(DelegatingMethodAccessorImpl.java:43)
	at java.lang.reflect.Method.invoke(Method.java:498)
	at org.testng.internal.MethodInvocationHelper.invokeMethod(MethodInvocationHelper.java:86)
	at org.testng.internal.Invoker.invokeMethod(Invoker.java:643)
	at org.testng.internal.Invoker.invokeTestMethod(Invoker.java:820)
	at org.testng.internal.Invoker.invokeTestMethods(Invoker.java:1128)
	at org.testng.internal.TestMethodWorker.invokeTestMethods(TestMethodWorker.java:129)
	at org.testng.internal.TestMethodWorker.run(TestMethodWorker.java:112)
	at org.testng.TestRunner.privateRun(TestRunner.java:782)
	at org.testng.TestRunner.run(TestRunner.java:632)
	at org.testng.SuiteRunner.runTest(SuiteRunner.java:366)
	at org.testng.SuiteRunner.runSequentially(SuiteRunner.java:361)
	at org.testng.SuiteRunner.privateRun(SuiteRunner.java:319)
	at org.testng.SuiteRunner.run(SuiteRunner.java:268)
	at org.testng.SuiteRunnerWorker.runSuite(SuiteRunnerWorker.java:52)
	at org.testng.SuiteRunnerWorker.run(SuiteRunnerWorker.java:86)
	at org.testng.TestNG.runSuitesSequentially(TestNG.java:1244)
	at org.testng.TestNG.runSuitesLocally(TestNG.java:1169)
	at org.testng.TestNG.run(TestNG.java:1064)
	at org.testng.remote.AbstractRemoteTestNG.run(AbstractRemoteTestNG.java:126)
	at org.testng.remote.RemoteTestNG.initAndRun(RemoteTestNG.java:152)
	at org.testng.remote.RemoteTestNG.main(RemoteTestNG.java:57)
</pre></div></td>
<td>0</td>
<td>testcases.A3Dev998CheckExchangePricesADV2@55d56113</td></tr>
<tr>
<td title='testcases.A3Dev998CheckExchangePricesADV2.checkLMExchangePriceM2()'><b>checkLMExchangePriceM2</b><br>Test class: testcases.A3Dev998CheckExchangePricesADV2 ()<br>Parameters: false, CD102VL - Pagina 3, 2.062,50, 10,31, 2.250,00, 11,25</td>
<td><div><pre>java.lang.AssertionError: The following asserts failed:
	expected [2.250,00] but found [2.500,00],
	expected [11,25] but found [12,50]
	at testcases.A3Dev998CheckExchangePricesADV2.checkLMExchangePriceM2(A3Dev998CheckExchangePricesADV2.java:173)
... Removed 25 stack frames</pre></div><a href='#' onClick='toggleBox("stack-trace1199833406", this, "Click to show all stack frames", "Click to hide stack frames")'>Click to show all stack frames</a>
<div class='stack-trace' id='stack-trace1199833406'><pre>java.lang.AssertionError: The following asserts failed:
	expected [2.250,00] but found [2.500,00],
	expected [11,25] but found [12,50]
	at org.testng.asserts.SoftAssert.assertAll(SoftAssert.java:43)
	at testcases.A3Dev998CheckExchangePricesADV2.checkLMExchangePriceM2(A3Dev998CheckExchangePricesADV2.java:173)
	at sun.reflect.NativeMethodAccessorImpl.invoke0(Native Method)
	at sun.reflect.NativeMethodAccessorImpl.invoke(NativeMethodAccessorImpl.java:62)
	at sun.reflect.DelegatingMethodAccessorImpl.invoke(DelegatingMethodAccessorImpl.java:43)
	at java.lang.reflect.Method.invoke(Method.java:498)
	at org.testng.internal.MethodInvocationHelper.invokeMethod(MethodInvocationHelper.java:86)
	at org.testng.internal.Invoker.invokeMethod(Invoker.java:643)
	at org.testng.internal.Invoker.invokeTestMethod(Invoker.java:820)
	at org.testng.internal.Invoker.invokeTestMethods(Invoker.java:1128)
	at org.testng.internal.TestMethodWorker.invokeTestMethods(TestMethodWorker.java:129)
	at org.testng.internal.TestMethodWorker.run(TestMethodWorker.java:112)
	at org.testng.TestRunner.privateRun(TestRunner.java:782)
	at org.testng.TestRunner.run(TestRunner.java:632)
	at org.testng.SuiteRunner.runTest(SuiteRunner.java:366)
	at org.testng.SuiteRunner.runSequentially(SuiteRunner.java:361)
	at org.testng.SuiteRunner.privateRun(SuiteRunner.java:319)
	at org.testng.SuiteRunner.run(SuiteRunner.java:268)
	at org.testng.SuiteRunnerWorker.runSuite(SuiteRunnerWorker.java:52)
	at org.testng.SuiteRunnerWorker.run(SuiteRunnerWorker.java:86)
	at org.testng.TestNG.runSuitesSequentially(TestNG.java:1244)
	at org.testng.TestNG.runSuitesLocally(TestNG.java:1169)
	at org.testng.TestNG.run(TestNG.java:1064)
	at org.testng.remote.AbstractRemoteTestNG.run(AbstractRemoteTestNG.java:126)
	at org.testng.remote.RemoteTestNG.initAndRun(RemoteTestNG.java:152)
	at org.testng.remote.RemoteTestNG.main(RemoteTestNG.java:57)
</pre></div></td>
<td>0</td>
<td>testcases.A3Dev998CheckExchangePricesADV2@55d56113</td></tr>
<tr>
<td title='testcases.A3Dev998CheckExchangePricesADV2.checkLMExchangePriceM2()'><b>checkLMExchangePriceM2</b><br>Test class: testcases.A3Dev998CheckExchangePricesADV2 ()<br>Parameters: false, CD102VS - Pagina 4-5, 2.062,50, 10,31, 2.250,00, 11,25</td>
<td><div><pre>java.lang.AssertionError: The following asserts failed:
	expected [2.250,00] but found [2.500,00],
	expected [11,25] but found [12,50]
	at testcases.A3Dev998CheckExchangePricesADV2.checkLMExchangePriceM2(A3Dev998CheckExchangePricesADV2.java:173)
... Removed 25 stack frames</pre></div><a href='#' onClick='toggleBox("stack-trace1175154004", this, "Click to show all stack frames", "Click to hide stack frames")'>Click to show all stack frames</a>
<div class='stack-trace' id='stack-trace1175154004'><pre>java.lang.AssertionError: The following asserts failed:
	expected [2.250,00] but found [2.500,00],
	expected [11,25] but found [12,50]
	at org.testng.asserts.SoftAssert.assertAll(SoftAssert.java:43)
	at testcases.A3Dev998CheckExchangePricesADV2.checkLMExchangePriceM2(A3Dev998CheckExchangePricesADV2.java:173)
	at sun.reflect.NativeMethodAccessorImpl.invoke0(Native Method)
	at sun.reflect.NativeMethodAccessorImpl.invoke(NativeMethodAccessorImpl.java:62)
	at sun.reflect.DelegatingMethodAccessorImpl.invoke(DelegatingMethodAccessorImpl.java:43)
	at java.lang.reflect.Method.invoke(Method.java:498)
	at org.testng.internal.MethodInvocationHelper.invokeMethod(MethodInvocationHelper.java:86)
	at org.testng.internal.Invoker.invokeMethod(Invoker.java:643)
	at org.testng.internal.Invoker.invokeTestMethod(Invoker.java:820)
	at org.testng.internal.Invoker.invokeTestMethods(Invoker.java:1128)
	at org.testng.internal.TestMethodWorker.invokeTestMethods(TestMethodWorker.java:129)
	at org.testng.internal.TestMethodWorker.run(TestMethodWorker.java:112)
	at org.testng.TestRunner.privateRun(TestRunner.java:782)
	at org.testng.TestRunner.run(TestRunner.java:632)
	at org.testng.SuiteRunner.runTest(SuiteRunner.java:366)
	at org.testng.SuiteRunner.runSequentially(SuiteRunner.java:361)
	at org.testng.SuiteRunner.privateRun(SuiteRunner.java:319)
	at org.testng.SuiteRunner.run(SuiteRunner.java:268)
	at org.testng.SuiteRunnerWorker.runSuite(SuiteRunnerWorker.java:52)
	at org.testng.SuiteRunnerWorker.run(SuiteRunnerWorker.java:86)
	at org.testng.TestNG.runSuitesSequentially(TestNG.java:1244)
	at org.testng.TestNG.runSuitesLocally(TestNG.java:1169)
	at org.testng.TestNG.run(TestNG.java:1064)
	at org.testng.remote.AbstractRemoteTestNG.run(AbstractRemoteTestNG.java:126)
	at org.testng.remote.RemoteTestNG.initAndRun(RemoteTestNG.java:152)
	at org.testng.remote.RemoteTestNG.main(RemoteTestNG.java:57)
</pre></div></td>
<td>0</td>
<td>testcases.A3Dev998CheckExchangePricesADV2@55d56113</td></tr>
<tr>
<td title='testcases.A3Dev998CheckExchangePricesADV2.checkLMExchangePriceM2()'><b>checkLMExchangePriceM2</b><br>Test class: testcases.A3Dev998CheckExchangePricesADV2 ()<br>Parameters: false, CD102VL - Pagina 4-5, 2.062,50, 10,31, 2.250,00, 11,25</td>
<td><div><pre>java.lang.AssertionError: The following asserts failed:
	expected [2.250,00] but found [2.500,00],
	expected [11,25] but found [12,50]
	at testcases.A3Dev998CheckExchangePricesADV2.checkLMExchangePriceM2(A3Dev998CheckExchangePricesADV2.java:173)
... Removed 25 stack frames</pre></div><a href='#' onClick='toggleBox("stack-trace628164202", this, "Click to show all stack frames", "Click to hide stack frames")'>Click to show all stack frames</a>
<div class='stack-trace' id='stack-trace628164202'><pre>java.lang.AssertionError: The following asserts failed:
	expected [2.250,00] but found [2.500,00],
	expected [11,25] but found [12,50]
	at org.testng.asserts.SoftAssert.assertAll(SoftAssert.java:43)
	at testcases.A3Dev998CheckExchangePricesADV2.checkLMExchangePriceM2(A3Dev998CheckExchangePricesADV2.java:173)
	at sun.reflect.NativeMethodAccessorImpl.invoke0(Native Method)
	at sun.reflect.NativeMethodAccessorImpl.invoke(NativeMethodAccessorImpl.java:62)
	at sun.reflect.DelegatingMethodAccessorImpl.invoke(DelegatingMethodAccessorImpl.java:43)
	at java.lang.reflect.Method.invoke(Method.java:498)
	at org.testng.internal.MethodInvocationHelper.invokeMethod(MethodInvocationHelper.java:86)
	at org.testng.internal.Invoker.invokeMethod(Invoker.java:643)
	at org.testng.internal.Invoker.invokeTestMethod(Invoker.java:820)
	at org.testng.internal.Invoker.invokeTestMethods(Invoker.java:1128)
	at org.testng.internal.TestMethodWorker.invokeTestMethods(TestMethodWorker.java:129)
	at org.testng.internal.TestMethodWorker.run(TestMethodWorker.java:112)
	at org.testng.TestRunner.privateRun(TestRunner.java:782)
	at org.testng.TestRunner.run(TestRunner.java:632)
	at org.testng.SuiteRunner.runTest(SuiteRunner.java:366)
	at org.testng.SuiteRunner.runSequentially(SuiteRunner.java:361)
	at org.testng.SuiteRunner.privateRun(SuiteRunner.java:319)
	at org.testng.SuiteRunner.run(SuiteRunner.java:268)
	at org.testng.SuiteRunnerWorker.runSuite(SuiteRunnerWorker.java:52)
	at org.testng.SuiteRunnerWorker.run(SuiteRunnerWorker.java:86)
	at org.testng.TestNG.runSuitesSequentially(TestNG.java:1244)
	at org.testng.TestNG.runSuitesLocally(TestNG.java:1169)
	at org.testng.TestNG.run(TestNG.java:1064)
	at org.testng.remote.AbstractRemoteTestNG.run(AbstractRemoteTestNG.java:126)
	at org.testng.remote.RemoteTestNG.initAndRun(RemoteTestNG.java:152)
	at org.testng.remote.RemoteTestNG.main(RemoteTestNG.java:57)
</pre></div></td>
<td>0</td>
<td>testcases.A3Dev998CheckExchangePricesADV2@55d56113</td></tr>
<tr>
<td title='testcases.A3Dev998CheckExchangePricesADV2.checkLMExchangePriceM2()'><b>checkLMExchangePriceM2</b><br>Test class: testcases.A3Dev998CheckExchangePricesADV2 ()<br>Parameters: false, CD102VS - Voorpagina, 2.062,50, 10,31, 2.250,00, 11,25</td>
<td><div><pre>java.lang.AssertionError: The following asserts failed:
	expected [2.250,00] but found [2.500,00],
	expected [11,25] but found [12,50]
	at testcases.A3Dev998CheckExchangePricesADV2.checkLMExchangePriceM2(A3Dev998CheckExchangePricesADV2.java:173)
... Removed 25 stack frames</pre></div><a href='#' onClick='toggleBox("stack-trace987489551", this, "Click to show all stack frames", "Click to hide stack frames")'>Click to show all stack frames</a>
<div class='stack-trace' id='stack-trace987489551'><pre>java.lang.AssertionError: The following asserts failed:
	expected [2.250,00] but found [2.500,00],
	expected [11,25] but found [12,50]
	at org.testng.asserts.SoftAssert.assertAll(SoftAssert.java:43)
	at testcases.A3Dev998CheckExchangePricesADV2.checkLMExchangePriceM2(A3Dev998CheckExchangePricesADV2.java:173)
	at sun.reflect.NativeMethodAccessorImpl.invoke0(Native Method)
	at sun.reflect.NativeMethodAccessorImpl.invoke(NativeMethodAccessorImpl.java:62)
	at sun.reflect.DelegatingMethodAccessorImpl.invoke(DelegatingMethodAccessorImpl.java:43)
	at java.lang.reflect.Method.invoke(Method.java:498)
	at org.testng.internal.MethodInvocationHelper.invokeMethod(MethodInvocationHelper.java:86)
	at org.testng.internal.Invoker.invokeMethod(Invoker.java:643)
	at org.testng.internal.Invoker.invokeTestMethod(Invoker.java:820)
	at org.testng.internal.Invoker.invokeTestMethods(Invoker.java:1128)
	at org.testng.internal.TestMethodWorker.invokeTestMethods(TestMethodWorker.java:129)
	at org.testng.internal.TestMethodWorker.run(TestMethodWorker.java:112)
	at org.testng.TestRunner.privateRun(TestRunner.java:782)
	at org.testng.TestRunner.run(TestRunner.java:632)
	at org.testng.SuiteRunner.runTest(SuiteRunner.java:366)
	at org.testng.SuiteRunner.runSequentially(SuiteRunner.java:361)
	at org.testng.SuiteRunner.privateRun(SuiteRunner.java:319)
	at org.testng.SuiteRunner.run(SuiteRunner.java:268)
	at org.testng.SuiteRunnerWorker.runSuite(SuiteRunnerWorker.java:52)
	at org.testng.SuiteRunnerWorker.run(SuiteRunnerWorker.java:86)
	at org.testng.TestNG.runSuitesSequentially(TestNG.java:1244)
	at org.testng.TestNG.runSuitesLocally(TestNG.java:1169)
	at org.testng.TestNG.run(TestNG.java:1064)
	at org.testng.remote.AbstractRemoteTestNG.run(AbstractRemoteTestNG.java:126)
	at org.testng.remote.RemoteTestNG.initAndRun(RemoteTestNG.java:152)
	at org.testng.remote.RemoteTestNG.main(RemoteTestNG.java:57)
</pre></div></td>
<td>0</td>
<td>testcases.A3Dev998CheckExchangePricesADV2@55d56113</td></tr>
<tr>
<td title='testcases.A3Dev998CheckExchangePricesADV2.checkLMExchangePriceM2()'><b>checkLMExchangePriceM2</b><br>Test class: testcases.A3Dev998CheckExchangePricesADV2 ()<br>Parameters: false, CD102VL - Voorpagina, 2.062,50, 10,31, 2.250,00, 11,25</td>
<td><div><pre>java.lang.AssertionError: The following asserts failed:
	expected [2.250,00] but found [2.500,00],
	expected [11,25] but found [12,50]
	at testcases.A3Dev998CheckExchangePricesADV2.checkLMExchangePriceM2(A3Dev998CheckExchangePricesADV2.java:173)
... Removed 25 stack frames</pre></div><a href='#' onClick='toggleBox("stack-trace652007616", this, "Click to show all stack frames", "Click to hide stack frames")'>Click to show all stack frames</a>
<div class='stack-trace' id='stack-trace652007616'><pre>java.lang.AssertionError: The following asserts failed:
	expected [2.250,00] but found [2.500,00],
	expected [11,25] but found [12,50]
	at org.testng.asserts.SoftAssert.assertAll(SoftAssert.java:43)
	at testcases.A3Dev998CheckExchangePricesADV2.checkLMExchangePriceM2(A3Dev998CheckExchangePricesADV2.java:173)
	at sun.reflect.NativeMethodAccessorImpl.invoke0(Native Method)
	at sun.reflect.NativeMethodAccessorImpl.invoke(NativeMethodAccessorImpl.java:62)
	at sun.reflect.DelegatingMethodAccessorImpl.invoke(DelegatingMethodAccessorImpl.java:43)
	at java.lang.reflect.Method.invoke(Method.java:498)
	at org.testng.internal.MethodInvocationHelper.invokeMethod(MethodInvocationHelper.java:86)
	at org.testng.internal.Invoker.invokeMethod(Invoker.java:643)
	at org.testng.internal.Invoker.invokeTestMethod(Invoker.java:820)
	at org.testng.internal.Invoker.invokeTestMethods(Invoker.java:1128)
	at org.testng.internal.TestMethodWorker.invokeTestMethods(TestMethodWorker.java:129)
	at org.testng.internal.TestMethodWorker.run(TestMethodWorker.java:112)
	at org.testng.TestRunner.privateRun(TestRunner.java:782)
	at org.testng.TestRunner.run(TestRunner.java:632)
	at org.testng.SuiteRunner.runTest(SuiteRunner.java:366)
	at org.testng.SuiteRunner.runSequentially(SuiteRunner.java:361)
	at org.testng.SuiteRunner.privateRun(SuiteRunner.java:319)
	at org.testng.SuiteRunner.run(SuiteRunner.java:268)
	at org.testng.SuiteRunnerWorker.runSuite(SuiteRunnerWorker.java:52)
	at org.testng.SuiteRunnerWorker.run(SuiteRunnerWorker.java:86)
	at org.testng.TestNG.runSuitesSequentially(TestNG.java:1244)
	at org.testng.TestNG.runSuitesLocally(TestNG.java:1169)
	at org.testng.TestNG.run(TestNG.java:1064)
	at org.testng.remote.AbstractRemoteTestNG.run(AbstractRemoteTestNG.java:126)
	at org.testng.remote.RemoteTestNG.initAndRun(RemoteTestNG.java:152)
	at org.testng.remote.RemoteTestNG.main(RemoteTestNG.java:57)
</pre></div></td>
<td>0</td>
<td>testcases.A3Dev998CheckExchangePricesADV2@55d56113</td></tr>
</table><p>
<table width='100%' border='1' class='invocation-passed'>
<tr><td colspan='4' align='center'><b>PASSED TESTS</b></td></tr>
<tr><td><b>Test method</b></td>
<td width="30%"><b>Exception</b></td>
<td width="10%"><b>Time (seconds)</b></td>
<td><b>Instance</b></td>
</tr>
<tr>
<td title='testcases.C1Dev1137BidAutoBid.ADV2IsOutBid()'><b>ADV2IsOutBid</b><br>Test class: testcases.C1Dev1137BidAutoBid ()</td>
<td></td>
<td>22</td>
<td>testcases.C1Dev1137BidAutoBid@49993335</td></tr>
<tr>
<td title='testcases.C2Dev1139UnderBidAutoBid.ADV2LotStatusIsOutbid()'><b>ADV2LotStatusIsOutbid</b><br>Test class: testcases.C2Dev1139UnderBidAutoBid ()</td>
<td></td>
<td>22</td>
<td>testcases.C2Dev1139UnderBidAutoBid@5025a98f</td></tr>
<tr>
<td title='testcases.C1Dev1137BidAutoBid.ADV2bidAgainAgainBecomeWinner()'><b>ADV2bidAgainAgainBecomeWinner</b><br>Test class: testcases.C1Dev1137BidAutoBid ()</td>
<td></td>
<td>44</td>
<td>testcases.C1Dev1137BidAutoBid@49993335</td></tr>
<tr>
<td title='testcases.C1Dev1137BidAutoBid.ADV2bidBecomeOutbid()'><b>ADV2bidBecomeOutbid</b><br>Test class: testcases.C1Dev1137BidAutoBid ()</td>
<td></td>
<td>31</td>
<td>testcases.C1Dev1137BidAutoBid@49993335</td></tr>
<tr>
<td title='testcases.C2Dev1139UnderBidAutoBid.ADV2underBid()'><b>ADV2underBid</b><br>Test class: testcases.C2Dev1139UnderBidAutoBid ()</td>
<td></td>
<td>38</td>
<td>testcases.C2Dev1139UnderBidAutoBid@5025a98f</td></tr>
<tr>
<td title='testcases.C2Dev1139UnderBidAutoBid.ADVCanBid()'><b>ADVCanBid</b><br>Test class: testcases.C2Dev1139UnderBidAutoBid ()</td>
<td></td>
<td>31</td>
<td>testcases.C2Dev1139UnderBidAutoBid@5025a98f</td></tr>
<tr>
<td title='testcases.C1Dev1137BidAutoBid.ADVIsOutBidADVBidAgain()'><b>ADVIsOutBidADVBidAgain</b><br>Test class: testcases.C1Dev1137BidAutoBid ()</td>
<td></td>
<td>31</td>
<td>testcases.C1Dev1137BidAutoBid@49993335</td></tr>
<tr>
<td title='testcases.C1Dev1137BidAutoBid.ADVLotStatusIsBid()'><b>ADVLotStatusIsBid</b><br>Test class: testcases.C1Dev1137BidAutoBid ()</td>
<td></td>
<td>17</td>
<td>testcases.C1Dev1137BidAutoBid@49993335</td></tr>
<tr>
<td title='testcases.C1Dev1137BidAutoBid.ADVautobid()'><b>ADVautobid</b><br>Test class: testcases.C1Dev1137BidAutoBid ()</td>
<td></td>
<td>43</td>
<td>testcases.C1Dev1137BidAutoBid@49993335</td></tr>
<tr>
<td title='testcases.C2Dev1139UnderBidAutoBid.ADVunderBidautobid()'><b>ADVunderBidautobid</b><br>Test class: testcases.C2Dev1139UnderBidAutoBid ()</td>
<td></td>
<td>45</td>
<td>testcases.C2Dev1139UnderBidAutoBid@5025a98f</td></tr>
<tr>
<td title='testcases.C1Dev1137BidAutoBid.AddToMyLots()'><b>AddToMyLots</b><br>Test class: testcases.C1Dev1137BidAutoBid ()<br>Parameters: 3uggH1ADV</td>
<td></td>
<td>35</td>
<td>testcases.C1Dev1137BidAutoBid@49993335</td></tr>
<tr>
<td title='testcases.C1Dev1137BidAutoBid.AddToMyLots()'><b>AddToMyLots</b><br>Test class: testcases.C1Dev1137BidAutoBid ()<br>Parameters: 3uggH1ADV2</td>
<td></td>
<td>36</td>
<td>testcases.C1Dev1137BidAutoBid@49993335</td></tr>
<tr>
<td title='testcases.C2Dev1139UnderBidAutoBid.AddToMyLots()'><b>AddToMyLots</b><br>Test class: testcases.C2Dev1139UnderBidAutoBid ()<br>Parameters: 3uggH1ADV</td>
<td></td>
<td>36</td>
<td>testcases.C2Dev1139UnderBidAutoBid@5025a98f</td></tr>
<tr>
<td title='testcases.C2Dev1139UnderBidAutoBid.AddToMyLots()'><b>AddToMyLots</b><br>Test class: testcases.C2Dev1139UnderBidAutoBid ()<br>Parameters: 3uggH1ADV2</td>
<td></td>
<td>37</td>
<td>testcases.C2Dev1139UnderBidAutoBid@5025a98f</td></tr>
<tr>
<td title='testcases.B2Dev1132OptionPush.CheckStatus()'><b>CheckStatus</b><br>Test class: testcases.B2Dev1132OptionPush ()</td>
<td></td>
<td>43</td>
<td>testcases.B2Dev1132OptionPush@7e0b0338</td></tr>
<tr>
<td title='testcases.A1Dev1028UnitCreate.CreateData()'><b>CreateData</b><br>Test class: testcases.A1Dev1028UnitCreate ()</td>
<td></td>
<td>138</td>
<td>testcases.A1Dev1028UnitCreate@148080bb</td></tr>
<tr>
<td title='testcases.C2Dev1139UnderBidAutoBid.ResAcceptADV2UnderBid()'><b>ResAcceptADV2UnderBid</b><br>Test class: testcases.C2Dev1139UnderBidAutoBid ()</td>
<td></td>
<td>24</td>
<td>testcases.C2Dev1139UnderBidAutoBid@5025a98f</td></tr>
<tr>
<td title='testcases.A4Dev1101CampaignBuy.SelectCmpBuyOne()'><b>SelectCmpBuyOne</b><br>Test class: testcases.A4Dev1101CampaignBuy ()<br>Parameters: 3uggH1ADV-Campaign, 3uggH1BuyNow, CD101V, 04-11-2016, CD101V - Cover 2, 1.575,00</td>
<td></td>
<td>59</td>
<td>testcases.A4Dev1101CampaignBuy@3c0f93f1</td></tr>
<tr>
<td title='testcases.A4Dev1101CampaignBuy.SelectCmpBuyTwoTogether()'><b>SelectCmpBuyTwoTogether</b><br>Test class: testcases.A4Dev1101CampaignBuy ()<br>Parameters: 3uggH1ADV2-Campaign, 3uggH1BuyNow2, CD101V, CD102VS, 03-11-2016, CD101V - Pagina 2, CD102VS - Pagina 3</td>
<td></td>
<td>69</td>
<td>testcases.A4Dev1101CampaignBuy@3c0f93f1</td></tr>
<tr>
<td title='testcases.A3Dev1079CheckPricesForADV2.addToMyLots()'><b>addToMyLots</b><br>Test class: testcases.A3Dev1079CheckPricesForADV2 ()</td>
<td></td>
<td>44</td>
<td>testcases.A3Dev1079CheckPricesForADV2@dc24521</td></tr>
<tr>
<td title='testcases.A3Dev1080CheckPricesForDiffCampaign.addToMyLots()'><b>addToMyLots</b><br>Test class: testcases.A3Dev1080CheckPricesForDiffCampaign ()</td>
<td></td>
<td>32</td>
<td>testcases.A3Dev1080CheckPricesForDiffCampaign@5383967b</td></tr>
<tr>
<td title='testcases.B2Dev1132OptionPush.campaignAddAll()'><b>campaignAddAll</b><br>Test class: testcases.B2Dev1132OptionPush ()<br>Parameters: 3uggH1ADV2-Campaign, CD101V - Voorpagina, CD102VL - Pagina 3</td>
<td></td>
<td>13</td>
<td>testcases.B2Dev1132OptionPush@7e0b0338</td></tr>
<tr>
<td title='testcases.B2Dev1132OptionPush.campaignAddOne()'><b>campaignAddOne</b><br>Test class: testcases.B2Dev1132OptionPush ()<br>Parameters: 3uggH1ADV-Campaign, CD102VL - Cover 3</td>
<td></td>
<td>8</td>
<td>testcases.B2Dev1132OptionPush@7e0b0338</td></tr>
<tr>
<td title='testcases.A6Dev1194CampaignBuyMultiple.campaignMultipleBuyGetOrderOverview()'><b>campaignMultipleBuyGetOrderOverview</b><br>Test class: testcases.A6Dev1194CampaignBuyMultiple ()</td>
<td></td>
<td>91</td>
<td>testcases.A6Dev1194CampaignBuyMultiple@6e1567f1</td></tr>
<tr>
<td title='testcases.A3Dev1015CheckExchangePricesMB.checkBidExchangePrice()'><b>checkBidExchangePrice</b><br>Test class: testcases.A3Dev1015CheckExchangePricesMB ()<br>Parameters: false, CD101V - Cover 2, 3.150,00, 15,75, 5.000,00, 25,00</td>
<td></td>
<td>0</td>
<td>testcases.A3Dev1015CheckExchangePricesMB@cb644e</td></tr>
<tr>
<td title='testcases.A3Dev1015CheckExchangePricesMB.checkBidExchangePrice()'><b>checkBidExchangePrice</b><br>Test class: testcases.A3Dev1015CheckExchangePricesMB ()<br>Parameters: false, CD102VS - Cover 2, 2.062,50, 10,31, 2.500,00, 12,50</td>
<td></td>
<td>0</td>
<td>testcases.A3Dev1015CheckExchangePricesMB@cb644e</td></tr>
<tr>
<td title='testcases.A3Dev1015CheckExchangePricesMB.checkBidExchangePrice()'><b>checkBidExchangePrice</b><br>Test class: testcases.A3Dev1015CheckExchangePricesMB ()<br>Parameters: false, CD102VL - Cover 2, 2.062,50, 10,31, 2.500,00, 12,50</td>
<td></td>
<td>0</td>
<td>testcases.A3Dev1015CheckExchangePricesMB@cb644e</td></tr>
<tr>
<td title='testcases.A3Dev1015CheckExchangePricesMB.checkBidExchangePrice()'><b>checkBidExchangePrice</b><br>Test class: testcases.A3Dev1015CheckExchangePricesMB ()<br>Parameters: false, CD102VS - Cover 3, 2.062,50, 10,31, 2.500,00, 12,50</td>
<td></td>
<td>0</td>
<td>testcases.A3Dev1015CheckExchangePricesMB@cb644e</td></tr>
<tr>
<td title='testcases.A3Dev1015CheckExchangePricesMB.checkBidExchangePrice()'><b>checkBidExchangePrice</b><br>Test class: testcases.A3Dev1015CheckExchangePricesMB ()<br>Parameters: false, CD102VL - Cover 3, 2.062,50, 10,31, 2.500,00, 12,50</td>
<td></td>
<td>0</td>
<td>testcases.A3Dev1015CheckExchangePricesMB@cb644e</td></tr>
<tr>
<td title='testcases.A3Dev1015CheckExchangePricesMB.checkBidExchangePrice()'><b>checkBidExchangePrice</b><br>Test class: testcases.A3Dev1015CheckExchangePricesMB ()<br>Parameters: false, CD101V - Cover 3, 4.125,00, 20,63, 5.000,00, 25,00</td>
<td></td>
<td>0</td>
<td>testcases.A3Dev1015CheckExchangePricesMB@cb644e</td></tr>
<tr>
<td title='testcases.A3Dev999CheckExchangePricesADV.checkBidExchangePrice()'><b>checkBidExchangePrice</b><br>Test class: testcases.A3Dev999CheckExchangePricesADV ()<br>Parameters: false, CD101V - Cover 2, 1.575,00, 7,88, 5.000,00, 25,00</td>
<td></td>
<td>0</td>
<td>testcases.A3Dev999CheckExchangePricesADV@31dc339b</td></tr>
<tr>
<td title='testcases.A3Dev999CheckExchangePricesADV.checkBidExchangePrice()'><b>checkBidExchangePrice</b><br>Test class: testcases.A3Dev999CheckExchangePricesADV ()<br>Parameters: false, CD102VS - Cover 2, 1.031,25, 5,16, 2.500,00, 12,50</td>
<td></td>
<td>0</td>
<td>testcases.A3Dev999CheckExchangePricesADV@31dc339b</td></tr>
<tr>
<td title='testcases.A3Dev999CheckExchangePricesADV.checkBidExchangePrice()'><b>checkBidExchangePrice</b><br>Test class: testcases.A3Dev999CheckExchangePricesADV ()<br>Parameters: false, CD102VL - Cover 2, 1.031,25, 5,16, 2.500,00, 12,50</td>
<td></td>
<td>0</td>
<td>testcases.A3Dev999CheckExchangePricesADV@31dc339b</td></tr>
<tr>
<td title='testcases.A3Dev999CheckExchangePricesADV.checkBidExchangePrice()'><b>checkBidExchangePrice</b><br>Test class: testcases.A3Dev999CheckExchangePricesADV ()<br>Parameters: false, CD102VS - Cover 3, 1.031,25, 5,16, 2.500,00, 12,50</td>
<td></td>
<td>0</td>
<td>testcases.A3Dev999CheckExchangePricesADV@31dc339b</td></tr>
<tr>
<td title='testcases.A3Dev999CheckExchangePricesADV.checkBidExchangePrice()'><b>checkBidExchangePrice</b><br>Test class: testcases.A3Dev999CheckExchangePricesADV ()<br>Parameters: false, CD102VL - Cover 3, 1.031,25, 5,16, 2.500,00, 12,50</td>
<td></td>
<td>0</td>
<td>testcases.A3Dev999CheckExchangePricesADV@31dc339b</td></tr>
<tr>
<td title='testcases.A3Dev999CheckExchangePricesADV.checkBidExchangePrice()'><b>checkBidExchangePrice</b><br>Test class: testcases.A3Dev999CheckExchangePricesADV ()<br>Parameters: false, CD101V - Cover 3, 2.062,50, 10,31, 5.000,00, 25,00</td>
<td></td>
<td>0</td>
<td>testcases.A3Dev999CheckExchangePricesADV@31dc339b</td></tr>
<tr>
<td title='testcases.A3Dev998CheckExchangePricesADV2.checkBidExchangePrice()'><b>checkBidExchangePrice</b><br>Test class: testcases.A3Dev998CheckExchangePricesADV2 ()<br>Parameters: false, CD101V - Cover 2, 1.875,00, 9,38, 5.000,00, 25,00</td>
<td></td>
<td>0</td>
<td>testcases.A3Dev998CheckExchangePricesADV2@55d56113</td></tr>
<tr>
<td title='testcases.A3Dev998CheckExchangePricesADV2.checkBidExchangePrice()'><b>checkBidExchangePrice</b><br>Test class: testcases.A3Dev998CheckExchangePricesADV2 ()<br>Parameters: false, CD102VS - Cover 2, 937,50, 4,69, 2.500,00, 12,50</td>
<td></td>
<td>0</td>
<td>testcases.A3Dev998CheckExchangePricesADV2@55d56113</td></tr>
<tr>
<td title='testcases.A3Dev998CheckExchangePricesADV2.checkBidExchangePrice()'><b>checkBidExchangePrice</b><br>Test class: testcases.A3Dev998CheckExchangePricesADV2 ()<br>Parameters: false, CD102VL - Cover 2, 937,50, 4,69, 2.500,00, 12,50</td>
<td></td>
<td>0</td>
<td>testcases.A3Dev998CheckExchangePricesADV2@55d56113</td></tr>
<tr>
<td title='testcases.A3Dev998CheckExchangePricesADV2.checkBidExchangePrice()'><b>checkBidExchangePrice</b><br>Test class: testcases.A3Dev998CheckExchangePricesADV2 ()<br>Parameters: false, CD102VS - Cover 3, 937,50, 4,69, 2.500,00, 12,50</td>
<td></td>
<td>0</td>
<td>testcases.A3Dev998CheckExchangePricesADV2@55d56113</td></tr>
<tr>
<td title='testcases.A3Dev998CheckExchangePricesADV2.checkBidExchangePrice()'><b>checkBidExchangePrice</b><br>Test class: testcases.A3Dev998CheckExchangePricesADV2 ()<br>Parameters: false, CD102VL - Cover 3, 937,50, 4,69, 2.500,00, 12,50</td>
<td></td>
<td>0</td>
<td>testcases.A3Dev998CheckExchangePricesADV2@55d56113</td></tr>
<tr>
<td title='testcases.A3Dev998CheckExchangePricesADV2.checkBidExchangePrice()'><b>checkBidExchangePrice</b><br>Test class: testcases.A3Dev998CheckExchangePricesADV2 ()<br>Parameters: false, CD101V - Cover 3, 1.875,00, 9,38, 5.000,00, 25,00</td>
<td></td>
<td>0</td>
<td>testcases.A3Dev998CheckExchangePricesADV2@55d56113</td></tr>
<tr>
<td title='testcases.A3Dev1015CheckExchangePricesMB.checkBidExchangePriceM2()'><b>checkBidExchangePriceM2</b><br>Test class: testcases.A3Dev1015CheckExchangePricesMB ()<br>Parameters: false, CD101V - Pagina 2, 4.125,00, 20,63, 5.000,00, 25,00</td>
<td></td>
<td>0</td>
<td>testcases.A3Dev1015CheckExchangePricesMB@cb644e</td></tr>
<tr>
<td title='testcases.A3Dev1015CheckExchangePricesMB.checkBidExchangePriceM2()'><b>checkBidExchangePriceM2</b><br>Test class: testcases.A3Dev1015CheckExchangePricesMB ()<br>Parameters: false, CD101V - Pagina 3, 4.125,00, 20,63, 5.000,00, 25,00</td>
<td></td>
<td>0</td>
<td>testcases.A3Dev1015CheckExchangePricesMB@cb644e</td></tr>
<tr>
<td title='testcases.A3Dev1015CheckExchangePricesMB.checkBidExchangePriceM2()'><b>checkBidExchangePriceM2</b><br>Test class: testcases.A3Dev1015CheckExchangePricesMB ()<br>Parameters: false, CD101V - Pagina 4-5, 4.125,00, 20,63, 5.000,00, 25,00</td>
<td></td>
<td>0</td>
<td>testcases.A3Dev1015CheckExchangePricesMB@cb644e</td></tr>
<tr>
<td title='testcases.A3Dev1015CheckExchangePricesMB.checkBidExchangePriceM2()'><b>checkBidExchangePriceM2</b><br>Test class: testcases.A3Dev1015CheckExchangePricesMB ()<br>Parameters: false, CD101V - Voorpagina, 4.125,00, 20,63, 5.000,00, 25,00</td>
<td></td>
<td>0</td>
<td>testcases.A3Dev1015CheckExchangePricesMB@cb644e</td></tr>
<tr>
<td title='testcases.A3Dev1015CheckExchangePricesMB.checkBidExchangePriceM2()'><b>checkBidExchangePriceM2</b><br>Test class: testcases.A3Dev1015CheckExchangePricesMB ()<br>Parameters: false, CD102VS - Pagina 2, 2.062,50, 10,31, 2.500,00, 12,50</td>
<td></td>
<td>0</td>
<td>testcases.A3Dev1015CheckExchangePricesMB@cb644e</td></tr>
<tr>
<td title='testcases.A3Dev1015CheckExchangePricesMB.checkBidExchangePriceM2()'><b>checkBidExchangePriceM2</b><br>Test class: testcases.A3Dev1015CheckExchangePricesMB ()<br>Parameters: false, CD102VL - Pagina 2, 2.062,50, 10,31, 2.500,00, 12,50</td>
<td></td>
<td>0</td>
<td>testcases.A3Dev1015CheckExchangePricesMB@cb644e</td></tr>
<tr>
<td title='testcases.A3Dev1015CheckExchangePricesMB.checkBidExchangePriceM2()'><b>checkBidExchangePriceM2</b><br>Test class: testcases.A3Dev1015CheckExchangePricesMB ()<br>Parameters: false, CD102VS - Pagina 3, 2.062,50, 10,31, 2.500,00, 12,50</td>
<td></td>
<td>0</td>
<td>testcases.A3Dev1015CheckExchangePricesMB@cb644e</td></tr>
<tr>
<td title='testcases.A3Dev1015CheckExchangePricesMB.checkBidExchangePriceM2()'><b>checkBidExchangePriceM2</b><br>Test class: testcases.A3Dev1015CheckExchangePricesMB ()<br>Parameters: false, CD102VL - Pagina 3, 2.062,50, 10,31, 2.500,00, 12,50</td>
<td></td>
<td>0</td>
<td>testcases.A3Dev1015CheckExchangePricesMB@cb644e</td></tr>
<tr>
<td title='testcases.A3Dev1015CheckExchangePricesMB.checkBidExchangePriceM2()'><b>checkBidExchangePriceM2</b><br>Test class: testcases.A3Dev1015CheckExchangePricesMB ()<br>Parameters: false, CD102VS - Pagina 4-5, 2.062,50, 10,31, 2.500,00, 12,50</td>
<td></td>
<td>0</td>
<td>testcases.A3Dev1015CheckExchangePricesMB@cb644e</td></tr>
<tr>
<td title='testcases.A3Dev1015CheckExchangePricesMB.checkBidExchangePriceM2()'><b>checkBidExchangePriceM2</b><br>Test class: testcases.A3Dev1015CheckExchangePricesMB ()<br>Parameters: false, CD102VL - Pagina 4-5, 2.062,50, 10,31, 2.500,00, 12,50</td>
<td></td>
<td>0</td>
<td>testcases.A3Dev1015CheckExchangePricesMB@cb644e</td></tr>
<tr>
<td title='testcases.A3Dev1015CheckExchangePricesMB.checkBidExchangePriceM2()'><b>checkBidExchangePriceM2</b><br>Test class: testcases.A3Dev1015CheckExchangePricesMB ()<br>Parameters: false, CD102VS - Voorpagina, 2.062,50, 10,31, 2.500,00, 12,50</td>
<td></td>
<td>0</td>
<td>testcases.A3Dev1015CheckExchangePricesMB@cb644e</td></tr>
<tr>
<td title='testcases.A3Dev1015CheckExchangePricesMB.checkBidExchangePriceM2()'><b>checkBidExchangePriceM2</b><br>Test class: testcases.A3Dev1015CheckExchangePricesMB ()<br>Parameters: false, CD102VL - Voorpagina, 2.062,50, 10,31, 2.500,00, 12,50</td>
<td></td>
<td>0</td>
<td>testcases.A3Dev1015CheckExchangePricesMB@cb644e</td></tr>
<tr>
<td title='testcases.A3Dev999CheckExchangePricesADV.checkBidExchangePriceM2()'><b>checkBidExchangePriceM2</b><br>Test class: testcases.A3Dev999CheckExchangePricesADV ()<br>Parameters: false, CD101V - Pagina 2, 4.125,00, 20,63, 5.000,00, 25,00</td>
<td></td>
<td>0</td>
<td>testcases.A3Dev999CheckExchangePricesADV@31dc339b</td></tr>
<tr>
<td title='testcases.A3Dev999CheckExchangePricesADV.checkBidExchangePriceM2()'><b>checkBidExchangePriceM2</b><br>Test class: testcases.A3Dev999CheckExchangePricesADV ()<br>Parameters: false, CD101V - Pagina 3, 4.125,00, 20,63, 5.000,00, 25,00</td>
<td></td>
<td>0</td>
<td>testcases.A3Dev999CheckExchangePricesADV@31dc339b</td></tr>
<tr>
<td title='testcases.A3Dev999CheckExchangePricesADV.checkBidExchangePriceM2()'><b>checkBidExchangePriceM2</b><br>Test class: testcases.A3Dev999CheckExchangePricesADV ()<br>Parameters: false, CD101V - Pagina 4-5, 4.125,00, 20,63, 5.000,00, 25,00</td>
<td></td>
<td>0</td>
<td>testcases.A3Dev999CheckExchangePricesADV@31dc339b</td></tr>
<tr>
<td title='testcases.A3Dev999CheckExchangePricesADV.checkBidExchangePriceM2()'><b>checkBidExchangePriceM2</b><br>Test class: testcases.A3Dev999CheckExchangePricesADV ()<br>Parameters: false, CD101V - Voorpagina, 4.125,00, 20,63, 5.000,00, 25,00</td>
<td></td>
<td>0</td>
<td>testcases.A3Dev999CheckExchangePricesADV@31dc339b</td></tr>
<tr>
<td title='testcases.A3Dev999CheckExchangePricesADV.checkBidExchangePriceM2()'><b>checkBidExchangePriceM2</b><br>Test class: testcases.A3Dev999CheckExchangePricesADV ()<br>Parameters: false, CD102VS - Pagina 2, 2.062,50, 10,31, 2.500,00, 12,50</td>
<td></td>
<td>0</td>
<td>testcases.A3Dev999CheckExchangePricesADV@31dc339b</td></tr>
<tr>
<td title='testcases.A3Dev999CheckExchangePricesADV.checkBidExchangePriceM2()'><b>checkBidExchangePriceM2</b><br>Test class: testcases.A3Dev999CheckExchangePricesADV ()<br>Parameters: false, CD102VL - Pagina 2, 2.062,50, 10,31, 2.500,00, 12,50</td>
<td></td>
<td>0</td>
<td>testcases.A3Dev999CheckExchangePricesADV@31dc339b</td></tr>
<tr>
<td title='testcases.A3Dev999CheckExchangePricesADV.checkBidExchangePriceM2()'><b>checkBidExchangePriceM2</b><br>Test class: testcases.A3Dev999CheckExchangePricesADV ()<br>Parameters: false, CD102VS - Pagina 3, 2.062,50, 10,31, 2.500,00, 12,50</td>
<td></td>
<td>0</td>
<td>testcases.A3Dev999CheckExchangePricesADV@31dc339b</td></tr>
<tr>
<td title='testcases.A3Dev999CheckExchangePricesADV.checkBidExchangePriceM2()'><b>checkBidExchangePriceM2</b><br>Test class: testcases.A3Dev999CheckExchangePricesADV ()<br>Parameters: false, CD102VL - Pagina 3, 2.062,50, 10,31, 2.500,00, 12,50</td>
<td></td>
<td>0</td>
<td>testcases.A3Dev999CheckExchangePricesADV@31dc339b</td></tr>
<tr>
<td title='testcases.A3Dev999CheckExchangePricesADV.checkBidExchangePriceM2()'><b>checkBidExchangePriceM2</b><br>Test class: testcases.A3Dev999CheckExchangePricesADV ()<br>Parameters: false, CD102VS - Pagina 4-5, 2.062,50, 10,31, 2.500,00, 12,50</td>
<td></td>
<td>0</td>
<td>testcases.A3Dev999CheckExchangePricesADV@31dc339b</td></tr>
<tr>
<td title='testcases.A3Dev999CheckExchangePricesADV.checkBidExchangePriceM2()'><b>checkBidExchangePriceM2</b><br>Test class: testcases.A3Dev999CheckExchangePricesADV ()<br>Parameters: false, CD102VL - Pagina 4-5, 2.062,50, 10,31, 2.500,00, 12,50</td>
<td></td>
<td>0</td>
<td>testcases.A3Dev999CheckExchangePricesADV@31dc339b</td></tr>
<tr>
<td title='testcases.A3Dev999CheckExchangePricesADV.checkBidExchangePriceM2()'><b>checkBidExchangePriceM2</b><br>Test class: testcases.A3Dev999CheckExchangePricesADV ()<br>Parameters: false, CD102VS - Voorpagina, 2.062,50, 10,31, 2.500,00, 12,50</td>
<td></td>
<td>0</td>
<td>testcases.A3Dev999CheckExchangePricesADV@31dc339b</td></tr>
<tr>
<td title='testcases.A3Dev999CheckExchangePricesADV.checkBidExchangePriceM2()'><b>checkBidExchangePriceM2</b><br>Test class: testcases.A3Dev999CheckExchangePricesADV ()<br>Parameters: false, CD102VL - Voorpagina, 2.062,50, 10,31, 2.500,00, 12,50</td>
<td></td>
<td>0</td>
<td>testcases.A3Dev999CheckExchangePricesADV@31dc339b</td></tr>
<tr>
<td title='testcases.A3Dev998CheckExchangePricesADV2.checkBidExchangePriceM2()'><b>checkBidExchangePriceM2</b><br>Test class: testcases.A3Dev998CheckExchangePricesADV2 ()<br>Parameters: false, CD101V - Pagina 2, 4.125,00, 20,63, 5.000,00, 25,00</td>
<td></td>
<td>0</td>
<td>testcases.A3Dev998CheckExchangePricesADV2@55d56113</td></tr>
<tr>
<td title='testcases.A3Dev998CheckExchangePricesADV2.checkBidExchangePriceM2()'><b>checkBidExchangePriceM2</b><br>Test class: testcases.A3Dev998CheckExchangePricesADV2 ()<br>Parameters: false, CD101V - Pagina 3, 4.125,00, 20,63, 5.000,00, 25,00</td>
<td></td>
<td>0</td>
<td>testcases.A3Dev998CheckExchangePricesADV2@55d56113</td></tr>
<tr>
<td title='testcases.A3Dev998CheckExchangePricesADV2.checkBidExchangePriceM2()'><b>checkBidExchangePriceM2</b><br>Test class: testcases.A3Dev998CheckExchangePricesADV2 ()<br>Parameters: false, CD101V - Pagina 4-5, 4.125,00, 20,63, 5.000,00, 25,00</td>
<td></td>
<td>0</td>
<td>testcases.A3Dev998CheckExchangePricesADV2@55d56113</td></tr>
<tr>
<td title='testcases.A3Dev998CheckExchangePricesADV2.checkBidExchangePriceM2()'><b>checkBidExchangePriceM2</b><br>Test class: testcases.A3Dev998CheckExchangePricesADV2 ()<br>Parameters: false, CD101V - Voorpagina, 4.125,00, 20,63, 5.000,00, 25,00</td>
<td></td>
<td>0</td>
<td>testcases.A3Dev998CheckExchangePricesADV2@55d56113</td></tr>
<tr>
<td title='testcases.A3Dev998CheckExchangePricesADV2.checkBidExchangePriceM2()'><b>checkBidExchangePriceM2</b><br>Test class: testcases.A3Dev998CheckExchangePricesADV2 ()<br>Parameters: false, CD102VS - Pagina 2, 2.062,50, 10,31, 2.500,00, 12,50</td>
<td></td>
<td>0</td>
<td>testcases.A3Dev998CheckExchangePricesADV2@55d56113</td></tr>
<tr>
<td title='testcases.A3Dev998CheckExchangePricesADV2.checkBidExchangePriceM2()'><b>checkBidExchangePriceM2</b><br>Test class: testcases.A3Dev998CheckExchangePricesADV2 ()<br>Parameters: false, CD102VL - Pagina 2, 2.062,50, 10,31, 2.500,00, 12,50</td>
<td></td>
<td>0</td>
<td>testcases.A3Dev998CheckExchangePricesADV2@55d56113</td></tr>
<tr>
<td title='testcases.A3Dev998CheckExchangePricesADV2.checkBidExchangePriceM2()'><b>checkBidExchangePriceM2</b><br>Test class: testcases.A3Dev998CheckExchangePricesADV2 ()<br>Parameters: false, CD102VS - Pagina 3, 2.062,50, 10,31, 2.500,00, 12,50</td>
<td></td>
<td>0</td>
<td>testcases.A3Dev998CheckExchangePricesADV2@55d56113</td></tr>
<tr>
<td title='testcases.A3Dev998CheckExchangePricesADV2.checkBidExchangePriceM2()'><b>checkBidExchangePriceM2</b><br>Test class: testcases.A3Dev998CheckExchangePricesADV2 ()<br>Parameters: false, CD102VL - Pagina 3, 2.062,50, 10,31, 2.500,00, 12,50</td>
<td></td>
<td>0</td>
<td>testcases.A3Dev998CheckExchangePricesADV2@55d56113</td></tr>
<tr>
<td title='testcases.A3Dev998CheckExchangePricesADV2.checkBidExchangePriceM2()'><b>checkBidExchangePriceM2</b><br>Test class: testcases.A3Dev998CheckExchangePricesADV2 ()<br>Parameters: false, CD102VS - Pagina 4-5, 2.062,50, 10,31, 2.500,00, 12,50</td>
<td></td>
<td>0</td>
<td>testcases.A3Dev998CheckExchangePricesADV2@55d56113</td></tr>
<tr>
<td title='testcases.A3Dev998CheckExchangePricesADV2.checkBidExchangePriceM2()'><b>checkBidExchangePriceM2</b><br>Test class: testcases.A3Dev998CheckExchangePricesADV2 ()<br>Parameters: false, CD102VL - Pagina 4-5, 2.062,50, 10,31, 2.500,00, 12,50</td>
<td></td>
<td>0</td>
<td>testcases.A3Dev998CheckExchangePricesADV2@55d56113</td></tr>
<tr>
<td title='testcases.A3Dev998CheckExchangePricesADV2.checkBidExchangePriceM2()'><b>checkBidExchangePriceM2</b><br>Test class: testcases.A3Dev998CheckExchangePricesADV2 ()<br>Parameters: false, CD102VS - Voorpagina, 2.062,50, 10,31, 2.500,00, 12,50</td>
<td></td>
<td>0</td>
<td>testcases.A3Dev998CheckExchangePricesADV2@55d56113</td></tr>
<tr>
<td title='testcases.A3Dev998CheckExchangePricesADV2.checkBidExchangePriceM2()'><b>checkBidExchangePriceM2</b><br>Test class: testcases.A3Dev998CheckExchangePricesADV2 ()<br>Parameters: false, CD102VL - Voorpagina, 2.062,50, 10,31, 2.500,00, 12,50</td>
<td></td>
<td>0</td>
<td>testcases.A3Dev998CheckExchangePricesADV2@55d56113</td></tr>
<tr>
<td title='testcases.A3Dev1015CheckExchangePricesMB.checkBuyNowExchangePrice()'><b>checkBuyNowExchangePrice</b><br>Test class: testcases.A3Dev1015CheckExchangePricesMB ()<br>Parameters: CD101V - Cover 2, 3.150,00, 15,75</td>
<td></td>
<td>0</td>
<td>testcases.A3Dev1015CheckExchangePricesMB@cb644e</td></tr>
<tr>
<td title='testcases.A3Dev1015CheckExchangePricesMB.checkBuyNowExchangePrice()'><b>checkBuyNowExchangePrice</b><br>Test class: testcases.A3Dev1015CheckExchangePricesMB ()<br>Parameters: CD102VS - Cover 2, 2.062,50, 10,31</td>
<td></td>
<td>0</td>
<td>testcases.A3Dev1015CheckExchangePricesMB@cb644e</td></tr>
<tr>
<td title='testcases.A3Dev1015CheckExchangePricesMB.checkBuyNowExchangePrice()'><b>checkBuyNowExchangePrice</b><br>Test class: testcases.A3Dev1015CheckExchangePricesMB ()<br>Parameters: CD102VL - Cover 2, 2.062,50, 10,31</td>
<td></td>
<td>0</td>
<td>testcases.A3Dev1015CheckExchangePricesMB@cb644e</td></tr>
<tr>
<td title='testcases.A3Dev1015CheckExchangePricesMB.checkBuyNowExchangePrice()'><b>checkBuyNowExchangePrice</b><br>Test class: testcases.A3Dev1015CheckExchangePricesMB ()<br>Parameters: CD102VS - Cover 3, 2.062,50, 10,31</td>
<td></td>
<td>0</td>
<td>testcases.A3Dev1015CheckExchangePricesMB@cb644e</td></tr>
<tr>
<td title='testcases.A3Dev1015CheckExchangePricesMB.checkBuyNowExchangePrice()'><b>checkBuyNowExchangePrice</b><br>Test class: testcases.A3Dev1015CheckExchangePricesMB ()<br>Parameters: CD102VL - Cover 3, 2.062,50, 10,31</td>
<td></td>
<td>0</td>
<td>testcases.A3Dev1015CheckExchangePricesMB@cb644e</td></tr>
<tr>
<td title='testcases.A3Dev1015CheckExchangePricesMB.checkBuyNowExchangePrice()'><b>checkBuyNowExchangePrice</b><br>Test class: testcases.A3Dev1015CheckExchangePricesMB ()<br>Parameters: CD101V - Cover 3, 4.125,00, 20,63</td>
<td></td>
<td>0</td>
<td>testcases.A3Dev1015CheckExchangePricesMB@cb644e</td></tr>
<tr>
<td title='testcases.A3Dev999CheckExchangePricesADV.checkBuyNowExchangePrice()'><b>checkBuyNowExchangePrice</b><br>Test class: testcases.A3Dev999CheckExchangePricesADV ()<br>Parameters: CD101V - Cover 2, 1.575,00, 7,88</td>
<td></td>
<td>0</td>
<td>testcases.A3Dev999CheckExchangePricesADV@31dc339b</td></tr>
<tr>
<td title='testcases.A3Dev999CheckExchangePricesADV.checkBuyNowExchangePrice()'><b>checkBuyNowExchangePrice</b><br>Test class: testcases.A3Dev999CheckExchangePricesADV ()<br>Parameters: CD102VS - Cover 2, 1.031,25, 5,16</td>
<td></td>
<td>0</td>
<td>testcases.A3Dev999CheckExchangePricesADV@31dc339b</td></tr>
<tr>
<td title='testcases.A3Dev999CheckExchangePricesADV.checkBuyNowExchangePrice()'><b>checkBuyNowExchangePrice</b><br>Test class: testcases.A3Dev999CheckExchangePricesADV ()<br>Parameters: CD102VL - Cover 2, 1.031,25, 5,16</td>
<td></td>
<td>0</td>
<td>testcases.A3Dev999CheckExchangePricesADV@31dc339b</td></tr>
<tr>
<td title='testcases.A3Dev999CheckExchangePricesADV.checkBuyNowExchangePrice()'><b>checkBuyNowExchangePrice</b><br>Test class: testcases.A3Dev999CheckExchangePricesADV ()<br>Parameters: CD102VS - Cover 3, 1.031,25, 5,16</td>
<td></td>
<td>0</td>
<td>testcases.A3Dev999CheckExchangePricesADV@31dc339b</td></tr>
<tr>
<td title='testcases.A3Dev999CheckExchangePricesADV.checkBuyNowExchangePrice()'><b>checkBuyNowExchangePrice</b><br>Test class: testcases.A3Dev999CheckExchangePricesADV ()<br>Parameters: CD102VL - Cover 3, 1.031,25, 5,16</td>
<td></td>
<td>0</td>
<td>testcases.A3Dev999CheckExchangePricesADV@31dc339b</td></tr>
<tr>
<td title='testcases.A3Dev999CheckExchangePricesADV.checkBuyNowExchangePrice()'><b>checkBuyNowExchangePrice</b><br>Test class: testcases.A3Dev999CheckExchangePricesADV ()<br>Parameters: CD101V - Cover 3, 2.062,50, 10,31</td>
<td></td>
<td>0</td>
<td>testcases.A3Dev999CheckExchangePricesADV@31dc339b</td></tr>
<tr>
<td title='testcases.A3Dev998CheckExchangePricesADV2.checkBuyNowExchangePrice()'><b>checkBuyNowExchangePrice</b><br>Test class: testcases.A3Dev998CheckExchangePricesADV2 ()<br>Parameters: CD101V - Cover 2, 1.875,00, 9,38</td>
<td></td>
<td>0</td>
<td>testcases.A3Dev998CheckExchangePricesADV2@55d56113</td></tr>
<tr>
<td title='testcases.A3Dev998CheckExchangePricesADV2.checkBuyNowExchangePrice()'><b>checkBuyNowExchangePrice</b><br>Test class: testcases.A3Dev998CheckExchangePricesADV2 ()<br>Parameters: CD102VS - Cover 2, 937,50, 4,69</td>
<td></td>
<td>0</td>
<td>testcases.A3Dev998CheckExchangePricesADV2@55d56113</td></tr>
<tr>
<td title='testcases.A3Dev998CheckExchangePricesADV2.checkBuyNowExchangePrice()'><b>checkBuyNowExchangePrice</b><br>Test class: testcases.A3Dev998CheckExchangePricesADV2 ()<br>Parameters: CD102VL - Cover 2, 937,50, 4,69</td>
<td></td>
<td>0</td>
<td>testcases.A3Dev998CheckExchangePricesADV2@55d56113</td></tr>
<tr>
<td title='testcases.A3Dev998CheckExchangePricesADV2.checkBuyNowExchangePrice()'><b>checkBuyNowExchangePrice</b><br>Test class: testcases.A3Dev998CheckExchangePricesADV2 ()<br>Parameters: CD102VS - Cover 3, 937,50, 4,69</td>
<td></td>
<td>0</td>
<td>testcases.A3Dev998CheckExchangePricesADV2@55d56113</td></tr>
<tr>
<td title='testcases.A3Dev998CheckExchangePricesADV2.checkBuyNowExchangePrice()'><b>checkBuyNowExchangePrice</b><br>Test class: testcases.A3Dev998CheckExchangePricesADV2 ()<br>Parameters: CD102VL - Cover 3, 937,50, 4,69</td>
<td></td>
<td>0</td>
<td>testcases.A3Dev998CheckExchangePricesADV2@55d56113</td></tr>
<tr>
<td title='testcases.A3Dev998CheckExchangePricesADV2.checkBuyNowExchangePrice()'><b>checkBuyNowExchangePrice</b><br>Test class: testcases.A3Dev998CheckExchangePricesADV2 ()<br>Parameters: CD101V - Cover 3, 1.875,00, 9,38</td>
<td></td>
<td>0</td>
<td>testcases.A3Dev998CheckExchangePricesADV2@55d56113</td></tr>
<tr>
<td title='testcases.A3Dev1015CheckExchangePricesMB.checkBuyNowExchangePriceCampaign2()'><b>checkBuyNowExchangePriceCampaign2</b><br>Test class: testcases.A3Dev1015CheckExchangePricesMB ()<br>Parameters: CD101V - Cover 2, 1.875,00, 9,38</td>
<td></td>
<td>0</td>
<td>testcases.A3Dev1015CheckExchangePricesMB@cb644e</td></tr>
<tr>
<td title='testcases.A3Dev1015CheckExchangePricesMB.checkBuyNowExchangePriceCampaign2()'><b>checkBuyNowExchangePriceCampaign2</b><br>Test class: testcases.A3Dev1015CheckExchangePricesMB ()<br>Parameters: CD102VS - Cover 2, 937,50, 4,69</td>
<td></td>
<td>0</td>
<td>testcases.A3Dev1015CheckExchangePricesMB@cb644e</td></tr>
<tr>
<td title='testcases.A3Dev1015CheckExchangePricesMB.checkBuyNowExchangePriceCampaign2()'><b>checkBuyNowExchangePriceCampaign2</b><br>Test class: testcases.A3Dev1015CheckExchangePricesMB ()<br>Parameters: CD102VL - Cover 2, 937,50, 4,69</td>
<td></td>
<td>0</td>
<td>testcases.A3Dev1015CheckExchangePricesMB@cb644e</td></tr>
<tr>
<td title='testcases.A3Dev1015CheckExchangePricesMB.checkBuyNowExchangePriceCampaign2()'><b>checkBuyNowExchangePriceCampaign2</b><br>Test class: testcases.A3Dev1015CheckExchangePricesMB ()<br>Parameters: CD102VS - Cover 3, 937,50, 4,69</td>
<td></td>
<td>0</td>
<td>testcases.A3Dev1015CheckExchangePricesMB@cb644e</td></tr>
<tr>
<td title='testcases.A3Dev1015CheckExchangePricesMB.checkBuyNowExchangePriceCampaign2()'><b>checkBuyNowExchangePriceCampaign2</b><br>Test class: testcases.A3Dev1015CheckExchangePricesMB ()<br>Parameters: CD102VL - Cover 3, 937,50, 4,69</td>
<td></td>
<td>0</td>
<td>testcases.A3Dev1015CheckExchangePricesMB@cb644e</td></tr>
<tr>
<td title='testcases.A3Dev1015CheckExchangePricesMB.checkBuyNowExchangePriceCampaign2()'><b>checkBuyNowExchangePriceCampaign2</b><br>Test class: testcases.A3Dev1015CheckExchangePricesMB ()<br>Parameters: CD101V - Cover 3, 1.875,00, 9,38</td>
<td></td>
<td>0</td>
<td>testcases.A3Dev1015CheckExchangePricesMB@cb644e</td></tr>
<tr>
<td title='testcases.A3Dev1015CheckExchangePricesMB.checkBuyNowExchangePriceM2()'><b>checkBuyNowExchangePriceM2</b><br>Test class: testcases.A3Dev1015CheckExchangePricesMB ()<br>Parameters: CD101V - Pagina 2, 4.125,00, 20,63</td>
<td></td>
<td>0</td>
<td>testcases.A3Dev1015CheckExchangePricesMB@cb644e</td></tr>
<tr>
<td title='testcases.A3Dev1015CheckExchangePricesMB.checkBuyNowExchangePriceM2()'><b>checkBuyNowExchangePriceM2</b><br>Test class: testcases.A3Dev1015CheckExchangePricesMB ()<br>Parameters: CD101V - Pagina 3, 4.125,00, 20,63</td>
<td></td>
<td>0</td>
<td>testcases.A3Dev1015CheckExchangePricesMB@cb644e</td></tr>
<tr>
<td title='testcases.A3Dev1015CheckExchangePricesMB.checkBuyNowExchangePriceM2()'><b>checkBuyNowExchangePriceM2</b><br>Test class: testcases.A3Dev1015CheckExchangePricesMB ()<br>Parameters: CD101V - Pagina 4-5, 4.125,00, 20,63</td>
<td></td>
<td>0</td>
<td>testcases.A3Dev1015CheckExchangePricesMB@cb644e</td></tr>
<tr>
<td title='testcases.A3Dev1015CheckExchangePricesMB.checkBuyNowExchangePriceM2()'><b>checkBuyNowExchangePriceM2</b><br>Test class: testcases.A3Dev1015CheckExchangePricesMB ()<br>Parameters: CD101V - Voorpagina, 4.125,00, 20,63</td>
<td></td>
<td>0</td>
<td>testcases.A3Dev1015CheckExchangePricesMB@cb644e</td></tr>
<tr>
<td title='testcases.A3Dev1015CheckExchangePricesMB.checkBuyNowExchangePriceM2()'><b>checkBuyNowExchangePriceM2</b><br>Test class: testcases.A3Dev1015CheckExchangePricesMB ()<br>Parameters: CD102VS - Pagina 2, 2.062,50, 10,31</td>
<td></td>
<td>0</td>
<td>testcases.A3Dev1015CheckExchangePricesMB@cb644e</td></tr>
<tr>
<td title='testcases.A3Dev1015CheckExchangePricesMB.checkBuyNowExchangePriceM2()'><b>checkBuyNowExchangePriceM2</b><br>Test class: testcases.A3Dev1015CheckExchangePricesMB ()<br>Parameters: CD102VL - Pagina 2, 2.062,50, 10,31</td>
<td></td>
<td>0</td>
<td>testcases.A3Dev1015CheckExchangePricesMB@cb644e</td></tr>
<tr>
<td title='testcases.A3Dev1015CheckExchangePricesMB.checkBuyNowExchangePriceM2()'><b>checkBuyNowExchangePriceM2</b><br>Test class: testcases.A3Dev1015CheckExchangePricesMB ()<br>Parameters: CD102VS - Pagina 3, 2.062,50, 10,31</td>
<td></td>
<td>0</td>
<td>testcases.A3Dev1015CheckExchangePricesMB@cb644e</td></tr>
<tr>
<td title='testcases.A3Dev1015CheckExchangePricesMB.checkBuyNowExchangePriceM2()'><b>checkBuyNowExchangePriceM2</b><br>Test class: testcases.A3Dev1015CheckExchangePricesMB ()<br>Parameters: CD102VL - Pagina 3, 2.062,50, 10,31</td>
<td></td>
<td>0</td>
<td>testcases.A3Dev1015CheckExchangePricesMB@cb644e</td></tr>
<tr>
<td title='testcases.A3Dev1015CheckExchangePricesMB.checkBuyNowExchangePriceM2()'><b>checkBuyNowExchangePriceM2</b><br>Test class: testcases.A3Dev1015CheckExchangePricesMB ()<br>Parameters: CD102VS - Pagina 4-5, 2.062,50, 10,31</td>
<td></td>
<td>0</td>
<td>testcases.A3Dev1015CheckExchangePricesMB@cb644e</td></tr>
<tr>
<td title='testcases.A3Dev1015CheckExchangePricesMB.checkBuyNowExchangePriceM2()'><b>checkBuyNowExchangePriceM2</b><br>Test class: testcases.A3Dev1015CheckExchangePricesMB ()<br>Parameters: CD102VL - Pagina 4-5, 2.062,50, 10,31</td>
<td></td>
<td>0</td>
<td>testcases.A3Dev1015CheckExchangePricesMB@cb644e</td></tr>
<tr>
<td title='testcases.A3Dev1015CheckExchangePricesMB.checkBuyNowExchangePriceM2()'><b>checkBuyNowExchangePriceM2</b><br>Test class: testcases.A3Dev1015CheckExchangePricesMB ()<br>Parameters: CD102VS - Voorpagina, 2.062,50, 10,31</td>
<td></td>
<td>0</td>
<td>testcases.A3Dev1015CheckExchangePricesMB@cb644e</td></tr>
<tr>
<td title='testcases.A3Dev1015CheckExchangePricesMB.checkBuyNowExchangePriceM2()'><b>checkBuyNowExchangePriceM2</b><br>Test class: testcases.A3Dev1015CheckExchangePricesMB ()<br>Parameters: CD102VL - Voorpagina, 2.062,50, 10,31</td>
<td></td>
<td>0</td>
<td>testcases.A3Dev1015CheckExchangePricesMB@cb644e</td></tr>
<tr>
<td title='testcases.A3Dev999CheckExchangePricesADV.checkBuyNowExchangePriceM2()'><b>checkBuyNowExchangePriceM2</b><br>Test class: testcases.A3Dev999CheckExchangePricesADV ()<br>Parameters: CD101V - Pagina 2, 4.125,00, 20,63</td>
<td></td>
<td>0</td>
<td>testcases.A3Dev999CheckExchangePricesADV@31dc339b</td></tr>
<tr>
<td title='testcases.A3Dev999CheckExchangePricesADV.checkBuyNowExchangePriceM2()'><b>checkBuyNowExchangePriceM2</b><br>Test class: testcases.A3Dev999CheckExchangePricesADV ()<br>Parameters: CD101V - Pagina 3, 4.125,00, 20,63</td>
<td></td>
<td>0</td>
<td>testcases.A3Dev999CheckExchangePricesADV@31dc339b</td></tr>
<tr>
<td title='testcases.A3Dev999CheckExchangePricesADV.checkBuyNowExchangePriceM2()'><b>checkBuyNowExchangePriceM2</b><br>Test class: testcases.A3Dev999CheckExchangePricesADV ()<br>Parameters: CD101V - Pagina 4-5, 4.125,00, 20,63</td>
<td></td>
<td>0</td>
<td>testcases.A3Dev999CheckExchangePricesADV@31dc339b</td></tr>
<tr>
<td title='testcases.A3Dev999CheckExchangePricesADV.checkBuyNowExchangePriceM2()'><b>checkBuyNowExchangePriceM2</b><br>Test class: testcases.A3Dev999CheckExchangePricesADV ()<br>Parameters: CD101V - Voorpagina, 4.125,00, 20,63</td>
<td></td>
<td>0</td>
<td>testcases.A3Dev999CheckExchangePricesADV@31dc339b</td></tr>
<tr>
<td title='testcases.A3Dev999CheckExchangePricesADV.checkBuyNowExchangePriceM2()'><b>checkBuyNowExchangePriceM2</b><br>Test class: testcases.A3Dev999CheckExchangePricesADV ()<br>Parameters: CD102VS - Pagina 2, 2.062,50, 10,31</td>
<td></td>
<td>0</td>
<td>testcases.A3Dev999CheckExchangePricesADV@31dc339b</td></tr>
<tr>
<td title='testcases.A3Dev999CheckExchangePricesADV.checkBuyNowExchangePriceM2()'><b>checkBuyNowExchangePriceM2</b><br>Test class: testcases.A3Dev999CheckExchangePricesADV ()<br>Parameters: CD102VL - Pagina 2, 2.062,50, 10,31</td>
<td></td>
<td>0</td>
<td>testcases.A3Dev999CheckExchangePricesADV@31dc339b</td></tr>
<tr>
<td title='testcases.A3Dev999CheckExchangePricesADV.checkBuyNowExchangePriceM2()'><b>checkBuyNowExchangePriceM2</b><br>Test class: testcases.A3Dev999CheckExchangePricesADV ()<br>Parameters: CD102VS - Pagina 3, 2.062,50, 10,31</td>
<td></td>
<td>0</td>
<td>testcases.A3Dev999CheckExchangePricesADV@31dc339b</td></tr>
<tr>
<td title='testcases.A3Dev999CheckExchangePricesADV.checkBuyNowExchangePriceM2()'><b>checkBuyNowExchangePriceM2</b><br>Test class: testcases.A3Dev999CheckExchangePricesADV ()<br>Parameters: CD102VL - Pagina 3, 2.062,50, 10,31</td>
<td></td>
<td>0</td>
<td>testcases.A3Dev999CheckExchangePricesADV@31dc339b</td></tr>
<tr>
<td title='testcases.A3Dev999CheckExchangePricesADV.checkBuyNowExchangePriceM2()'><b>checkBuyNowExchangePriceM2</b><br>Test class: testcases.A3Dev999CheckExchangePricesADV ()<br>Parameters: CD102VS - Pagina 4-5, 2.062,50, 10,31</td>
<td></td>
<td>0</td>
<td>testcases.A3Dev999CheckExchangePricesADV@31dc339b</td></tr>
<tr>
<td title='testcases.A3Dev999CheckExchangePricesADV.checkBuyNowExchangePriceM2()'><b>checkBuyNowExchangePriceM2</b><br>Test class: testcases.A3Dev999CheckExchangePricesADV ()<br>Parameters: CD102VL - Pagina 4-5, 2.062,50, 10,31</td>
<td></td>
<td>0</td>
<td>testcases.A3Dev999CheckExchangePricesADV@31dc339b</td></tr>
<tr>
<td title='testcases.A3Dev999CheckExchangePricesADV.checkBuyNowExchangePriceM2()'><b>checkBuyNowExchangePriceM2</b><br>Test class: testcases.A3Dev999CheckExchangePricesADV ()<br>Parameters: CD102VS - Voorpagina, 2.062,50, 10,31</td>
<td></td>
<td>0</td>
<td>testcases.A3Dev999CheckExchangePricesADV@31dc339b</td></tr>
<tr>
<td title='testcases.A3Dev999CheckExchangePricesADV.checkBuyNowExchangePriceM2()'><b>checkBuyNowExchangePriceM2</b><br>Test class: testcases.A3Dev999CheckExchangePricesADV ()<br>Parameters: CD102VL - Voorpagina, 2.062,50, 10,31</td>
<td></td>
<td>0</td>
<td>testcases.A3Dev999CheckExchangePricesADV@31dc339b</td></tr>
<tr>
<td title='testcases.A3Dev998CheckExchangePricesADV2.checkBuyNowExchangePriceM2()'><b>checkBuyNowExchangePriceM2</b><br>Test class: testcases.A3Dev998CheckExchangePricesADV2 ()<br>Parameters: CD101V - Pagina 2, 4.125,00, 20,63</td>
<td></td>
<td>0</td>
<td>testcases.A3Dev998CheckExchangePricesADV2@55d56113</td></tr>
<tr>
<td title='testcases.A3Dev998CheckExchangePricesADV2.checkBuyNowExchangePriceM2()'><b>checkBuyNowExchangePriceM2</b><br>Test class: testcases.A3Dev998CheckExchangePricesADV2 ()<br>Parameters: CD101V - Pagina 3, 4.125,00, 20,63</td>
<td></td>
<td>0</td>
<td>testcases.A3Dev998CheckExchangePricesADV2@55d56113</td></tr>
<tr>
<td title='testcases.A3Dev998CheckExchangePricesADV2.checkBuyNowExchangePriceM2()'><b>checkBuyNowExchangePriceM2</b><br>Test class: testcases.A3Dev998CheckExchangePricesADV2 ()<br>Parameters: CD101V - Pagina 4-5, 4.125,00, 20,63</td>
<td></td>
<td>0</td>
<td>testcases.A3Dev998CheckExchangePricesADV2@55d56113</td></tr>
<tr>
<td title='testcases.A3Dev998CheckExchangePricesADV2.checkBuyNowExchangePriceM2()'><b>checkBuyNowExchangePriceM2</b><br>Test class: testcases.A3Dev998CheckExchangePricesADV2 ()<br>Parameters: CD101V - Voorpagina, 4.125,00, 20,63</td>
<td></td>
<td>0</td>
<td>testcases.A3Dev998CheckExchangePricesADV2@55d56113</td></tr>
<tr>
<td title='testcases.A3Dev998CheckExchangePricesADV2.checkBuyNowExchangePriceM2()'><b>checkBuyNowExchangePriceM2</b><br>Test class: testcases.A3Dev998CheckExchangePricesADV2 ()<br>Parameters: CD102VS - Pagina 2, 2.062,50, 10,31</td>
<td></td>
<td>0</td>
<td>testcases.A3Dev998CheckExchangePricesADV2@55d56113</td></tr>
<tr>
<td title='testcases.A3Dev998CheckExchangePricesADV2.checkBuyNowExchangePriceM2()'><b>checkBuyNowExchangePriceM2</b><br>Test class: testcases.A3Dev998CheckExchangePricesADV2 ()<br>Parameters: CD102VL - Pagina 2, 2.062,50, 10,31</td>
<td></td>
<td>0</td>
<td>testcases.A3Dev998CheckExchangePricesADV2@55d56113</td></tr>
<tr>
<td title='testcases.A3Dev998CheckExchangePricesADV2.checkBuyNowExchangePriceM2()'><b>checkBuyNowExchangePriceM2</b><br>Test class: testcases.A3Dev998CheckExchangePricesADV2 ()<br>Parameters: CD102VS - Pagina 3, 2.062,50, 10,31</td>
<td></td>
<td>0</td>
<td>testcases.A3Dev998CheckExchangePricesADV2@55d56113</td></tr>
<tr>
<td title='testcases.A3Dev998CheckExchangePricesADV2.checkBuyNowExchangePriceM2()'><b>checkBuyNowExchangePriceM2</b><br>Test class: testcases.A3Dev998CheckExchangePricesADV2 ()<br>Parameters: CD102VL - Pagina 3, 2.062,50, 10,31</td>
<td></td>
<td>0</td>
<td>testcases.A3Dev998CheckExchangePricesADV2@55d56113</td></tr>
<tr>
<td title='testcases.A3Dev998CheckExchangePricesADV2.checkBuyNowExchangePriceM2()'><b>checkBuyNowExchangePriceM2</b><br>Test class: testcases.A3Dev998CheckExchangePricesADV2 ()<br>Parameters: CD102VS - Pagina 4-5, 2.062,50, 10,31</td>
<td></td>
<td>0</td>
<td>testcases.A3Dev998CheckExchangePricesADV2@55d56113</td></tr>
<tr>
<td title='testcases.A3Dev998CheckExchangePricesADV2.checkBuyNowExchangePriceM2()'><b>checkBuyNowExchangePriceM2</b><br>Test class: testcases.A3Dev998CheckExchangePricesADV2 ()<br>Parameters: CD102VL - Pagina 4-5, 2.062,50, 10,31</td>
<td></td>
<td>0</td>
<td>testcases.A3Dev998CheckExchangePricesADV2@55d56113</td></tr>
<tr>
<td title='testcases.A3Dev998CheckExchangePricesADV2.checkBuyNowExchangePriceM2()'><b>checkBuyNowExchangePriceM2</b><br>Test class: testcases.A3Dev998CheckExchangePricesADV2 ()<br>Parameters: CD102VS - Voorpagina, 2.062,50, 10,31</td>
<td></td>
<td>0</td>
<td>testcases.A3Dev998CheckExchangePricesADV2@55d56113</td></tr>
<tr>
<td title='testcases.A3Dev998CheckExchangePricesADV2.checkBuyNowExchangePriceM2()'><b>checkBuyNowExchangePriceM2</b><br>Test class: testcases.A3Dev998CheckExchangePricesADV2 ()<br>Parameters: CD102VL - Voorpagina, 2.062,50, 10,31</td>
<td></td>
<td>0</td>
<td>testcases.A3Dev998CheckExchangePricesADV2@55d56113</td></tr>
<tr>
<td title='testcases.A3Dev1015CheckExchangePricesMB.checkBuyNowExchangePriceM2Campaign1()'><b>checkBuyNowExchangePriceM2Campaign1</b><br>Test class: testcases.A3Dev1015CheckExchangePricesMB ()<br>Parameters: CD101V - Pagina 2, 4.125,00, 20,63</td>
<td></td>
<td>0</td>
<td>testcases.A3Dev1015CheckExchangePricesMB@cb644e</td></tr>
<tr>
<td title='testcases.A3Dev1015CheckExchangePricesMB.checkBuyNowExchangePriceM2Campaign1()'><b>checkBuyNowExchangePriceM2Campaign1</b><br>Test class: testcases.A3Dev1015CheckExchangePricesMB ()<br>Parameters: CD101V - Pagina 3, 4.125,00, 20,63</td>
<td></td>
<td>0</td>
<td>testcases.A3Dev1015CheckExchangePricesMB@cb644e</td></tr>
<tr>
<td title='testcases.A3Dev1015CheckExchangePricesMB.checkBuyNowExchangePriceM2Campaign1()'><b>checkBuyNowExchangePriceM2Campaign1</b><br>Test class: testcases.A3Dev1015CheckExchangePricesMB ()<br>Parameters: CD101V - Pagina 4-5, 4.125,00, 20,63</td>
<td></td>
<td>0</td>
<td>testcases.A3Dev1015CheckExchangePricesMB@cb644e</td></tr>
<tr>
<td title='testcases.A3Dev1015CheckExchangePricesMB.checkBuyNowExchangePriceM2Campaign1()'><b>checkBuyNowExchangePriceM2Campaign1</b><br>Test class: testcases.A3Dev1015CheckExchangePricesMB ()<br>Parameters: CD101V - Voorpagina, 4.125,00, 20,63</td>
<td></td>
<td>0</td>
<td>testcases.A3Dev1015CheckExchangePricesMB@cb644e</td></tr>
<tr>
<td title='testcases.A3Dev1015CheckExchangePricesMB.checkBuyNowExchangePriceM2Campaign1()'><b>checkBuyNowExchangePriceM2Campaign1</b><br>Test class: testcases.A3Dev1015CheckExchangePricesMB ()<br>Parameters: CD102VS - Pagina 2, 2.062,50, 10,31</td>
<td></td>
<td>0</td>
<td>testcases.A3Dev1015CheckExchangePricesMB@cb644e</td></tr>
<tr>
<td title='testcases.A3Dev1015CheckExchangePricesMB.checkBuyNowExchangePriceM2Campaign1()'><b>checkBuyNowExchangePriceM2Campaign1</b><br>Test class: testcases.A3Dev1015CheckExchangePricesMB ()<br>Parameters: CD102VL - Pagina 2, 2.062,50, 10,31</td>
<td></td>
<td>0</td>
<td>testcases.A3Dev1015CheckExchangePricesMB@cb644e</td></tr>
<tr>
<td title='testcases.A3Dev1015CheckExchangePricesMB.checkBuyNowExchangePriceM2Campaign1()'><b>checkBuyNowExchangePriceM2Campaign1</b><br>Test class: testcases.A3Dev1015CheckExchangePricesMB ()<br>Parameters: CD102VS - Pagina 3, 2.062,50, 10,31</td>
<td></td>
<td>0</td>
<td>testcases.A3Dev1015CheckExchangePricesMB@cb644e</td></tr>
<tr>
<td title='testcases.A3Dev1015CheckExchangePricesMB.checkBuyNowExchangePriceM2Campaign1()'><b>checkBuyNowExchangePriceM2Campaign1</b><br>Test class: testcases.A3Dev1015CheckExchangePricesMB ()<br>Parameters: CD102VL - Pagina 3, 2.062,50, 10,31</td>
<td></td>
<td>0</td>
<td>testcases.A3Dev1015CheckExchangePricesMB@cb644e</td></tr>
<tr>
<td title='testcases.A3Dev1015CheckExchangePricesMB.checkBuyNowExchangePriceM2Campaign1()'><b>checkBuyNowExchangePriceM2Campaign1</b><br>Test class: testcases.A3Dev1015CheckExchangePricesMB ()<br>Parameters: CD102VS - Pagina 4-5, 2.062,50, 10,31</td>
<td></td>
<td>0</td>
<td>testcases.A3Dev1015CheckExchangePricesMB@cb644e</td></tr>
<tr>
<td title='testcases.A3Dev1015CheckExchangePricesMB.checkBuyNowExchangePriceM2Campaign1()'><b>checkBuyNowExchangePriceM2Campaign1</b><br>Test class: testcases.A3Dev1015CheckExchangePricesMB ()<br>Parameters: CD102VL - Pagina 4-5, 2.062,50, 10,31</td>
<td></td>
<td>0</td>
<td>testcases.A3Dev1015CheckExchangePricesMB@cb644e</td></tr>
<tr>
<td title='testcases.A3Dev1015CheckExchangePricesMB.checkBuyNowExchangePriceM2Campaign1()'><b>checkBuyNowExchangePriceM2Campaign1</b><br>Test class: testcases.A3Dev1015CheckExchangePricesMB ()<br>Parameters: CD102VS - Voorpagina, 2.062,50, 10,31</td>
<td></td>
<td>0</td>
<td>testcases.A3Dev1015CheckExchangePricesMB@cb644e</td></tr>
<tr>
<td title='testcases.A3Dev1015CheckExchangePricesMB.checkBuyNowExchangePriceM2Campaign1()'><b>checkBuyNowExchangePriceM2Campaign1</b><br>Test class: testcases.A3Dev1015CheckExchangePricesMB ()<br>Parameters: CD102VL - Voorpagina, 2.062,50, 10,31</td>
<td></td>
<td>0</td>
<td>testcases.A3Dev1015CheckExchangePricesMB@cb644e</td></tr>
<tr>
<td title='testcases.A3Dev1015CheckExchangePricesMB.checkBuyNowExchangePriceM2Campaign2()'><b>checkBuyNowExchangePriceM2Campaign2</b><br>Test class: testcases.A3Dev1015CheckExchangePricesMB ()<br>Parameters: CD101V - Pagina 2, 4.125,00, 20,63</td>
<td></td>
<td>0</td>
<td>testcases.A3Dev1015CheckExchangePricesMB@cb644e</td></tr>
<tr>
<td title='testcases.A3Dev1015CheckExchangePricesMB.checkBuyNowExchangePriceM2Campaign2()'><b>checkBuyNowExchangePriceM2Campaign2</b><br>Test class: testcases.A3Dev1015CheckExchangePricesMB ()<br>Parameters: CD101V - Pagina 3, 4.125,00, 20,63</td>
<td></td>
<td>0</td>
<td>testcases.A3Dev1015CheckExchangePricesMB@cb644e</td></tr>
<tr>
<td title='testcases.A3Dev1015CheckExchangePricesMB.checkBuyNowExchangePriceM2Campaign2()'><b>checkBuyNowExchangePriceM2Campaign2</b><br>Test class: testcases.A3Dev1015CheckExchangePricesMB ()<br>Parameters: CD101V - Pagina 4-5, 4.125,00, 20,63</td>
<td></td>
<td>0</td>
<td>testcases.A3Dev1015CheckExchangePricesMB@cb644e</td></tr>
<tr>
<td title='testcases.A3Dev1015CheckExchangePricesMB.checkBuyNowExchangePriceM2Campaign2()'><b>checkBuyNowExchangePriceM2Campaign2</b><br>Test class: testcases.A3Dev1015CheckExchangePricesMB ()<br>Parameters: CD101V - Voorpagina, 4.125,00, 20,63</td>
<td></td>
<td>0</td>
<td>testcases.A3Dev1015CheckExchangePricesMB@cb644e</td></tr>
<tr>
<td title='testcases.A3Dev1015CheckExchangePricesMB.checkBuyNowExchangePriceM2Campaign2()'><b>checkBuyNowExchangePriceM2Campaign2</b><br>Test class: testcases.A3Dev1015CheckExchangePricesMB ()<br>Parameters: CD102VS - Pagina 2, 2.062,50, 10,31</td>
<td></td>
<td>0</td>
<td>testcases.A3Dev1015CheckExchangePricesMB@cb644e</td></tr>
<tr>
<td title='testcases.A3Dev1015CheckExchangePricesMB.checkBuyNowExchangePriceM2Campaign2()'><b>checkBuyNowExchangePriceM2Campaign2</b><br>Test class: testcases.A3Dev1015CheckExchangePricesMB ()<br>Parameters: CD102VL - Pagina 2, 2.062,50, 10,31</td>
<td></td>
<td>0</td>
<td>testcases.A3Dev1015CheckExchangePricesMB@cb644e</td></tr>
<tr>
<td title='testcases.A3Dev1015CheckExchangePricesMB.checkBuyNowExchangePriceM2Campaign2()'><b>checkBuyNowExchangePriceM2Campaign2</b><br>Test class: testcases.A3Dev1015CheckExchangePricesMB ()<br>Parameters: CD102VS - Pagina 3, 2.062,50, 10,31</td>
<td></td>
<td>0</td>
<td>testcases.A3Dev1015CheckExchangePricesMB@cb644e</td></tr>
<tr>
<td title='testcases.A3Dev1015CheckExchangePricesMB.checkBuyNowExchangePriceM2Campaign2()'><b>checkBuyNowExchangePriceM2Campaign2</b><br>Test class: testcases.A3Dev1015CheckExchangePricesMB ()<br>Parameters: CD102VL - Pagina 3, 2.062,50, 10,31</td>
<td></td>
<td>0</td>
<td>testcases.A3Dev1015CheckExchangePricesMB@cb644e</td></tr>
<tr>
<td title='testcases.A3Dev1015CheckExchangePricesMB.checkBuyNowExchangePriceM2Campaign2()'><b>checkBuyNowExchangePriceM2Campaign2</b><br>Test class: testcases.A3Dev1015CheckExchangePricesMB ()<br>Parameters: CD102VS - Pagina 4-5, 2.062,50, 10,31</td>
<td></td>
<td>0</td>
<td>testcases.A3Dev1015CheckExchangePricesMB@cb644e</td></tr>
<tr>
<td title='testcases.A3Dev1015CheckExchangePricesMB.checkBuyNowExchangePriceM2Campaign2()'><b>checkBuyNowExchangePriceM2Campaign2</b><br>Test class: testcases.A3Dev1015CheckExchangePricesMB ()<br>Parameters: CD102VL - Pagina 4-5, 2.062,50, 10,31</td>
<td></td>
<td>0</td>
<td>testcases.A3Dev1015CheckExchangePricesMB@cb644e</td></tr>
<tr>
<td title='testcases.A3Dev1015CheckExchangePricesMB.checkBuyNowExchangePriceM2Campaign2()'><b>checkBuyNowExchangePriceM2Campaign2</b><br>Test class: testcases.A3Dev1015CheckExchangePricesMB ()<br>Parameters: CD102VS - Voorpagina, 2.062,50, 10,31</td>
<td></td>
<td>0</td>
<td>testcases.A3Dev1015CheckExchangePricesMB@cb644e</td></tr>
<tr>
<td title='testcases.A3Dev1015CheckExchangePricesMB.checkBuyNowExchangePriceM2Campaign2()'><b>checkBuyNowExchangePriceM2Campaign2</b><br>Test class: testcases.A3Dev1015CheckExchangePricesMB ()<br>Parameters: CD102VL - Voorpagina, 2.062,50, 10,31</td>
<td></td>
<td>0</td>
<td>testcases.A3Dev1015CheckExchangePricesMB@cb644e</td></tr>
<tr>
<td title='testcases.A3Dev1015CheckExchangePricesMB.checkBuyNowExchangePriceWithCampaign1()'><b>checkBuyNowExchangePriceWithCampaign1</b><br>Test class: testcases.A3Dev1015CheckExchangePricesMB ()<br>Parameters: CD101V - Cover 2, 1.575,00, 7,88</td>
<td></td>
<td>0</td>
<td>testcases.A3Dev1015CheckExchangePricesMB@cb644e</td></tr>
<tr>
<td title='testcases.A3Dev1015CheckExchangePricesMB.checkBuyNowExchangePriceWithCampaign1()'><b>checkBuyNowExchangePriceWithCampaign1</b><br>Test class: testcases.A3Dev1015CheckExchangePricesMB ()<br>Parameters: CD102VS - Cover 2, 1.031,25, 5,16</td>
<td></td>
<td>0</td>
<td>testcases.A3Dev1015CheckExchangePricesMB@cb644e</td></tr>
<tr>
<td title='testcases.A3Dev1015CheckExchangePricesMB.checkBuyNowExchangePriceWithCampaign1()'><b>checkBuyNowExchangePriceWithCampaign1</b><br>Test class: testcases.A3Dev1015CheckExchangePricesMB ()<br>Parameters: CD102VL - Cover 2, 1.031,25, 5,16</td>
<td></td>
<td>0</td>
<td>testcases.A3Dev1015CheckExchangePricesMB@cb644e</td></tr>
<tr>
<td title='testcases.A3Dev1015CheckExchangePricesMB.checkBuyNowExchangePriceWithCampaign1()'><b>checkBuyNowExchangePriceWithCampaign1</b><br>Test class: testcases.A3Dev1015CheckExchangePricesMB ()<br>Parameters: CD102VS - Cover 3, 1.031,25, 5,16</td>
<td></td>
<td>0</td>
<td>testcases.A3Dev1015CheckExchangePricesMB@cb644e</td></tr>
<tr>
<td title='testcases.A3Dev1015CheckExchangePricesMB.checkBuyNowExchangePriceWithCampaign1()'><b>checkBuyNowExchangePriceWithCampaign1</b><br>Test class: testcases.A3Dev1015CheckExchangePricesMB ()<br>Parameters: CD102VL - Cover 3, 1.031,25, 5,16</td>
<td></td>
<td>0</td>
<td>testcases.A3Dev1015CheckExchangePricesMB@cb644e</td></tr>
<tr>
<td title='testcases.A3Dev1015CheckExchangePricesMB.checkBuyNowExchangePriceWithCampaign1()'><b>checkBuyNowExchangePriceWithCampaign1</b><br>Test class: testcases.A3Dev1015CheckExchangePricesMB ()<br>Parameters: CD101V - Cover 3, 2.062,50, 10,31</td>
<td></td>
<td>0</td>
<td>testcases.A3Dev1015CheckExchangePricesMB@cb644e</td></tr>
<tr>
<td title='testcases.A6Dev1194CampaignBuyMultiple.checkOrderResults()'><b>checkOrderResults</b><br>Test class: testcases.A6Dev1194CampaignBuyMultiple ()<br>Parameters: 04-11-2016, 3uggH1BuyNow2, CD101V - Pagina 2, 3uggH1ADV2, 3uggH1ADV2-Campaign, 4.125,00, Nee, 0,00</td>
<td></td>
<td>0</td>
<td>testcases.A6Dev1194CampaignBuyMultiple@6e1567f1</td></tr>
<tr>
<td title='testcases.A6Dev1194CampaignBuyMultiple.checkOrderResults()'><b>checkOrderResults</b><br>Test class: testcases.A6Dev1194CampaignBuyMultiple ()<br>Parameters: 04-11-2016, 3uggH1BuyNow2, CD101V - Pagina 3, 3uggH1ADV2, 3uggH1ADV2-Campaign, 4.125,00, Nee, 0,00</td>
<td></td>
<td>0</td>
<td>testcases.A6Dev1194CampaignBuyMultiple@6e1567f1</td></tr>
<tr>
<td title='testcases.A6Dev1194CampaignBuyMultiple.checkOrderResults()'><b>checkOrderResults</b><br>Test class: testcases.A6Dev1194CampaignBuyMultiple ()<br>Parameters: 04-11-2016, 3uggH1BuyNow2, CD101V - Pagina 4-5, 3uggH1ADV2, 3uggH1ADV2-Campaign, 4.125,00, Nee, 0,00</td>
<td></td>
<td>0</td>
<td>testcases.A6Dev1194CampaignBuyMultiple@6e1567f1</td></tr>
<tr>
<td title='testcases.A5Dev1102CheckOrders.checkOrderValue()'><b>checkOrderValue</b><br>Test class: testcases.A5Dev1102CheckOrders ()<br>Parameters: 04-11-2016, 3uggH1BuyNow, CD101V - Cover 2, 3uggH1ADV, 3uggH1ADV-Campaign, 1.575,00, Nee, 0,00</td>
<td></td>
<td>0</td>
<td>testcases.A5Dev1102CheckOrders@5cb9f472</td></tr>
<tr>
<td title='testcases.A5Dev1102CheckOrders.checkOrderValue()'><b>checkOrderValue</b><br>Test class: testcases.A5Dev1102CheckOrders ()<br>Parameters: 03-11-2016, 3uggH1BuyNow2, CD102VS - Pagina 3, 3uggH1ADV2, 3uggH1ADV2-Campaign, 2.062,50, Nee, 0,00</td>
<td></td>
<td>0</td>
<td>testcases.A5Dev1102CheckOrders@5cb9f472</td></tr>
<tr>
<td title='testcases.A5Dev1102CheckOrders.checkOrderValue()'><b>checkOrderValue</b><br>Test class: testcases.A5Dev1102CheckOrders ()<br>Parameters: 03-11-2016, 3uggH1BuyNow2, CD101V - Pagina 2, 3uggH1ADV2, 3uggH1ADV2-Campaign, 4.125,00, Nee, 0,00</td>
<td></td>
<td>0</td>
<td>testcases.A5Dev1102CheckOrders@5cb9f472</td></tr>
<tr>
<td title='testcases.A3Dev1079CheckPricesForADV2.checkPrices()'><b>checkPrices</b><br>Test class: testcases.A3Dev1079CheckPricesForADV2 ()<br>Parameters: DefaultBuyNow, defaultSale, CD101V - Pagina 4-5, 5.000,00, 5.500,00, 5.500,00, 0,00, 1.375,00, 0,00, 25,00, 0,00, 4.125,00</td>
<td></td>
<td>10</td>
<td>testcases.A3Dev1079CheckPricesForADV2@dc24521</td></tr>
<tr>
<td title='testcases.A3Dev1079CheckPricesForADV2.checkPrices()'><b>checkPrices</b><br>Test class: testcases.A3Dev1079CheckPricesForADV2 ()<br>Parameters: DefaultBuyNow, defaultSale, CD102VL - Pagina 3, 2.500,00, 2.750,00, 2.750,00, 0,00, 687,50, 0,00, 25,00, 0,00, 2.062,50</td>
<td></td>
<td>10</td>
<td>testcases.A3Dev1079CheckPricesForADV2@dc24521</td></tr>
<tr>
<td title='testcases.A3Dev1079CheckPricesForADV2.checkPrices()'><b>checkPrices</b><br>Test class: testcases.A3Dev1079CheckPricesForADV2 ()<br>Parameters: AnotherSaleOrg, 3uggH1UG2, CD101V - Pagina 4-5, 10.000,00, 11.000,00, 11.000,00, 0,00, 0,00, 0,00, 0,00, 0,00, 11.000,00</td>
<td></td>
<td>14</td>
<td>testcases.A3Dev1079CheckPricesForADV2@dc24521</td></tr>
<tr>
<td title='testcases.A3Dev1079CheckPricesForADV2.checkPrices()'><b>checkPrices</b><br>Test class: testcases.A3Dev1079CheckPricesForADV2 ()<br>Parameters: AnotherSaleOrg, 3uggH1UG2, CD102VL - Pagina 3, 5.000,00, 5.500,00, 5.500,00, 0,00, 0,00, 0,00, 0,00, 0,00, 5.500,00</td>
<td></td>
<td>14</td>
<td>testcases.A3Dev1079CheckPricesForADV2@dc24521</td></tr>
<tr>
<td title='testcases.A3Dev1080CheckPricesForDiffCampaign.checkPrices()'><b>checkPrices</b><br>Test class: testcases.A3Dev1080CheckPricesForDiffCampaign ()<br>Parameters: 3uggH1UG, 1, 6.300,00, 3.150,00, 3.150,00, 1.575,00, 0,00, 50,00, 0,00, 0,00, 1.575,00</td>
<td></td>
<td>18</td>
<td>testcases.A3Dev1080CheckPricesForDiffCampaign@5383967b</td></tr>
<tr>
<td title='testcases.A3Dev1080CheckPricesForDiffCampaign.checkPrices()'><b>checkPrices</b><br>Test class: testcases.A3Dev1080CheckPricesForDiffCampaign ()<br>Parameters: 3uggH1UG, 2, 6.300,00, 3.150,00, 6.300,00, 3.150,00, 0,00, 50,00, 0,00, 0,00, 3.150,00</td>
<td></td>
<td>18</td>
<td>testcases.A3Dev1080CheckPricesForDiffCampaign@5383967b</td></tr>
<tr>
<td title='testcases.A3Dev1080CheckPricesForDiffCampaign.checkPrices()'><b>checkPrices</b><br>Test class: testcases.A3Dev1080CheckPricesForDiffCampaign ()<br>Parameters: 3uggH1Res, 1, 5.000,00, 5.500,00, 5.500,00, 2.750,00, 687,50, 50,00, 25,00, 0,00, 2.062,50</td>
<td></td>
<td>20</td>
<td>testcases.A3Dev1080CheckPricesForDiffCampaign@5383967b</td></tr>
<tr>
<td title='testcases.A3Dev1080CheckPricesForDiffCampaign.checkPrices()'><b>checkPrices</b><br>Test class: testcases.A3Dev1080CheckPricesForDiffCampaign ()<br>Parameters: 3uggH1Res, 2, 5.000,00, 5.500,00, 5.000,00, 2.500,00, 625,00, 50,00, 25,00, 0,00, 1.875,00</td>
<td></td>
<td>18</td>
<td>testcases.A3Dev1080CheckPricesForDiffCampaign@5383967b</td></tr>
<tr>
<td title='testcases.A3Dev1015CheckExchangePricesMB.checkTuesdayExchangePriceM1()'><b>checkTuesdayExchangePriceM1</b><br>Test class: testcases.A3Dev1015CheckExchangePricesMB ()<br>Parameters: CD101V - Cover 2, 1.890,00, 9,45</td>
<td></td>
<td>0</td>
<td>testcases.A3Dev1015CheckExchangePricesMB@cb644e</td></tr>
<tr>
<td title='testcases.A3Dev1015CheckExchangePricesMB.checkTuesdayExchangePriceM1()'><b>checkTuesdayExchangePriceM1</b><br>Test class: testcases.A3Dev1015CheckExchangePricesMB ()<br>Parameters: CD102VS - Cover 2, 1.512,00, 7,56</td>
<td></td>
<td>0</td>
<td>testcases.A3Dev1015CheckExchangePricesMB@cb644e</td></tr>
<tr>
<td title='testcases.A3Dev1015CheckExchangePricesMB.checkTuesdayExchangePriceM1()'><b>checkTuesdayExchangePriceM1</b><br>Test class: testcases.A3Dev1015CheckExchangePricesMB ()<br>Parameters: CD102VL - Cover 2, 1.512,00, 7,56</td>
<td></td>
<td>0</td>
<td>testcases.A3Dev1015CheckExchangePricesMB@cb644e</td></tr>
<tr>
<td title='testcases.A3Dev1015CheckExchangePricesMB.checkTuesdayExchangePriceM1()'><b>checkTuesdayExchangePriceM1</b><br>Test class: testcases.A3Dev1015CheckExchangePricesMB ()<br>Parameters: CD102VS - Cover 3, 2.062,50, 10,31</td>
<td></td>
<td>0</td>
<td>testcases.A3Dev1015CheckExchangePricesMB@cb644e</td></tr>
<tr>
<td title='testcases.A3Dev1015CheckExchangePricesMB.checkTuesdayExchangePriceM1()'><b>checkTuesdayExchangePriceM1</b><br>Test class: testcases.A3Dev1015CheckExchangePricesMB ()<br>Parameters: CD102VL - Cover 3, 2.062,50, 10,31</td>
<td></td>
<td>0</td>
<td>testcases.A3Dev1015CheckExchangePricesMB@cb644e</td></tr>
<tr>
<td title='testcases.A3Dev1015CheckExchangePricesMB.checkTuesdayExchangePriceM1()'><b>checkTuesdayExchangePriceM1</b><br>Test class: testcases.A3Dev1015CheckExchangePricesMB ()<br>Parameters: CD101V - Cover 3, 2.700,00, 13,50</td>
<td></td>
<td>0</td>
<td>testcases.A3Dev1015CheckExchangePricesMB@cb644e</td></tr>
<tr>
<td title='testcases.A5Dev1102CheckOrders.compareOrdersPubSideAndMBSide()'><b>compareOrdersPubSideAndMBSide</b><br>Test class: testcases.A5Dev1102CheckOrders ()</td>
<td></td>
<td>0</td>
<td>testcases.A5Dev1102CheckOrders@5cb9f472</td></tr>
<tr>
<td title='testcases.B2Dev1132OptionPush.deletAnOffer()'><b>deletAnOffer</b><br>Test class: testcases.B2Dev1132OptionPush ()<br>Parameters: CD102VS - Cover 3</td>
<td></td>
<td>14</td>
<td>testcases.B2Dev1132OptionPush@7e0b0338</td></tr>
<tr>
<td title='testcases.A3Dev1079CheckPricesForADV2.deleteLots()'><b>deleteLots</b><br>Test class: testcases.A3Dev1079CheckPricesForADV2 ()</td>
<td></td>
<td>7</td>
<td>testcases.A3Dev1079CheckPricesForADV2@dc24521</td></tr>
<tr>
<td title='testcases.A3Dev1080CheckPricesForDiffCampaign.deleteLots()'><b>deleteLots</b><br>Test class: testcases.A3Dev1080CheckPricesForDiffCampaign ()</td>
<td></td>
<td>5</td>
<td>testcases.A3Dev1080CheckPricesForDiffCampaign@5383967b</td></tr>
<tr>
<td title='testcases.A3Dev1015CheckExchangePricesMB.findBidInventoryForMedia1()'><b>findBidInventoryForMedia1</b><br>Test class: testcases.A3Dev1015CheckExchangePricesMB ()</td>
<td></td>
<td>7</td>
<td>testcases.A3Dev1015CheckExchangePricesMB@cb644e</td></tr>
<tr>
<td title='testcases.A3Dev999CheckExchangePricesADV.findBidInventoryForMedia1()'><b>findBidInventoryForMedia1</b><br>Test class: testcases.A3Dev999CheckExchangePricesADV ()</td>
<td></td>
<td>6</td>
<td>testcases.A3Dev999CheckExchangePricesADV@31dc339b</td></tr>
<tr>
<td title='testcases.A3Dev998CheckExchangePricesADV2.findBidInventoryForMedia1()'><b>findBidInventoryForMedia1</b><br>Test class: testcases.A3Dev998CheckExchangePricesADV2 ()</td>
<td></td>
<td>7</td>
<td>testcases.A3Dev998CheckExchangePricesADV2@55d56113</td></tr>
<tr>
<td title='testcases.A3Dev1015CheckExchangePricesMB.findBidInventoryForMedia2()'><b>findBidInventoryForMedia2</b><br>Test class: testcases.A3Dev1015CheckExchangePricesMB ()</td>
<td></td>
<td>7</td>
<td>testcases.A3Dev1015CheckExchangePricesMB@cb644e</td></tr>
<tr>
<td title='testcases.A3Dev999CheckExchangePricesADV.findBidInventoryForMedia2()'><b>findBidInventoryForMedia2</b><br>Test class: testcases.A3Dev999CheckExchangePricesADV ()</td>
<td></td>
<td>7</td>
<td>testcases.A3Dev999CheckExchangePricesADV@31dc339b</td></tr>
<tr>
<td title='testcases.A3Dev998CheckExchangePricesADV2.findBidInventoryForMedia2()'><b>findBidInventoryForMedia2</b><br>Test class: testcases.A3Dev998CheckExchangePricesADV2 ()</td>
<td></td>
<td>7</td>
<td>testcases.A3Dev998CheckExchangePricesADV2@55d56113</td></tr>
<tr>
<td title='testcases.A3Dev1015CheckExchangePricesMB.findBuyNowInventoryForMedia1()'><b>findBuyNowInventoryForMedia1</b><br>Test class: testcases.A3Dev1015CheckExchangePricesMB ()</td>
<td></td>
<td>7</td>
<td>testcases.A3Dev1015CheckExchangePricesMB@cb644e</td></tr>
<tr>
<td title='testcases.A3Dev999CheckExchangePricesADV.findBuyNowInventoryForMedia1()'><b>findBuyNowInventoryForMedia1</b><br>Test class: testcases.A3Dev999CheckExchangePricesADV ()</td>
<td></td>
<td>6</td>
<td>testcases.A3Dev999CheckExchangePricesADV@31dc339b</td></tr>
<tr>
<td title='testcases.A3Dev998CheckExchangePricesADV2.findBuyNowInventoryForMedia1()'><b>findBuyNowInventoryForMedia1</b><br>Test class: testcases.A3Dev998CheckExchangePricesADV2 ()</td>
<td></td>
<td>6</td>
<td>testcases.A3Dev998CheckExchangePricesADV2@55d56113</td></tr>
<tr>
<td title='testcases.A3Dev1015CheckExchangePricesMB.findBuyNowInventoryForMedia1WithCampaign1()'><b>findBuyNowInventoryForMedia1WithCampaign1</b><br>Test class: testcases.A3Dev1015CheckExchangePricesMB ()</td>
<td></td>
<td>18</td>
<td>testcases.A3Dev1015CheckExchangePricesMB@cb644e</td></tr>
<tr>
<td title='testcases.A3Dev1015CheckExchangePricesMB.findBuyNowInventoryForMedia1WithCampaign2()'><b>findBuyNowInventoryForMedia1WithCampaign2</b><br>Test class: testcases.A3Dev1015CheckExchangePricesMB ()</td>
<td></td>
<td>18</td>
<td>testcases.A3Dev1015CheckExchangePricesMB@cb644e</td></tr>
<tr>
<td title='testcases.A3Dev1015CheckExchangePricesMB.findBuyNowInventoryForMedia2()'><b>findBuyNowInventoryForMedia2</b><br>Test class: testcases.A3Dev1015CheckExchangePricesMB ()</td>
<td></td>
<td>7</td>
<td>testcases.A3Dev1015CheckExchangePricesMB@cb644e</td></tr>
<tr>
<td title='testcases.A3Dev999CheckExchangePricesADV.findBuyNowInventoryForMedia2()'><b>findBuyNowInventoryForMedia2</b><br>Test class: testcases.A3Dev999CheckExchangePricesADV ()</td>
<td></td>
<td>7</td>
<td>testcases.A3Dev999CheckExchangePricesADV@31dc339b</td></tr>
<tr>
<td title='testcases.A3Dev998CheckExchangePricesADV2.findBuyNowInventoryForMedia2()'><b>findBuyNowInventoryForMedia2</b><br>Test class: testcases.A3Dev998CheckExchangePricesADV2 ()</td>
<td></td>
<td>7</td>
<td>testcases.A3Dev998CheckExchangePricesADV2@55d56113</td></tr>
<tr>
<td title='testcases.A3Dev1015CheckExchangePricesMB.findBuyNowInventoryForMedia2Campaign1()'><b>findBuyNowInventoryForMedia2Campaign1</b><br>Test class: testcases.A3Dev1015CheckExchangePricesMB ()</td>
<td></td>
<td>18</td>
<td>testcases.A3Dev1015CheckExchangePricesMB@cb644e</td></tr>
<tr>
<td title='testcases.A3Dev1015CheckExchangePricesMB.findBuyNowInventoryForMedia2Campaign2()'><b>findBuyNowInventoryForMedia2Campaign2</b><br>Test class: testcases.A3Dev1015CheckExchangePricesMB ()</td>
<td></td>
<td>18</td>
<td>testcases.A3Dev1015CheckExchangePricesMB@cb644e</td></tr>
<tr>
<td title='testcases.A3Dev1015CheckExchangePricesMB.findLMInventoryForMedia1()'><b>findLMInventoryForMedia1</b><br>Test class: testcases.A3Dev1015CheckExchangePricesMB ()</td>
<td></td>
<td>21</td>
<td>testcases.A3Dev1015CheckExchangePricesMB@cb644e</td></tr>
<tr>
<td title='testcases.A3Dev999CheckExchangePricesADV.findLMInventoryForMedia1()'><b>findLMInventoryForMedia1</b><br>Test class: testcases.A3Dev999CheckExchangePricesADV ()</td>
<td></td>
<td>18</td>
<td>testcases.A3Dev999CheckExchangePricesADV@31dc339b</td></tr>
<tr>
<td title='testcases.A3Dev998CheckExchangePricesADV2.findLMInventoryForMedia1()'><b>findLMInventoryForMedia1</b><br>Test class: testcases.A3Dev998CheckExchangePricesADV2 ()</td>
<td></td>
<td>17</td>
<td>testcases.A3Dev998CheckExchangePricesADV2@55d56113</td></tr>
<tr>
<td title='testcases.A3Dev1015CheckExchangePricesMB.findLMInventoryForMedia2()'><b>findLMInventoryForMedia2</b><br>Test class: testcases.A3Dev1015CheckExchangePricesMB ()</td>
<td></td>
<td>24</td>
<td>testcases.A3Dev1015CheckExchangePricesMB@cb644e</td></tr>
<tr>
<td title='testcases.A3Dev999CheckExchangePricesADV.findLMInventoryForMedia2()'><b>findLMInventoryForMedia2</b><br>Test class: testcases.A3Dev999CheckExchangePricesADV ()</td>
<td></td>
<td>16</td>
<td>testcases.A3Dev999CheckExchangePricesADV@31dc339b</td></tr>
<tr>
<td title='testcases.A3Dev998CheckExchangePricesADV2.findLMInventoryForMedia2()'><b>findLMInventoryForMedia2</b><br>Test class: testcases.A3Dev998CheckExchangePricesADV2 ()</td>
<td></td>
<td>16</td>
<td>testcases.A3Dev998CheckExchangePricesADV2@55d56113</td></tr>
<tr>
<td title='testcases.A3Dev1015CheckExchangePricesMB.findTuesdayInventoryForMedia1()'><b>findTuesdayInventoryForMedia1</b><br>Test class: testcases.A3Dev1015CheckExchangePricesMB ()</td>
<td></td>
<td>25</td>
<td>testcases.A3Dev1015CheckExchangePricesMB@cb644e</td></tr>
<tr>
<td title='testcases.A2Dev1072LoginFirstTime.logInChangePass()'><b>logInChangePass</b><br>Test class: testcases.A2Dev1072LoginFirstTime ()<br>Parameters: 3uggH1ADV, autotestAdoptiq@gmail.com</td>
<td></td>
<td>21</td>
<td>testcases.A2Dev1072LoginFirstTime@13805618</td></tr>
<tr>
<td title='testcases.A2Dev1072LoginFirstTime.logInChangePass()'><b>logInChangePass</b><br>Test class: testcases.A2Dev1072LoginFirstTime ()<br>Parameters: 3uggH1ADV2, autotestAdoptiq@gmail.com</td>
<td></td>
<td>21</td>
<td>testcases.A2Dev1072LoginFirstTime@13805618</td></tr>
<tr>
<td title='testcases.A2Dev1072LoginFirstTime.logInChangePass()'><b>logInChangePass</b><br>Test class: testcases.A2Dev1072LoginFirstTime ()<br>Parameters: 3uggH1MB, autotestAdoptiq@gmail.com</td>
<td></td>
<td>21</td>
<td>testcases.A2Dev1072LoginFirstTime@13805618</td></tr>
<tr>
<td title='testcases.A2Dev1072LoginFirstTime.logInChangePass()'><b>logInChangePass</b><br>Test class: testcases.A2Dev1072LoginFirstTime ()<br>Parameters: 3uggH1UG, autotestAdoptiq@gmail.com</td>
<td></td>
<td>21</td>
<td>testcases.A2Dev1072LoginFirstTime@13805618</td></tr>
<tr>
<td title='testcases.A2Dev1072LoginFirstTime.logInChangePass()'><b>logInChangePass</b><br>Test class: testcases.A2Dev1072LoginFirstTime ()<br>Parameters: 3uggH1UG2, autotestAdoptiq@gmail.com</td>
<td></td>
<td>21</td>
<td>testcases.A2Dev1072LoginFirstTime@13805618</td></tr>
<tr>
<td title='testcases.A2Dev1072LoginFirstTime.logInChangePass()'><b>logInChangePass</b><br>Test class: testcases.A2Dev1072LoginFirstTime ()<br>Parameters: 3uggH1Res, autotestAdoptiq@gmail.com</td>
<td></td>
<td>21</td>
<td>testcases.A2Dev1072LoginFirstTime@13805618</td></tr>
<tr>
<td title='testcases.A2Dev1072LoginFirstTime.logInChangePass()'><b>logInChangePass</b><br>Test class: testcases.A2Dev1072LoginFirstTime ()<br>Parameters: 3uggH1Res2, autotestAdoptiq@gmail.com</td>
<td></td>
<td>21</td>
<td>testcases.A2Dev1072LoginFirstTime@13805618</td></tr>
<tr>
<td title='testcases.B2Dev1132OptionPush.notificationNoCampaignDeselect()'><b>notificationNoCampaignDeselect</b><br>Test class: testcases.B2Dev1132OptionPush ()<br>Parameters: CD102VL - Pagina 3, CD101V - Voorpagina, CD102VL - Cover 3, CD102VS - Cover 3</td>
<td></td>
<td>24</td>
<td>testcases.B2Dev1132OptionPush@7e0b0338</td></tr>
<tr>
<td title='testcases.B2Dev1132OptionPush.optionPush()'><b>optionPush</b><br>Test class: testcases.B2Dev1132OptionPush ()<br>Parameters: 3uggH1Res2, 3uggH1MB, 3uggH1ADV2, 3uggH1BuyNow2, CD101V, 02-11-2016, 03-11-2016, 400, CD101V - Voorpagina</td>
<td></td>
<td>68</td>
<td>testcases.B2Dev1132OptionPush@7e0b0338</td></tr>
<tr>
<td title='testcases.B2Dev1132OptionPush.optionPush()'><b>optionPush</b><br>Test class: testcases.B2Dev1132OptionPush ()<br>Parameters: 3uggH1UG2, 3uggH1MB, 3uggH1ADV2, 3uggH1BuyNow2, CD102VL, 02-11-2016, 03-11-2016, 300, CD102VL - Pagina 3</td>
<td></td>
<td>66</td>
<td>testcases.B2Dev1132OptionPush@7e0b0338</td></tr>
<tr>
<td title='testcases.B2Dev1132OptionPush.optionPush()'><b>optionPush</b><br>Test class: testcases.B2Dev1132OptionPush ()<br>Parameters: 3uggH1Res, 3uggH1MB, 3uggH1ADV, 3uggH1BuyNow, CD102VL, 03-11-2016, 04-11-2016, 200, CD102VL - Cover 3</td>
<td></td>
<td>65</td>
<td>testcases.B2Dev1132OptionPush@7e0b0338</td></tr>
<tr>
<td title='testcases.B2Dev1132OptionPush.optionPush()'><b>optionPush</b><br>Test class: testcases.B2Dev1132OptionPush ()<br>Parameters: 3uggH1UG, 3uggH1MB, 3uggH1ADV, 3uggH1BuyNow, CD102VS, 03-11-2016, 04-11-2016, 100, CD102VS - Cover 3</td>
<td></td>
<td>65</td>
<td>testcases.B2Dev1132OptionPush@7e0b0338</td></tr>
<tr>
<td title='testcases.B1Dev1121OptionRequestAcceptReject.optionRequestAcceptReject()'><b>optionRequestAcceptReject</b><br>Test class: testcases.B1Dev1121OptionRequestAcceptReject ()<br>Parameters: accept, 3uggH1Res2, 3uggH1MB, 3uggH1ADV2-Campaign, 3uggH1BuyNow2, CD101V, 03-11-2016, CD101V - Pagina 4-5</td>
<td></td>
<td>119</td>
<td>testcases.B1Dev1121OptionRequestAcceptReject@2ac273d3</td></tr>
<tr>
<td title='testcases.B1Dev1121OptionRequestAcceptReject.optionRequestAcceptReject()'><b>optionRequestAcceptReject</b><br>Test class: testcases.B1Dev1121OptionRequestAcceptReject ()<br>Parameters: reject, 3uggH1UG, 3uggH1MB, 3uggH1ADV-Campaign, 3uggH1BuyNow, CD101V, 04-11-2016, CD101V - Cover 3</td>
<td></td>
<td>106</td>
<td>testcases.B1Dev1121OptionRequestAcceptReject@2ac273d3</td></tr>
</table><p>
<table width='100%' border='1' class='invocation-skipped'>
<tr><td colspan='4' align='center'><b>SKIPPED TESTS</b></td></tr>
<tr><td><b>Test method</b></td>
<td width="30%"><b>Exception</b></td>
<td width="10%"><b>Time (seconds)</b></td>
<td><b>Instance</b></td>
</tr>
<tr>
<td title='testcases.A3Dev1077CheckAllPricesForADV.checkAllPrices()'><b>checkAllPrices</b><br>Test class: testcases.A3Dev1077CheckAllPricesForADV ()</td>
<td><div><pre>java.lang.Throwable: Method A3Dev1077CheckAllPricesForADV.checkAllPrices(java.lang.String, java.lang.String, java.lang.String, java.lang.String, java.lang.String, java.lang.String, java.lang.String, java.lang.String, java.lang.String, java.lang.String, java.lang.String, java.lang.String, java.lang.String, java.lang.String, java.lang.String, java.lang.String, java.lang.String)[pri:0, instance:testcases.A3Dev1077CheckAllPricesForADV@64bf3bbf] depends on not successfully finished methods in group &quot;CheckPriceEXADV2&quot;
... Removed 17 stack frames</pre></div><a href='#' onClick='toggleBox("stack-trace542839598", this, "Click to show all stack frames", "Click to hide stack frames")'>Click to show all stack frames</a>
<div class='stack-trace' id='stack-trace542839598'><pre>java.lang.Throwable: Method A3Dev1077CheckAllPricesForADV.checkAllPrices(java.lang.String, java.lang.String, java.lang.String, java.lang.String, java.lang.String, java.lang.String, java.lang.String, java.lang.String, java.lang.String, java.lang.String, java.lang.String, java.lang.String, java.lang.String, java.lang.String, java.lang.String, java.lang.String, java.lang.String)[pri:0, instance:testcases.A3Dev1077CheckAllPricesForADV@64bf3bbf] depends on not successfully finished methods in group &quot;CheckPriceEXADV2&quot;
	at org.testng.internal.Invoker.invokeTestMethods(Invoker.java:1037)
	at org.testng.internal.TestMethodWorker.invokeTestMethods(TestMethodWorker.java:129)
	at org.testng.internal.TestMethodWorker.run(TestMethodWorker.java:112)
	at org.testng.TestRunner.privateRun(TestRunner.java:782)
	at org.testng.TestRunner.run(TestRunner.java:632)
	at org.testng.SuiteRunner.runTest(SuiteRunner.java:366)
	at org.testng.SuiteRunner.runSequentially(SuiteRunner.java:361)
	at org.testng.SuiteRunner.privateRun(SuiteRunner.java:319)
	at org.testng.SuiteRunner.run(SuiteRunner.java:268)
	at org.testng.SuiteRunnerWorker.runSuite(SuiteRunnerWorker.java:52)
	at org.testng.SuiteRunnerWorker.run(SuiteRunnerWorker.java:86)
	at org.testng.TestNG.runSuitesSequentially(TestNG.java:1244)
	at org.testng.TestNG.runSuitesLocally(TestNG.java:1169)
	at org.testng.TestNG.run(TestNG.java:1064)
	at org.testng.remote.AbstractRemoteTestNG.run(AbstractRemoteTestNG.java:126)
	at org.testng.remote.RemoteTestNG.initAndRun(RemoteTestNG.java:152)
	at org.testng.remote.RemoteTestNG.main(RemoteTestNG.java:57)
</pre></div></td>
<td>0</td>
<td>null</td></tr>
</table><p>
</body>
</html>