<?xml version="1.0" encoding="UTF-8"?>
<!-- Generated by org.testng.reporters.JUnitXMLReporter -->
<testsuite hostname="mbpro-dejuan.local" name="GRP-Offer,Buy,Option,Bid,CheckOrder" tests="31" failures="1" timestamp="19 Sep 2016 07:23:26 GMT" time="1172.071" errors="0">
  <testcase name="" time="71.74" classname="testcases.A4Dev1101CampaignCheckPricesAndBuy"/>
  <testcase name="" time="63.075" classname="testcases.A4Dev1101CampaignCheckPricesAndBuy"/>
  <testcase name="" time="61.947" classname="testcases.A4Dev1101CampaignCheckPricesAndBuy"/>
  <testcase name="" time="0.001" classname="testcases.A5Dev1102CheckOrders"/>
  <testcase name="" time="0.001" classname="testcases.A5Dev1102CheckOrders"/>
  <testcase name="" time="0.001" classname="testcases.A5Dev1102CheckOrders"/>
  <testcase name="" time="0.0" classname="testcases.A5Dev1102CheckOrders"/>
  <testcase name="" time="92.983" classname="testcases.B1Dev1121OptionRequestAcceptReject"/>
  <testcase name="" time="82.644" classname="testcases.B1Dev1121OptionRequestAcceptReject"/>
  <testcase name="" time="60.316" classname="testcases.B2Dev1132OptionPush"/>
  <testcase name="" time="49.095" classname="testcases.B2Dev1132OptionPush"/>
  <testcase name="" time="48.114" classname="testcases.B2Dev1132OptionPush"/>
  <testcase name="" time="45.73" classname="testcases.B2Dev1132OptionPush"/>
  <testcase name="" time="19.655" classname="testcases.B2Dev1132OptionPush"/>
  <testcase name="" time="5.422" classname="testcases.B2Dev1132OptionPush"/>
  <testcase name="" time="12.432" classname="testcases.B2Dev1132OptionPush"/>
  <testcase name="" time="7.138" classname="testcases.B2Dev1132OptionPush"/>
  <testcase name="" time="23.827" classname="testcases.B2Dev1132OptionPush">
    <failure type="java.lang.AssertionError" message="The following asserts failed:
	expected [3] but found [2]">
      <![CDATA[java.lang.AssertionError: The following asserts failed:
	expected [3] but found [2]
	at testcases.B2Dev1132OptionPush.CheckStatus(B2Dev1132OptionPush.java:136)
... Removed 25 stack frames]]>
    </failure>
  </testcase> <!--  -->
  <testcase name="" time="29.901" classname="testcases.C2Dev1139UnderBidAutoBid"/>
  <testcase name="" time="31.326" classname="testcases.C2Dev1139UnderBidAutoBid"/>
  <testcase name="" time="28.619" classname="testcases.C1Dev1137BidAutoBid"/>
  <testcase name="" time="29.141" classname="testcases.C1Dev1137BidAutoBid"/>
  <testcase name="ADVunderBidautobid" time="0.0" classname="testcases.C2Dev1139UnderBidAutoBid">
    <skipped/>
  </testcase> <!-- ADVunderBidautobid -->
  <testcase name="" time="39.613" classname="testcases.C1Dev1137BidAutoBid"/>
  <testcase name="ADV2underBid" time="0.0" classname="testcases.C2Dev1139UnderBidAutoBid">
    <skipped/>
  </testcase> <!-- ADV2underBid -->
  <testcase name="" time="57.928" classname="testcases.C1Dev1137BidAutoBid"/>
  <testcase name="ResAcceptADV2UnderBid" time="0.0" classname="testcases.C2Dev1139UnderBidAutoBid">
    <skipped/>
  </testcase> <!-- ResAcceptADV2UnderBid -->
  <testcase name="" time="15.541" classname="testcases.C1Dev1137BidAutoBid"/>
  <testcase name="ADVCanBid" time="0.0" classname="testcases.C2Dev1139UnderBidAutoBid">
    <skipped/>
  </testcase> <!-- ADVCanBid -->
  <testcase name="" time="88.541" classname="testcases.C1Dev1137BidAutoBid"/>
  <testcase name="ADV2LotStatusIsOutbid" time="0.0" classname="testcases.C2Dev1139UnderBidAutoBid">
    <skipped/>
  </testcase> <!-- ADV2LotStatusIsOutbid -->
</testsuite> <!-- GRP-Offer,Buy,Option,Bid,CheckOrder -->
