<html>
<head>
<title>TestNG:  GRP-CreateData,Offer,Buy,CheckPrice,LoginFirstTime,Option,CheckOrder</title>
<link href="../testng.css" rel="stylesheet" type="text/css" />
<link href="../my-testng.css" rel="stylesheet" type="text/css" />

<style type="text/css">
.log { display: none;} 
.stack-trace { display: none;} 
</style>
<script type="text/javascript">
<!--
function flip(e) {
  current = e.style.display;
  if (current == 'block') {
    e.style.display = 'none';
    return 0;
  }
  else {
    e.style.display = 'block';
    return 1;
  }
}

function toggleBox(szDivId, elem, msg1, msg2)
{
  var res = -1;  if (document.getElementById) {
    res = flip(document.getElementById(szDivId));
  }
  else if (document.all) {
    // this is the way old msie versions work
    res = flip(document.all[szDivId]);
  }
  if(elem) {
    if(res == 0) elem.innerHTML = msg1; else elem.innerHTML = msg2;
  }

}

function toggleAllBoxes() {
  if (document.getElementsByTagName) {
    d = document.getElementsByTagName('div');
    for (i = 0; i < d.length; i++) {
      if (d[i].className == 'log') {
        flip(d[i]);
      }
    }
  }
}

// -->
</script>

</head>
<body>
<h2 align='center'>GRP-CreateData,Offer,Buy,CheckPrice,LoginFirstTime,Option,CheckOrder</h2><table border='1' align="center">
<tr>
<td>Tests passed/Failed/Skipped:</td><td>36/9/0</td>
</tr><tr>
<td>Started on:</td><td>Tue Sep 06 14:57:57 CEST 2016</td>
</tr>
<tr><td>Total time:</td><td>2315 seconds (2315442 ms)</td>
</tr><tr>
<td>Included groups:</td><td>CreateData Offer Buy CheckPrice LoginFirstTime Option CheckOrder </td>
</tr><tr>
<td>Excluded groups:</td><td></td>
</tr>
</table><p/>
<small><i>(Hover the method name to see the test class name)</i></small><p/>
<table width='100%' border='1' class='invocation-failed'>
<tr><td colspan='4' align='center'><b>FAILED TESTS</b></td></tr>
<tr><td><b>Test method</b></td>
<td width="30%"><b>Exception</b></td>
<td width="10%"><b>Time (seconds)</b></td>
<td><b>Instance</b></td>
</tr>
<tr>
<td title='testcases.B2Dev1000OptionPush.CheckStatus()'><b>CheckStatus</b><br>Test class: testcases.B2Dev1000OptionPush ()</td>
<td><div><pre>org.openqa.selenium.support.ui.UnexpectedTagNameException: Element should have been &quot;select&quot; but was &quot;input&quot;
Build info: version: &apos;2.53.1&apos;, revision: &apos;a36b8b1cd5757287168e54b817830adce9b0158d&apos;, time: &apos;2016-06-30 19:26:09&apos;
System info: host: &apos;mbpro-dejuan.local&apos;, ip: &apos;10.34.6.211&apos;, os.name: &apos;Mac OS X&apos;, os.arch: &apos;x86_64&apos;, os.version: &apos;10.11.6&apos;, java.version: &apos;1.8.0_91&apos;
Driver info: driver.version: unknown
	at org.openqa.selenium.support.ui.Select.&lt;init&gt;(Select.java:47)
	at advertiser.Exchange.SelectCampaign(Exchange.java:28)
	at testcases.B2Dev1000OptionPush.CheckStatus(B2Dev1000OptionPush.java:123)
... Removed 24 stack frames</pre></div><a href='#' onClick='toggleBox("stack-trace1409978427", this, "Click to show all stack frames", "Click to hide stack frames")'>Click to show all stack frames</a>
<div class='stack-trace' id='stack-trace1409978427'><pre>org.openqa.selenium.support.ui.UnexpectedTagNameException: Element should have been &quot;select&quot; but was &quot;input&quot;
Build info: version: &apos;2.53.1&apos;, revision: &apos;a36b8b1cd5757287168e54b817830adce9b0158d&apos;, time: &apos;2016-06-30 19:26:09&apos;
System info: host: &apos;mbpro-dejuan.local&apos;, ip: &apos;10.34.6.211&apos;, os.name: &apos;Mac OS X&apos;, os.arch: &apos;x86_64&apos;, os.version: &apos;10.11.6&apos;, java.version: &apos;1.8.0_91&apos;
Driver info: driver.version: unknown
	at org.openqa.selenium.support.ui.Select.&lt;init&gt;(Select.java:47)
	at advertiser.Exchange.SelectCampaign(Exchange.java:28)
	at testcases.B2Dev1000OptionPush.CheckStatus(B2Dev1000OptionPush.java:123)
	at sun.reflect.NativeMethodAccessorImpl.invoke0(Native Method)
	at sun.reflect.NativeMethodAccessorImpl.invoke(NativeMethodAccessorImpl.java:62)
	at sun.reflect.DelegatingMethodAccessorImpl.invoke(DelegatingMethodAccessorImpl.java:43)
	at java.lang.reflect.Method.invoke(Method.java:498)
	at org.testng.internal.MethodInvocationHelper.invokeMethod(MethodInvocationHelper.java:86)
	at org.testng.internal.Invoker.invokeMethod(Invoker.java:643)
	at org.testng.internal.Invoker.invokeTestMethod(Invoker.java:820)
	at org.testng.internal.Invoker.invokeTestMethods(Invoker.java:1128)
	at org.testng.internal.TestMethodWorker.invokeTestMethods(TestMethodWorker.java:129)
	at org.testng.internal.TestMethodWorker.run(TestMethodWorker.java:112)
	at org.testng.TestRunner.privateRun(TestRunner.java:782)
	at org.testng.TestRunner.run(TestRunner.java:632)
	at org.testng.SuiteRunner.runTest(SuiteRunner.java:366)
	at org.testng.SuiteRunner.runSequentially(SuiteRunner.java:361)
	at org.testng.SuiteRunner.privateRun(SuiteRunner.java:319)
	at org.testng.SuiteRunner.run(SuiteRunner.java:268)
	at org.testng.SuiteRunnerWorker.runSuite(SuiteRunnerWorker.java:52)
	at org.testng.SuiteRunnerWorker.run(SuiteRunnerWorker.java:86)
	at org.testng.TestNG.runSuitesSequentially(TestNG.java:1244)
	at org.testng.TestNG.runSuitesLocally(TestNG.java:1169)
	at org.testng.TestNG.run(TestNG.java:1064)
	at org.testng.remote.AbstractRemoteTestNG.run(AbstractRemoteTestNG.java:126)
	at org.testng.remote.RemoteTestNG.initAndRun(RemoteTestNG.java:152)
	at org.testng.remote.RemoteTestNG.main(RemoteTestNG.java:57)
</pre></div></td>
<td>1</td>
<td>testcases.B2Dev1000OptionPush@1e397ed7</td></tr>
<tr>
<td title='testcases.B2Dev1000OptionPush.campaignAddAll()'><b>campaignAddAll</b><br>Test class: testcases.B2Dev1000OptionPush ()<br>Parameters: pWYrZZADV2-Campaign, CD101V - Voorpagina, CD104BS - Pagina 3</td>
<td><div><pre>org.openqa.selenium.support.ui.UnexpectedTagNameException: Element should have been &quot;select&quot; but was &quot;input&quot;
Build info: version: &apos;2.53.1&apos;, revision: &apos;a36b8b1cd5757287168e54b817830adce9b0158d&apos;, time: &apos;2016-06-30 19:26:09&apos;
System info: host: &apos;mbpro-dejuan.local&apos;, ip: &apos;10.34.6.211&apos;, os.name: &apos;Mac OS X&apos;, os.arch: &apos;x86_64&apos;, os.version: &apos;10.11.6&apos;, java.version: &apos;1.8.0_91&apos;
Driver info: driver.version: unknown
	at org.openqa.selenium.support.ui.Select.&lt;init&gt;(Select.java:47)
	at advertiser.Exchange.SelectCampaign(Exchange.java:28)
	at testcases.B2Dev1000OptionPush.campaignAddAll(B2Dev1000OptionPush.java:94)
... Removed 24 stack frames</pre></div><a href='#' onClick='toggleBox("stack-trace1215023524", this, "Click to show all stack frames", "Click to hide stack frames")'>Click to show all stack frames</a>
<div class='stack-trace' id='stack-trace1215023524'><pre>org.openqa.selenium.support.ui.UnexpectedTagNameException: Element should have been &quot;select&quot; but was &quot;input&quot;
Build info: version: &apos;2.53.1&apos;, revision: &apos;a36b8b1cd5757287168e54b817830adce9b0158d&apos;, time: &apos;2016-06-30 19:26:09&apos;
System info: host: &apos;mbpro-dejuan.local&apos;, ip: &apos;10.34.6.211&apos;, os.name: &apos;Mac OS X&apos;, os.arch: &apos;x86_64&apos;, os.version: &apos;10.11.6&apos;, java.version: &apos;1.8.0_91&apos;
Driver info: driver.version: unknown
	at org.openqa.selenium.support.ui.Select.&lt;init&gt;(Select.java:47)
	at advertiser.Exchange.SelectCampaign(Exchange.java:28)
	at testcases.B2Dev1000OptionPush.campaignAddAll(B2Dev1000OptionPush.java:94)
	at sun.reflect.NativeMethodAccessorImpl.invoke0(Native Method)
	at sun.reflect.NativeMethodAccessorImpl.invoke(NativeMethodAccessorImpl.java:62)
	at sun.reflect.DelegatingMethodAccessorImpl.invoke(DelegatingMethodAccessorImpl.java:43)
	at java.lang.reflect.Method.invoke(Method.java:498)
	at org.testng.internal.MethodInvocationHelper.invokeMethod(MethodInvocationHelper.java:86)
	at org.testng.internal.Invoker.invokeMethod(Invoker.java:643)
	at org.testng.internal.Invoker.invokeTestMethod(Invoker.java:820)
	at org.testng.internal.Invoker.invokeTestMethods(Invoker.java:1128)
	at org.testng.internal.TestMethodWorker.invokeTestMethods(TestMethodWorker.java:129)
	at org.testng.internal.TestMethodWorker.run(TestMethodWorker.java:112)
	at org.testng.TestRunner.privateRun(TestRunner.java:782)
	at org.testng.TestRunner.run(TestRunner.java:632)
	at org.testng.SuiteRunner.runTest(SuiteRunner.java:366)
	at org.testng.SuiteRunner.runSequentially(SuiteRunner.java:361)
	at org.testng.SuiteRunner.privateRun(SuiteRunner.java:319)
	at org.testng.SuiteRunner.run(SuiteRunner.java:268)
	at org.testng.SuiteRunnerWorker.runSuite(SuiteRunnerWorker.java:52)
	at org.testng.SuiteRunnerWorker.run(SuiteRunnerWorker.java:86)
	at org.testng.TestNG.runSuitesSequentially(TestNG.java:1244)
	at org.testng.TestNG.runSuitesLocally(TestNG.java:1169)
	at org.testng.TestNG.run(TestNG.java:1064)
	at org.testng.remote.AbstractRemoteTestNG.run(AbstractRemoteTestNG.java:126)
	at org.testng.remote.RemoteTestNG.initAndRun(RemoteTestNG.java:152)
	at org.testng.remote.RemoteTestNG.main(RemoteTestNG.java:57)
</pre></div></td>
<td>2</td>
<td>testcases.B2Dev1000OptionPush@1e397ed7</td></tr>
<tr>
<td title='testcases.B2Dev1000OptionPush.campaignAddOne()'><b>campaignAddOne</b><br>Test class: testcases.B2Dev1000OptionPush ()<br>Parameters: pWYrZZADV-Campaign, CD102VL - Cover 3</td>
<td><div><pre>org.openqa.selenium.support.ui.UnexpectedTagNameException: Element should have been &quot;select&quot; but was &quot;input&quot;
Build info: version: &apos;2.53.1&apos;, revision: &apos;a36b8b1cd5757287168e54b817830adce9b0158d&apos;, time: &apos;2016-06-30 19:26:09&apos;
System info: host: &apos;mbpro-dejuan.local&apos;, ip: &apos;10.34.6.211&apos;, os.name: &apos;Mac OS X&apos;, os.arch: &apos;x86_64&apos;, os.version: &apos;10.11.6&apos;, java.version: &apos;1.8.0_91&apos;
Driver info: driver.version: unknown
	at org.openqa.selenium.support.ui.Select.&lt;init&gt;(Select.java:47)
	at advertiser.Exchange.SelectCampaign(Exchange.java:28)
	at testcases.B2Dev1000OptionPush.campaignAddOne(B2Dev1000OptionPush.java:110)
... Removed 24 stack frames</pre></div><a href='#' onClick='toggleBox("stack-trace482987954", this, "Click to show all stack frames", "Click to hide stack frames")'>Click to show all stack frames</a>
<div class='stack-trace' id='stack-trace482987954'><pre>org.openqa.selenium.support.ui.UnexpectedTagNameException: Element should have been &quot;select&quot; but was &quot;input&quot;
Build info: version: &apos;2.53.1&apos;, revision: &apos;a36b8b1cd5757287168e54b817830adce9b0158d&apos;, time: &apos;2016-06-30 19:26:09&apos;
System info: host: &apos;mbpro-dejuan.local&apos;, ip: &apos;10.34.6.211&apos;, os.name: &apos;Mac OS X&apos;, os.arch: &apos;x86_64&apos;, os.version: &apos;10.11.6&apos;, java.version: &apos;1.8.0_91&apos;
Driver info: driver.version: unknown
	at org.openqa.selenium.support.ui.Select.&lt;init&gt;(Select.java:47)
	at advertiser.Exchange.SelectCampaign(Exchange.java:28)
	at testcases.B2Dev1000OptionPush.campaignAddOne(B2Dev1000OptionPush.java:110)
	at sun.reflect.NativeMethodAccessorImpl.invoke0(Native Method)
	at sun.reflect.NativeMethodAccessorImpl.invoke(NativeMethodAccessorImpl.java:62)
	at sun.reflect.DelegatingMethodAccessorImpl.invoke(DelegatingMethodAccessorImpl.java:43)
	at java.lang.reflect.Method.invoke(Method.java:498)
	at org.testng.internal.MethodInvocationHelper.invokeMethod(MethodInvocationHelper.java:86)
	at org.testng.internal.Invoker.invokeMethod(Invoker.java:643)
	at org.testng.internal.Invoker.invokeTestMethod(Invoker.java:820)
	at org.testng.internal.Invoker.invokeTestMethods(Invoker.java:1128)
	at org.testng.internal.TestMethodWorker.invokeTestMethods(TestMethodWorker.java:129)
	at org.testng.internal.TestMethodWorker.run(TestMethodWorker.java:112)
	at org.testng.TestRunner.privateRun(TestRunner.java:782)
	at org.testng.TestRunner.run(TestRunner.java:632)
	at org.testng.SuiteRunner.runTest(SuiteRunner.java:366)
	at org.testng.SuiteRunner.runSequentially(SuiteRunner.java:361)
	at org.testng.SuiteRunner.privateRun(SuiteRunner.java:319)
	at org.testng.SuiteRunner.run(SuiteRunner.java:268)
	at org.testng.SuiteRunnerWorker.runSuite(SuiteRunnerWorker.java:52)
	at org.testng.SuiteRunnerWorker.run(SuiteRunnerWorker.java:86)
	at org.testng.TestNG.runSuitesSequentially(TestNG.java:1244)
	at org.testng.TestNG.runSuitesLocally(TestNG.java:1169)
	at org.testng.TestNG.run(TestNG.java:1064)
	at org.testng.remote.AbstractRemoteTestNG.run(AbstractRemoteTestNG.java:126)
	at org.testng.remote.RemoteTestNG.initAndRun(RemoteTestNG.java:152)
	at org.testng.remote.RemoteTestNG.main(RemoteTestNG.java:57)
</pre></div></td>
<td>1</td>
<td>testcases.B2Dev1000OptionPush@1e397ed7</td></tr>
<tr>
<td title='testcases.A3Dev1079CheckBuyNowPricesDiffSalesOrg.checkAnotherSalePrices()'><b>checkAnotherSalePrices</b><br>Test class: testcases.A3Dev1079CheckBuyNowPricesDiffSalesOrg ()<br>Parameters: pWYrZZADV, pWYrZZBuyNow, CD102VS, 14-09-2016, CD102VS - Cover 2, pWYrZZUG, 5.040,00, 2.520,00, 2.520,00, 1.260,00, 0,00, 50,00, 0,00, 0,00, 1.260,00</td>
<td><div><pre>java.lang.AssertionError: The following asserts failed:
	expected [5.040,00] but found [3.150,00],
	expected [2.520,00] but found [1.575,00],
	expected [2.520,00] but found [1.575,00],
	expected [1.260,00] but found [787,50],
	expected [1.260,00] but found [787,50],
	expected [1.260,00] but found [787,50]
	at testcases.A3Dev1079CheckBuyNowPricesDiffSalesOrg.checkAnotherSalePrices(A3Dev1079CheckBuyNowPricesDiffSalesOrg.java:80)
... Removed 25 stack frames</pre></div><a href='#' onClick='toggleBox("stack-trace1052842393", this, "Click to show all stack frames", "Click to hide stack frames")'>Click to show all stack frames</a>
<div class='stack-trace' id='stack-trace1052842393'><pre>java.lang.AssertionError: The following asserts failed:
	expected [5.040,00] but found [3.150,00],
	expected [2.520,00] but found [1.575,00],
	expected [2.520,00] but found [1.575,00],
	expected [1.260,00] but found [787,50],
	expected [1.260,00] but found [787,50],
	expected [1.260,00] but found [787,50]
	at org.testng.asserts.SoftAssert.assertAll(SoftAssert.java:43)
	at testcases.A3Dev1079CheckBuyNowPricesDiffSalesOrg.checkAnotherSalePrices(A3Dev1079CheckBuyNowPricesDiffSalesOrg.java:80)
	at sun.reflect.NativeMethodAccessorImpl.invoke0(Native Method)
	at sun.reflect.NativeMethodAccessorImpl.invoke(NativeMethodAccessorImpl.java:62)
	at sun.reflect.DelegatingMethodAccessorImpl.invoke(DelegatingMethodAccessorImpl.java:43)
	at java.lang.reflect.Method.invoke(Method.java:498)
	at org.testng.internal.MethodInvocationHelper.invokeMethod(MethodInvocationHelper.java:86)
	at org.testng.internal.Invoker.invokeMethod(Invoker.java:643)
	at org.testng.internal.Invoker.invokeTestMethod(Invoker.java:820)
	at org.testng.internal.Invoker.invokeTestMethods(Invoker.java:1128)
	at org.testng.internal.TestMethodWorker.invokeTestMethods(TestMethodWorker.java:129)
	at org.testng.internal.TestMethodWorker.run(TestMethodWorker.java:112)
	at org.testng.TestRunner.privateRun(TestRunner.java:782)
	at org.testng.TestRunner.run(TestRunner.java:632)
	at org.testng.SuiteRunner.runTest(SuiteRunner.java:366)
	at org.testng.SuiteRunner.runSequentially(SuiteRunner.java:361)
	at org.testng.SuiteRunner.privateRun(SuiteRunner.java:319)
	at org.testng.SuiteRunner.run(SuiteRunner.java:268)
	at org.testng.SuiteRunnerWorker.runSuite(SuiteRunnerWorker.java:52)
	at org.testng.SuiteRunnerWorker.run(SuiteRunnerWorker.java:86)
	at org.testng.TestNG.runSuitesSequentially(TestNG.java:1244)
	at org.testng.TestNG.runSuitesLocally(TestNG.java:1169)
	at org.testng.TestNG.run(TestNG.java:1064)
	at org.testng.remote.AbstractRemoteTestNG.run(AbstractRemoteTestNG.java:126)
	at org.testng.remote.RemoteTestNG.initAndRun(RemoteTestNG.java:152)
	at org.testng.remote.RemoteTestNG.main(RemoteTestNG.java:57)
</pre></div></td>
<td>43</td>
<td>testcases.A3Dev1079CheckBuyNowPricesDiffSalesOrg@1ce92674</td></tr>
<tr>
<td title='testcases.A3Dev1077CheckBuyNowPrices.checkPrices()'><b>checkPrices</b><br>Test class: testcases.A3Dev1077CheckBuyNowPrices ()<br>Parameters: pWYrZZADV, pWYrZZBuyNow, CD102VS, 14-09-2016, CD102VS - Cover 2, 2520, 1.375,00, 1.375,00, 687,50, 0,00, 50,00, 0,00, 0,00, 687,50</td>
<td><div><pre>java.lang.AssertionError: The following asserts failed:
	expected [2520] but found [3.150,00],
	expected [1.375,00] but found [1.575,00],
	expected [1.375,00] but found [1.575,00],
	expected [687,50] but found [787,50],
	expected [687,50] but found [787,50],
	expected [687,50] but found [787,50]
	at testcases.A3Dev1077CheckBuyNowPrices.checkPrices(A3Dev1077CheckBuyNowPrices.java:79)
... Removed 25 stack frames</pre></div><a href='#' onClick='toggleBox("stack-trace1233595751", this, "Click to show all stack frames", "Click to hide stack frames")'>Click to show all stack frames</a>
<div class='stack-trace' id='stack-trace1233595751'><pre>java.lang.AssertionError: The following asserts failed:
	expected [2520] but found [3.150,00],
	expected [1.375,00] but found [1.575,00],
	expected [1.375,00] but found [1.575,00],
	expected [687,50] but found [787,50],
	expected [687,50] but found [787,50],
	expected [687,50] but found [787,50]
	at org.testng.asserts.SoftAssert.assertAll(SoftAssert.java:43)
	at testcases.A3Dev1077CheckBuyNowPrices.checkPrices(A3Dev1077CheckBuyNowPrices.java:79)
	at sun.reflect.NativeMethodAccessorImpl.invoke0(Native Method)
	at sun.reflect.NativeMethodAccessorImpl.invoke(NativeMethodAccessorImpl.java:62)
	at sun.reflect.DelegatingMethodAccessorImpl.invoke(DelegatingMethodAccessorImpl.java:43)
	at java.lang.reflect.Method.invoke(Method.java:498)
	at org.testng.internal.MethodInvocationHelper.invokeMethod(MethodInvocationHelper.java:86)
	at org.testng.internal.Invoker.invokeMethod(Invoker.java:643)
	at org.testng.internal.Invoker.invokeTestMethod(Invoker.java:820)
	at org.testng.internal.Invoker.invokeTestMethods(Invoker.java:1128)
	at org.testng.internal.TestMethodWorker.invokeTestMethods(TestMethodWorker.java:129)
	at org.testng.internal.TestMethodWorker.run(TestMethodWorker.java:112)
	at org.testng.TestRunner.privateRun(TestRunner.java:782)
	at org.testng.TestRunner.run(TestRunner.java:632)
	at org.testng.SuiteRunner.runTest(SuiteRunner.java:366)
	at org.testng.SuiteRunner.runSequentially(SuiteRunner.java:361)
	at org.testng.SuiteRunner.privateRun(SuiteRunner.java:319)
	at org.testng.SuiteRunner.run(SuiteRunner.java:268)
	at org.testng.SuiteRunnerWorker.runSuite(SuiteRunnerWorker.java:52)
	at org.testng.SuiteRunnerWorker.run(SuiteRunnerWorker.java:86)
	at org.testng.TestNG.runSuitesSequentially(TestNG.java:1244)
	at org.testng.TestNG.runSuitesLocally(TestNG.java:1169)
	at org.testng.TestNG.run(TestNG.java:1064)
	at org.testng.remote.AbstractRemoteTestNG.run(AbstractRemoteTestNG.java:126)
	at org.testng.remote.RemoteTestNG.initAndRun(RemoteTestNG.java:152)
	at org.testng.remote.RemoteTestNG.main(RemoteTestNG.java:57)
</pre></div></td>
<td>39</td>
<td>testcases.A3Dev1077CheckBuyNowPrices@3fee9989</td></tr>
<tr>
<td title='testcases.A3Dev1077CheckBuyNowPrices.checkPrices()'><b>checkPrices</b><br>Test class: testcases.A3Dev1077CheckBuyNowPrices ()<br>Parameters: pWYrZZADV, pWYrZZBuyNow, CD101V, 13-09-2016, CD101V - Cover 2, 3.780,00, 1.890,0, 1.890,0, 945,00, 0,00, 50,00, 0,00, 0,00, 945,00</td>
<td><div><pre>java.lang.AssertionError: The following asserts failed:
	expected [1.890,0] but found [1.890,00],
	expected [1.890,0] but found [1.890,00]
	at testcases.A3Dev1077CheckBuyNowPrices.checkPrices(A3Dev1077CheckBuyNowPrices.java:79)
... Removed 25 stack frames</pre></div><a href='#' onClick='toggleBox("stack-trace1378497201", this, "Click to show all stack frames", "Click to hide stack frames")'>Click to show all stack frames</a>
<div class='stack-trace' id='stack-trace1378497201'><pre>java.lang.AssertionError: The following asserts failed:
	expected [1.890,0] but found [1.890,00],
	expected [1.890,0] but found [1.890,00]
	at org.testng.asserts.SoftAssert.assertAll(SoftAssert.java:43)
	at testcases.A3Dev1077CheckBuyNowPrices.checkPrices(A3Dev1077CheckBuyNowPrices.java:79)
	at sun.reflect.NativeMethodAccessorImpl.invoke0(Native Method)
	at sun.reflect.NativeMethodAccessorImpl.invoke(NativeMethodAccessorImpl.java:62)
	at sun.reflect.DelegatingMethodAccessorImpl.invoke(DelegatingMethodAccessorImpl.java:43)
	at java.lang.reflect.Method.invoke(Method.java:498)
	at org.testng.internal.MethodInvocationHelper.invokeMethod(MethodInvocationHelper.java:86)
	at org.testng.internal.Invoker.invokeMethod(Invoker.java:643)
	at org.testng.internal.Invoker.invokeTestMethod(Invoker.java:820)
	at org.testng.internal.Invoker.invokeTestMethods(Invoker.java:1128)
	at org.testng.internal.TestMethodWorker.invokeTestMethods(TestMethodWorker.java:129)
	at org.testng.internal.TestMethodWorker.run(TestMethodWorker.java:112)
	at org.testng.TestRunner.privateRun(TestRunner.java:782)
	at org.testng.TestRunner.run(TestRunner.java:632)
	at org.testng.SuiteRunner.runTest(SuiteRunner.java:366)
	at org.testng.SuiteRunner.runSequentially(SuiteRunner.java:361)
	at org.testng.SuiteRunner.privateRun(SuiteRunner.java:319)
	at org.testng.SuiteRunner.run(SuiteRunner.java:268)
	at org.testng.SuiteRunnerWorker.runSuite(SuiteRunnerWorker.java:52)
	at org.testng.SuiteRunnerWorker.run(SuiteRunnerWorker.java:86)
	at org.testng.TestNG.runSuitesSequentially(TestNG.java:1244)
	at org.testng.TestNG.runSuitesLocally(TestNG.java:1169)
	at org.testng.TestNG.run(TestNG.java:1064)
	at org.testng.remote.AbstractRemoteTestNG.run(AbstractRemoteTestNG.java:126)
	at org.testng.remote.RemoteTestNG.initAndRun(RemoteTestNG.java:152)
	at org.testng.remote.RemoteTestNG.main(RemoteTestNG.java:57)
</pre></div></td>
<td>38</td>
<td>testcases.A3Dev1077CheckBuyNowPrices@3fee9989</td></tr>
<tr>
<td title='testcases.B2Dev1000OptionPush.deletAnOffer()'><b>deletAnOffer</b><br>Test class: testcases.B2Dev1000OptionPush ()<br>Parameters: CD102VS - Cover 3</td>
<td><div><pre>org.openqa.selenium.TimeoutException: Timed out after 60 seconds waiting for visibility of element located by By.xpath: //table[contains(@class, &apos;int-table-to-datagrid&apos;)]//*[contains(text(), &apos;CD102VS - Cover 3&apos;)]/ancestor::table[contains(@class, &apos;mx-name-table1&apos;)]/tbody/tr[1]
Build info: version: &apos;2.53.1&apos;, revision: &apos;a36b8b1cd5757287168e54b817830adce9b0158d&apos;, time: &apos;2016-06-30 19:26:09&apos;
System info: host: &apos;mbpro-dejuan.local&apos;, ip: &apos;10.34.6.211&apos;, os.name: &apos;Mac OS X&apos;, os.arch: &apos;x86_64&apos;, os.version: &apos;10.11.6&apos;, java.version: &apos;1.8.0_91&apos;
Driver info: org.openqa.selenium.firefox.FirefoxDriver
Capabilities [{applicationCacheEnabled=true, rotatable=false, handlesAlerts=true, databaseEnabled=true, version=47.0.1, platform=MAC, nativeEvents=false, acceptSslCerts=true, webStorageEnabled=true, locationContextEnabled=true, browserName=firefox, takesScreenshot=true, javascriptEnabled=true, cssSelectorsEnabled=true}]
Session ID: 08695a8b-da8d-874d-bf9e-085ffd471638
	at org.openqa.selenium.support.ui.WebDriverWait.timeoutException(WebDriverWait.java:80)
	at org.openqa.selenium.support.ui.FluentWait.until(FluentWait.java:261)
	at advertiser.Exchange.SelectAInventory(Exchange.java:73)
	at testcases.B2Dev1000OptionPush.deletAnOffer(B2Dev1000OptionPush.java:81)
Caused by: org.openqa.selenium.NoSuchElementException: Unable to locate element: {&quot;method&quot;:&quot;xpath&quot;,&quot;selector&quot;:&quot;//table[contains(@class, &apos;int-table-to-datagrid&apos;)]//*[contains(text(), &apos;CD102VS - Cover 3&apos;)]/ancestor::table[contains(@class, &apos;mx-name-table1&apos;)]/tbody/tr[1]&quot;}
Command duration or timeout: 15 milliseconds
For documentation on this error, please visit: http://seleniumhq.org/exceptions/no_such_element.html
Build info: version: &apos;2.53.1&apos;, revision: &apos;a36b8b1cd5757287168e54b817830adce9b0158d&apos;, time: &apos;2016-06-30 19:26:09&apos;
System info: host: &apos;mbpro-dejuan.local&apos;, ip: &apos;10.34.6.211&apos;, os.name: &apos;Mac OS X&apos;, os.arch: &apos;x86_64&apos;, os.version: &apos;10.11.6&apos;, java.version: &apos;1.8.0_91&apos;
Driver info: org.openqa.selenium.firefox.FirefoxDriver
Capabilities [{applicationCacheEnabled=true, rotatable=false, handlesAlerts=true, databaseEnabled=true, version=47.0.1, platform=MAC, nativeEvents=false, acceptSslCerts=true, webStorageEnabled=true, locationContextEnabled=true, browserName=firefox, takesScreenshot=true, javascriptEnabled=true, cssSelectorsEnabled=true}]
Session ID: 08695a8b-da8d-874d-bf9e-085ffd471638
*** Element info: {Using=xpath, value=//table[contains(@class, &apos;int-table-to-datagrid&apos;)]//*[contains(text(), &apos;CD102VS - Cover 3&apos;)]/ancestor::table[contains(@class, &apos;mx-name-table1&apos;)]/tbody/tr[1]}
	at org.openqa.selenium.remote.ErrorHandler.createThrowable(ErrorHandler.java:206)
	at org.openqa.selenium.remote.ErrorHandler.throwIfResponseFailed(ErrorHandler.java:158)
	at org.openqa.selenium.remote.RemoteWebDriver.execute(RemoteWebDriver.java:678)
	at org.openqa.selenium.remote.RemoteWebDriver.findElement(RemoteWebDriver.java:363)
	at org.openqa.selenium.remote.RemoteWebDriver.findElementByXPath(RemoteWebDriver.java:500)
	at org.openqa.selenium.By$ByXPath.findElement(By.java:361)
	at org.openqa.selenium.remote.RemoteWebDriver.findElement(RemoteWebDriver.java:355)
	at org.openqa.selenium.support.ui.ExpectedConditions.findElement(ExpectedConditions.java:899)
	at org.openqa.selenium.support.ui.ExpectedConditions.access$000(ExpectedConditions.java:41)
	at org.openqa.selenium.support.ui.ExpectedConditions$7.apply(ExpectedConditions.java:205)
	at org.openqa.selenium.support.ui.ExpectedConditions$7.apply(ExpectedConditions.java:201)
	at org.openqa.selenium.support.ui.FluentWait.until(FluentWait.java:238)
	... 26 more
Caused by: org.openqa.selenium.NoSuchElementException: Unable to locate element: {&quot;method&quot;:&quot;xpath&quot;,&quot;selector&quot;:&quot;//table[contains(@class, &apos;int-table-to-datagrid&apos;)]//*[contains(text(), &apos;CD102VS - Cover 3&apos;)]/ancestor::table[contains(@class, &apos;mx-name-table1&apos;)]/tbody/tr[1]&quot;}
For documentation on this error, please visit: http://seleniumhq.org/exceptions/no_such_element.html
Build info: version: &apos;2.53.1&apos;, revision: &apos;a36b8b1cd5757287168e54b817830adce9b0158d&apos;, time: &apos;2016-06-30 19:26:09&apos;
System info: host: &apos;mbpro-dejuan.local&apos;, ip: &apos;10.34.6.211&apos;, os.name: &apos;Mac OS X&apos;, os.arch: &apos;x86_64&apos;, os.version: &apos;10.11.6&apos;, java.version: &apos;1.8.0_91&apos;
Driver info: driver.version: unknown
	at &lt;anonymous class&gt;.FirefoxDriver.prototype.findElementInternal_(file:///var/folders/wr/g92p1f_s6c34hxrt50h3c8jc0000gn/T/anonymous2778923394478248598webdriver-profile/extensions/fxdriver@googlecode.com/components/driver-component.js:10770)
	at &lt;anonymous class&gt;.FirefoxDriver.prototype.findElement(file:///var/folders/wr/g92p1f_s6c34hxrt50h3c8jc0000gn/T/anonymous2778923394478248598webdriver-profile/extensions/fxdriver@googlecode.com/components/driver-component.js:10779)
	at &lt;anonymous class&gt;.DelayedCommand.prototype.executeInternal_/h(file:///var/folders/wr/g92p1f_s6c34hxrt50h3c8jc0000gn/T/anonymous2778923394478248598webdriver-profile/extensions/fxdriver@googlecode.com/components/command-processor.js:12661)
	at &lt;anonymous class&gt;.DelayedCommand.prototype.executeInternal_(file:///var/folders/wr/g92p1f_s6c34hxrt50h3c8jc0000gn/T/anonymous2778923394478248598webdriver-profile/extensions/fxdriver@googlecode.com/components/command-processor.js:12666)
	at &lt;anonymous class&gt;.DelayedCommand.prototype.execute/&lt;(file:///var/folders/wr/g92p1f_s6c34hxrt50h3c8jc0000gn/T/anonymous2778923394478248598webdriver-profile/extensions/fxdriver@googlecode.com/components/command-processor.js:12608)
... Removed 27 stack frames</pre></div><a href='#' onClick='toggleBox("stack-trace1334528976", this, "Click to show all stack frames", "Click to hide stack frames")'>Click to show all stack frames</a>
<div class='stack-trace' id='stack-trace1334528976'><pre>org.openqa.selenium.TimeoutException: Timed out after 60 seconds waiting for visibility of element located by By.xpath: //table[contains(@class, &apos;int-table-to-datagrid&apos;)]//*[contains(text(), &apos;CD102VS - Cover 3&apos;)]/ancestor::table[contains(@class, &apos;mx-name-table1&apos;)]/tbody/tr[1]
Build info: version: &apos;2.53.1&apos;, revision: &apos;a36b8b1cd5757287168e54b817830adce9b0158d&apos;, time: &apos;2016-06-30 19:26:09&apos;
System info: host: &apos;mbpro-dejuan.local&apos;, ip: &apos;10.34.6.211&apos;, os.name: &apos;Mac OS X&apos;, os.arch: &apos;x86_64&apos;, os.version: &apos;10.11.6&apos;, java.version: &apos;1.8.0_91&apos;
Driver info: org.openqa.selenium.firefox.FirefoxDriver
Capabilities [{applicationCacheEnabled=true, rotatable=false, handlesAlerts=true, databaseEnabled=true, version=47.0.1, platform=MAC, nativeEvents=false, acceptSslCerts=true, webStorageEnabled=true, locationContextEnabled=true, browserName=firefox, takesScreenshot=true, javascriptEnabled=true, cssSelectorsEnabled=true}]
Session ID: 08695a8b-da8d-874d-bf9e-085ffd471638
	at org.openqa.selenium.support.ui.WebDriverWait.timeoutException(WebDriverWait.java:80)
	at org.openqa.selenium.support.ui.FluentWait.until(FluentWait.java:261)
	at advertiser.Exchange.SelectAInventory(Exchange.java:73)
	at testcases.B2Dev1000OptionPush.deletAnOffer(B2Dev1000OptionPush.java:81)
	at sun.reflect.NativeMethodAccessorImpl.invoke0(Native Method)
	at sun.reflect.NativeMethodAccessorImpl.invoke(NativeMethodAccessorImpl.java:62)
	at sun.reflect.DelegatingMethodAccessorImpl.invoke(DelegatingMethodAccessorImpl.java:43)
	at java.lang.reflect.Method.invoke(Method.java:498)
	at org.testng.internal.MethodInvocationHelper.invokeMethod(MethodInvocationHelper.java:86)
	at org.testng.internal.Invoker.invokeMethod(Invoker.java:643)
	at org.testng.internal.Invoker.invokeTestMethod(Invoker.java:820)
	at org.testng.internal.Invoker.invokeTestMethods(Invoker.java:1128)
	at org.testng.internal.TestMethodWorker.invokeTestMethods(TestMethodWorker.java:129)
	at org.testng.internal.TestMethodWorker.run(TestMethodWorker.java:112)
	at org.testng.TestRunner.privateRun(TestRunner.java:782)
	at org.testng.TestRunner.run(TestRunner.java:632)
	at org.testng.SuiteRunner.runTest(SuiteRunner.java:366)
	at org.testng.SuiteRunner.runSequentially(SuiteRunner.java:361)
	at org.testng.SuiteRunner.privateRun(SuiteRunner.java:319)
	at org.testng.SuiteRunner.run(SuiteRunner.java:268)
	at org.testng.SuiteRunnerWorker.runSuite(SuiteRunnerWorker.java:52)
	at org.testng.SuiteRunnerWorker.run(SuiteRunnerWorker.java:86)
	at org.testng.TestNG.runSuitesSequentially(TestNG.java:1244)
	at org.testng.TestNG.runSuitesLocally(TestNG.java:1169)
	at org.testng.TestNG.run(TestNG.java:1064)
	at org.testng.remote.AbstractRemoteTestNG.run(AbstractRemoteTestNG.java:126)
	at org.testng.remote.RemoteTestNG.initAndRun(RemoteTestNG.java:152)
	at org.testng.remote.RemoteTestNG.main(RemoteTestNG.java:57)
Caused by: org.openqa.selenium.NoSuchElementException: Unable to locate element: {&quot;method&quot;:&quot;xpath&quot;,&quot;selector&quot;:&quot;//table[contains(@class, &apos;int-table-to-datagrid&apos;)]//*[contains(text(), &apos;CD102VS - Cover 3&apos;)]/ancestor::table[contains(@class, &apos;mx-name-table1&apos;)]/tbody/tr[1]&quot;}
Command duration or timeout: 15 milliseconds
For documentation on this error, please visit: http://seleniumhq.org/exceptions/no_such_element.html
Build info: version: &apos;2.53.1&apos;, revision: &apos;a36b8b1cd5757287168e54b817830adce9b0158d&apos;, time: &apos;2016-06-30 19:26:09&apos;
System info: host: &apos;mbpro-dejuan.local&apos;, ip: &apos;10.34.6.211&apos;, os.name: &apos;Mac OS X&apos;, os.arch: &apos;x86_64&apos;, os.version: &apos;10.11.6&apos;, java.version: &apos;1.8.0_91&apos;
Driver info: org.openqa.selenium.firefox.FirefoxDriver
Capabilities [{applicationCacheEnabled=true, rotatable=false, handlesAlerts=true, databaseEnabled=true, version=47.0.1, platform=MAC, nativeEvents=false, acceptSslCerts=true, webStorageEnabled=true, locationContextEnabled=true, browserName=firefox, takesScreenshot=true, javascriptEnabled=true, cssSelectorsEnabled=true}]
Session ID: 08695a8b-da8d-874d-bf9e-085ffd471638
*** Element info: {Using=xpath, value=//table[contains(@class, &apos;int-table-to-datagrid&apos;)]//*[contains(text(), &apos;CD102VS - Cover 3&apos;)]/ancestor::table[contains(@class, &apos;mx-name-table1&apos;)]/tbody/tr[1]}
	at sun.reflect.GeneratedConstructorAccessor16.newInstance(Unknown Source)
	at sun.reflect.DelegatingConstructorAccessorImpl.newInstance(DelegatingConstructorAccessorImpl.java:45)
	at java.lang.reflect.Constructor.newInstance(Constructor.java:423)
	at org.openqa.selenium.remote.ErrorHandler.createThrowable(ErrorHandler.java:206)
	at org.openqa.selenium.remote.ErrorHandler.throwIfResponseFailed(ErrorHandler.java:158)
	at org.openqa.selenium.remote.RemoteWebDriver.execute(RemoteWebDriver.java:678)
	at org.openqa.selenium.remote.RemoteWebDriver.findElement(RemoteWebDriver.java:363)
	at org.openqa.selenium.remote.RemoteWebDriver.findElementByXPath(RemoteWebDriver.java:500)
	at org.openqa.selenium.By$ByXPath.findElement(By.java:361)
	at org.openqa.selenium.remote.RemoteWebDriver.findElement(RemoteWebDriver.java:355)
	at org.openqa.selenium.support.ui.ExpectedConditions.findElement(ExpectedConditions.java:899)
	at org.openqa.selenium.support.ui.ExpectedConditions.access$000(ExpectedConditions.java:41)
	at org.openqa.selenium.support.ui.ExpectedConditions$7.apply(ExpectedConditions.java:205)
	at org.openqa.selenium.support.ui.ExpectedConditions$7.apply(ExpectedConditions.java:201)
	at org.openqa.selenium.support.ui.FluentWait.until(FluentWait.java:238)
	... 26 more
Caused by: org.openqa.selenium.NoSuchElementException: Unable to locate element: {&quot;method&quot;:&quot;xpath&quot;,&quot;selector&quot;:&quot;//table[contains(@class, &apos;int-table-to-datagrid&apos;)]//*[contains(text(), &apos;CD102VS - Cover 3&apos;)]/ancestor::table[contains(@class, &apos;mx-name-table1&apos;)]/tbody/tr[1]&quot;}
For documentation on this error, please visit: http://seleniumhq.org/exceptions/no_such_element.html
Build info: version: &apos;2.53.1&apos;, revision: &apos;a36b8b1cd5757287168e54b817830adce9b0158d&apos;, time: &apos;2016-06-30 19:26:09&apos;
System info: host: &apos;mbpro-dejuan.local&apos;, ip: &apos;10.34.6.211&apos;, os.name: &apos;Mac OS X&apos;, os.arch: &apos;x86_64&apos;, os.version: &apos;10.11.6&apos;, java.version: &apos;1.8.0_91&apos;
Driver info: driver.version: unknown
	at &lt;anonymous class&gt;.FirefoxDriver.prototype.findElementInternal_(file:///var/folders/wr/g92p1f_s6c34hxrt50h3c8jc0000gn/T/anonymous2778923394478248598webdriver-profile/extensions/fxdriver@googlecode.com/components/driver-component.js:10770)
	at &lt;anonymous class&gt;.FirefoxDriver.prototype.findElement(file:///var/folders/wr/g92p1f_s6c34hxrt50h3c8jc0000gn/T/anonymous2778923394478248598webdriver-profile/extensions/fxdriver@googlecode.com/components/driver-component.js:10779)
	at &lt;anonymous class&gt;.DelayedCommand.prototype.executeInternal_/h(file:///var/folders/wr/g92p1f_s6c34hxrt50h3c8jc0000gn/T/anonymous2778923394478248598webdriver-profile/extensions/fxdriver@googlecode.com/components/command-processor.js:12661)
	at &lt;anonymous class&gt;.DelayedCommand.prototype.executeInternal_(file:///var/folders/wr/g92p1f_s6c34hxrt50h3c8jc0000gn/T/anonymous2778923394478248598webdriver-profile/extensions/fxdriver@googlecode.com/components/command-processor.js:12666)
	at &lt;anonymous class&gt;.DelayedCommand.prototype.execute/&lt;(file:///var/folders/wr/g92p1f_s6c34hxrt50h3c8jc0000gn/T/anonymous2778923394478248598webdriver-profile/extensions/fxdriver@googlecode.com/components/command-processor.js:12608)
</pre></div></td>
<td>60</td>
<td>testcases.B2Dev1000OptionPush@1e397ed7</td></tr>
<tr>
<td title='testcases.B2Dev1000OptionPush.notificationNoCampaignDeselect()'><b>notificationNoCampaignDeselect</b><br>Test class: testcases.B2Dev1000OptionPush ()<br>Parameters: CD104BS - Pagina 3, CD101V - Voorpagina, CD102VL - Cover 3, CD102VS - Cover 3</td>
<td><div><pre>org.openqa.selenium.TimeoutException: Timed out after 60 seconds waiting for visibility of element located by By.xpath: //table[contains(@class, &apos;int-table-to-datagrid&apos;)]//*[contains(text(), &apos;CD104BS - Pagina 3&apos;)]/ancestor::table[contains(@class, &apos;mx-name-table1&apos;)]/tbody/tr[1]
Build info: version: &apos;2.53.1&apos;, revision: &apos;a36b8b1cd5757287168e54b817830adce9b0158d&apos;, time: &apos;2016-06-30 19:26:09&apos;
System info: host: &apos;mbpro-dejuan.local&apos;, ip: &apos;10.34.6.211&apos;, os.name: &apos;Mac OS X&apos;, os.arch: &apos;x86_64&apos;, os.version: &apos;10.11.6&apos;, java.version: &apos;1.8.0_91&apos;
Driver info: org.openqa.selenium.firefox.FirefoxDriver
Capabilities [{applicationCacheEnabled=true, rotatable=false, handlesAlerts=true, databaseEnabled=true, version=47.0.1, platform=MAC, nativeEvents=false, acceptSslCerts=true, webStorageEnabled=true, locationContextEnabled=true, browserName=firefox, takesScreenshot=true, javascriptEnabled=true, cssSelectorsEnabled=true}]
Session ID: 08695a8b-da8d-874d-bf9e-085ffd471638
	at org.openqa.selenium.support.ui.WebDriverWait.timeoutException(WebDriverWait.java:80)
	at org.openqa.selenium.support.ui.FluentWait.until(FluentWait.java:261)
	at advertiser.Exchange.SelectAInventory(Exchange.java:73)
	at testcases.B2Dev1000OptionPush.notificationNoCampaignDeselect(B2Dev1000OptionPush.java:65)
Caused by: org.openqa.selenium.NoSuchElementException: Unable to locate element: {&quot;method&quot;:&quot;xpath&quot;,&quot;selector&quot;:&quot;//table[contains(@class, &apos;int-table-to-datagrid&apos;)]//*[contains(text(), &apos;CD104BS - Pagina 3&apos;)]/ancestor::table[contains(@class, &apos;mx-name-table1&apos;)]/tbody/tr[1]&quot;}
Command duration or timeout: 15 milliseconds
For documentation on this error, please visit: http://seleniumhq.org/exceptions/no_such_element.html
Build info: version: &apos;2.53.1&apos;, revision: &apos;a36b8b1cd5757287168e54b817830adce9b0158d&apos;, time: &apos;2016-06-30 19:26:09&apos;
System info: host: &apos;mbpro-dejuan.local&apos;, ip: &apos;10.34.6.211&apos;, os.name: &apos;Mac OS X&apos;, os.arch: &apos;x86_64&apos;, os.version: &apos;10.11.6&apos;, java.version: &apos;1.8.0_91&apos;
Driver info: org.openqa.selenium.firefox.FirefoxDriver
Capabilities [{applicationCacheEnabled=true, rotatable=false, handlesAlerts=true, databaseEnabled=true, version=47.0.1, platform=MAC, nativeEvents=false, acceptSslCerts=true, webStorageEnabled=true, locationContextEnabled=true, browserName=firefox, takesScreenshot=true, javascriptEnabled=true, cssSelectorsEnabled=true}]
Session ID: 08695a8b-da8d-874d-bf9e-085ffd471638
*** Element info: {Using=xpath, value=//table[contains(@class, &apos;int-table-to-datagrid&apos;)]//*[contains(text(), &apos;CD104BS - Pagina 3&apos;)]/ancestor::table[contains(@class, &apos;mx-name-table1&apos;)]/tbody/tr[1]}
	at org.openqa.selenium.remote.ErrorHandler.createThrowable(ErrorHandler.java:206)
	at org.openqa.selenium.remote.ErrorHandler.throwIfResponseFailed(ErrorHandler.java:158)
	at org.openqa.selenium.remote.RemoteWebDriver.execute(RemoteWebDriver.java:678)
	at org.openqa.selenium.remote.RemoteWebDriver.findElement(RemoteWebDriver.java:363)
	at org.openqa.selenium.remote.RemoteWebDriver.findElementByXPath(RemoteWebDriver.java:500)
	at org.openqa.selenium.By$ByXPath.findElement(By.java:361)
	at org.openqa.selenium.remote.RemoteWebDriver.findElement(RemoteWebDriver.java:355)
	at org.openqa.selenium.support.ui.ExpectedConditions.findElement(ExpectedConditions.java:899)
	at org.openqa.selenium.support.ui.ExpectedConditions.access$000(ExpectedConditions.java:41)
	at org.openqa.selenium.support.ui.ExpectedConditions$7.apply(ExpectedConditions.java:205)
	at org.openqa.selenium.support.ui.ExpectedConditions$7.apply(ExpectedConditions.java:201)
	at org.openqa.selenium.support.ui.FluentWait.until(FluentWait.java:238)
	... 26 more
Caused by: org.openqa.selenium.NoSuchElementException: Unable to locate element: {&quot;method&quot;:&quot;xpath&quot;,&quot;selector&quot;:&quot;//table[contains(@class, &apos;int-table-to-datagrid&apos;)]//*[contains(text(), &apos;CD104BS - Pagina 3&apos;)]/ancestor::table[contains(@class, &apos;mx-name-table1&apos;)]/tbody/tr[1]&quot;}
For documentation on this error, please visit: http://seleniumhq.org/exceptions/no_such_element.html
Build info: version: &apos;2.53.1&apos;, revision: &apos;a36b8b1cd5757287168e54b817830adce9b0158d&apos;, time: &apos;2016-06-30 19:26:09&apos;
System info: host: &apos;mbpro-dejuan.local&apos;, ip: &apos;10.34.6.211&apos;, os.name: &apos;Mac OS X&apos;, os.arch: &apos;x86_64&apos;, os.version: &apos;10.11.6&apos;, java.version: &apos;1.8.0_91&apos;
Driver info: driver.version: unknown
	at &lt;anonymous class&gt;.FirefoxDriver.prototype.findElementInternal_(file:///var/folders/wr/g92p1f_s6c34hxrt50h3c8jc0000gn/T/anonymous2778923394478248598webdriver-profile/extensions/fxdriver@googlecode.com/components/driver-component.js:10770)
	at &lt;anonymous class&gt;.FirefoxDriver.prototype.findElement(file:///var/folders/wr/g92p1f_s6c34hxrt50h3c8jc0000gn/T/anonymous2778923394478248598webdriver-profile/extensions/fxdriver@googlecode.com/components/driver-component.js:10779)
	at &lt;anonymous class&gt;.DelayedCommand.prototype.executeInternal_/h(file:///var/folders/wr/g92p1f_s6c34hxrt50h3c8jc0000gn/T/anonymous2778923394478248598webdriver-profile/extensions/fxdriver@googlecode.com/components/command-processor.js:12661)
	at &lt;anonymous class&gt;.DelayedCommand.prototype.executeInternal_(file:///var/folders/wr/g92p1f_s6c34hxrt50h3c8jc0000gn/T/anonymous2778923394478248598webdriver-profile/extensions/fxdriver@googlecode.com/components/command-processor.js:12666)
	at &lt;anonymous class&gt;.DelayedCommand.prototype.execute/&lt;(file:///var/folders/wr/g92p1f_s6c34hxrt50h3c8jc0000gn/T/anonymous2778923394478248598webdriver-profile/extensions/fxdriver@googlecode.com/components/command-processor.js:12608)
... Removed 27 stack frames</pre></div><a href='#' onClick='toggleBox("stack-trace905940937", this, "Click to show all stack frames", "Click to hide stack frames")'>Click to show all stack frames</a>
<div class='stack-trace' id='stack-trace905940937'><pre>org.openqa.selenium.TimeoutException: Timed out after 60 seconds waiting for visibility of element located by By.xpath: //table[contains(@class, &apos;int-table-to-datagrid&apos;)]//*[contains(text(), &apos;CD104BS - Pagina 3&apos;)]/ancestor::table[contains(@class, &apos;mx-name-table1&apos;)]/tbody/tr[1]
Build info: version: &apos;2.53.1&apos;, revision: &apos;a36b8b1cd5757287168e54b817830adce9b0158d&apos;, time: &apos;2016-06-30 19:26:09&apos;
System info: host: &apos;mbpro-dejuan.local&apos;, ip: &apos;10.34.6.211&apos;, os.name: &apos;Mac OS X&apos;, os.arch: &apos;x86_64&apos;, os.version: &apos;10.11.6&apos;, java.version: &apos;1.8.0_91&apos;
Driver info: org.openqa.selenium.firefox.FirefoxDriver
Capabilities [{applicationCacheEnabled=true, rotatable=false, handlesAlerts=true, databaseEnabled=true, version=47.0.1, platform=MAC, nativeEvents=false, acceptSslCerts=true, webStorageEnabled=true, locationContextEnabled=true, browserName=firefox, takesScreenshot=true, javascriptEnabled=true, cssSelectorsEnabled=true}]
Session ID: 08695a8b-da8d-874d-bf9e-085ffd471638
	at org.openqa.selenium.support.ui.WebDriverWait.timeoutException(WebDriverWait.java:80)
	at org.openqa.selenium.support.ui.FluentWait.until(FluentWait.java:261)
	at advertiser.Exchange.SelectAInventory(Exchange.java:73)
	at testcases.B2Dev1000OptionPush.notificationNoCampaignDeselect(B2Dev1000OptionPush.java:65)
	at sun.reflect.NativeMethodAccessorImpl.invoke0(Native Method)
	at sun.reflect.NativeMethodAccessorImpl.invoke(NativeMethodAccessorImpl.java:62)
	at sun.reflect.DelegatingMethodAccessorImpl.invoke(DelegatingMethodAccessorImpl.java:43)
	at java.lang.reflect.Method.invoke(Method.java:498)
	at org.testng.internal.MethodInvocationHelper.invokeMethod(MethodInvocationHelper.java:86)
	at org.testng.internal.Invoker.invokeMethod(Invoker.java:643)
	at org.testng.internal.Invoker.invokeTestMethod(Invoker.java:820)
	at org.testng.internal.Invoker.invokeTestMethods(Invoker.java:1128)
	at org.testng.internal.TestMethodWorker.invokeTestMethods(TestMethodWorker.java:129)
	at org.testng.internal.TestMethodWorker.run(TestMethodWorker.java:112)
	at org.testng.TestRunner.privateRun(TestRunner.java:782)
	at org.testng.TestRunner.run(TestRunner.java:632)
	at org.testng.SuiteRunner.runTest(SuiteRunner.java:366)
	at org.testng.SuiteRunner.runSequentially(SuiteRunner.java:361)
	at org.testng.SuiteRunner.privateRun(SuiteRunner.java:319)
	at org.testng.SuiteRunner.run(SuiteRunner.java:268)
	at org.testng.SuiteRunnerWorker.runSuite(SuiteRunnerWorker.java:52)
	at org.testng.SuiteRunnerWorker.run(SuiteRunnerWorker.java:86)
	at org.testng.TestNG.runSuitesSequentially(TestNG.java:1244)
	at org.testng.TestNG.runSuitesLocally(TestNG.java:1169)
	at org.testng.TestNG.run(TestNG.java:1064)
	at org.testng.remote.AbstractRemoteTestNG.run(AbstractRemoteTestNG.java:126)
	at org.testng.remote.RemoteTestNG.initAndRun(RemoteTestNG.java:152)
	at org.testng.remote.RemoteTestNG.main(RemoteTestNG.java:57)
Caused by: org.openqa.selenium.NoSuchElementException: Unable to locate element: {&quot;method&quot;:&quot;xpath&quot;,&quot;selector&quot;:&quot;//table[contains(@class, &apos;int-table-to-datagrid&apos;)]//*[contains(text(), &apos;CD104BS - Pagina 3&apos;)]/ancestor::table[contains(@class, &apos;mx-name-table1&apos;)]/tbody/tr[1]&quot;}
Command duration or timeout: 15 milliseconds
For documentation on this error, please visit: http://seleniumhq.org/exceptions/no_such_element.html
Build info: version: &apos;2.53.1&apos;, revision: &apos;a36b8b1cd5757287168e54b817830adce9b0158d&apos;, time: &apos;2016-06-30 19:26:09&apos;
System info: host: &apos;mbpro-dejuan.local&apos;, ip: &apos;10.34.6.211&apos;, os.name: &apos;Mac OS X&apos;, os.arch: &apos;x86_64&apos;, os.version: &apos;10.11.6&apos;, java.version: &apos;1.8.0_91&apos;
Driver info: org.openqa.selenium.firefox.FirefoxDriver
Capabilities [{applicationCacheEnabled=true, rotatable=false, handlesAlerts=true, databaseEnabled=true, version=47.0.1, platform=MAC, nativeEvents=false, acceptSslCerts=true, webStorageEnabled=true, locationContextEnabled=true, browserName=firefox, takesScreenshot=true, javascriptEnabled=true, cssSelectorsEnabled=true}]
Session ID: 08695a8b-da8d-874d-bf9e-085ffd471638
*** Element info: {Using=xpath, value=//table[contains(@class, &apos;int-table-to-datagrid&apos;)]//*[contains(text(), &apos;CD104BS - Pagina 3&apos;)]/ancestor::table[contains(@class, &apos;mx-name-table1&apos;)]/tbody/tr[1]}
	at sun.reflect.GeneratedConstructorAccessor16.newInstance(Unknown Source)
	at sun.reflect.DelegatingConstructorAccessorImpl.newInstance(DelegatingConstructorAccessorImpl.java:45)
	at java.lang.reflect.Constructor.newInstance(Constructor.java:423)
	at org.openqa.selenium.remote.ErrorHandler.createThrowable(ErrorHandler.java:206)
	at org.openqa.selenium.remote.ErrorHandler.throwIfResponseFailed(ErrorHandler.java:158)
	at org.openqa.selenium.remote.RemoteWebDriver.execute(RemoteWebDriver.java:678)
	at org.openqa.selenium.remote.RemoteWebDriver.findElement(RemoteWebDriver.java:363)
	at org.openqa.selenium.remote.RemoteWebDriver.findElementByXPath(RemoteWebDriver.java:500)
	at org.openqa.selenium.By$ByXPath.findElement(By.java:361)
	at org.openqa.selenium.remote.RemoteWebDriver.findElement(RemoteWebDriver.java:355)
	at org.openqa.selenium.support.ui.ExpectedConditions.findElement(ExpectedConditions.java:899)
	at org.openqa.selenium.support.ui.ExpectedConditions.access$000(ExpectedConditions.java:41)
	at org.openqa.selenium.support.ui.ExpectedConditions$7.apply(ExpectedConditions.java:205)
	at org.openqa.selenium.support.ui.ExpectedConditions$7.apply(ExpectedConditions.java:201)
	at org.openqa.selenium.support.ui.FluentWait.until(FluentWait.java:238)
	... 26 more
Caused by: org.openqa.selenium.NoSuchElementException: Unable to locate element: {&quot;method&quot;:&quot;xpath&quot;,&quot;selector&quot;:&quot;//table[contains(@class, &apos;int-table-to-datagrid&apos;)]//*[contains(text(), &apos;CD104BS - Pagina 3&apos;)]/ancestor::table[contains(@class, &apos;mx-name-table1&apos;)]/tbody/tr[1]&quot;}
For documentation on this error, please visit: http://seleniumhq.org/exceptions/no_such_element.html
Build info: version: &apos;2.53.1&apos;, revision: &apos;a36b8b1cd5757287168e54b817830adce9b0158d&apos;, time: &apos;2016-06-30 19:26:09&apos;
System info: host: &apos;mbpro-dejuan.local&apos;, ip: &apos;10.34.6.211&apos;, os.name: &apos;Mac OS X&apos;, os.arch: &apos;x86_64&apos;, os.version: &apos;10.11.6&apos;, java.version: &apos;1.8.0_91&apos;
Driver info: driver.version: unknown
	at &lt;anonymous class&gt;.FirefoxDriver.prototype.findElementInternal_(file:///var/folders/wr/g92p1f_s6c34hxrt50h3c8jc0000gn/T/anonymous2778923394478248598webdriver-profile/extensions/fxdriver@googlecode.com/components/driver-component.js:10770)
	at &lt;anonymous class&gt;.FirefoxDriver.prototype.findElement(file:///var/folders/wr/g92p1f_s6c34hxrt50h3c8jc0000gn/T/anonymous2778923394478248598webdriver-profile/extensions/fxdriver@googlecode.com/components/driver-component.js:10779)
	at &lt;anonymous class&gt;.DelayedCommand.prototype.executeInternal_/h(file:///var/folders/wr/g92p1f_s6c34hxrt50h3c8jc0000gn/T/anonymous2778923394478248598webdriver-profile/extensions/fxdriver@googlecode.com/components/command-processor.js:12661)
	at &lt;anonymous class&gt;.DelayedCommand.prototype.executeInternal_(file:///var/folders/wr/g92p1f_s6c34hxrt50h3c8jc0000gn/T/anonymous2778923394478248598webdriver-profile/extensions/fxdriver@googlecode.com/components/command-processor.js:12666)
	at &lt;anonymous class&gt;.DelayedCommand.prototype.execute/&lt;(file:///var/folders/wr/g92p1f_s6c34hxrt50h3c8jc0000gn/T/anonymous2778923394478248598webdriver-profile/extensions/fxdriver@googlecode.com/components/command-processor.js:12608)
</pre></div></td>
<td>72</td>
<td>testcases.B2Dev1000OptionPush@1e397ed7</td></tr>
<tr>
<td title='testcases.B2Dev1000OptionPush.optionPush()'><b>optionPush</b><br>Test class: testcases.B2Dev1000OptionPush ()<br>Parameters: pWYrZZUG2, pWYrZZMB, pWYrZZADV2, pWYrZZBuyNow2, CD104BS, 12-09-2016, 300, CD104BS - Pagina 3</td>
<td><div><pre>org.openqa.selenium.WebDriverException: Element is not clickable at point (400, 329.79998779296875). Other element would receive the click: &lt;label class=&quot;checkbox&quot;&gt;&lt;/label&gt;
Command duration or timeout: 84 milliseconds
Build info: version: &apos;2.53.1&apos;, revision: &apos;a36b8b1cd5757287168e54b817830adce9b0158d&apos;, time: &apos;2016-06-30 19:26:09&apos;
System info: host: &apos;mbpro-dejuan.local&apos;, ip: &apos;10.34.6.211&apos;, os.name: &apos;Mac OS X&apos;, os.arch: &apos;x86_64&apos;, os.version: &apos;10.11.6&apos;, java.version: &apos;1.8.0_91&apos;
Driver info: org.openqa.selenium.firefox.FirefoxDriver
Capabilities [{applicationCacheEnabled=true, rotatable=false, handlesAlerts=true, databaseEnabled=true, version=47.0.1, platform=MAC, nativeEvents=false, acceptSslCerts=true, webStorageEnabled=true, locationContextEnabled=true, browserName=firefox, takesScreenshot=true, javascriptEnabled=true, cssSelectorsEnabled=true}]
Session ID: 08695a8b-da8d-874d-bf9e-085ffd471638
	at org.openqa.selenium.remote.ErrorHandler.createThrowable(ErrorHandler.java:206)
	at org.openqa.selenium.remote.ErrorHandler.throwIfResponseFailed(ErrorHandler.java:158)
	at org.openqa.selenium.remote.RemoteWebDriver.execute(RemoteWebDriver.java:678)
	at org.openqa.selenium.remote.RemoteWebElement.execute(RemoteWebElement.java:327)
	at org.openqa.selenium.remote.RemoteWebElement.click(RemoteWebElement.java:85)
	at advertiser.Exchange.SelectMediumOrFormat(Exchange.java:47)
	at testcases.B2Dev1000OptionPush.optionPush(B2Dev1000OptionPush.java:40)
... Removed 28 stack frames</pre></div><a href='#' onClick='toggleBox("stack-trace832066800", this, "Click to show all stack frames", "Click to hide stack frames")'>Click to show all stack frames</a>
<div class='stack-trace' id='stack-trace832066800'><pre>org.openqa.selenium.WebDriverException: Element is not clickable at point (400, 329.79998779296875). Other element would receive the click: &lt;label class=&quot;checkbox&quot;&gt;&lt;/label&gt;
Command duration or timeout: 84 milliseconds
Build info: version: &apos;2.53.1&apos;, revision: &apos;a36b8b1cd5757287168e54b817830adce9b0158d&apos;, time: &apos;2016-06-30 19:26:09&apos;
System info: host: &apos;mbpro-dejuan.local&apos;, ip: &apos;10.34.6.211&apos;, os.name: &apos;Mac OS X&apos;, os.arch: &apos;x86_64&apos;, os.version: &apos;10.11.6&apos;, java.version: &apos;1.8.0_91&apos;
Driver info: org.openqa.selenium.firefox.FirefoxDriver
Capabilities [{applicationCacheEnabled=true, rotatable=false, handlesAlerts=true, databaseEnabled=true, version=47.0.1, platform=MAC, nativeEvents=false, acceptSslCerts=true, webStorageEnabled=true, locationContextEnabled=true, browserName=firefox, takesScreenshot=true, javascriptEnabled=true, cssSelectorsEnabled=true}]
Session ID: 08695a8b-da8d-874d-bf9e-085ffd471638
	at sun.reflect.NativeConstructorAccessorImpl.newInstance0(Native Method)
	at sun.reflect.NativeConstructorAccessorImpl.newInstance(NativeConstructorAccessorImpl.java:62)
	at sun.reflect.DelegatingConstructorAccessorImpl.newInstance(DelegatingConstructorAccessorImpl.java:45)
	at java.lang.reflect.Constructor.newInstance(Constructor.java:423)
	at org.openqa.selenium.remote.ErrorHandler.createThrowable(ErrorHandler.java:206)
	at org.openqa.selenium.remote.ErrorHandler.throwIfResponseFailed(ErrorHandler.java:158)
	at org.openqa.selenium.remote.RemoteWebDriver.execute(RemoteWebDriver.java:678)
	at org.openqa.selenium.remote.RemoteWebElement.execute(RemoteWebElement.java:327)
	at org.openqa.selenium.remote.RemoteWebElement.click(RemoteWebElement.java:85)
	at advertiser.Exchange.SelectMediumOrFormat(Exchange.java:47)
	at testcases.B2Dev1000OptionPush.optionPush(B2Dev1000OptionPush.java:40)
	at sun.reflect.NativeMethodAccessorImpl.invoke0(Native Method)
	at sun.reflect.NativeMethodAccessorImpl.invoke(NativeMethodAccessorImpl.java:62)
	at sun.reflect.DelegatingMethodAccessorImpl.invoke(DelegatingMethodAccessorImpl.java:43)
	at java.lang.reflect.Method.invoke(Method.java:498)
	at org.testng.internal.MethodInvocationHelper.invokeMethod(MethodInvocationHelper.java:86)
	at org.testng.internal.Invoker.invokeMethod(Invoker.java:643)
	at org.testng.internal.Invoker.invokeTestMethod(Invoker.java:820)
	at org.testng.internal.Invoker.invokeTestMethods(Invoker.java:1128)
	at org.testng.internal.TestMethodWorker.invokeTestMethods(TestMethodWorker.java:129)
	at org.testng.internal.TestMethodWorker.run(TestMethodWorker.java:112)
	at org.testng.TestRunner.privateRun(TestRunner.java:782)
	at org.testng.TestRunner.run(TestRunner.java:632)
	at org.testng.SuiteRunner.runTest(SuiteRunner.java:366)
	at org.testng.SuiteRunner.runSequentially(SuiteRunner.java:361)
	at org.testng.SuiteRunner.privateRun(SuiteRunner.java:319)
	at org.testng.SuiteRunner.run(SuiteRunner.java:268)
	at org.testng.SuiteRunnerWorker.runSuite(SuiteRunnerWorker.java:52)
	at org.testng.SuiteRunnerWorker.run(SuiteRunnerWorker.java:86)
	at org.testng.TestNG.runSuitesSequentially(TestNG.java:1244)
	at org.testng.TestNG.runSuitesLocally(TestNG.java:1169)
	at org.testng.TestNG.run(TestNG.java:1064)
	at org.testng.remote.AbstractRemoteTestNG.run(AbstractRemoteTestNG.java:126)
	at org.testng.remote.RemoteTestNG.initAndRun(RemoteTestNG.java:152)
	at org.testng.remote.RemoteTestNG.main(RemoteTestNG.java:57)
</pre></div></td>
<td>19</td>
<td>testcases.B2Dev1000OptionPush@1e397ed7</td></tr>
</table><p>
<table width='100%' border='1' class='invocation-passed'>
<tr><td colspan='4' align='center'><b>PASSED TESTS</b></td></tr>
<tr><td><b>Test method</b></td>
<td width="30%"><b>Exception</b></td>
<td width="10%"><b>Time (seconds)</b></td>
<td><b>Instance</b></td>
</tr>
<tr>
<td title='testcases.A1Dev1028UnitCreate.CreateData()'><b>CreateData</b><br>Test class: testcases.A1Dev1028UnitCreate ()</td>
<td></td>
<td>341</td>
<td>testcases.A1Dev1028UnitCreate@2f686d1f</td></tr>
<tr>
<td title='testcases.A3Dev1079CheckBuyNowPricesDiffSalesOrg.checkAnotherSalePrices()'><b>checkAnotherSalePrices</b><br>Test class: testcases.A3Dev1079CheckBuyNowPricesDiffSalesOrg ()<br>Parameters: pWYrZZADV2, pWYrZZBuyNow2, CD101V, 12-09-2016, CD101V - Pagina 2, pWYrZZUG2, 10.000,00, 11.000,00, 11.000,00, 0,00, 0,00, 0,00, 0,00, 0,00, 11.000,00</td>
<td></td>
<td>42</td>
<td>testcases.A3Dev1079CheckBuyNowPricesDiffSalesOrg@1ce92674</td></tr>
<tr>
<td title='testcases.A3Dev1079CheckBuyNowPricesDiffSalesOrg.checkAnotherSalePrices()'><b>checkAnotherSalePrices</b><br>Test class: testcases.A3Dev1079CheckBuyNowPricesDiffSalesOrg ()<br>Parameters: pWYrZZADV2, pWYrZZBuyNow2, CD104BS, 12-09-2016, CD104BS - Pagina 2, pWYrZZUG2, 2.500,00, 2.750,00, 2.750,00, 0,00, 0,00, 0,00, 0,00, 0,00, 2.750,00</td>
<td></td>
<td>42</td>
<td>testcases.A3Dev1079CheckBuyNowPricesDiffSalesOrg@1ce92674</td></tr>
<tr>
<td title='testcases.A3Dev1079CheckBuyNowPricesDiffSalesOrg.checkAnotherSalePrices()'><b>checkAnotherSalePrices</b><br>Test class: testcases.A3Dev1079CheckBuyNowPricesDiffSalesOrg ()<br>Parameters: pWYrZZADV, pWYrZZBuyNow, CD101V, 14-09-2016, CD101V - Cover 2, pWYrZZRes, 5.000,00, 5.500,00, 5.500,00, 2.750,00, 687,50, 50,00, 25,00, 0,00, 2.062,50</td>
<td></td>
<td>42</td>
<td>testcases.A3Dev1079CheckBuyNowPricesDiffSalesOrg@1ce92674</td></tr>
<tr>
<td title='testcases.A3Dev1082CheckBidPrices.checkBidPrices()'><b>checkBidPrices</b><br>Test class: testcases.A3Dev1082CheckBidPrices ()<br>Parameters: pWYrZZADV2, pWYrZZBid2, CD101V, 10-09-2016, CD101V - Pagina 2, 5.000,00, 5.500,00, 5.000,00, 5.500,00, 0,00, 1.375,00, 0,00, 25,00, 0,00, 4.125,00</td>
<td></td>
<td>41</td>
<td>testcases.A3Dev1082CheckBidPrices@5f2108b5</td></tr>
<tr>
<td title='testcases.A3Dev1082CheckBidPrices.checkBidPrices()'><b>checkBidPrices</b><br>Test class: testcases.A3Dev1082CheckBidPrices ()<br>Parameters: pWYrZZADV2, pWYrZZBid2, CD104BS, 10-09-2016, CD104BS - Pagina 2, 1.250,00, 1.375,00, 1.250,00, 1.375,00, 0,00, 343,75, 0,00, 25,00, 0,00, 1.031,25</td>
<td></td>
<td>40</td>
<td>testcases.A3Dev1082CheckBidPrices@5f2108b5</td></tr>
<tr>
<td title='testcases.A3Dev1082CheckBidPrices.checkBidPrices()'><b>checkBidPrices</b><br>Test class: testcases.A3Dev1082CheckBidPrices ()<br>Parameters: pWYrZZADV, pWYrZZBid, CD101V, 10-09-2016, CD101V - Pagina 2, 5.000,00, 5.500,00, 5.000,00, 5.500,00, 2.750,00, 687,50, 50,00, 25,00, 0,00, 2.062,50</td>
<td></td>
<td>42</td>
<td>testcases.A3Dev1082CheckBidPrices@5f2108b5</td></tr>
<tr>
<td title='testcases.A3Dev1082CheckBidPrices.checkBidPrices()'><b>checkBidPrices</b><br>Test class: testcases.A3Dev1082CheckBidPrices ()<br>Parameters: pWYrZZADV, pWYrZZBid, CD104BS, 10-09-2016, CD104BS - Pagina 2, 1.250,00, 1.375,00, 1.250,00, 1.375,00, 687,50, 0,00, 50,00, 0,00, 0,00, 687,50</td>
<td></td>
<td>47</td>
<td>testcases.A3Dev1082CheckBidPrices@5f2108b5</td></tr>
<tr>
<td title='testcases.A4Dev1101CampaignCheckPricesAndBuy.checkCmpPricesBuy()'><b>checkCmpPricesBuy</b><br>Test class: testcases.A4Dev1101CampaignCheckPricesAndBuy ()<br>Parameters: pWYrZZMB, pWYrZZADV2-Campaign, pWYrZZBuyNow2, CD101V, 12-09-2016, CD101V - Pagina 2, 5.000,00, 5.500,00, 5.500,00, 0,00, 1.375,00, 0,00, 25,00, 0,00, 4.125,00</td>
<td></td>
<td>83</td>
<td>testcases.A4Dev1101CampaignCheckPricesAndBuy@5700d6b1</td></tr>
<tr>
<td title='testcases.A4Dev1101CampaignCheckPricesAndBuy.checkCmpPricesBuy()'><b>checkCmpPricesBuy</b><br>Test class: testcases.A4Dev1101CampaignCheckPricesAndBuy ()<br>Parameters: pWYrZZMB, pWYrZZADV2-Campaign, pWYrZZBuyNow2, CD104BS, 12-09-2016, CD104BS - Pagina 3, 1.250,00, 1.375,00, 1.375,00, 0,00, 343,75, 0,00, 25,00, 0,00, 1.031,25</td>
<td></td>
<td>69</td>
<td>testcases.A4Dev1101CampaignCheckPricesAndBuy@5700d6b1</td></tr>
<tr>
<td title='testcases.A4Dev1101CampaignCheckPricesAndBuy.checkCmpPricesBuy()'><b>checkCmpPricesBuy</b><br>Test class: testcases.A4Dev1101CampaignCheckPricesAndBuy ()<br>Parameters: pWYrZZMB, pWYrZZADV-Campaign, pWYrZZBuyNow, CD101V, 14-09-2016, CD101V - Cover 2, 6.300,00, 3.150,00, 3.150,00, 1.575,00, 0,00, 50,00, 0,00, 0,00, 1.575,00</td>
<td></td>
<td>90</td>
<td>testcases.A4Dev1101CampaignCheckPricesAndBuy@5700d6b1</td></tr>
<tr>
<td title='testcases.A3Dev1080CheckLastMinutePrices.checkLMPrices()'><b>checkLMPrices</b><br>Test class: testcases.A3Dev1080CheckLastMinutePrices ()<br>Parameters: pWYrZZADV2, pWYrZZLM2, CD101V, 09-09-2016, CD101V - Pagina 2, 5.000,00, 5.500,00, 5.000,00, 4.500,00, 5.500,00, 0,00, 1.375,00, 0,00, 25,00, 0,00, 4.125,00</td>
<td></td>
<td>42</td>
<td>testcases.A3Dev1080CheckLastMinutePrices@7085bdee</td></tr>
<tr>
<td title='testcases.A3Dev1080CheckLastMinutePrices.checkLMPrices()'><b>checkLMPrices</b><br>Test class: testcases.A3Dev1080CheckLastMinutePrices ()<br>Parameters: pWYrZZADV2, pWYrZZLM2, CD104BS, 09-09-2016, CD104BS - Pagina 2, 1.250,00, 1.375,00, 1.250,00, 1.125,00, 1.375,00, 0,00, 343,75, 0,00, 25,00, 0,00, 1.031,25</td>
<td></td>
<td>42</td>
<td>testcases.A3Dev1080CheckLastMinutePrices@7085bdee</td></tr>
<tr>
<td title='testcases.A3Dev1080CheckLastMinutePrices.checkLMPrices()'><b>checkLMPrices</b><br>Test class: testcases.A3Dev1080CheckLastMinutePrices ()<br>Parameters: pWYrZZADV, pWYrZZLM, CD101V, 09-09-2016, CD101V - Pagina 2, 5.000,00, 5.500,00, 5.000,00, 4.500,00, 5.500,00, 2.750,00, 687,50, 50,00, 25,00, 0,00, 2.062,50</td>
<td></td>
<td>42</td>
<td>testcases.A3Dev1080CheckLastMinutePrices@7085bdee</td></tr>
<tr>
<td title='testcases.A3Dev1080CheckLastMinutePrices.checkLMPrices()'><b>checkLMPrices</b><br>Test class: testcases.A3Dev1080CheckLastMinutePrices ()<br>Parameters: pWYrZZADV, pWYrZZLM, CD104BS, 09-09-2016, CD104BS - Pagina 2, 1.250,00, 1.375,00, 1.250,00, 1.125,00, 1.375,00, 687,50, 0,00, 50,00, 0,00, 0,00, 687,50</td>
<td></td>
<td>41</td>
<td>testcases.A3Dev1080CheckLastMinutePrices@7085bdee</td></tr>
<tr>
<td title='testcases.A5Dev1102CheckOrders.checkOrderValue()'><b>checkOrderValue</b><br>Test class: testcases.A5Dev1102CheckOrders ()<br>Parameters: 14-09-2016, pWYrZZBuyNow, CD101V - Cover 2, pWYrZZADV, pWYrZZADV-Campaign, 1.575,00, Nee, 0,00</td>
<td></td>
<td>0</td>
<td>testcases.A5Dev1102CheckOrders@3f49dace</td></tr>
<tr>
<td title='testcases.A5Dev1102CheckOrders.checkOrderValue()'><b>checkOrderValue</b><br>Test class: testcases.A5Dev1102CheckOrders ()<br>Parameters: 12-09-2016, pWYrZZBuyNow2, CD104BS - Pagina 3, pWYrZZADV2, pWYrZZADV2-Campaign, 1.031,25, Nee, 0,00</td>
<td></td>
<td>0</td>
<td>testcases.A5Dev1102CheckOrders@3f49dace</td></tr>
<tr>
<td title='testcases.A5Dev1102CheckOrders.checkOrderValue()'><b>checkOrderValue</b><br>Test class: testcases.A5Dev1102CheckOrders ()<br>Parameters: 12-09-2016, pWYrZZBuyNow2, CD101V - Pagina 2, pWYrZZADV2, pWYrZZADV2-Campaign, 4.125,00, Nee, 0,00</td>
<td></td>
<td>0</td>
<td>testcases.A5Dev1102CheckOrders@3f49dace</td></tr>
<tr>
<td title='testcases.A3Dev1077CheckBuyNowPrices.checkPrices()'><b>checkPrices</b><br>Test class: testcases.A3Dev1077CheckBuyNowPrices ()<br>Parameters: pWYrZZADV2, pWYrZZBuyNow2, CD101V, 12-09-2016, CD101V - Pagina 2, 5.000,00, 5.500,00, 5.500,00, 0,00, 1.375,00, 0,00, 25,00, 0,00, 4.125,00</td>
<td></td>
<td>55</td>
<td>testcases.A3Dev1077CheckBuyNowPrices@3fee9989</td></tr>
<tr>
<td title='testcases.A3Dev1077CheckBuyNowPrices.checkPrices()'><b>checkPrices</b><br>Test class: testcases.A3Dev1077CheckBuyNowPrices ()<br>Parameters: pWYrZZADV2, pWYrZZBuyNow2, CD104BS, 12-09-2016, CD104BS - Pagina 2, 1.250,00, 1.375,00, 1.375,00, 0,00, 343,75, 0,00, 25,00, 0,00, 1.031,25</td>
<td></td>
<td>40</td>
<td>testcases.A3Dev1077CheckBuyNowPrices@3fee9989</td></tr>
<tr>
<td title='testcases.A3Dev1077CheckBuyNowPrices.checkPrices()'><b>checkPrices</b><br>Test class: testcases.A3Dev1077CheckBuyNowPrices ()<br>Parameters: pWYrZZADV, pWYrZZBuyNow, CD101V, 14-09-2016, CD101V - Cover 2, 6.300,00, 3.150,00, 3.150,00, 1.575,00, 0,00, 50,00, 0,00, 0,00, 1.575,00</td>
<td></td>
<td>38</td>
<td>testcases.A3Dev1077CheckBuyNowPrices@3fee9989</td></tr>
<tr>
<td title='testcases.A3Dev1077CheckBuyNowPrices.checkPrices()'><b>checkPrices</b><br>Test class: testcases.A3Dev1077CheckBuyNowPrices ()<br>Parameters: pWYrZZADV, pWYrZZBuyNow, CD101V, 14-09-2016, CD101V - Cover 3, 9.000,00, 4.500,00, 4.500,00, 2.250,00, 0,00, 50,00, 0,00, 0,00, 2.250,00</td>
<td></td>
<td>39</td>
<td>testcases.A3Dev1077CheckBuyNowPrices@3fee9989</td></tr>
<tr>
<td title='testcases.A3Dev1077CheckBuyNowPrices.checkPrices()'><b>checkPrices</b><br>Test class: testcases.A3Dev1077CheckBuyNowPrices ()<br>Parameters: pWYrZZADV, pWYrZZBuyNow, CD101V, 13-09-2016, CD101V - Cover 3, 5.400,00, 2.700,00, 2.700,00, 1.350,00, 0,00, 50,00, 0,00, 0,00, 1.350,00</td>
<td></td>
<td>39</td>
<td>testcases.A3Dev1077CheckBuyNowPrices@3fee9989</td></tr>
<tr>
<td title='testcases.A5Dev1102CheckOrders.compareOrdersPubSideAndMBSide()'><b>compareOrdersPubSideAndMBSide</b><br>Test class: testcases.A5Dev1102CheckOrders ()</td>
<td></td>
<td>0</td>
<td>testcases.A5Dev1102CheckOrders@3f49dace</td></tr>
<tr>
<td title='testcases.A2Dev1072LoginFirstTime.logInChangePass()'><b>logInChangePass</b><br>Test class: testcases.A2Dev1072LoginFirstTime ()<br>Parameters: pWYrZZADV</td>
<td></td>
<td>11</td>
<td>testcases.A2Dev1072LoginFirstTime@4cf777e8</td></tr>
<tr>
<td title='testcases.A2Dev1072LoginFirstTime.logInChangePass()'><b>logInChangePass</b><br>Test class: testcases.A2Dev1072LoginFirstTime ()<br>Parameters: pWYrZZADV2</td>
<td></td>
<td>10</td>
<td>testcases.A2Dev1072LoginFirstTime@4cf777e8</td></tr>
<tr>
<td title='testcases.A2Dev1072LoginFirstTime.logInChangePass()'><b>logInChangePass</b><br>Test class: testcases.A2Dev1072LoginFirstTime ()<br>Parameters: pWYrZZMB</td>
<td></td>
<td>10</td>
<td>testcases.A2Dev1072LoginFirstTime@4cf777e8</td></tr>
<tr>
<td title='testcases.A2Dev1072LoginFirstTime.logInChangePass()'><b>logInChangePass</b><br>Test class: testcases.A2Dev1072LoginFirstTime ()<br>Parameters: pWYrZZUG</td>
<td></td>
<td>10</td>
<td>testcases.A2Dev1072LoginFirstTime@4cf777e8</td></tr>
<tr>
<td title='testcases.A2Dev1072LoginFirstTime.logInChangePass()'><b>logInChangePass</b><br>Test class: testcases.A2Dev1072LoginFirstTime ()<br>Parameters: pWYrZZUG2</td>
<td></td>
<td>10</td>
<td>testcases.A2Dev1072LoginFirstTime@4cf777e8</td></tr>
<tr>
<td title='testcases.A2Dev1072LoginFirstTime.logInChangePass()'><b>logInChangePass</b><br>Test class: testcases.A2Dev1072LoginFirstTime ()<br>Parameters: pWYrZZRes</td>
<td></td>
<td>10</td>
<td>testcases.A2Dev1072LoginFirstTime@4cf777e8</td></tr>
<tr>
<td title='testcases.A2Dev1072LoginFirstTime.logInChangePass()'><b>logInChangePass</b><br>Test class: testcases.A2Dev1072LoginFirstTime ()<br>Parameters: pWYrZZRes2</td>
<td></td>
<td>10</td>
<td>testcases.A2Dev1072LoginFirstTime@4cf777e8</td></tr>
<tr>
<td title='testcases.B2Dev1000OptionPush.optionPush()'><b>optionPush</b><br>Test class: testcases.B2Dev1000OptionPush ()<br>Parameters: pWYrZZRes2, pWYrZZMB, pWYrZZADV2, pWYrZZBuyNow2, CD101V, 12-09-2016, 400, CD101V - Voorpagina</td>
<td></td>
<td>72</td>
<td>testcases.B2Dev1000OptionPush@1e397ed7</td></tr>
<tr>
<td title='testcases.B2Dev1000OptionPush.optionPush()'><b>optionPush</b><br>Test class: testcases.B2Dev1000OptionPush ()<br>Parameters: pWYrZZRes, pWYrZZMB, pWYrZZADV, pWYrZZBuyNow, CD102VL, 14-09-2016, 200, CD102VL - Cover 3</td>
<td></td>
<td>50</td>
<td>testcases.B2Dev1000OptionPush@1e397ed7</td></tr>
<tr>
<td title='testcases.B2Dev1000OptionPush.optionPush()'><b>optionPush</b><br>Test class: testcases.B2Dev1000OptionPush ()<br>Parameters: pWYrZZUG, pWYrZZMB, pWYrZZADV, pWYrZZBuyNow, CD102VS, 14-09-2016, 100, CD102VS - Cover 3</td>
<td></td>
<td>52</td>
<td>testcases.B2Dev1000OptionPush@1e397ed7</td></tr>
<tr>
<td title='testcases.B1Dev1121OptionRequestAcceptReject.optionRequestAcceptReject()'><b>optionRequestAcceptReject</b><br>Test class: testcases.B1Dev1121OptionRequestAcceptReject ()<br>Parameters: accept, pWYrZZRes2, pWYrZZMB, pWYrZZADV2-Campaign, pWYrZZBuyNow2, CD101V, 12-09-2016, CD101V - Pagina 4-5</td>
<td></td>
<td>126</td>
<td>testcases.B1Dev1121OptionRequestAcceptReject@31a5c39e</td></tr>
<tr>
<td title='testcases.B1Dev1121OptionRequestAcceptReject.optionRequestAcceptReject()'><b>optionRequestAcceptReject</b><br>Test class: testcases.B1Dev1121OptionRequestAcceptReject ()<br>Parameters: reject, pWYrZZUG, pWYrZZMB, pWYrZZADV-Campaign, pWYrZZBuyNow, CD101V, 14-09-2016, CD101V - Cover 3</td>
<td></td>
<td>117</td>
<td>testcases.B1Dev1121OptionRequestAcceptReject@31a5c39e</td></tr>
</table><p>
</body>
</html>