<html>
<head>
<title>TestNG:  GRP-CheckPriceMB,CreateData,CheckPriceEX,CheckPriceAD,LoginFirstTime,CheckPriceAD2</title>
<link href="../testng.css" rel="stylesheet" type="text/css" />
<link href="../my-testng.css" rel="stylesheet" type="text/css" />

<style type="text/css">
.log { display: none;} 
.stack-trace { display: none;} 
</style>
<script type="text/javascript">
<!--
function flip(e) {
  current = e.style.display;
  if (current == 'block') {
    e.style.display = 'none';
    return 0;
  }
  else {
    e.style.display = 'block';
    return 1;
  }
}

function toggleBox(szDivId, elem, msg1, msg2)
{
  var res = -1;  if (document.getElementById) {
    res = flip(document.getElementById(szDivId));
  }
  else if (document.all) {
    // this is the way old msie versions work
    res = flip(document.all[szDivId]);
  }
  if(elem) {
    if(res == 0) elem.innerHTML = msg1; else elem.innerHTML = msg2;
  }

}

function toggleAllBoxes() {
  if (document.getElementsByTagName) {
    d = document.getElementsByTagName('div');
    for (i = 0; i < d.length; i++) {
      if (d[i].className == 'log') {
        flip(d[i]);
      }
    }
  }
}

// -->
</script>

</head>
<body>
<h2 align='center'>GRP-CheckPriceMB,CreateData,CheckPriceEX,CheckPriceAD,LoginFirstTime,CheckPriceAD2</h2><table border='1' align="center">
<tr>
<td>Tests passed/Failed/Skipped:</td><td>12/1/0</td>
</tr><tr>
<td>Started on:</td><td>Thu Oct 13 10:25:06 CEST 2016</td>
</tr>
<tr><td>Total time:</td><td>538 seconds (538238 ms)</td>
</tr><tr>
<td>Included groups:</td><td>CheckPriceMB CreateData CheckPriceEX CheckPriceAD LoginFirstTime CheckPriceAD2 </td>
</tr><tr>
<td>Excluded groups:</td><td></td>
</tr>
</table><p/>
<small><i>(Hover the method name to see the test class name)</i></small><p/>
<table width='100%' border='1' class='invocation-failed'>
<tr><td colspan='4' align='center'><b>FAILED CONFIGURATIONS</b></td></tr>
<tr><td><b>Test method</b></td>
<td width="30%"><b>Exception</b></td>
<td width="10%"><b>Time (seconds)</b></td>
<td><b>Instance</b></td>
</tr>
<tr>
<td title='testcases.A3Dev1077CheckAllPricesForADV.stop()'><b>stop</b><br>Test class: testcases.A3Dev1077CheckAllPricesForADV ()</td>
<td><div><pre>org.openqa.selenium.remote.UnreachableBrowserException: Error communicating with the remote browser. It may have died.
Build info: version: &apos;2.53.1&apos;, revision: &apos;a36b8b1cd5757287168e54b817830adce9b0158d&apos;, time: &apos;2016-06-30 19:26:09&apos;
System info: host: &apos;mbpro-dejuan.local&apos;, ip: &apos;10.34.6.211&apos;, os.name: &apos;Mac OS X&apos;, os.arch: &apos;x86_64&apos;, os.version: &apos;10.11.6&apos;, java.version: &apos;1.8.0_91&apos;
Driver info: driver.version: RemoteWebDriver
Capabilities [{applicationCacheEnabled=true, rotatable=false, handlesAlerts=true, databaseEnabled=true, version=47.0.1, platform=MAC, nativeEvents=false, acceptSslCerts=true, webStorageEnabled=true, locationContextEnabled=true, browserName=firefox, takesScreenshot=true, javascriptEnabled=true, cssSelectorsEnabled=true}]
Session ID: 219dc2a7-91b1-8649-9197-ef5bcd9feab6
	at org.openqa.selenium.remote.RemoteWebDriver.execute(RemoteWebDriver.java:665)
	at org.openqa.selenium.remote.RemoteWebDriver.findElement(RemoteWebDriver.java:363)
	at org.openqa.selenium.remote.RemoteWebDriver.findElementByCssSelector(RemoteWebDriver.java:492)
	at org.openqa.selenium.By$ByCssSelector.findElement(By.java:430)
	at org.openqa.selenium.remote.RemoteWebDriver.findElement(RemoteWebDriver.java:355)
	at org.openqa.selenium.support.ui.ExpectedConditions.findElement(ExpectedConditions.java:899)
	at org.openqa.selenium.support.ui.ExpectedConditions.access$000(ExpectedConditions.java:41)
	at org.openqa.selenium.support.ui.ExpectedConditions$20.apply(ExpectedConditions.java:584)
	at org.openqa.selenium.support.ui.ExpectedConditions$20.apply(ExpectedConditions.java:580)
	at org.openqa.selenium.support.ui.FluentWait.until(FluentWait.java:238)
	at toplevel.Top.CloseDialogBox(Top.java:88)
	at toplevel.Top.Logout(Top.java:64)
	at testcases.A3Dev1077CheckAllPricesForADV.stop(A3Dev1077CheckAllPricesForADV.java:124)
Caused by: org.apache.http.conn.HttpHostConnectException: Connect to 127.0.0.1:7056 [/127.0.0.1] failed: Connection refused
	at org.apache.http.impl.conn.DefaultHttpClientConnectionOperator.connect(DefaultHttpClientConnectionOperator.java:158)
	at org.apache.http.impl.conn.PoolingHttpClientConnectionManager.connect(PoolingHttpClientConnectionManager.java:353)
	at org.apache.http.impl.execchain.MainClientExec.establishRoute(MainClientExec.java:380)
	at org.apache.http.impl.execchain.MainClientExec.execute(MainClientExec.java:236)
	at org.apache.http.impl.execchain.ProtocolExec.execute(ProtocolExec.java:184)
	at org.apache.http.impl.execchain.RetryExec.execute(RetryExec.java:88)
	at org.apache.http.impl.execchain.RedirectExec.execute(RedirectExec.java:110)
	at org.apache.http.impl.client.InternalHttpClient.doExecute(InternalHttpClient.java:184)
	at org.apache.http.impl.client.CloseableHttpClient.execute(CloseableHttpClient.java:71)
	at org.apache.http.impl.client.CloseableHttpClient.execute(CloseableHttpClient.java:55)
	at org.openqa.selenium.remote.internal.ApacheHttpClient.fallBackExecute(ApacheHttpClient.java:144)
	at org.openqa.selenium.remote.internal.ApacheHttpClient.execute(ApacheHttpClient.java:90)
	at org.openqa.selenium.remote.HttpCommandExecutor.execute(HttpCommandExecutor.java:142)
	at org.openqa.selenium.firefox.internal.NewProfileExtensionConnection.execute(NewProfileExtensionConnection.java:160)
	at org.openqa.selenium.firefox.FirefoxDriver$LazyCommandExecutor.execute(FirefoxDriver.java:380)
	at org.openqa.selenium.remote.RemoteWebDriver.execute(RemoteWebDriver.java:644)
	... 36 more
Caused by: java.net.ConnectException: Connection refused
	at java.net.PlainSocketImpl.socketConnect(Native Method)
	at java.net.AbstractPlainSocketImpl.doConnect(AbstractPlainSocketImpl.java:350)
	at java.net.AbstractPlainSocketImpl.connectToAddress(AbstractPlainSocketImpl.java:206)
	at java.net.AbstractPlainSocketImpl.connect(AbstractPlainSocketImpl.java:188)
	at java.net.SocksSocketImpl.connect(SocksSocketImpl.java:392)
	at java.net.Socket.connect(Socket.java:589)
	at org.apache.http.conn.socket.PlainConnectionSocketFactory.connectSocket(PlainConnectionSocketFactory.java:74)
	at org.apache.http.impl.conn.DefaultHttpClientConnectionOperator.connect(DefaultHttpClientConnectionOperator.java:141)
	... 51 more
... Removed 24 stack frames</pre></div><a href='#' onClick='toggleBox("stack-trace177104018", this, "Click to show all stack frames", "Click to hide stack frames")'>Click to show all stack frames</a>
<div class='stack-trace' id='stack-trace177104018'><pre>org.openqa.selenium.remote.UnreachableBrowserException: Error communicating with the remote browser. It may have died.
Build info: version: &apos;2.53.1&apos;, revision: &apos;a36b8b1cd5757287168e54b817830adce9b0158d&apos;, time: &apos;2016-06-30 19:26:09&apos;
System info: host: &apos;mbpro-dejuan.local&apos;, ip: &apos;10.34.6.211&apos;, os.name: &apos;Mac OS X&apos;, os.arch: &apos;x86_64&apos;, os.version: &apos;10.11.6&apos;, java.version: &apos;1.8.0_91&apos;
Driver info: driver.version: RemoteWebDriver
Capabilities [{applicationCacheEnabled=true, rotatable=false, handlesAlerts=true, databaseEnabled=true, version=47.0.1, platform=MAC, nativeEvents=false, acceptSslCerts=true, webStorageEnabled=true, locationContextEnabled=true, browserName=firefox, takesScreenshot=true, javascriptEnabled=true, cssSelectorsEnabled=true}]
Session ID: 219dc2a7-91b1-8649-9197-ef5bcd9feab6
	at org.openqa.selenium.remote.RemoteWebDriver.execute(RemoteWebDriver.java:665)
	at org.openqa.selenium.remote.RemoteWebDriver.findElement(RemoteWebDriver.java:363)
	at org.openqa.selenium.remote.RemoteWebDriver.findElementByCssSelector(RemoteWebDriver.java:492)
	at org.openqa.selenium.By$ByCssSelector.findElement(By.java:430)
	at org.openqa.selenium.remote.RemoteWebDriver.findElement(RemoteWebDriver.java:355)
	at org.openqa.selenium.support.ui.ExpectedConditions.findElement(ExpectedConditions.java:899)
	at org.openqa.selenium.support.ui.ExpectedConditions.access$000(ExpectedConditions.java:41)
	at org.openqa.selenium.support.ui.ExpectedConditions$20.apply(ExpectedConditions.java:584)
	at org.openqa.selenium.support.ui.ExpectedConditions$20.apply(ExpectedConditions.java:580)
	at org.openqa.selenium.support.ui.FluentWait.until(FluentWait.java:238)
	at toplevel.Top.CloseDialogBox(Top.java:88)
	at toplevel.Top.Logout(Top.java:64)
	at testcases.A3Dev1077CheckAllPricesForADV.stop(A3Dev1077CheckAllPricesForADV.java:124)
	at sun.reflect.NativeMethodAccessorImpl.invoke0(Native Method)
	at sun.reflect.NativeMethodAccessorImpl.invoke(NativeMethodAccessorImpl.java:62)
	at sun.reflect.DelegatingMethodAccessorImpl.invoke(DelegatingMethodAccessorImpl.java:43)
	at java.lang.reflect.Method.invoke(Method.java:498)
	at org.testng.internal.MethodInvocationHelper.invokeMethod(MethodInvocationHelper.java:86)
	at org.testng.internal.Invoker.invokeConfigurationMethod(Invoker.java:514)
	at org.testng.internal.Invoker.invokeConfigurations(Invoker.java:215)
	at org.testng.internal.Invoker.invokeConfigurations(Invoker.java:142)
	at org.testng.internal.TestMethodWorker.invokeAfterClassMethods(TestMethodWorker.java:232)
	at org.testng.internal.TestMethodWorker.run(TestMethodWorker.java:115)
	at org.testng.TestRunner.privateRun(TestRunner.java:782)
	at org.testng.TestRunner.run(TestRunner.java:632)
	at org.testng.SuiteRunner.runTest(SuiteRunner.java:366)
	at org.testng.SuiteRunner.runSequentially(SuiteRunner.java:361)
	at org.testng.SuiteRunner.privateRun(SuiteRunner.java:319)
	at org.testng.SuiteRunner.run(SuiteRunner.java:268)
	at org.testng.SuiteRunnerWorker.runSuite(SuiteRunnerWorker.java:52)
	at org.testng.SuiteRunnerWorker.run(SuiteRunnerWorker.java:86)
	at org.testng.TestNG.runSuitesSequentially(TestNG.java:1244)
	at org.testng.TestNG.runSuitesLocally(TestNG.java:1169)
	at org.testng.TestNG.run(TestNG.java:1064)
	at org.testng.remote.AbstractRemoteTestNG.run(AbstractRemoteTestNG.java:126)
	at org.testng.remote.RemoteTestNG.initAndRun(RemoteTestNG.java:152)
	at org.testng.remote.RemoteTestNG.main(RemoteTestNG.java:57)
Caused by: org.apache.http.conn.HttpHostConnectException: Connect to 127.0.0.1:7056 [/127.0.0.1] failed: Connection refused
	at org.apache.http.impl.conn.DefaultHttpClientConnectionOperator.connect(DefaultHttpClientConnectionOperator.java:158)
	at org.apache.http.impl.conn.PoolingHttpClientConnectionManager.connect(PoolingHttpClientConnectionManager.java:353)
	at org.apache.http.impl.execchain.MainClientExec.establishRoute(MainClientExec.java:380)
	at org.apache.http.impl.execchain.MainClientExec.execute(MainClientExec.java:236)
	at org.apache.http.impl.execchain.ProtocolExec.execute(ProtocolExec.java:184)
	at org.apache.http.impl.execchain.RetryExec.execute(RetryExec.java:88)
	at org.apache.http.impl.execchain.RedirectExec.execute(RedirectExec.java:110)
	at org.apache.http.impl.client.InternalHttpClient.doExecute(InternalHttpClient.java:184)
	at org.apache.http.impl.client.CloseableHttpClient.execute(CloseableHttpClient.java:71)
	at org.apache.http.impl.client.CloseableHttpClient.execute(CloseableHttpClient.java:55)
	at org.openqa.selenium.remote.internal.ApacheHttpClient.fallBackExecute(ApacheHttpClient.java:144)
	at org.openqa.selenium.remote.internal.ApacheHttpClient.execute(ApacheHttpClient.java:90)
	at org.openqa.selenium.remote.HttpCommandExecutor.execute(HttpCommandExecutor.java:142)
	at org.openqa.selenium.firefox.internal.NewProfileExtensionConnection.execute(NewProfileExtensionConnection.java:160)
	at org.openqa.selenium.firefox.FirefoxDriver$LazyCommandExecutor.execute(FirefoxDriver.java:380)
	at org.openqa.selenium.remote.RemoteWebDriver.execute(RemoteWebDriver.java:644)
	... 36 more
Caused by: java.net.ConnectException: Connection refused
	at java.net.PlainSocketImpl.socketConnect(Native Method)
	at java.net.AbstractPlainSocketImpl.doConnect(AbstractPlainSocketImpl.java:350)
	at java.net.AbstractPlainSocketImpl.connectToAddress(AbstractPlainSocketImpl.java:206)
	at java.net.AbstractPlainSocketImpl.connect(AbstractPlainSocketImpl.java:188)
	at java.net.SocksSocketImpl.connect(SocksSocketImpl.java:392)
	at java.net.Socket.connect(Socket.java:589)
	at org.apache.http.conn.socket.PlainConnectionSocketFactory.connectSocket(PlainConnectionSocketFactory.java:74)
	at org.apache.http.impl.conn.DefaultHttpClientConnectionOperator.connect(DefaultHttpClientConnectionOperator.java:141)
	... 51 more
</pre></div></td>
<td>0</td>
<td>testcases.A3Dev1077CheckAllPricesForADV@5cb9f472</td></tr>
</table><p>
<table width='100%' border='1' class='invocation-passed'>
<tr><td colspan='4' align='center'><b>PASSED TESTS</b></td></tr>
<tr><td><b>Test method</b></td>
<td width="30%"><b>Exception</b></td>
<td width="10%"><b>Time (seconds)</b></td>
<td><b>Instance</b></td>
</tr>
<tr>
<td title='testcases.A1Dev1028UnitCreate.CreateData()'><b>CreateData</b><br>Test class: testcases.A1Dev1028UnitCreate ()</td>
<td></td>
<td>143</td>
<td>testcases.A1Dev1028UnitCreate@6e1567f1</td></tr>
<tr>
<td title='testcases.A3Dev1077CheckAllPricesForADV.checkAllPrices()'><b>checkAllPrices</b><br>Test class: testcases.A3Dev1077CheckAllPricesForADV ()<br>Parameters: lastMinute, defaultSale, 5.000,00, 4.500,00, TrEaowBuyNow, CD101V, 16-10-2016, CD101V - Cover 2, 6.300,00, 3.150,00, 3.150,00, 1.575,00, 0,00, 50,00, 0,00, 0,00, 1.575,00</td>
<td></td>
<td>49</td>
<td>testcases.A3Dev1077CheckAllPricesForADV@5cb9f472</td></tr>
<tr>
<td title='testcases.A3Dev1077CheckAllPricesForADV.checkAllPrices()'><b>checkAllPrices</b><br>Test class: testcases.A3Dev1077CheckAllPricesForADV ()<br>Parameters: lastMinute, defaultSale, 2.500,00, 2.250,00, TrEaowBuyNow, CD102VL, 16-10-2016, CD102VL - Cover 3, 2.500,00, 2.750,00, 2.750,00, 1.375,00, 343,75, 50,00, 25,00, 0,00, 1.031,25</td>
<td></td>
<td>45</td>
<td>testcases.A3Dev1077CheckAllPricesForADV@5cb9f472</td></tr>
<tr>
<td title='testcases.A3Dev1077CheckAllPricesForADV.checkAllPrices()'><b>checkAllPrices</b><br>Test class: testcases.A3Dev1077CheckAllPricesForADV ()<br>Parameters: bid, defaultSale, 5.000,00, NoLM, TrEaowBuyNow, CD101V, 17-10-2016, CD101V - Cover 2, 6.300,00, 3.150,00, 3.150,00, 1.575,00, 0,00, 50,00, 0,00, 0,00, 1.575,00</td>
<td></td>
<td>44</td>
<td>testcases.A3Dev1077CheckAllPricesForADV@5cb9f472</td></tr>
<tr>
<td title='testcases.A3Dev1015CheckExchangePricesMB.findLMInventoryForMedia1()'><b>findLMInventoryForMedia1</b><br>Test class: testcases.A3Dev1015CheckExchangePricesMB ()</td>
<td></td>
<td>22</td>
<td>testcases.A3Dev1015CheckExchangePricesMB@1ce92674</td></tr>
<tr>
<td title='testcases.A2Dev1072LoginFirstTime.logInChangePass()'><b>logInChangePass</b><br>Test class: testcases.A2Dev1072LoginFirstTime ()<br>Parameters: TrEaowADV, dejuan@adoptiq.com</td>
<td></td>
<td>21</td>
<td>testcases.A2Dev1072LoginFirstTime@5700d6b1</td></tr>
<tr>
<td title='testcases.A2Dev1072LoginFirstTime.logInChangePass()'><b>logInChangePass</b><br>Test class: testcases.A2Dev1072LoginFirstTime ()<br>Parameters: TrEaowADV2, dejuan@adoptiq.com</td>
<td></td>
<td>21</td>
<td>testcases.A2Dev1072LoginFirstTime@5700d6b1</td></tr>
<tr>
<td title='testcases.A2Dev1072LoginFirstTime.logInChangePass()'><b>logInChangePass</b><br>Test class: testcases.A2Dev1072LoginFirstTime ()<br>Parameters: TrEaowMB, dejuan@adoptiq.com</td>
<td></td>
<td>21</td>
<td>testcases.A2Dev1072LoginFirstTime@5700d6b1</td></tr>
<tr>
<td title='testcases.A2Dev1072LoginFirstTime.logInChangePass()'><b>logInChangePass</b><br>Test class: testcases.A2Dev1072LoginFirstTime ()<br>Parameters: TrEaowUG, dejuan@adoptiq.com</td>
<td></td>
<td>21</td>
<td>testcases.A2Dev1072LoginFirstTime@5700d6b1</td></tr>
<tr>
<td title='testcases.A2Dev1072LoginFirstTime.logInChangePass()'><b>logInChangePass</b><br>Test class: testcases.A2Dev1072LoginFirstTime ()<br>Parameters: TrEaowUG2, dejuan@adoptiq.com</td>
<td></td>
<td>21</td>
<td>testcases.A2Dev1072LoginFirstTime@5700d6b1</td></tr>
<tr>
<td title='testcases.A2Dev1072LoginFirstTime.logInChangePass()'><b>logInChangePass</b><br>Test class: testcases.A2Dev1072LoginFirstTime ()<br>Parameters: TrEaowRes, dejuan@adoptiq.com</td>
<td></td>
<td>21</td>
<td>testcases.A2Dev1072LoginFirstTime@5700d6b1</td></tr>
<tr>
<td title='testcases.A2Dev1072LoginFirstTime.logInChangePass()'><b>logInChangePass</b><br>Test class: testcases.A2Dev1072LoginFirstTime ()<br>Parameters: TrEaowRes2, dejuan@adoptiq.com</td>
<td></td>
<td>21</td>
<td>testcases.A2Dev1072LoginFirstTime@5700d6b1</td></tr>
</table><p>
</body>
</html>