<?xml version="1.0" encoding="UTF-8"?>
<!-- Generated by org.testng.reporters.JUnitXMLReporter -->
<testsuite hostname="mbpro-dejuan.local" name="GRP-CreateData,Offer,Buy,CheckPrice,LoginFirstTime,Option,Gui,CheckOrder,Bid" tests="43" failures="2" timestamp="14 Sep 2016 11:46:29 GMT" time="1630.038" errors="0">
  <testcase name="" time="330.893" classname="testcases.A1Dev1028UnitCreate"/>
  <testcase name="" time="19.567" classname="testcases.A0GuiCheckMB"/>
  <testcase name="" time="4.635" classname="testcases.A0GuiCheckMB"/>
  <testcase name="" time="5.085" classname="testcases.A0GuiCheckMB"/>
  <testcase name="" time="5.014" classname="testcases.A0GuiCheckMB"/>
  <testcase name="" time="15.404" classname="testcases.A0GuiCheckMB"/>
  <testcase name="" time="6.057" classname="testcases.A0GuiCheckMB"/>
  <testcase name="" time="5.257" classname="testcases.A0GuiCheckMB"/>
  <testcase name="" time="4.613" classname="testcases.A0GuiCheckMB"/>
  <testcase name="" time="4.766" classname="testcases.A0GuiCheckMB"/>
  <testcase name="" time="14.831" classname="testcases.A0GuiCheckMB"/>
  <testcase name="" time="11.294" classname="testcases.A2Dev1072LoginFirstTime"/>
  <testcase name="" time="11.624" classname="testcases.A2Dev1072LoginFirstTime"/>
  <testcase name="" time="11.508" classname="testcases.A2Dev1072LoginFirstTime"/>
  <testcase name="" time="11.748" classname="testcases.A2Dev1072LoginFirstTime"/>
  <testcase name="" time="11.462" classname="testcases.A2Dev1072LoginFirstTime"/>
  <testcase name="" time="11.767" classname="testcases.A2Dev1072LoginFirstTime"/>
  <testcase name="" time="11.606" classname="testcases.A2Dev1072LoginFirstTime"/>
  <testcase name="" time="42.856" classname="testcases.A3Dev1077CheckAllPricesForADV"/>
  <testcase name="" time="37.187" classname="testcases.A3Dev1077CheckAllPricesForADV"/>
  <testcase name="" time="36.263" classname="testcases.A3Dev1077CheckAllPricesForADV"/>
  <testcase name="" time="36.623" classname="testcases.A3Dev1077CheckAllPricesForADV"/>
  <testcase name="" time="36.624" classname="testcases.A3Dev1077CheckAllPricesForADV"/>
  <testcase name="" time="35.812" classname="testcases.A3Dev1077CheckAllPricesForADV"/>
  <testcase name="" time="35.187" classname="testcases.A3Dev1077CheckAllPricesForADV"/>
  <testcase name="" time="35.333" classname="testcases.A3Dev1077CheckAllPricesForADV"/>
  <testcase name="" time="35.973" classname="testcases.A3Dev1077CheckAllPricesForADV"/>
  <testcase name="" time="38.517" classname="testcases.A3Dev1077CheckAllPricesForADV"/>
  <testcase name="" time="38.143" classname="testcases.A3Dev1077CheckAllPricesForADV"/>
  <testcase name="" time="78.679" classname="testcases.A4Dev1101CampaignCheckPricesAndBuy"/>
  <testcase name="" time="63.355" classname="testcases.A4Dev1101CampaignCheckPricesAndBuy"/>
  <testcase name="" time="61.595" classname="testcases.A4Dev1101CampaignCheckPricesAndBuy"/>
  <testcase name="" time="0.001" classname="testcases.A5Dev1102CheckOrders"/>
  <testcase name="" time="0.0" classname="testcases.A5Dev1102CheckOrders"/>
  <testcase name="" time="0.001" classname="testcases.A5Dev1102CheckOrders"/>
  <testcase name="" time="0.0" classname="testcases.A5Dev1102CheckOrders"/>
  <testcase name="" time="87.871" classname="testcases.B1Dev1121OptionRequestAcceptReject"/>
  <testcase name="" time="76.41" classname="testcases.B1Dev1121OptionRequestAcceptReject"/>
  <testcase name="" time="17.352" classname="testcases.B2Dev1132OptionPush">
    <failure type="org.openqa.selenium.WebDriverException" message="Element is not clickable at point (400, 332.79998779296875). Other element would receive the click: &amp;lt;label class=&amp;quot;checkbox&amp;quot;&amp;gt;&amp;lt;/label&amp;gt;
Command duration or timeout: 65 milliseconds
Build info: version: &amp;apos;2.53.1&amp;apos;, revision: &amp;apos;a36b8b1cd5757287168e54b817830adce9b0158d&amp;apos;, time: &amp;apos;2016-06-30 19:26:09&amp;apos;
System info: host: &amp;apos;mbpro-dejuan.local&amp;apos;, ip: &amp;apos;10.34.6.211&amp;apos;, os.name: &amp;apos;Mac OS X&amp;apos;, os.arch: &amp;apos;x86_64&amp;apos;, os.version: &amp;apos;10.11.6&amp;apos;, java.version: &amp;apos;1.8.0_91&amp;apos;
Driver info: org.openqa.selenium.firefox.FirefoxDriver
Capabilities [{applicationCacheEnabled=true, rotatable=false, handlesAlerts=true, databaseEnabled=true, version=47.0.1, platform=MAC, nativeEvents=false, acceptSslCerts=true, webStorageEnabled=true, locationContextEnabled=true, browserName=firefox, takesScreenshot=true, javascriptEnabled=true, cssSelectorsEnabled=true}]
Session ID: 92260860-1a35-fa41-8d8c-a3e92f03786a">
      <![CDATA[org.openqa.selenium.WebDriverException: Element is not clickable at point (400, 332.79998779296875). Other element would receive the click: <label class="checkbox"></label>
Command duration or timeout: 65 milliseconds
Build info: version: '2.53.1', revision: 'a36b8b1cd5757287168e54b817830adce9b0158d', time: '2016-06-30 19:26:09'
System info: host: 'mbpro-dejuan.local', ip: '10.34.6.211', os.name: 'Mac OS X', os.arch: 'x86_64', os.version: '10.11.6', java.version: '1.8.0_91'
Driver info: org.openqa.selenium.firefox.FirefoxDriver
Capabilities [{applicationCacheEnabled=true, rotatable=false, handlesAlerts=true, databaseEnabled=true, version=47.0.1, platform=MAC, nativeEvents=false, acceptSslCerts=true, webStorageEnabled=true, locationContextEnabled=true, browserName=firefox, takesScreenshot=true, javascriptEnabled=true, cssSelectorsEnabled=true}]
Session ID: 92260860-1a35-fa41-8d8c-a3e92f03786a
	at org.openqa.selenium.remote.ErrorHandler.createThrowable(ErrorHandler.java:206)
	at org.openqa.selenium.remote.ErrorHandler.throwIfResponseFailed(ErrorHandler.java:158)
	at org.openqa.selenium.remote.RemoteWebDriver.execute(RemoteWebDriver.java:678)
	at org.openqa.selenium.remote.RemoteWebElement.execute(RemoteWebElement.java:327)
	at org.openqa.selenium.remote.RemoteWebElement.click(RemoteWebElement.java:85)
	at advertiser.Exchange.SelectMediumOrFormat(Exchange.java:47)
	at testcases.B2Dev1132OptionPush.optionPush(B2Dev1132OptionPush.java:40)
... Removed 28 stack frames]]>
    </failure>
  </testcase> <!--  -->
  <testcase name="" time="44.702" classname="testcases.B2Dev1132OptionPush"/>
  <testcase name="" time="40.015" classname="testcases.B2Dev1132OptionPush"/>
  <testcase name="" time="38.072" classname="testcases.B2Dev1132OptionPush"/>
  <testcase name="" time="71.734" classname="testcases.B2Dev1132OptionPush">
    <failure type="org.openqa.selenium.TimeoutException" message="Timed out after 60 seconds waiting for visibility of element located by By.xpath: //table[contains(@class, &amp;apos;int-table-to-datagrid&amp;apos;)]//*[contains(text(), &amp;apos;CD101V - Voorpagina&amp;apos;)]/ancestor::table[contains(@class, &amp;apos;mx-name-table1&amp;apos;)]/tbody/tr[1]
Build info: version: &amp;apos;2.53.1&amp;apos;, revision: &amp;apos;a36b8b1cd5757287168e54b817830adce9b0158d&amp;apos;, time: &amp;apos;2016-06-30 19:26:09&amp;apos;
System info: host: &amp;apos;mbpro-dejuan.local&amp;apos;, ip: &amp;apos;10.34.6.211&amp;apos;, os.name: &amp;apos;Mac OS X&amp;apos;, os.arch: &amp;apos;x86_64&amp;apos;, os.version: &amp;apos;10.11.6&amp;apos;, java.version: &amp;apos;1.8.0_91&amp;apos;
Driver info: org.openqa.selenium.firefox.FirefoxDriver
Capabilities [{applicationCacheEnabled=true, rotatable=false, handlesAlerts=true, databaseEnabled=true, version=47.0.1, platform=MAC, nativeEvents=false, acceptSslCerts=true, webStorageEnabled=true, locationContextEnabled=true, browserName=firefox, takesScreenshot=true, javascriptEnabled=true, cssSelectorsEnabled=true}]
Session ID: 92260860-1a35-fa41-8d8c-a3e92f03786a">
      <![CDATA[org.openqa.selenium.TimeoutException: Timed out after 60 seconds waiting for visibility of element located by By.xpath: //table[contains(@class, 'int-table-to-datagrid')]//*[contains(text(), 'CD101V - Voorpagina')]/ancestor::table[contains(@class, 'mx-name-table1')]/tbody/tr[1]
Build info: version: '2.53.1', revision: 'a36b8b1cd5757287168e54b817830adce9b0158d', time: '2016-06-30 19:26:09'
System info: host: 'mbpro-dejuan.local', ip: '10.34.6.211', os.name: 'Mac OS X', os.arch: 'x86_64', os.version: '10.11.6', java.version: '1.8.0_91'
Driver info: org.openqa.selenium.firefox.FirefoxDriver
Capabilities [{applicationCacheEnabled=true, rotatable=false, handlesAlerts=true, databaseEnabled=true, version=47.0.1, platform=MAC, nativeEvents=false, acceptSslCerts=true, webStorageEnabled=true, locationContextEnabled=true, browserName=firefox, takesScreenshot=true, javascriptEnabled=true, cssSelectorsEnabled=true}]
Session ID: 92260860-1a35-fa41-8d8c-a3e92f03786a
	at org.openqa.selenium.support.ui.WebDriverWait.timeoutException(WebDriverWait.java:80)
	at org.openqa.selenium.support.ui.FluentWait.until(FluentWait.java:261)
	at toplevel.Helper.FindElement(Helper.java:218)
	at advertiser.Exchange.SelectAInventory(Exchange.java:73)
	at testcases.B2Dev1132OptionPush.notificationNoCampaignDeselect(B2Dev1132OptionPush.java:66)
Caused by: org.openqa.selenium.NoSuchElementException: Unable to locate element: {"method":"xpath","selector":"//table[contains(@class, 'int-table-to-datagrid')]//*[contains(text(), 'CD101V - Voorpagina')]/ancestor::table[contains(@class, 'mx-name-table1')]/tbody/tr[1]"}
Command duration or timeout: 12 milliseconds
For documentation on this error, please visit: http://seleniumhq.org/exceptions/no_such_element.html
Build info: version: '2.53.1', revision: 'a36b8b1cd5757287168e54b817830adce9b0158d', time: '2016-06-30 19:26:09'
System info: host: 'mbpro-dejuan.local', ip: '10.34.6.211', os.name: 'Mac OS X', os.arch: 'x86_64', os.version: '10.11.6', java.version: '1.8.0_91'
Driver info: org.openqa.selenium.firefox.FirefoxDriver
Capabilities [{applicationCacheEnabled=true, rotatable=false, handlesAlerts=true, databaseEnabled=true, version=47.0.1, platform=MAC, nativeEvents=false, acceptSslCerts=true, webStorageEnabled=true, locationContextEnabled=true, browserName=firefox, takesScreenshot=true, javascriptEnabled=true, cssSelectorsEnabled=true}]
Session ID: 92260860-1a35-fa41-8d8c-a3e92f03786a
*** Element info: {Using=xpath, value=//table[contains(@class, 'int-table-to-datagrid')]//*[contains(text(), 'CD101V - Voorpagina')]/ancestor::table[contains(@class, 'mx-name-table1')]/tbody/tr[1]}
	at org.openqa.selenium.remote.ErrorHandler.createThrowable(ErrorHandler.java:206)
	at org.openqa.selenium.remote.ErrorHandler.throwIfResponseFailed(ErrorHandler.java:158)
	at org.openqa.selenium.remote.RemoteWebDriver.execute(RemoteWebDriver.java:678)
	at org.openqa.selenium.remote.RemoteWebDriver.findElement(RemoteWebDriver.java:363)
	at org.openqa.selenium.remote.RemoteWebDriver.findElementByXPath(RemoteWebDriver.java:500)
	at org.openqa.selenium.By$ByXPath.findElement(By.java:361)
	at org.openqa.selenium.remote.RemoteWebDriver.findElement(RemoteWebDriver.java:355)
	at org.openqa.selenium.support.ui.ExpectedConditions.findElement(ExpectedConditions.java:899)
	at org.openqa.selenium.support.ui.ExpectedConditions.access$000(ExpectedConditions.java:41)
	at org.openqa.selenium.support.ui.ExpectedConditions$7.apply(ExpectedConditions.java:205)
	at org.openqa.selenium.support.ui.ExpectedConditions$7.apply(ExpectedConditions.java:201)
	at org.openqa.selenium.support.ui.FluentWait.until(FluentWait.java:238)
	... 27 more
Caused by: org.openqa.selenium.NoSuchElementException: Unable to locate element: {"method":"xpath","selector":"//table[contains(@class, 'int-table-to-datagrid')]//*[contains(text(), 'CD101V - Voorpagina')]/ancestor::table[contains(@class, 'mx-name-table1')]/tbody/tr[1]"}
For documentation on this error, please visit: http://seleniumhq.org/exceptions/no_such_element.html
Build info: version: '2.53.1', revision: 'a36b8b1cd5757287168e54b817830adce9b0158d', time: '2016-06-30 19:26:09'
System info: host: 'mbpro-dejuan.local', ip: '10.34.6.211', os.name: 'Mac OS X', os.arch: 'x86_64', os.version: '10.11.6', java.version: '1.8.0_91'
Driver info: driver.version: unknown
	at <anonymous class>.FirefoxDriver.prototype.findElementInternal_(file:///var/folders/wr/g92p1f_s6c34hxrt50h3c8jc0000gn/T/anonymous4074227668122159058webdriver-profile/extensions/fxdriver@googlecode.com/components/driver-component.js:10770)
	at <anonymous class>.FirefoxDriver.prototype.findElement(file:///var/folders/wr/g92p1f_s6c34hxrt50h3c8jc0000gn/T/anonymous4074227668122159058webdriver-profile/extensions/fxdriver@googlecode.com/components/driver-component.js:10779)
	at <anonymous class>.DelayedCommand.prototype.executeInternal_/h(file:///var/folders/wr/g92p1f_s6c34hxrt50h3c8jc0000gn/T/anonymous4074227668122159058webdriver-profile/extensions/fxdriver@googlecode.com/components/command-processor.js:12661)
	at <anonymous class>.DelayedCommand.prototype.executeInternal_(file:///var/folders/wr/g92p1f_s6c34hxrt50h3c8jc0000gn/T/anonymous4074227668122159058webdriver-profile/extensions/fxdriver@googlecode.com/components/command-processor.js:12666)
	at <anonymous class>.DelayedCommand.prototype.execute/<(file:///var/folders/wr/g92p1f_s6c34hxrt50h3c8jc0000gn/T/anonymous4074227668122159058webdriver-profile/extensions/fxdriver@googlecode.com/components/command-processor.js:12608)
... Removed 27 stack frames]]>
    </failure>
  </testcase> <!--  -->
</testsuite> <!-- GRP-CreateData,Offer,Buy,CheckPrice,LoginFirstTime,Option,Gui,CheckOrder,Bid -->
