<?xml version="1.0" encoding="UTF-8"?>
<!-- Generated by org.testng.reporters.JUnitXMLReporter -->
<testsuite hostname="mbpro-dejuan.local" name="GRP-CreateData,CheckPriceAD,BuyMultiple,Buy,LoginFirstTime,CheckPriceAD2,CheckPriceEXADV2,CheckOrder,CheckPriceMB,CheckPriceEX,Offer,Option,Bid,CheckPriceEXADV" tests="278" failures="6" timestamp="13 Oct 2016 10:59:54 GMT" time="2885.612" errors="0">
  <testcase name="@AfterClass stop" time="0.0" classname="testcases.B2Dev1132OptionPush">
    <failure type="org.openqa.selenium.NoSuchWindowException" message="Window not found. The browser window may have been closed.
Command duration or timeout: 8 milliseconds
Build info: version: &amp;apos;2.53.1&amp;apos;, revision: &amp;apos;a36b8b1cd5757287168e54b817830adce9b0158d&amp;apos;, time: &amp;apos;2016-06-30 19:26:09&amp;apos;
System info: host: &amp;apos;mbpro-dejuan.local&amp;apos;, ip: &amp;apos;10.34.6.211&amp;apos;, os.name: &amp;apos;Mac OS X&amp;apos;, os.arch: &amp;apos;x86_64&amp;apos;, os.version: &amp;apos;10.11.6&amp;apos;, java.version: &amp;apos;1.8.0_91&amp;apos;
Driver info: org.openqa.selenium.firefox.FirefoxDriver
Capabilities [{applicationCacheEnabled=true, rotatable=false, handlesAlerts=true, databaseEnabled=true, version=47.0.1, platform=MAC, nativeEvents=false, acceptSslCerts=true, webStorageEnabled=true, locationContextEnabled=true, browserName=firefox, takesScreenshot=true, javascriptEnabled=true, cssSelectorsEnabled=true}]
Session ID: ac83bd92-7931-4142-83cd-a8bc2b630c96">
      <![CDATA[org.openqa.selenium.NoSuchWindowException: Window not found. The browser window may have been closed.
Command duration or timeout: 8 milliseconds
Build info: version: '2.53.1', revision: 'a36b8b1cd5757287168e54b817830adce9b0158d', time: '2016-06-30 19:26:09'
System info: host: 'mbpro-dejuan.local', ip: '10.34.6.211', os.name: 'Mac OS X', os.arch: 'x86_64', os.version: '10.11.6', java.version: '1.8.0_91'
Driver info: org.openqa.selenium.firefox.FirefoxDriver
Capabilities [{applicationCacheEnabled=true, rotatable=false, handlesAlerts=true, databaseEnabled=true, version=47.0.1, platform=MAC, nativeEvents=false, acceptSslCerts=true, webStorageEnabled=true, locationContextEnabled=true, browserName=firefox, takesScreenshot=true, javascriptEnabled=true, cssSelectorsEnabled=true}]
Session ID: ac83bd92-7931-4142-83cd-a8bc2b630c96
	at org.openqa.selenium.remote.ErrorHandler.createThrowable(ErrorHandler.java:206)
	at org.openqa.selenium.remote.ErrorHandler.throwIfResponseFailed(ErrorHandler.java:158)
	at org.openqa.selenium.remote.RemoteWebDriver.execute(RemoteWebDriver.java:678)
	at org.openqa.selenium.remote.RemoteWebDriver.execute(RemoteWebDriver.java:701)
	at org.openqa.selenium.remote.RemoteWebDriver.close(RemoteWebDriver.java:521)
	at toplevel.Top.CloseBrowser(Top.java:52)
	at testcases.B2Dev1132OptionPush.stop(B2Dev1132OptionPush.java:152)
Caused by: org.openqa.selenium.NoSuchWindowException: Window not found. The browser window may have been closed.
Build info: version: '2.53.1', revision: 'a36b8b1cd5757287168e54b817830adce9b0158d', time: '2016-06-30 19:26:09'
System info: host: 'mbpro-dejuan.local', ip: '10.34.6.211', os.name: 'Mac OS X', os.arch: 'x86_64', os.version: '10.11.6', java.version: '1.8.0_91'
Driver info: driver.version: unknown
	at <anonymous class>.nsCommandProcessor.prototype.execute(file:///var/folders/wr/g92p1f_s6c34hxrt50h3c8jc0000gn/T/anonymous1344338999348531401webdriver-profile/extensions/fxdriver@googlecode.com/components/command-processor.js:12719)
	at <anonymous class>.Dispatcher.executeAs/<(file:///var/folders/wr/g92p1f_s6c34hxrt50h3c8jc0000gn/T/anonymous1344338999348531401webdriver-profile/extensions/fxdriver@googlecode.com/components/driver-component.js:9558)
	at <anonymous class>.Resource.prototype.handle(file:///var/folders/wr/g92p1f_s6c34hxrt50h3c8jc0000gn/T/anonymous1344338999348531401webdriver-profile/extensions/fxdriver@googlecode.com/components/driver-component.js:9705)
	at <anonymous class>.Dispatcher.prototype.dispatch(file:///var/folders/wr/g92p1f_s6c34hxrt50h3c8jc0000gn/T/anonymous1344338999348531401webdriver-profile/extensions/fxdriver@googlecode.com/components/driver-component.js:9652)
	at <anonymous class>.WebDriverServer/<.handle(file:///var/folders/wr/g92p1f_s6c34hxrt50h3c8jc0000gn/T/anonymous1344338999348531401webdriver-profile/extensions/fxdriver@googlecode.com/components/driver-component.js:12517)
	at <anonymous class>.createHandlerFunc/<(file:///var/folders/wr/g92p1f_s6c34hxrt50h3c8jc0000gn/T/anonymous1344338999348531401webdriver-profile/extensions/fxdriver@googlecode.com/components/httpd.js:2054)
	at <anonymous class>.ServerHandler.prototype.handleResponse(file:///var/folders/wr/g92p1f_s6c34hxrt50h3c8jc0000gn/T/anonymous1344338999348531401webdriver-profile/extensions/fxdriver@googlecode.com/components/httpd.js:2387)
	at <anonymous class>.Connection.prototype.process(file:///var/folders/wr/g92p1f_s6c34hxrt50h3c8jc0000gn/T/anonymous1344338999348531401webdriver-profile/extensions/fxdriver@googlecode.com/components/httpd.js:1223)
	at <anonymous class>.RequestReader.prototype._handleResponse(file:///var/folders/wr/g92p1f_s6c34hxrt50h3c8jc0000gn/T/anonymous1344338999348531401webdriver-profile/extensions/fxdriver@googlecode.com/components/httpd.js:1677)
	at <anonymous class>.RequestReader.prototype._processBody(file:///var/folders/wr/g92p1f_s6c34hxrt50h3c8jc0000gn/T/anonymous1344338999348531401webdriver-profile/extensions/fxdriver@googlecode.com/components/httpd.js:1525)
	at <anonymous class>.RequestReader.prototype.onInputStreamReady(file:///var/folders/wr/g92p1f_s6c34hxrt50h3c8jc0000gn/T/anonymous1344338999348531401webdriver-profile/extensions/fxdriver@googlecode.com/components/httpd.js:1393)
... Removed 28 stack frames]]>
    </failure>
  </testcase> <!-- @AfterClass stop -->
  <testcase name="" time="135.81" classname="testcases.A1Dev1028UnitCreate"/>
  <testcase name="" time="21.83" classname="testcases.A2Dev1072LoginFirstTime"/>
  <testcase name="" time="21.591" classname="testcases.A2Dev1072LoginFirstTime"/>
  <testcase name="" time="22.084" classname="testcases.A2Dev1072LoginFirstTime"/>
  <testcase name="" time="21.708" classname="testcases.A2Dev1072LoginFirstTime"/>
  <testcase name="" time="21.278" classname="testcases.A2Dev1072LoginFirstTime"/>
  <testcase name="" time="21.626" classname="testcases.A2Dev1072LoginFirstTime"/>
  <testcase name="" time="21.706" classname="testcases.A2Dev1072LoginFirstTime"/>
  <testcase name="" time="22.099" classname="testcases.A3Dev1015CheckExchangePricesMB"/>
  <testcase name="" time="0.156" classname="testcases.A3Dev1015CheckExchangePricesMB"/>
  <testcase name="" time="0.136" classname="testcases.A3Dev1015CheckExchangePricesMB"/>
  <testcase name="" time="0.136" classname="testcases.A3Dev1015CheckExchangePricesMB"/>
  <testcase name="" time="0.143" classname="testcases.A3Dev1015CheckExchangePricesMB"/>
  <testcase name="" time="0.144" classname="testcases.A3Dev1015CheckExchangePricesMB"/>
  <testcase name="" time="0.14" classname="testcases.A3Dev1015CheckExchangePricesMB"/>
  <testcase name="" time="7.59" classname="testcases.A3Dev1015CheckExchangePricesMB"/>
  <testcase name="" time="0.175" classname="testcases.A3Dev1015CheckExchangePricesMB"/>
  <testcase name="" time="0.147" classname="testcases.A3Dev1015CheckExchangePricesMB"/>
  <testcase name="" time="0.157" classname="testcases.A3Dev1015CheckExchangePricesMB"/>
  <testcase name="" time="0.136" classname="testcases.A3Dev1015CheckExchangePricesMB"/>
  <testcase name="" time="0.133" classname="testcases.A3Dev1015CheckExchangePricesMB"/>
  <testcase name="" time="0.129" classname="testcases.A3Dev1015CheckExchangePricesMB"/>
  <testcase name="" time="7.655" classname="testcases.A3Dev1015CheckExchangePricesMB"/>
  <testcase name="" time="0.16" classname="testcases.A3Dev1015CheckExchangePricesMB"/>
  <testcase name="" time="0.146" classname="testcases.A3Dev1015CheckExchangePricesMB"/>
  <testcase name="" time="0.137" classname="testcases.A3Dev1015CheckExchangePricesMB"/>
  <testcase name="" time="0.131" classname="testcases.A3Dev1015CheckExchangePricesMB"/>
  <testcase name="" time="0.125" classname="testcases.A3Dev1015CheckExchangePricesMB"/>
  <testcase name="" time="0.135" classname="testcases.A3Dev1015CheckExchangePricesMB"/>
  <testcase name="" time="21.424" classname="testcases.A3Dev1015CheckExchangePricesMB"/>
  <testcase name="" time="0.148" classname="testcases.A3Dev1015CheckExchangePricesMB"/>
  <testcase name="" time="0.194" classname="testcases.A3Dev1015CheckExchangePricesMB"/>
  <testcase name="" time="0.203" classname="testcases.A3Dev1015CheckExchangePricesMB"/>
  <testcase name="" time="0.155" classname="testcases.A3Dev1015CheckExchangePricesMB"/>
  <testcase name="" time="0.138" classname="testcases.A3Dev1015CheckExchangePricesMB"/>
  <testcase name="" time="0.136" classname="testcases.A3Dev1015CheckExchangePricesMB"/>
  <testcase name="" time="21.51" classname="testcases.A3Dev1015CheckExchangePricesMB"/>
  <testcase name="" time="0.238" classname="testcases.A3Dev1015CheckExchangePricesMB"/>
  <testcase name="" time="0.147" classname="testcases.A3Dev1015CheckExchangePricesMB"/>
  <testcase name="" time="0.128" classname="testcases.A3Dev1015CheckExchangePricesMB"/>
  <testcase name="" time="0.125" classname="testcases.A3Dev1015CheckExchangePricesMB"/>
  <testcase name="" time="0.132" classname="testcases.A3Dev1015CheckExchangePricesMB"/>
  <testcase name="" time="0.12" classname="testcases.A3Dev1015CheckExchangePricesMB"/>
  <testcase name="" time="27.306" classname="testcases.A3Dev1015CheckExchangePricesMB"/>
  <testcase name="" time="0.194" classname="testcases.A3Dev1015CheckExchangePricesMB"/>
  <testcase name="" time="0.16" classname="testcases.A3Dev1015CheckExchangePricesMB"/>
  <testcase name="" time="0.172" classname="testcases.A3Dev1015CheckExchangePricesMB"/>
  <testcase name="" time="0.158" classname="testcases.A3Dev1015CheckExchangePricesMB"/>
  <testcase name="" time="0.151" classname="testcases.A3Dev1015CheckExchangePricesMB"/>
  <testcase name="" time="0.157" classname="testcases.A3Dev1015CheckExchangePricesMB"/>
  <testcase name="" time="0.152" classname="testcases.A3Dev1015CheckExchangePricesMB"/>
  <testcase name="" time="0.159" classname="testcases.A3Dev1015CheckExchangePricesMB"/>
  <testcase name="" time="0.147" classname="testcases.A3Dev1015CheckExchangePricesMB"/>
  <testcase name="" time="0.147" classname="testcases.A3Dev1015CheckExchangePricesMB"/>
  <testcase name="" time="0.147" classname="testcases.A3Dev1015CheckExchangePricesMB"/>
  <testcase name="" time="0.154" classname="testcases.A3Dev1015CheckExchangePricesMB"/>
  <testcase name="" time="8.509" classname="testcases.A3Dev1015CheckExchangePricesMB"/>
  <testcase name="" time="0.167" classname="testcases.A3Dev1015CheckExchangePricesMB"/>
  <testcase name="" time="0.176" classname="testcases.A3Dev1015CheckExchangePricesMB"/>
  <testcase name="" time="0.159" classname="testcases.A3Dev1015CheckExchangePricesMB"/>
  <testcase name="" time="0.235" classname="testcases.A3Dev1015CheckExchangePricesMB"/>
  <testcase name="" time="0.23" classname="testcases.A3Dev1015CheckExchangePricesMB"/>
  <testcase name="" time="0.164" classname="testcases.A3Dev1015CheckExchangePricesMB"/>
  <testcase name="" time="0.159" classname="testcases.A3Dev1015CheckExchangePricesMB"/>
  <testcase name="" time="0.162" classname="testcases.A3Dev1015CheckExchangePricesMB"/>
  <testcase name="" time="0.156" classname="testcases.A3Dev1015CheckExchangePricesMB"/>
  <testcase name="" time="0.156" classname="testcases.A3Dev1015CheckExchangePricesMB"/>
  <testcase name="" time="0.161" classname="testcases.A3Dev1015CheckExchangePricesMB"/>
  <testcase name="" time="0.162" classname="testcases.A3Dev1015CheckExchangePricesMB"/>
  <testcase name="" time="8.094" classname="testcases.A3Dev1015CheckExchangePricesMB"/>
  <testcase name="" time="0.181" classname="testcases.A3Dev1015CheckExchangePricesMB"/>
  <testcase name="" time="0.146" classname="testcases.A3Dev1015CheckExchangePricesMB"/>
  <testcase name="" time="0.149" classname="testcases.A3Dev1015CheckExchangePricesMB"/>
  <testcase name="" time="0.146" classname="testcases.A3Dev1015CheckExchangePricesMB"/>
  <testcase name="" time="0.142" classname="testcases.A3Dev1015CheckExchangePricesMB"/>
  <testcase name="" time="0.145" classname="testcases.A3Dev1015CheckExchangePricesMB"/>
  <testcase name="" time="0.145" classname="testcases.A3Dev1015CheckExchangePricesMB"/>
  <testcase name="" time="0.155" classname="testcases.A3Dev1015CheckExchangePricesMB"/>
  <testcase name="" time="0.139" classname="testcases.A3Dev1015CheckExchangePricesMB"/>
  <testcase name="" time="0.142" classname="testcases.A3Dev1015CheckExchangePricesMB"/>
  <testcase name="" time="0.142" classname="testcases.A3Dev1015CheckExchangePricesMB"/>
  <testcase name="" time="0.138" classname="testcases.A3Dev1015CheckExchangePricesMB"/>
  <testcase name="" time="20.122" classname="testcases.A3Dev1015CheckExchangePricesMB"/>
  <testcase name="" time="0.164" classname="testcases.A3Dev1015CheckExchangePricesMB"/>
  <testcase name="" time="0.139" classname="testcases.A3Dev1015CheckExchangePricesMB"/>
  <testcase name="" time="0.155" classname="testcases.A3Dev1015CheckExchangePricesMB"/>
  <testcase name="" time="0.15" classname="testcases.A3Dev1015CheckExchangePricesMB"/>
  <testcase name="" time="0.152" classname="testcases.A3Dev1015CheckExchangePricesMB"/>
  <testcase name="" time="0.143" classname="testcases.A3Dev1015CheckExchangePricesMB"/>
  <testcase name="" time="0.14" classname="testcases.A3Dev1015CheckExchangePricesMB"/>
  <testcase name="" time="0.142" classname="testcases.A3Dev1015CheckExchangePricesMB"/>
  <testcase name="" time="0.137" classname="testcases.A3Dev1015CheckExchangePricesMB"/>
  <testcase name="" time="0.137" classname="testcases.A3Dev1015CheckExchangePricesMB"/>
  <testcase name="" time="0.146" classname="testcases.A3Dev1015CheckExchangePricesMB"/>
  <testcase name="" time="0.141" classname="testcases.A3Dev1015CheckExchangePricesMB"/>
  <testcase name="" time="22.347" classname="testcases.A3Dev1015CheckExchangePricesMB"/>
  <testcase name="" time="0.145" classname="testcases.A3Dev1015CheckExchangePricesMB"/>
  <testcase name="" time="0.145" classname="testcases.A3Dev1015CheckExchangePricesMB"/>
  <testcase name="" time="0.15" classname="testcases.A3Dev1015CheckExchangePricesMB"/>
  <testcase name="" time="0.137" classname="testcases.A3Dev1015CheckExchangePricesMB"/>
  <testcase name="" time="0.142" classname="testcases.A3Dev1015CheckExchangePricesMB"/>
  <testcase name="" time="0.142" classname="testcases.A3Dev1015CheckExchangePricesMB"/>
  <testcase name="" time="0.153" classname="testcases.A3Dev1015CheckExchangePricesMB"/>
  <testcase name="" time="0.148" classname="testcases.A3Dev1015CheckExchangePricesMB"/>
  <testcase name="" time="0.14" classname="testcases.A3Dev1015CheckExchangePricesMB"/>
  <testcase name="" time="0.152" classname="testcases.A3Dev1015CheckExchangePricesMB"/>
  <testcase name="" time="0.144" classname="testcases.A3Dev1015CheckExchangePricesMB"/>
  <testcase name="" time="0.147" classname="testcases.A3Dev1015CheckExchangePricesMB"/>
  <testcase name="" time="20.31" classname="testcases.A3Dev999CheckExchangePricesADV"/>
  <testcase name="" time="0.175" classname="testcases.A3Dev999CheckExchangePricesADV"/>
  <testcase name="" time="0.133" classname="testcases.A3Dev999CheckExchangePricesADV"/>
  <testcase name="" time="0.132" classname="testcases.A3Dev999CheckExchangePricesADV"/>
  <testcase name="" time="0.132" classname="testcases.A3Dev999CheckExchangePricesADV"/>
  <testcase name="" time="0.143" classname="testcases.A3Dev999CheckExchangePricesADV"/>
  <testcase name="" time="0.135" classname="testcases.A3Dev999CheckExchangePricesADV"/>
  <testcase name="" time="8.072" classname="testcases.A3Dev999CheckExchangePricesADV"/>
  <testcase name="" time="0.148" classname="testcases.A3Dev999CheckExchangePricesADV"/>
  <testcase name="" time="0.139" classname="testcases.A3Dev999CheckExchangePricesADV"/>
  <testcase name="" time="0.126" classname="testcases.A3Dev999CheckExchangePricesADV"/>
  <testcase name="" time="0.146" classname="testcases.A3Dev999CheckExchangePricesADV"/>
  <testcase name="" time="0.158" classname="testcases.A3Dev999CheckExchangePricesADV"/>
  <testcase name="" time="0.201" classname="testcases.A3Dev999CheckExchangePricesADV"/>
  <testcase name="" time="8.044" classname="testcases.A3Dev999CheckExchangePricesADV"/>
  <testcase name="" time="0.158" classname="testcases.A3Dev999CheckExchangePricesADV"/>
  <testcase name="" time="0.124" classname="testcases.A3Dev999CheckExchangePricesADV"/>
  <testcase name="" time="0.119" classname="testcases.A3Dev999CheckExchangePricesADV"/>
  <testcase name="" time="0.127" classname="testcases.A3Dev999CheckExchangePricesADV"/>
  <testcase name="" time="0.125" classname="testcases.A3Dev999CheckExchangePricesADV"/>
  <testcase name="" time="0.128" classname="testcases.A3Dev999CheckExchangePricesADV"/>
  <testcase name="" time="20.027" classname="testcases.A3Dev999CheckExchangePricesADV"/>
  <testcase name="" time="0.183" classname="testcases.A3Dev999CheckExchangePricesADV"/>
  <testcase name="" time="0.156" classname="testcases.A3Dev999CheckExchangePricesADV"/>
  <testcase name="" time="0.162" classname="testcases.A3Dev999CheckExchangePricesADV"/>
  <testcase name="" time="0.152" classname="testcases.A3Dev999CheckExchangePricesADV"/>
  <testcase name="" time="0.162" classname="testcases.A3Dev999CheckExchangePricesADV"/>
  <testcase name="" time="0.145" classname="testcases.A3Dev999CheckExchangePricesADV"/>
  <testcase name="" time="0.153" classname="testcases.A3Dev999CheckExchangePricesADV"/>
  <testcase name="" time="0.158" classname="testcases.A3Dev999CheckExchangePricesADV"/>
  <testcase name="" time="0.151" classname="testcases.A3Dev999CheckExchangePricesADV"/>
  <testcase name="" time="0.146" classname="testcases.A3Dev999CheckExchangePricesADV"/>
  <testcase name="" time="0.149" classname="testcases.A3Dev999CheckExchangePricesADV"/>
  <testcase name="" time="0.148" classname="testcases.A3Dev999CheckExchangePricesADV"/>
  <testcase name="" time="9.728" classname="testcases.A3Dev999CheckExchangePricesADV"/>
  <testcase name="" time="0.187" classname="testcases.A3Dev999CheckExchangePricesADV"/>
  <testcase name="" time="0.16" classname="testcases.A3Dev999CheckExchangePricesADV"/>
  <testcase name="" time="0.263" classname="testcases.A3Dev999CheckExchangePricesADV"/>
  <testcase name="" time="0.25" classname="testcases.A3Dev999CheckExchangePricesADV"/>
  <testcase name="" time="0.185" classname="testcases.A3Dev999CheckExchangePricesADV"/>
  <testcase name="" time="0.177" classname="testcases.A3Dev999CheckExchangePricesADV"/>
  <testcase name="" time="0.164" classname="testcases.A3Dev999CheckExchangePricesADV"/>
  <testcase name="" time="0.153" classname="testcases.A3Dev999CheckExchangePricesADV"/>
  <testcase name="" time="0.16" classname="testcases.A3Dev999CheckExchangePricesADV"/>
  <testcase name="" time="0.157" classname="testcases.A3Dev999CheckExchangePricesADV"/>
  <testcase name="" time="0.161" classname="testcases.A3Dev999CheckExchangePricesADV"/>
  <testcase name="" time="0.154" classname="testcases.A3Dev999CheckExchangePricesADV"/>
  <testcase name="" time="8.99" classname="testcases.A3Dev999CheckExchangePricesADV"/>
  <testcase name="" time="0.162" classname="testcases.A3Dev999CheckExchangePricesADV"/>
  <testcase name="" time="0.218" classname="testcases.A3Dev999CheckExchangePricesADV"/>
  <testcase name="" time="0.212" classname="testcases.A3Dev999CheckExchangePricesADV"/>
  <testcase name="" time="0.159" classname="testcases.A3Dev999CheckExchangePricesADV"/>
  <testcase name="" time="0.146" classname="testcases.A3Dev999CheckExchangePricesADV"/>
  <testcase name="" time="0.147" classname="testcases.A3Dev999CheckExchangePricesADV"/>
  <testcase name="" time="0.15" classname="testcases.A3Dev999CheckExchangePricesADV"/>
  <testcase name="" time="0.144" classname="testcases.A3Dev999CheckExchangePricesADV"/>
  <testcase name="" time="0.137" classname="testcases.A3Dev999CheckExchangePricesADV"/>
  <testcase name="" time="0.147" classname="testcases.A3Dev999CheckExchangePricesADV"/>
  <testcase name="" time="0.136" classname="testcases.A3Dev999CheckExchangePricesADV"/>
  <testcase name="" time="0.139" classname="testcases.A3Dev999CheckExchangePricesADV"/>
  <testcase name="" time="19.267" classname="testcases.A3Dev998CheckExchangePricesADV2"/>
  <testcase name="" time="0.163" classname="testcases.A3Dev998CheckExchangePricesADV2"/>
  <testcase name="" time="0.142" classname="testcases.A3Dev998CheckExchangePricesADV2"/>
  <testcase name="" time="0.139" classname="testcases.A3Dev998CheckExchangePricesADV2"/>
  <testcase name="" time="0.137" classname="testcases.A3Dev998CheckExchangePricesADV2"/>
  <testcase name="" time="0.13" classname="testcases.A3Dev998CheckExchangePricesADV2"/>
  <testcase name="" time="0.13" classname="testcases.A3Dev998CheckExchangePricesADV2"/>
  <testcase name="" time="7.914" classname="testcases.A3Dev998CheckExchangePricesADV2"/>
  <testcase name="" time="0.153" classname="testcases.A3Dev998CheckExchangePricesADV2"/>
  <testcase name="" time="0.141" classname="testcases.A3Dev998CheckExchangePricesADV2"/>
  <testcase name="" time="0.148" classname="testcases.A3Dev998CheckExchangePricesADV2"/>
  <testcase name="" time="0.128" classname="testcases.A3Dev998CheckExchangePricesADV2"/>
  <testcase name="" time="0.13" classname="testcases.A3Dev998CheckExchangePricesADV2"/>
  <testcase name="" time="0.126" classname="testcases.A3Dev998CheckExchangePricesADV2"/>
  <testcase name="" time="7.5" classname="testcases.A3Dev998CheckExchangePricesADV2"/>
  <testcase name="" time="0.164" classname="testcases.A3Dev998CheckExchangePricesADV2"/>
  <testcase name="" time="0.139" classname="testcases.A3Dev998CheckExchangePricesADV2"/>
  <testcase name="" time="0.128" classname="testcases.A3Dev998CheckExchangePricesADV2"/>
  <testcase name="" time="0.125" classname="testcases.A3Dev998CheckExchangePricesADV2"/>
  <testcase name="" time="0.116" classname="testcases.A3Dev998CheckExchangePricesADV2"/>
  <testcase name="" time="0.122" classname="testcases.A3Dev998CheckExchangePricesADV2"/>
  <testcase name="" time="19.376" classname="testcases.A3Dev998CheckExchangePricesADV2"/>
  <testcase name="" time="0.201" classname="testcases.A3Dev998CheckExchangePricesADV2"/>
  <testcase name="" time="0.16" classname="testcases.A3Dev998CheckExchangePricesADV2"/>
  <testcase name="" time="0.163" classname="testcases.A3Dev998CheckExchangePricesADV2"/>
  <testcase name="" time="0.16" classname="testcases.A3Dev998CheckExchangePricesADV2"/>
  <testcase name="" time="0.153" classname="testcases.A3Dev998CheckExchangePricesADV2"/>
  <testcase name="" time="0.161" classname="testcases.A3Dev998CheckExchangePricesADV2"/>
  <testcase name="" time="0.153" classname="testcases.A3Dev998CheckExchangePricesADV2"/>
  <testcase name="" time="0.183" classname="testcases.A3Dev998CheckExchangePricesADV2"/>
  <testcase name="" time="0.154" classname="testcases.A3Dev998CheckExchangePricesADV2"/>
  <testcase name="" time="0.153" classname="testcases.A3Dev998CheckExchangePricesADV2"/>
  <testcase name="" time="0.146" classname="testcases.A3Dev998CheckExchangePricesADV2"/>
  <testcase name="" time="0.148" classname="testcases.A3Dev998CheckExchangePricesADV2"/>
  <testcase name="" time="9.048" classname="testcases.A3Dev998CheckExchangePricesADV2"/>
  <testcase name="" time="0.171" classname="testcases.A3Dev998CheckExchangePricesADV2"/>
  <testcase name="" time="0.152" classname="testcases.A3Dev998CheckExchangePricesADV2"/>
  <testcase name="" time="0.164" classname="testcases.A3Dev998CheckExchangePricesADV2"/>
  <testcase name="" time="0.187" classname="testcases.A3Dev998CheckExchangePricesADV2"/>
  <testcase name="" time="0.262" classname="testcases.A3Dev998CheckExchangePricesADV2"/>
  <testcase name="" time="0.18" classname="testcases.A3Dev998CheckExchangePricesADV2"/>
  <testcase name="" time="0.17" classname="testcases.A3Dev998CheckExchangePricesADV2"/>
  <testcase name="" time="0.153" classname="testcases.A3Dev998CheckExchangePricesADV2"/>
  <testcase name="" time="0.159" classname="testcases.A3Dev998CheckExchangePricesADV2"/>
  <testcase name="" time="0.149" classname="testcases.A3Dev998CheckExchangePricesADV2"/>
  <testcase name="" time="0.149" classname="testcases.A3Dev998CheckExchangePricesADV2"/>
  <testcase name="" time="0.155" classname="testcases.A3Dev998CheckExchangePricesADV2"/>
  <testcase name="" time="8.582" classname="testcases.A3Dev998CheckExchangePricesADV2"/>
  <testcase name="" time="0.18" classname="testcases.A3Dev998CheckExchangePricesADV2"/>
  <testcase name="" time="0.143" classname="testcases.A3Dev998CheckExchangePricesADV2"/>
  <testcase name="" time="0.15" classname="testcases.A3Dev998CheckExchangePricesADV2"/>
  <testcase name="" time="0.141" classname="testcases.A3Dev998CheckExchangePricesADV2"/>
  <testcase name="" time="0.142" classname="testcases.A3Dev998CheckExchangePricesADV2"/>
  <testcase name="" time="0.161" classname="testcases.A3Dev998CheckExchangePricesADV2"/>
  <testcase name="" time="0.145" classname="testcases.A3Dev998CheckExchangePricesADV2"/>
  <testcase name="" time="0.145" classname="testcases.A3Dev998CheckExchangePricesADV2"/>
  <testcase name="" time="0.138" classname="testcases.A3Dev998CheckExchangePricesADV2"/>
  <testcase name="" time="0.141" classname="testcases.A3Dev998CheckExchangePricesADV2"/>
  <testcase name="" time="0.136" classname="testcases.A3Dev998CheckExchangePricesADV2"/>
  <testcase name="" time="0.167" classname="testcases.A3Dev998CheckExchangePricesADV2"/>
  <testcase name="" time="53.196" classname="testcases.A3Dev1077CheckAllPricesForADV"/>
  <testcase name="" time="45.886" classname="testcases.A3Dev1077CheckAllPricesForADV"/>
  <testcase name="" time="45.78" classname="testcases.A3Dev1077CheckAllPricesForADV"/>
  <testcase name="" time="46.805" classname="testcases.A3Dev1077CheckAllPricesForADV"/>
  <testcase name="" time="43.54" classname="testcases.A3Dev1077CheckAllPricesForADV"/>
  <testcase name="" time="43.382" classname="testcases.A3Dev1077CheckAllPricesForADV"/>
  <testcase name="" time="43.723" classname="testcases.A3Dev1077CheckAllPricesForADV"/>
  <testcase name="" time="43.343" classname="testcases.A3Dev1077CheckAllPricesForADV"/>
  <testcase name="" time="43.453" classname="testcases.A3Dev1077CheckAllPricesForADV"/>
  <testcase name="" time="47.632" classname="testcases.A3Dev1077CheckAllPricesForADV"/>
  <testcase name="" time="46.902" classname="testcases.A3Dev1077CheckAllPricesForADV"/>
  <testcase name="" time="42.74" classname="testcases.A3Dev1079CheckPricesForADV2"/>
  <testcase name="" time="10.074" classname="testcases.A3Dev1079CheckPricesForADV2"/>
  <testcase name="" time="10.103" classname="testcases.A3Dev1079CheckPricesForADV2"/>
  <testcase name="" time="13.262" classname="testcases.A3Dev1079CheckPricesForADV2"/>
  <testcase name="" time="13.177" classname="testcases.A3Dev1079CheckPricesForADV2"/>
  <testcase name="" time="8.42" classname="testcases.A3Dev1079CheckPricesForADV2"/>
  <testcase name="" time="36.226" classname="testcases.A3Dev1080CheckPricesForDiffCampaign"/>
  <testcase name="" time="18.48" classname="testcases.A3Dev1080CheckPricesForDiffCampaign"/>
  <testcase name="" time="17.914" classname="testcases.A3Dev1080CheckPricesForDiffCampaign"/>
  <testcase name="" time="18.761" classname="testcases.A3Dev1080CheckPricesForDiffCampaign"/>
  <testcase name="" time="17.777" classname="testcases.A3Dev1080CheckPricesForDiffCampaign"/>
  <testcase name="" time="5.759" classname="testcases.A3Dev1080CheckPricesForDiffCampaign"/>
  <testcase name="" time="62.716" classname="testcases.A4Dev1101CampaignBuy"/>
  <testcase name="" time="63.384" classname="testcases.A4Dev1101CampaignBuy"/>
  <testcase name="" time="0.001" classname="testcases.A5Dev1102CheckOrders"/>
  <testcase name="" time="0.001" classname="testcases.A5Dev1102CheckOrders"/>
  <testcase name="" time="0.0" classname="testcases.A5Dev1102CheckOrders"/>
  <testcase name="" time="0.001" classname="testcases.A5Dev1102CheckOrders"/>
  <testcase name="" time="94.11" classname="testcases.A6Dev1194CampaignBuyMultiple"/>
  <testcase name="" time="0.0" classname="testcases.A6Dev1194CampaignBuyMultiple"/>
  <testcase name="" time="0.001" classname="testcases.A6Dev1194CampaignBuyMultiple"/>
  <testcase name="" time="0.0" classname="testcases.A6Dev1194CampaignBuyMultiple"/>
  <testcase name="" time="117.339" classname="testcases.B1Dev1121OptionRequestAcceptReject"/>
  <testcase name="" time="106.391" classname="testcases.B1Dev1121OptionRequestAcceptReject"/>
  <testcase name="" time="36.857" classname="testcases.C1Dev1137BidAutoBid"/>
  <testcase name="" time="37.13" classname="testcases.C1Dev1137BidAutoBid"/>
  <testcase name="" time="70.872" classname="testcases.B2Dev1132OptionPush"/>
  <testcase name="" time="58.774" classname="testcases.B2Dev1132OptionPush"/>
  <testcase name="" time="58.755" classname="testcases.B2Dev1132OptionPush"/>
  <testcase name="" time="60.956" classname="testcases.B2Dev1132OptionPush"/>
  <testcase name="" time="41.647" classname="testcases.C1Dev1137BidAutoBid"/>
  <testcase name="" time="25.404" classname="testcases.B2Dev1132OptionPush"/>
  <testcase name="" time="60.234" classname="testcases.C1Dev1137BidAutoBid">
    <failure type="org.openqa.selenium.TimeoutException" message="Timed out after 60 seconds waiting for visibility of element located by By.cssSelector: .username
Build info: version: &amp;apos;2.53.1&amp;apos;, revision: &amp;apos;a36b8b1cd5757287168e54b817830adce9b0158d&amp;apos;, time: &amp;apos;2016-06-30 19:26:09&amp;apos;
System info: host: &amp;apos;mbpro-dejuan.local&amp;apos;, ip: &amp;apos;10.34.6.211&amp;apos;, os.name: &amp;apos;Mac OS X&amp;apos;, os.arch: &amp;apos;x86_64&amp;apos;, os.version: &amp;apos;10.11.6&amp;apos;, java.version: &amp;apos;1.8.0_91&amp;apos;
Driver info: org.openqa.selenium.firefox.FirefoxDriver
Capabilities [{applicationCacheEnabled=true, rotatable=false, handlesAlerts=true, databaseEnabled=true, version=47.0.1, platform=MAC, nativeEvents=false, acceptSslCerts=true, webStorageEnabled=true, locationContextEnabled=true, browserName=firefox, takesScreenshot=true, javascriptEnabled=true, cssSelectorsEnabled=true}]
Session ID: ac83bd92-7931-4142-83cd-a8bc2b630c96">
      <![CDATA[org.openqa.selenium.TimeoutException: Timed out after 60 seconds waiting for visibility of element located by By.cssSelector: .username
Build info: version: '2.53.1', revision: 'a36b8b1cd5757287168e54b817830adce9b0158d', time: '2016-06-30 19:26:09'
System info: host: 'mbpro-dejuan.local', ip: '10.34.6.211', os.name: 'Mac OS X', os.arch: 'x86_64', os.version: '10.11.6', java.version: '1.8.0_91'
Driver info: org.openqa.selenium.firefox.FirefoxDriver
Capabilities [{applicationCacheEnabled=true, rotatable=false, handlesAlerts=true, databaseEnabled=true, version=47.0.1, platform=MAC, nativeEvents=false, acceptSslCerts=true, webStorageEnabled=true, locationContextEnabled=true, browserName=firefox, takesScreenshot=true, javascriptEnabled=true, cssSelectorsEnabled=true}]
Session ID: ac83bd92-7931-4142-83cd-a8bc2b630c96
	at org.openqa.selenium.support.ui.WebDriverWait.timeoutException(WebDriverWait.java:80)
	at org.openqa.selenium.support.ui.FluentWait.until(FluentWait.java:261)
	at toplevel.Helper.FindElement(Helper.java:220)
	at toplevel.Top.InputData(Top.java:98)
	at toplevel.Top.Login(Top.java:58)
	at testcases.C1Dev1137BidAutoBid.ADV2bidBecomeOutbid(C1Dev1137BidAutoBid.java:78)
Caused by: org.openqa.selenium.NoSuchElementException: Unable to locate element: {"method":"css selector","selector":".username"}
Command duration or timeout: 9 milliseconds
For documentation on this error, please visit: http://seleniumhq.org/exceptions/no_such_element.html
Build info: version: '2.53.1', revision: 'a36b8b1cd5757287168e54b817830adce9b0158d', time: '2016-06-30 19:26:09'
System info: host: 'mbpro-dejuan.local', ip: '10.34.6.211', os.name: 'Mac OS X', os.arch: 'x86_64', os.version: '10.11.6', java.version: '1.8.0_91'
Driver info: org.openqa.selenium.firefox.FirefoxDriver
Capabilities [{applicationCacheEnabled=true, rotatable=false, handlesAlerts=true, databaseEnabled=true, version=47.0.1, platform=MAC, nativeEvents=false, acceptSslCerts=true, webStorageEnabled=true, locationContextEnabled=true, browserName=firefox, takesScreenshot=true, javascriptEnabled=true, cssSelectorsEnabled=true}]
Session ID: ac83bd92-7931-4142-83cd-a8bc2b630c96
*** Element info: {Using=css selector, value=.username}
	at org.openqa.selenium.remote.ErrorHandler.createThrowable(ErrorHandler.java:206)
	at org.openqa.selenium.remote.ErrorHandler.throwIfResponseFailed(ErrorHandler.java:158)
	at org.openqa.selenium.remote.RemoteWebDriver.execute(RemoteWebDriver.java:678)
	at org.openqa.selenium.remote.RemoteWebDriver.findElement(RemoteWebDriver.java:363)
	at org.openqa.selenium.remote.RemoteWebDriver.findElementByCssSelector(RemoteWebDriver.java:492)
	at org.openqa.selenium.By$ByCssSelector.findElement(By.java:430)
	at org.openqa.selenium.remote.RemoteWebDriver.findElement(RemoteWebDriver.java:355)
	at org.openqa.selenium.support.ui.ExpectedConditions.findElement(ExpectedConditions.java:899)
	at org.openqa.selenium.support.ui.ExpectedConditions.access$000(ExpectedConditions.java:41)
	at org.openqa.selenium.support.ui.ExpectedConditions$7.apply(ExpectedConditions.java:205)
	at org.openqa.selenium.support.ui.ExpectedConditions$7.apply(ExpectedConditions.java:201)
	at org.openqa.selenium.support.ui.FluentWait.until(FluentWait.java:238)
	... 28 more
Caused by: org.openqa.selenium.NoSuchElementException: Unable to locate element: {"method":"css selector","selector":".username"}
For documentation on this error, please visit: http://seleniumhq.org/exceptions/no_such_element.html
Build info: version: '2.53.1', revision: 'a36b8b1cd5757287168e54b817830adce9b0158d', time: '2016-06-30 19:26:09'
System info: host: 'mbpro-dejuan.local', ip: '10.34.6.211', os.name: 'Mac OS X', os.arch: 'x86_64', os.version: '10.11.6', java.version: '1.8.0_91'
Driver info: driver.version: unknown
	at <anonymous class>.FirefoxDriver.prototype.findElementInternal_(file:///var/folders/wr/g92p1f_s6c34hxrt50h3c8jc0000gn/T/anonymous1344338999348531401webdriver-profile/extensions/fxdriver@googlecode.com/components/driver-component.js:10770)
	at <anonymous class>.FirefoxDriver.prototype.findElement(file:///var/folders/wr/g92p1f_s6c34hxrt50h3c8jc0000gn/T/anonymous1344338999348531401webdriver-profile/extensions/fxdriver@googlecode.com/components/driver-component.js:10779)
	at <anonymous class>.DelayedCommand.prototype.executeInternal_/h(file:///var/folders/wr/g92p1f_s6c34hxrt50h3c8jc0000gn/T/anonymous1344338999348531401webdriver-profile/extensions/fxdriver@googlecode.com/components/command-processor.js:12661)
	at <anonymous class>.DelayedCommand.prototype.executeInternal_(file:///var/folders/wr/g92p1f_s6c34hxrt50h3c8jc0000gn/T/anonymous1344338999348531401webdriver-profile/extensions/fxdriver@googlecode.com/components/command-processor.js:12666)
	at <anonymous class>.DelayedCommand.prototype.execute/<(file:///var/folders/wr/g92p1f_s6c34hxrt50h3c8jc0000gn/T/anonymous1344338999348531401webdriver-profile/extensions/fxdriver@googlecode.com/components/command-processor.js:12608)
... Removed 27 stack frames]]>
    </failure>
  </testcase> <!--  -->
  <testcase name="" time="60.361" classname="testcases.B2Dev1132OptionPush">
    <failure type="org.openqa.selenium.TimeoutException" message="Timed out after 60 seconds waiting for visibility of element located by By.xpath: //table[contains(@class, &amp;apos;int-table-to-datagrid&amp;apos;)]//*[contains(text(), &amp;apos;CD102VS - Cover 3&amp;apos;)]/ancestor::table[contains(@class, &amp;apos;mx-name-table1&amp;apos;)]/tbody/tr[1]
Build info: version: &amp;apos;2.53.1&amp;apos;, revision: &amp;apos;a36b8b1cd5757287168e54b817830adce9b0158d&amp;apos;, time: &amp;apos;2016-06-30 19:26:09&amp;apos;
System info: host: &amp;apos;mbpro-dejuan.local&amp;apos;, ip: &amp;apos;10.34.6.211&amp;apos;, os.name: &amp;apos;Mac OS X&amp;apos;, os.arch: &amp;apos;x86_64&amp;apos;, os.version: &amp;apos;10.11.6&amp;apos;, java.version: &amp;apos;1.8.0_91&amp;apos;
Driver info: org.openqa.selenium.firefox.FirefoxDriver
Capabilities [{applicationCacheEnabled=true, rotatable=false, handlesAlerts=true, databaseEnabled=true, version=47.0.1, platform=MAC, nativeEvents=false, acceptSslCerts=true, webStorageEnabled=true, locationContextEnabled=true, browserName=firefox, takesScreenshot=true, javascriptEnabled=true, cssSelectorsEnabled=true}]
Session ID: ac83bd92-7931-4142-83cd-a8bc2b630c96">
      <![CDATA[org.openqa.selenium.TimeoutException: Timed out after 60 seconds waiting for visibility of element located by By.xpath: //table[contains(@class, 'int-table-to-datagrid')]//*[contains(text(), 'CD102VS - Cover 3')]/ancestor::table[contains(@class, 'mx-name-table1')]/tbody/tr[1]
Build info: version: '2.53.1', revision: 'a36b8b1cd5757287168e54b817830adce9b0158d', time: '2016-06-30 19:26:09'
System info: host: 'mbpro-dejuan.local', ip: '10.34.6.211', os.name: 'Mac OS X', os.arch: 'x86_64', os.version: '10.11.6', java.version: '1.8.0_91'
Driver info: org.openqa.selenium.firefox.FirefoxDriver
Capabilities [{applicationCacheEnabled=true, rotatable=false, handlesAlerts=true, databaseEnabled=true, version=47.0.1, platform=MAC, nativeEvents=false, acceptSslCerts=true, webStorageEnabled=true, locationContextEnabled=true, browserName=firefox, takesScreenshot=true, javascriptEnabled=true, cssSelectorsEnabled=true}]
Session ID: ac83bd92-7931-4142-83cd-a8bc2b630c96
	at org.openqa.selenium.support.ui.WebDriverWait.timeoutException(WebDriverWait.java:80)
	at org.openqa.selenium.support.ui.FluentWait.until(FluentWait.java:261)
	at toplevel.Helper.FindElement(Helper.java:220)
	at toplevel.Top.ClickContextSensitiveItem(Top.java:157)
	at advertiser.Exchange.SelectAInventory(Exchange.java:88)
	at testcases.B2Dev1132OptionPush.deletAnOffer(B2Dev1132OptionPush.java:84)
Caused by: org.openqa.selenium.NoSuchElementException: Unable to locate element: {"method":"xpath","selector":"//table[contains(@class, 'int-table-to-datagrid')]//*[contains(text(), 'CD102VS - Cover 3')]/ancestor::table[contains(@class, 'mx-name-table1')]/tbody/tr[1]"}
Command duration or timeout: 8 milliseconds
For documentation on this error, please visit: http://seleniumhq.org/exceptions/no_such_element.html
Build info: version: '2.53.1', revision: 'a36b8b1cd5757287168e54b817830adce9b0158d', time: '2016-06-30 19:26:09'
System info: host: 'mbpro-dejuan.local', ip: '10.34.6.211', os.name: 'Mac OS X', os.arch: 'x86_64', os.version: '10.11.6', java.version: '1.8.0_91'
Driver info: org.openqa.selenium.firefox.FirefoxDriver
Capabilities [{applicationCacheEnabled=true, rotatable=false, handlesAlerts=true, databaseEnabled=true, version=47.0.1, platform=MAC, nativeEvents=false, acceptSslCerts=true, webStorageEnabled=true, locationContextEnabled=true, browserName=firefox, takesScreenshot=true, javascriptEnabled=true, cssSelectorsEnabled=true}]
Session ID: ac83bd92-7931-4142-83cd-a8bc2b630c96
*** Element info: {Using=xpath, value=//table[contains(@class, 'int-table-to-datagrid')]//*[contains(text(), 'CD102VS - Cover 3')]/ancestor::table[contains(@class, 'mx-name-table1')]/tbody/tr[1]}
	at org.openqa.selenium.remote.ErrorHandler.createThrowable(ErrorHandler.java:206)
	at org.openqa.selenium.remote.ErrorHandler.throwIfResponseFailed(ErrorHandler.java:158)
	at org.openqa.selenium.remote.RemoteWebDriver.execute(RemoteWebDriver.java:678)
	at org.openqa.selenium.remote.RemoteWebDriver.findElement(RemoteWebDriver.java:363)
	at org.openqa.selenium.remote.RemoteWebDriver.findElementByXPath(RemoteWebDriver.java:500)
	at org.openqa.selenium.By$ByXPath.findElement(By.java:361)
	at org.openqa.selenium.remote.RemoteWebDriver.findElement(RemoteWebDriver.java:355)
	at org.openqa.selenium.support.ui.ExpectedConditions.findElement(ExpectedConditions.java:899)
	at org.openqa.selenium.support.ui.ExpectedConditions.access$000(ExpectedConditions.java:41)
	at org.openqa.selenium.support.ui.ExpectedConditions$7.apply(ExpectedConditions.java:205)
	at org.openqa.selenium.support.ui.ExpectedConditions$7.apply(ExpectedConditions.java:201)
	at org.openqa.selenium.support.ui.FluentWait.until(FluentWait.java:238)
	... 28 more
Caused by: org.openqa.selenium.NoSuchElementException: Unable to locate element: {"method":"xpath","selector":"//table[contains(@class, 'int-table-to-datagrid')]//*[contains(text(), 'CD102VS - Cover 3')]/ancestor::table[contains(@class, 'mx-name-table1')]/tbody/tr[1]"}
For documentation on this error, please visit: http://seleniumhq.org/exceptions/no_such_element.html
Build info: version: '2.53.1', revision: 'a36b8b1cd5757287168e54b817830adce9b0158d', time: '2016-06-30 19:26:09'
System info: host: 'mbpro-dejuan.local', ip: '10.34.6.211', os.name: 'Mac OS X', os.arch: 'x86_64', os.version: '10.11.6', java.version: '1.8.0_91'
Driver info: driver.version: unknown
	at <anonymous class>.FirefoxDriver.prototype.findElementInternal_(file:///var/folders/wr/g92p1f_s6c34hxrt50h3c8jc0000gn/T/anonymous1344338999348531401webdriver-profile/extensions/fxdriver@googlecode.com/components/driver-component.js:10770)
	at <anonymous class>.FirefoxDriver.prototype.findElement(file:///var/folders/wr/g92p1f_s6c34hxrt50h3c8jc0000gn/T/anonymous1344338999348531401webdriver-profile/extensions/fxdriver@googlecode.com/components/driver-component.js:10779)
	at <anonymous class>.DelayedCommand.prototype.executeInternal_/h(file:///var/folders/wr/g92p1f_s6c34hxrt50h3c8jc0000gn/T/anonymous1344338999348531401webdriver-profile/extensions/fxdriver@googlecode.com/components/command-processor.js:12661)
	at <anonymous class>.DelayedCommand.prototype.executeInternal_(file:///var/folders/wr/g92p1f_s6c34hxrt50h3c8jc0000gn/T/anonymous1344338999348531401webdriver-profile/extensions/fxdriver@googlecode.com/components/command-processor.js:12666)
	at <anonymous class>.DelayedCommand.prototype.execute/<(file:///var/folders/wr/g92p1f_s6c34hxrt50h3c8jc0000gn/T/anonymous1344338999348531401webdriver-profile/extensions/fxdriver@googlecode.com/components/command-processor.js:12608)
... Removed 27 stack frames]]>
    </failure>
  </testcase> <!--  -->
  <testcase name="" time="17.78" classname="testcases.C1Dev1137BidAutoBid"/>
  <testcase name="" time="2.458" classname="testcases.B2Dev1132OptionPush">
    <failure type="org.openqa.selenium.support.ui.UnexpectedTagNameException" message="Element should have been &amp;quot;select&amp;quot; but was &amp;quot;input&amp;quot;
Build info: version: &amp;apos;2.53.1&amp;apos;, revision: &amp;apos;a36b8b1cd5757287168e54b817830adce9b0158d&amp;apos;, time: &amp;apos;2016-06-30 19:26:09&amp;apos;
System info: host: &amp;apos;mbpro-dejuan.local&amp;apos;, ip: &amp;apos;10.34.6.211&amp;apos;, os.name: &amp;apos;Mac OS X&amp;apos;, os.arch: &amp;apos;x86_64&amp;apos;, os.version: &amp;apos;10.11.6&amp;apos;, java.version: &amp;apos;1.8.0_91&amp;apos;
Driver info: driver.version: unknown">
      <![CDATA[org.openqa.selenium.support.ui.UnexpectedTagNameException: Element should have been "select" but was "input"
Build info: version: '2.53.1', revision: 'a36b8b1cd5757287168e54b817830adce9b0158d', time: '2016-06-30 19:26:09'
System info: host: 'mbpro-dejuan.local', ip: '10.34.6.211', os.name: 'Mac OS X', os.arch: 'x86_64', os.version: '10.11.6', java.version: '1.8.0_91'
Driver info: driver.version: unknown
	at org.openqa.selenium.support.ui.Select.<init>(Select.java:47)
	at toplevel.Top.SelectDropdownItem(Top.java:150)
	at advertiser.Exchange.SelectCampaign(Exchange.java:24)
	at testcases.B2Dev1132OptionPush.campaignAddAll(B2Dev1132OptionPush.java:100)
... Removed 24 stack frames]]>
    </failure>
  </testcase> <!--  -->
  <testcase name="" time="43.406" classname="testcases.C1Dev1137BidAutoBid">
    <failure type="java.lang.AssertionError" message="The following asserts failed:
	expected [true] but found [false]">
      <![CDATA[java.lang.AssertionError: The following asserts failed:
	expected [true] but found [false]
	at testcases.C1Dev1137BidAutoBid.ADV2bidAgainAgainBecomeWinner(C1Dev1137BidAutoBid.java:129)
... Removed 25 stack frames]]>
    </failure>
  </testcase> <!--  -->
  <testcase name="" time="2.445" classname="testcases.B2Dev1132OptionPush">
    <failure type="org.openqa.selenium.support.ui.UnexpectedTagNameException" message="Element should have been &amp;quot;select&amp;quot; but was &amp;quot;input&amp;quot;
Build info: version: &amp;apos;2.53.1&amp;apos;, revision: &amp;apos;a36b8b1cd5757287168e54b817830adce9b0158d&amp;apos;, time: &amp;apos;2016-06-30 19:26:09&amp;apos;
System info: host: &amp;apos;mbpro-dejuan.local&amp;apos;, ip: &amp;apos;10.34.6.211&amp;apos;, os.name: &amp;apos;Mac OS X&amp;apos;, os.arch: &amp;apos;x86_64&amp;apos;, os.version: &amp;apos;10.11.6&amp;apos;, java.version: &amp;apos;1.8.0_91&amp;apos;
Driver info: driver.version: unknown">
      <![CDATA[org.openqa.selenium.support.ui.UnexpectedTagNameException: Element should have been "select" but was "input"
Build info: version: '2.53.1', revision: 'a36b8b1cd5757287168e54b817830adce9b0158d', time: '2016-06-30 19:26:09'
System info: host: 'mbpro-dejuan.local', ip: '10.34.6.211', os.name: 'Mac OS X', os.arch: 'x86_64', os.version: '10.11.6', java.version: '1.8.0_91'
Driver info: driver.version: unknown
	at org.openqa.selenium.support.ui.Select.<init>(Select.java:47)
	at toplevel.Top.SelectDropdownItem(Top.java:150)
	at advertiser.Exchange.SelectCampaign(Exchange.java:24)
	at testcases.B2Dev1132OptionPush.campaignAddOne(B2Dev1132OptionPush.java:119)
... Removed 24 stack frames]]>
    </failure>
  </testcase> <!--  -->
  <testcase name="" time="76.737" classname="testcases.C1Dev1137BidAutoBid">
    <failure type="org.openqa.selenium.TimeoutException" message="Timed out after 60 seconds waiting for visibility of element located by By.cssSelector: .modal-dialog .btn-success
Build info: version: &amp;apos;2.53.1&amp;apos;, revision: &amp;apos;a36b8b1cd5757287168e54b817830adce9b0158d&amp;apos;, time: &amp;apos;2016-06-30 19:26:09&amp;apos;
System info: host: &amp;apos;mbpro-dejuan.local&amp;apos;, ip: &amp;apos;10.34.6.211&amp;apos;, os.name: &amp;apos;Mac OS X&amp;apos;, os.arch: &amp;apos;x86_64&amp;apos;, os.version: &amp;apos;10.11.6&amp;apos;, java.version: &amp;apos;1.8.0_91&amp;apos;
Driver info: org.openqa.selenium.firefox.FirefoxDriver
Capabilities [{applicationCacheEnabled=true, rotatable=false, handlesAlerts=true, databaseEnabled=true, version=47.0.1, platform=MAC, nativeEvents=false, acceptSslCerts=true, webStorageEnabled=true, locationContextEnabled=true, browserName=firefox, takesScreenshot=true, javascriptEnabled=true, cssSelectorsEnabled=true}]
Session ID: ac83bd92-7931-4142-83cd-a8bc2b630c96">
      <![CDATA[org.openqa.selenium.TimeoutException: Timed out after 60 seconds waiting for visibility of element located by By.cssSelector: .modal-dialog .btn-success
Build info: version: '2.53.1', revision: 'a36b8b1cd5757287168e54b817830adce9b0158d', time: '2016-06-30 19:26:09'
System info: host: 'mbpro-dejuan.local', ip: '10.34.6.211', os.name: 'Mac OS X', os.arch: 'x86_64', os.version: '10.11.6', java.version: '1.8.0_91'
Driver info: org.openqa.selenium.firefox.FirefoxDriver
Capabilities [{applicationCacheEnabled=true, rotatable=false, handlesAlerts=true, databaseEnabled=true, version=47.0.1, platform=MAC, nativeEvents=false, acceptSslCerts=true, webStorageEnabled=true, locationContextEnabled=true, browserName=firefox, takesScreenshot=true, javascriptEnabled=true, cssSelectorsEnabled=true}]
Session ID: ac83bd92-7931-4142-83cd-a8bc2b630c96
	at org.openqa.selenium.support.ui.WebDriverWait.timeoutException(WebDriverWait.java:80)
	at org.openqa.selenium.support.ui.FluentWait.until(FluentWait.java:261)
	at toplevel.Helper.FindElement(Helper.java:220)
	at toplevel.Top.ClickButton(Top.java:105)
	at advertiser.Mylots.BuyBidOptionConfirm(Mylots.java:69)
	at testcases.C1Dev1137BidAutoBid.ADVIsOutBidADVBidAgain(C1Dev1137BidAutoBid.java:142)
Caused by: org.openqa.selenium.NoSuchElementException: Unable to locate element: {"method":"css selector","selector":".modal-dialog .btn-success"}
Command duration or timeout: 7 milliseconds
For documentation on this error, please visit: http://seleniumhq.org/exceptions/no_such_element.html
Build info: version: '2.53.1', revision: 'a36b8b1cd5757287168e54b817830adce9b0158d', time: '2016-06-30 19:26:09'
System info: host: 'mbpro-dejuan.local', ip: '10.34.6.211', os.name: 'Mac OS X', os.arch: 'x86_64', os.version: '10.11.6', java.version: '1.8.0_91'
Driver info: org.openqa.selenium.firefox.FirefoxDriver
Capabilities [{applicationCacheEnabled=true, rotatable=false, handlesAlerts=true, databaseEnabled=true, version=47.0.1, platform=MAC, nativeEvents=false, acceptSslCerts=true, webStorageEnabled=true, locationContextEnabled=true, browserName=firefox, takesScreenshot=true, javascriptEnabled=true, cssSelectorsEnabled=true}]
Session ID: ac83bd92-7931-4142-83cd-a8bc2b630c96
*** Element info: {Using=css selector, value=.modal-dialog .btn-success}
	at org.openqa.selenium.remote.ErrorHandler.createThrowable(ErrorHandler.java:206)
	at org.openqa.selenium.remote.ErrorHandler.throwIfResponseFailed(ErrorHandler.java:158)
	at org.openqa.selenium.remote.RemoteWebDriver.execute(RemoteWebDriver.java:678)
	at org.openqa.selenium.remote.RemoteWebDriver.findElement(RemoteWebDriver.java:363)
	at org.openqa.selenium.remote.RemoteWebDriver.findElementByCssSelector(RemoteWebDriver.java:492)
	at org.openqa.selenium.By$ByCssSelector.findElement(By.java:430)
	at org.openqa.selenium.remote.RemoteWebDriver.findElement(RemoteWebDriver.java:355)
	at org.openqa.selenium.support.ui.ExpectedConditions.findElement(ExpectedConditions.java:899)
	at org.openqa.selenium.support.ui.ExpectedConditions.access$000(ExpectedConditions.java:41)
	at org.openqa.selenium.support.ui.ExpectedConditions$7.apply(ExpectedConditions.java:205)
	at org.openqa.selenium.support.ui.ExpectedConditions$7.apply(ExpectedConditions.java:201)
	at org.openqa.selenium.support.ui.FluentWait.until(FluentWait.java:238)
	... 28 more
Caused by: org.openqa.selenium.NoSuchElementException: Unable to locate element: {"method":"css selector","selector":".modal-dialog .btn-success"}
For documentation on this error, please visit: http://seleniumhq.org/exceptions/no_such_element.html
Build info: version: '2.53.1', revision: 'a36b8b1cd5757287168e54b817830adce9b0158d', time: '2016-06-30 19:26:09'
System info: host: 'mbpro-dejuan.local', ip: '10.34.6.211', os.name: 'Mac OS X', os.arch: 'x86_64', os.version: '10.11.6', java.version: '1.8.0_91'
Driver info: driver.version: unknown
	at <anonymous class>.FirefoxDriver.prototype.findElementInternal_(file:///var/folders/wr/g92p1f_s6c34hxrt50h3c8jc0000gn/T/anonymous1344338999348531401webdriver-profile/extensions/fxdriver@googlecode.com/components/driver-component.js:10770)
	at <anonymous class>.FirefoxDriver.prototype.findElement(file:///var/folders/wr/g92p1f_s6c34hxrt50h3c8jc0000gn/T/anonymous1344338999348531401webdriver-profile/extensions/fxdriver@googlecode.com/components/driver-component.js:10779)
	at <anonymous class>.DelayedCommand.prototype.executeInternal_/h(file:///var/folders/wr/g92p1f_s6c34hxrt50h3c8jc0000gn/T/anonymous1344338999348531401webdriver-profile/extensions/fxdriver@googlecode.com/components/command-processor.js:12661)
	at <anonymous class>.DelayedCommand.prototype.executeInternal_(file:///var/folders/wr/g92p1f_s6c34hxrt50h3c8jc0000gn/T/anonymous1344338999348531401webdriver-profile/extensions/fxdriver@googlecode.com/components/command-processor.js:12666)
	at <anonymous class>.DelayedCommand.prototype.execute/<(file:///var/folders/wr/g92p1f_s6c34hxrt50h3c8jc0000gn/T/anonymous1344338999348531401webdriver-profile/extensions/fxdriver@googlecode.com/components/command-processor.js:12608)
... Removed 27 stack frames]]>
    </failure>
  </testcase> <!--  -->
</testsuite> <!-- GRP-CreateData,CheckPriceAD,BuyMultiple,Buy,LoginFirstTime,CheckPriceAD2,CheckPriceEXADV2,CheckOrder,CheckPriceMB,CheckPriceEX,Offer,Option,Bid,CheckPriceEXADV -->
