<html>
<head>
<title>TestNG:  GRP-CheckPriceMB,CreateData,CheckPriceAD,BuyMultiple,Offer,Buy,LoginFirstTime,CheckPriceAD2,Option,CheckOrder,Bid</title>
<link href="../testng.css" rel="stylesheet" type="text/css" />
<link href="../my-testng.css" rel="stylesheet" type="text/css" />

<style type="text/css">
.log { display: none;} 
.stack-trace { display: none;} 
</style>
<script type="text/javascript">
<!--
function flip(e) {
  current = e.style.display;
  if (current == 'block') {
    e.style.display = 'none';
    return 0;
  }
  else {
    e.style.display = 'block';
    return 1;
  }
}

function toggleBox(szDivId, elem, msg1, msg2)
{
  var res = -1;  if (document.getElementById) {
    res = flip(document.getElementById(szDivId));
  }
  else if (document.all) {
    // this is the way old msie versions work
    res = flip(document.all[szDivId]);
  }
  if(elem) {
    if(res == 0) elem.innerHTML = msg1; else elem.innerHTML = msg2;
  }

}

function toggleAllBoxes() {
  if (document.getElementsByTagName) {
    d = document.getElementsByTagName('div');
    for (i = 0; i < d.length; i++) {
      if (d[i].className == 'log') {
        flip(d[i]);
      }
    }
  }
}

// -->
</script>

</head>
<body>
<h2 align='center'>GRP-CheckPriceMB,CreateData,CheckPriceAD,BuyMultiple,Offer,Buy,LoginFirstTime,CheckPriceAD2,Option,CheckOrder,Bid</h2><table border='1' align="center">
<tr>
<td>Tests passed/Failed/Skipped:</td><td>33/2/0</td>
</tr><tr>
<td>Started on:</td><td>Mon Oct 10 09:01:40 CEST 2016</td>
</tr>
<tr><td>Total time:</td><td>1416 seconds (1416972 ms)</td>
</tr><tr>
<td>Included groups:</td><td>CheckPriceMB CreateData CheckPriceAD BuyMultiple Offer Buy LoginFirstTime CheckPriceAD2 Option CheckOrder Bid </td>
</tr><tr>
<td>Excluded groups:</td><td></td>
</tr>
</table><p/>
<small><i>(Hover the method name to see the test class name)</i></small><p/>
<table width='100%' border='1' class='invocation-failed'>
<tr><td colspan='4' align='center'><b>FAILED CONFIGURATIONS</b></td></tr>
<tr><td><b>Test method</b></td>
<td width="30%"><b>Exception</b></td>
<td width="10%"><b>Time (seconds)</b></td>
<td><b>Instance</b></td>
</tr>
<tr>
<td title='testcases.A4Dev1101CampaignBuy.stop()'><b>stop</b><br>Test class: testcases.A4Dev1101CampaignBuy ()</td>
<td><div><pre>org.openqa.selenium.TimeoutException: Timed out after 60 seconds waiting for visibility of element located by By.cssSelector: .mx-name-signOutButton
Build info: version: &apos;2.53.1&apos;, revision: &apos;a36b8b1cd5757287168e54b817830adce9b0158d&apos;, time: &apos;2016-06-30 19:26:09&apos;
System info: host: &apos;mbpro-dejuan.local&apos;, ip: &apos;10.34.6.211&apos;, os.name: &apos;Mac OS X&apos;, os.arch: &apos;x86_64&apos;, os.version: &apos;10.11.6&apos;, java.version: &apos;1.8.0_91&apos;
Driver info: org.openqa.selenium.firefox.FirefoxDriver
Capabilities [{applicationCacheEnabled=true, rotatable=false, handlesAlerts=true, databaseEnabled=true, version=47.0.1, platform=MAC, nativeEvents=false, acceptSslCerts=true, webStorageEnabled=true, locationContextEnabled=true, browserName=firefox, takesScreenshot=true, javascriptEnabled=true, cssSelectorsEnabled=true}]
Session ID: 22d51cd4-bcf4-6945-9781-d0b76c915d36
	at org.openqa.selenium.support.ui.WebDriverWait.timeoutException(WebDriverWait.java:80)
	at org.openqa.selenium.support.ui.FluentWait.until(FluentWait.java:261)
	at toplevel.Helper.FindElement(Helper.java:219)
	at toplevel.Top.ClickButton(Top.java:105)
	at toplevel.Top.Logout(Top.java:65)
	at testcases.A4Dev1101CampaignBuy.stop(A4Dev1101CampaignBuy.java:71)
Caused by: org.openqa.selenium.NoSuchElementException: Unable to locate element: {&quot;method&quot;:&quot;css selector&quot;,&quot;selector&quot;:&quot;.mx-name-signOutButton&quot;}
Command duration or timeout: 6 milliseconds
For documentation on this error, please visit: http://seleniumhq.org/exceptions/no_such_element.html
Build info: version: &apos;2.53.1&apos;, revision: &apos;a36b8b1cd5757287168e54b817830adce9b0158d&apos;, time: &apos;2016-06-30 19:26:09&apos;
System info: host: &apos;mbpro-dejuan.local&apos;, ip: &apos;10.34.6.211&apos;, os.name: &apos;Mac OS X&apos;, os.arch: &apos;x86_64&apos;, os.version: &apos;10.11.6&apos;, java.version: &apos;1.8.0_91&apos;
Driver info: org.openqa.selenium.firefox.FirefoxDriver
Capabilities [{applicationCacheEnabled=true, rotatable=false, handlesAlerts=true, databaseEnabled=true, version=47.0.1, platform=MAC, nativeEvents=false, acceptSslCerts=true, webStorageEnabled=true, locationContextEnabled=true, browserName=firefox, takesScreenshot=true, javascriptEnabled=true, cssSelectorsEnabled=true}]
Session ID: 22d51cd4-bcf4-6945-9781-d0b76c915d36
*** Element info: {Using=css selector, value=.mx-name-signOutButton}
	at org.openqa.selenium.remote.ErrorHandler.createThrowable(ErrorHandler.java:206)
	at org.openqa.selenium.remote.ErrorHandler.throwIfResponseFailed(ErrorHandler.java:158)
	at org.openqa.selenium.remote.RemoteWebDriver.execute(RemoteWebDriver.java:678)
	at org.openqa.selenium.remote.RemoteWebDriver.findElement(RemoteWebDriver.java:363)
	at org.openqa.selenium.remote.RemoteWebDriver.findElementByCssSelector(RemoteWebDriver.java:492)
	at org.openqa.selenium.By$ByCssSelector.findElement(By.java:430)
	at org.openqa.selenium.remote.RemoteWebDriver.findElement(RemoteWebDriver.java:355)
	at org.openqa.selenium.support.ui.ExpectedConditions.findElement(ExpectedConditions.java:899)
	at org.openqa.selenium.support.ui.ExpectedConditions.access$000(ExpectedConditions.java:41)
	at org.openqa.selenium.support.ui.ExpectedConditions$7.apply(ExpectedConditions.java:205)
	at org.openqa.selenium.support.ui.ExpectedConditions$7.apply(ExpectedConditions.java:201)
	at org.openqa.selenium.support.ui.FluentWait.until(FluentWait.java:238)
	... 28 more
Caused by: org.openqa.selenium.NoSuchElementException: Unable to locate element: {&quot;method&quot;:&quot;css selector&quot;,&quot;selector&quot;:&quot;.mx-name-signOutButton&quot;}
For documentation on this error, please visit: http://seleniumhq.org/exceptions/no_such_element.html
Build info: version: &apos;2.53.1&apos;, revision: &apos;a36b8b1cd5757287168e54b817830adce9b0158d&apos;, time: &apos;2016-06-30 19:26:09&apos;
System info: host: &apos;mbpro-dejuan.local&apos;, ip: &apos;10.34.6.211&apos;, os.name: &apos;Mac OS X&apos;, os.arch: &apos;x86_64&apos;, os.version: &apos;10.11.6&apos;, java.version: &apos;1.8.0_91&apos;
Driver info: driver.version: unknown
	at &lt;anonymous class&gt;.FirefoxDriver.prototype.findElementInternal_(file:///var/folders/wr/g92p1f_s6c34hxrt50h3c8jc0000gn/T/anonymous4639208691666702457webdriver-profile/extensions/fxdriver@googlecode.com/components/driver-component.js:10770)
	at &lt;anonymous class&gt;.FirefoxDriver.prototype.findElement(file:///var/folders/wr/g92p1f_s6c34hxrt50h3c8jc0000gn/T/anonymous4639208691666702457webdriver-profile/extensions/fxdriver@googlecode.com/components/driver-component.js:10779)
	at &lt;anonymous class&gt;.DelayedCommand.prototype.executeInternal_/h(file:///var/folders/wr/g92p1f_s6c34hxrt50h3c8jc0000gn/T/anonymous4639208691666702457webdriver-profile/extensions/fxdriver@googlecode.com/components/command-processor.js:12661)
	at &lt;anonymous class&gt;.DelayedCommand.prototype.executeInternal_(file:///var/folders/wr/g92p1f_s6c34hxrt50h3c8jc0000gn/T/anonymous4639208691666702457webdriver-profile/extensions/fxdriver@googlecode.com/components/command-processor.js:12666)
	at &lt;anonymous class&gt;.DelayedCommand.prototype.execute/&lt;(file:///var/folders/wr/g92p1f_s6c34hxrt50h3c8jc0000gn/T/anonymous4639208691666702457webdriver-profile/extensions/fxdriver@googlecode.com/components/command-processor.js:12608)
... Removed 27 stack frames</pre></div><a href='#' onClick='toggleBox("stack-trace1204178174", this, "Click to show all stack frames", "Click to hide stack frames")'>Click to show all stack frames</a>
<div class='stack-trace' id='stack-trace1204178174'><pre>org.openqa.selenium.TimeoutException: Timed out after 60 seconds waiting for visibility of element located by By.cssSelector: .mx-name-signOutButton
Build info: version: &apos;2.53.1&apos;, revision: &apos;a36b8b1cd5757287168e54b817830adce9b0158d&apos;, time: &apos;2016-06-30 19:26:09&apos;
System info: host: &apos;mbpro-dejuan.local&apos;, ip: &apos;10.34.6.211&apos;, os.name: &apos;Mac OS X&apos;, os.arch: &apos;x86_64&apos;, os.version: &apos;10.11.6&apos;, java.version: &apos;1.8.0_91&apos;
Driver info: org.openqa.selenium.firefox.FirefoxDriver
Capabilities [{applicationCacheEnabled=true, rotatable=false, handlesAlerts=true, databaseEnabled=true, version=47.0.1, platform=MAC, nativeEvents=false, acceptSslCerts=true, webStorageEnabled=true, locationContextEnabled=true, browserName=firefox, takesScreenshot=true, javascriptEnabled=true, cssSelectorsEnabled=true}]
Session ID: 22d51cd4-bcf4-6945-9781-d0b76c915d36
	at org.openqa.selenium.support.ui.WebDriverWait.timeoutException(WebDriverWait.java:80)
	at org.openqa.selenium.support.ui.FluentWait.until(FluentWait.java:261)
	at toplevel.Helper.FindElement(Helper.java:219)
	at toplevel.Top.ClickButton(Top.java:105)
	at toplevel.Top.Logout(Top.java:65)
	at testcases.A4Dev1101CampaignBuy.stop(A4Dev1101CampaignBuy.java:71)
	at sun.reflect.NativeMethodAccessorImpl.invoke0(Native Method)
	at sun.reflect.NativeMethodAccessorImpl.invoke(NativeMethodAccessorImpl.java:62)
	at sun.reflect.DelegatingMethodAccessorImpl.invoke(DelegatingMethodAccessorImpl.java:43)
	at java.lang.reflect.Method.invoke(Method.java:498)
	at org.testng.internal.MethodInvocationHelper.invokeMethod(MethodInvocationHelper.java:86)
	at org.testng.internal.Invoker.invokeConfigurationMethod(Invoker.java:514)
	at org.testng.internal.Invoker.invokeConfigurations(Invoker.java:215)
	at org.testng.internal.Invoker.invokeConfigurations(Invoker.java:142)
	at org.testng.internal.TestMethodWorker.invokeAfterClassMethods(TestMethodWorker.java:232)
	at org.testng.internal.TestMethodWorker.run(TestMethodWorker.java:115)
	at org.testng.TestRunner.privateRun(TestRunner.java:782)
	at org.testng.TestRunner.run(TestRunner.java:632)
	at org.testng.SuiteRunner.runTest(SuiteRunner.java:366)
	at org.testng.SuiteRunner.runSequentially(SuiteRunner.java:361)
	at org.testng.SuiteRunner.privateRun(SuiteRunner.java:319)
	at org.testng.SuiteRunner.run(SuiteRunner.java:268)
	at org.testng.SuiteRunnerWorker.runSuite(SuiteRunnerWorker.java:52)
	at org.testng.SuiteRunnerWorker.run(SuiteRunnerWorker.java:86)
	at org.testng.TestNG.runSuitesSequentially(TestNG.java:1244)
	at org.testng.TestNG.runSuitesLocally(TestNG.java:1169)
	at org.testng.TestNG.run(TestNG.java:1064)
	at org.testng.remote.AbstractRemoteTestNG.run(AbstractRemoteTestNG.java:126)
	at org.testng.remote.RemoteTestNG.initAndRun(RemoteTestNG.java:152)
	at org.testng.remote.RemoteTestNG.main(RemoteTestNG.java:57)
Caused by: org.openqa.selenium.NoSuchElementException: Unable to locate element: {&quot;method&quot;:&quot;css selector&quot;,&quot;selector&quot;:&quot;.mx-name-signOutButton&quot;}
Command duration or timeout: 6 milliseconds
For documentation on this error, please visit: http://seleniumhq.org/exceptions/no_such_element.html
Build info: version: &apos;2.53.1&apos;, revision: &apos;a36b8b1cd5757287168e54b817830adce9b0158d&apos;, time: &apos;2016-06-30 19:26:09&apos;
System info: host: &apos;mbpro-dejuan.local&apos;, ip: &apos;10.34.6.211&apos;, os.name: &apos;Mac OS X&apos;, os.arch: &apos;x86_64&apos;, os.version: &apos;10.11.6&apos;, java.version: &apos;1.8.0_91&apos;
Driver info: org.openqa.selenium.firefox.FirefoxDriver
Capabilities [{applicationCacheEnabled=true, rotatable=false, handlesAlerts=true, databaseEnabled=true, version=47.0.1, platform=MAC, nativeEvents=false, acceptSslCerts=true, webStorageEnabled=true, locationContextEnabled=true, browserName=firefox, takesScreenshot=true, javascriptEnabled=true, cssSelectorsEnabled=true}]
Session ID: 22d51cd4-bcf4-6945-9781-d0b76c915d36
*** Element info: {Using=css selector, value=.mx-name-signOutButton}
	at sun.reflect.GeneratedConstructorAccessor16.newInstance(Unknown Source)
	at sun.reflect.DelegatingConstructorAccessorImpl.newInstance(DelegatingConstructorAccessorImpl.java:45)
	at java.lang.reflect.Constructor.newInstance(Constructor.java:423)
	at org.openqa.selenium.remote.ErrorHandler.createThrowable(ErrorHandler.java:206)
	at org.openqa.selenium.remote.ErrorHandler.throwIfResponseFailed(ErrorHandler.java:158)
	at org.openqa.selenium.remote.RemoteWebDriver.execute(RemoteWebDriver.java:678)
	at org.openqa.selenium.remote.RemoteWebDriver.findElement(RemoteWebDriver.java:363)
	at org.openqa.selenium.remote.RemoteWebDriver.findElementByCssSelector(RemoteWebDriver.java:492)
	at org.openqa.selenium.By$ByCssSelector.findElement(By.java:430)
	at org.openqa.selenium.remote.RemoteWebDriver.findElement(RemoteWebDriver.java:355)
	at org.openqa.selenium.support.ui.ExpectedConditions.findElement(ExpectedConditions.java:899)
	at org.openqa.selenium.support.ui.ExpectedConditions.access$000(ExpectedConditions.java:41)
	at org.openqa.selenium.support.ui.ExpectedConditions$7.apply(ExpectedConditions.java:205)
	at org.openqa.selenium.support.ui.ExpectedConditions$7.apply(ExpectedConditions.java:201)
	at org.openqa.selenium.support.ui.FluentWait.until(FluentWait.java:238)
	... 28 more
Caused by: org.openqa.selenium.NoSuchElementException: Unable to locate element: {&quot;method&quot;:&quot;css selector&quot;,&quot;selector&quot;:&quot;.mx-name-signOutButton&quot;}
For documentation on this error, please visit: http://seleniumhq.org/exceptions/no_such_element.html
Build info: version: &apos;2.53.1&apos;, revision: &apos;a36b8b1cd5757287168e54b817830adce9b0158d&apos;, time: &apos;2016-06-30 19:26:09&apos;
System info: host: &apos;mbpro-dejuan.local&apos;, ip: &apos;10.34.6.211&apos;, os.name: &apos;Mac OS X&apos;, os.arch: &apos;x86_64&apos;, os.version: &apos;10.11.6&apos;, java.version: &apos;1.8.0_91&apos;
Driver info: driver.version: unknown
	at &lt;anonymous class&gt;.FirefoxDriver.prototype.findElementInternal_(file:///var/folders/wr/g92p1f_s6c34hxrt50h3c8jc0000gn/T/anonymous4639208691666702457webdriver-profile/extensions/fxdriver@googlecode.com/components/driver-component.js:10770)
	at &lt;anonymous class&gt;.FirefoxDriver.prototype.findElement(file:///var/folders/wr/g92p1f_s6c34hxrt50h3c8jc0000gn/T/anonymous4639208691666702457webdriver-profile/extensions/fxdriver@googlecode.com/components/driver-component.js:10779)
	at &lt;anonymous class&gt;.DelayedCommand.prototype.executeInternal_/h(file:///var/folders/wr/g92p1f_s6c34hxrt50h3c8jc0000gn/T/anonymous4639208691666702457webdriver-profile/extensions/fxdriver@googlecode.com/components/command-processor.js:12661)
	at &lt;anonymous class&gt;.DelayedCommand.prototype.executeInternal_(file:///var/folders/wr/g92p1f_s6c34hxrt50h3c8jc0000gn/T/anonymous4639208691666702457webdriver-profile/extensions/fxdriver@googlecode.com/components/command-processor.js:12666)
	at &lt;anonymous class&gt;.DelayedCommand.prototype.execute/&lt;(file:///var/folders/wr/g92p1f_s6c34hxrt50h3c8jc0000gn/T/anonymous4639208691666702457webdriver-profile/extensions/fxdriver@googlecode.com/components/command-processor.js:12608)
</pre></div></td>
<td>0</td>
<td>testcases.A4Dev1101CampaignBuy@5cb9f472</td></tr>
</table><p>
<table width='100%' border='1' class='invocation-failed'>
<tr><td colspan='4' align='center'><b>FAILED TESTS</b></td></tr>
<tr><td><b>Test method</b></td>
<td width="30%"><b>Exception</b></td>
<td width="10%"><b>Time (seconds)</b></td>
<td><b>Instance</b></td>
</tr>
<tr>
<td title='testcases.A4Dev1101CampaignBuy.checkCmpPricesBuy()'><b>checkCmpPricesBuy</b><br>Test class: testcases.A4Dev1101CampaignBuy ()<br>Parameters: nPFfk3ADV-Campaign, nPFfk3BuyNow, CD101V, 17-10-2016, CD101V - Cover 2, 1.575,00</td>
<td><div><pre>org.openqa.selenium.TimeoutException: Timed out after 60 seconds waiting for visibility of element located by By.xpath: //tr//*[contains(text(), &apos;nPFfk3BuyNow&apos;)]/ancestor::table[contains(@class, &apos;mx-name-table6&apos;)]/tbody/tr[1]/td[1]
Build info: version: &apos;2.53.1&apos;, revision: &apos;a36b8b1cd5757287168e54b817830adce9b0158d&apos;, time: &apos;2016-06-30 19:26:09&apos;
System info: host: &apos;mbpro-dejuan.local&apos;, ip: &apos;10.34.6.211&apos;, os.name: &apos;Mac OS X&apos;, os.arch: &apos;x86_64&apos;, os.version: &apos;10.11.6&apos;, java.version: &apos;1.8.0_91&apos;
Driver info: org.openqa.selenium.firefox.FirefoxDriver
Capabilities [{applicationCacheEnabled=true, rotatable=false, handlesAlerts=true, databaseEnabled=true, version=47.0.1, platform=MAC, nativeEvents=false, acceptSslCerts=true, webStorageEnabled=true, locationContextEnabled=true, browserName=firefox, takesScreenshot=true, javascriptEnabled=true, cssSelectorsEnabled=true}]
Session ID: 22d51cd4-bcf4-6945-9781-d0b76c915d36
	at org.openqa.selenium.support.ui.WebDriverWait.timeoutException(WebDriverWait.java:80)
	at org.openqa.selenium.support.ui.FluentWait.until(FluentWait.java:261)
	at toplevel.Helper.FindElement(Helper.java:219)
	at toplevel.Top.ClickButton(Top.java:105)
	at advertiser.Mylots.SelectALot(Mylots.java:46)
	at testcases.A4Dev1101CampaignBuy.checkCmpPricesBuy(A4Dev1101CampaignBuy.java:58)
Caused by: org.openqa.selenium.NoSuchElementException: Unable to locate element: {&quot;method&quot;:&quot;xpath&quot;,&quot;selector&quot;:&quot;//tr//*[contains(text(), &apos;nPFfk3BuyNow&apos;)]/ancestor::table[contains(@class, &apos;mx-name-table6&apos;)]/tbody/tr[1]/td[1]&quot;}
Command duration or timeout: 15 milliseconds
For documentation on this error, please visit: http://seleniumhq.org/exceptions/no_such_element.html
Build info: version: &apos;2.53.1&apos;, revision: &apos;a36b8b1cd5757287168e54b817830adce9b0158d&apos;, time: &apos;2016-06-30 19:26:09&apos;
System info: host: &apos;mbpro-dejuan.local&apos;, ip: &apos;10.34.6.211&apos;, os.name: &apos;Mac OS X&apos;, os.arch: &apos;x86_64&apos;, os.version: &apos;10.11.6&apos;, java.version: &apos;1.8.0_91&apos;
Driver info: org.openqa.selenium.firefox.FirefoxDriver
Capabilities [{applicationCacheEnabled=true, rotatable=false, handlesAlerts=true, databaseEnabled=true, version=47.0.1, platform=MAC, nativeEvents=false, acceptSslCerts=true, webStorageEnabled=true, locationContextEnabled=true, browserName=firefox, takesScreenshot=true, javascriptEnabled=true, cssSelectorsEnabled=true}]
Session ID: 22d51cd4-bcf4-6945-9781-d0b76c915d36
*** Element info: {Using=xpath, value=//tr//*[contains(text(), &apos;nPFfk3BuyNow&apos;)]/ancestor::table[contains(@class, &apos;mx-name-table6&apos;)]/tbody/tr[1]/td[1]}
	at org.openqa.selenium.remote.ErrorHandler.createThrowable(ErrorHandler.java:206)
	at org.openqa.selenium.remote.ErrorHandler.throwIfResponseFailed(ErrorHandler.java:158)
	at org.openqa.selenium.remote.RemoteWebDriver.execute(RemoteWebDriver.java:678)
	at org.openqa.selenium.remote.RemoteWebDriver.findElement(RemoteWebDriver.java:363)
	at org.openqa.selenium.remote.RemoteWebDriver.findElementByXPath(RemoteWebDriver.java:500)
	at org.openqa.selenium.By$ByXPath.findElement(By.java:361)
	at org.openqa.selenium.remote.RemoteWebDriver.findElement(RemoteWebDriver.java:355)
	at org.openqa.selenium.support.ui.ExpectedConditions.findElement(ExpectedConditions.java:899)
	at org.openqa.selenium.support.ui.ExpectedConditions.access$000(ExpectedConditions.java:41)
	at org.openqa.selenium.support.ui.ExpectedConditions$7.apply(ExpectedConditions.java:205)
	at org.openqa.selenium.support.ui.ExpectedConditions$7.apply(ExpectedConditions.java:201)
	at org.openqa.selenium.support.ui.FluentWait.until(FluentWait.java:238)
	... 28 more
Caused by: org.openqa.selenium.NoSuchElementException: Unable to locate element: {&quot;method&quot;:&quot;xpath&quot;,&quot;selector&quot;:&quot;//tr//*[contains(text(), &apos;nPFfk3BuyNow&apos;)]/ancestor::table[contains(@class, &apos;mx-name-table6&apos;)]/tbody/tr[1]/td[1]&quot;}
For documentation on this error, please visit: http://seleniumhq.org/exceptions/no_such_element.html
Build info: version: &apos;2.53.1&apos;, revision: &apos;a36b8b1cd5757287168e54b817830adce9b0158d&apos;, time: &apos;2016-06-30 19:26:09&apos;
System info: host: &apos;mbpro-dejuan.local&apos;, ip: &apos;10.34.6.211&apos;, os.name: &apos;Mac OS X&apos;, os.arch: &apos;x86_64&apos;, os.version: &apos;10.11.6&apos;, java.version: &apos;1.8.0_91&apos;
Driver info: driver.version: unknown
	at &lt;anonymous class&gt;.FirefoxDriver.prototype.findElementInternal_(file:///var/folders/wr/g92p1f_s6c34hxrt50h3c8jc0000gn/T/anonymous4639208691666702457webdriver-profile/extensions/fxdriver@googlecode.com/components/driver-component.js:10770)
	at &lt;anonymous class&gt;.FirefoxDriver.prototype.findElement(file:///var/folders/wr/g92p1f_s6c34hxrt50h3c8jc0000gn/T/anonymous4639208691666702457webdriver-profile/extensions/fxdriver@googlecode.com/components/driver-component.js:10779)
	at &lt;anonymous class&gt;.DelayedCommand.prototype.executeInternal_/h(file:///var/folders/wr/g92p1f_s6c34hxrt50h3c8jc0000gn/T/anonymous4639208691666702457webdriver-profile/extensions/fxdriver@googlecode.com/components/command-processor.js:12661)
	at &lt;anonymous class&gt;.DelayedCommand.prototype.executeInternal_(file:///var/folders/wr/g92p1f_s6c34hxrt50h3c8jc0000gn/T/anonymous4639208691666702457webdriver-profile/extensions/fxdriver@googlecode.com/components/command-processor.js:12666)
	at &lt;anonymous class&gt;.DelayedCommand.prototype.execute/&lt;(file:///var/folders/wr/g92p1f_s6c34hxrt50h3c8jc0000gn/T/anonymous4639208691666702457webdriver-profile/extensions/fxdriver@googlecode.com/components/command-processor.js:12608)
... Removed 27 stack frames</pre></div><a href='#' onClick='toggleBox("stack-trace1970612644", this, "Click to show all stack frames", "Click to hide stack frames")'>Click to show all stack frames</a>
<div class='stack-trace' id='stack-trace1970612644'><pre>org.openqa.selenium.TimeoutException: Timed out after 60 seconds waiting for visibility of element located by By.xpath: //tr//*[contains(text(), &apos;nPFfk3BuyNow&apos;)]/ancestor::table[contains(@class, &apos;mx-name-table6&apos;)]/tbody/tr[1]/td[1]
Build info: version: &apos;2.53.1&apos;, revision: &apos;a36b8b1cd5757287168e54b817830adce9b0158d&apos;, time: &apos;2016-06-30 19:26:09&apos;
System info: host: &apos;mbpro-dejuan.local&apos;, ip: &apos;10.34.6.211&apos;, os.name: &apos;Mac OS X&apos;, os.arch: &apos;x86_64&apos;, os.version: &apos;10.11.6&apos;, java.version: &apos;1.8.0_91&apos;
Driver info: org.openqa.selenium.firefox.FirefoxDriver
Capabilities [{applicationCacheEnabled=true, rotatable=false, handlesAlerts=true, databaseEnabled=true, version=47.0.1, platform=MAC, nativeEvents=false, acceptSslCerts=true, webStorageEnabled=true, locationContextEnabled=true, browserName=firefox, takesScreenshot=true, javascriptEnabled=true, cssSelectorsEnabled=true}]
Session ID: 22d51cd4-bcf4-6945-9781-d0b76c915d36
	at org.openqa.selenium.support.ui.WebDriverWait.timeoutException(WebDriverWait.java:80)
	at org.openqa.selenium.support.ui.FluentWait.until(FluentWait.java:261)
	at toplevel.Helper.FindElement(Helper.java:219)
	at toplevel.Top.ClickButton(Top.java:105)
	at advertiser.Mylots.SelectALot(Mylots.java:46)
	at testcases.A4Dev1101CampaignBuy.checkCmpPricesBuy(A4Dev1101CampaignBuy.java:58)
	at sun.reflect.NativeMethodAccessorImpl.invoke0(Native Method)
	at sun.reflect.NativeMethodAccessorImpl.invoke(NativeMethodAccessorImpl.java:62)
	at sun.reflect.DelegatingMethodAccessorImpl.invoke(DelegatingMethodAccessorImpl.java:43)
	at java.lang.reflect.Method.invoke(Method.java:498)
	at org.testng.internal.MethodInvocationHelper.invokeMethod(MethodInvocationHelper.java:86)
	at org.testng.internal.Invoker.invokeMethod(Invoker.java:643)
	at org.testng.internal.Invoker.invokeTestMethod(Invoker.java:820)
	at org.testng.internal.Invoker.invokeTestMethods(Invoker.java:1128)
	at org.testng.internal.TestMethodWorker.invokeTestMethods(TestMethodWorker.java:129)
	at org.testng.internal.TestMethodWorker.run(TestMethodWorker.java:112)
	at org.testng.TestRunner.privateRun(TestRunner.java:782)
	at org.testng.TestRunner.run(TestRunner.java:632)
	at org.testng.SuiteRunner.runTest(SuiteRunner.java:366)
	at org.testng.SuiteRunner.runSequentially(SuiteRunner.java:361)
	at org.testng.SuiteRunner.privateRun(SuiteRunner.java:319)
	at org.testng.SuiteRunner.run(SuiteRunner.java:268)
	at org.testng.SuiteRunnerWorker.runSuite(SuiteRunnerWorker.java:52)
	at org.testng.SuiteRunnerWorker.run(SuiteRunnerWorker.java:86)
	at org.testng.TestNG.runSuitesSequentially(TestNG.java:1244)
	at org.testng.TestNG.runSuitesLocally(TestNG.java:1169)
	at org.testng.TestNG.run(TestNG.java:1064)
	at org.testng.remote.AbstractRemoteTestNG.run(AbstractRemoteTestNG.java:126)
	at org.testng.remote.RemoteTestNG.initAndRun(RemoteTestNG.java:152)
	at org.testng.remote.RemoteTestNG.main(RemoteTestNG.java:57)
Caused by: org.openqa.selenium.NoSuchElementException: Unable to locate element: {&quot;method&quot;:&quot;xpath&quot;,&quot;selector&quot;:&quot;//tr//*[contains(text(), &apos;nPFfk3BuyNow&apos;)]/ancestor::table[contains(@class, &apos;mx-name-table6&apos;)]/tbody/tr[1]/td[1]&quot;}
Command duration or timeout: 15 milliseconds
For documentation on this error, please visit: http://seleniumhq.org/exceptions/no_such_element.html
Build info: version: &apos;2.53.1&apos;, revision: &apos;a36b8b1cd5757287168e54b817830adce9b0158d&apos;, time: &apos;2016-06-30 19:26:09&apos;
System info: host: &apos;mbpro-dejuan.local&apos;, ip: &apos;10.34.6.211&apos;, os.name: &apos;Mac OS X&apos;, os.arch: &apos;x86_64&apos;, os.version: &apos;10.11.6&apos;, java.version: &apos;1.8.0_91&apos;
Driver info: org.openqa.selenium.firefox.FirefoxDriver
Capabilities [{applicationCacheEnabled=true, rotatable=false, handlesAlerts=true, databaseEnabled=true, version=47.0.1, platform=MAC, nativeEvents=false, acceptSslCerts=true, webStorageEnabled=true, locationContextEnabled=true, browserName=firefox, takesScreenshot=true, javascriptEnabled=true, cssSelectorsEnabled=true}]
Session ID: 22d51cd4-bcf4-6945-9781-d0b76c915d36
*** Element info: {Using=xpath, value=//tr//*[contains(text(), &apos;nPFfk3BuyNow&apos;)]/ancestor::table[contains(@class, &apos;mx-name-table6&apos;)]/tbody/tr[1]/td[1]}
	at sun.reflect.GeneratedConstructorAccessor16.newInstance(Unknown Source)
	at sun.reflect.DelegatingConstructorAccessorImpl.newInstance(DelegatingConstructorAccessorImpl.java:45)
	at java.lang.reflect.Constructor.newInstance(Constructor.java:423)
	at org.openqa.selenium.remote.ErrorHandler.createThrowable(ErrorHandler.java:206)
	at org.openqa.selenium.remote.ErrorHandler.throwIfResponseFailed(ErrorHandler.java:158)
	at org.openqa.selenium.remote.RemoteWebDriver.execute(RemoteWebDriver.java:678)
	at org.openqa.selenium.remote.RemoteWebDriver.findElement(RemoteWebDriver.java:363)
	at org.openqa.selenium.remote.RemoteWebDriver.findElementByXPath(RemoteWebDriver.java:500)
	at org.openqa.selenium.By$ByXPath.findElement(By.java:361)
	at org.openqa.selenium.remote.RemoteWebDriver.findElement(RemoteWebDriver.java:355)
	at org.openqa.selenium.support.ui.ExpectedConditions.findElement(ExpectedConditions.java:899)
	at org.openqa.selenium.support.ui.ExpectedConditions.access$000(ExpectedConditions.java:41)
	at org.openqa.selenium.support.ui.ExpectedConditions$7.apply(ExpectedConditions.java:205)
	at org.openqa.selenium.support.ui.ExpectedConditions$7.apply(ExpectedConditions.java:201)
	at org.openqa.selenium.support.ui.FluentWait.until(FluentWait.java:238)
	... 28 more
Caused by: org.openqa.selenium.NoSuchElementException: Unable to locate element: {&quot;method&quot;:&quot;xpath&quot;,&quot;selector&quot;:&quot;//tr//*[contains(text(), &apos;nPFfk3BuyNow&apos;)]/ancestor::table[contains(@class, &apos;mx-name-table6&apos;)]/tbody/tr[1]/td[1]&quot;}
For documentation on this error, please visit: http://seleniumhq.org/exceptions/no_such_element.html
Build info: version: &apos;2.53.1&apos;, revision: &apos;a36b8b1cd5757287168e54b817830adce9b0158d&apos;, time: &apos;2016-06-30 19:26:09&apos;
System info: host: &apos;mbpro-dejuan.local&apos;, ip: &apos;10.34.6.211&apos;, os.name: &apos;Mac OS X&apos;, os.arch: &apos;x86_64&apos;, os.version: &apos;10.11.6&apos;, java.version: &apos;1.8.0_91&apos;
Driver info: driver.version: unknown
	at &lt;anonymous class&gt;.FirefoxDriver.prototype.findElementInternal_(file:///var/folders/wr/g92p1f_s6c34hxrt50h3c8jc0000gn/T/anonymous4639208691666702457webdriver-profile/extensions/fxdriver@googlecode.com/components/driver-component.js:10770)
	at &lt;anonymous class&gt;.FirefoxDriver.prototype.findElement(file:///var/folders/wr/g92p1f_s6c34hxrt50h3c8jc0000gn/T/anonymous4639208691666702457webdriver-profile/extensions/fxdriver@googlecode.com/components/driver-component.js:10779)
	at &lt;anonymous class&gt;.DelayedCommand.prototype.executeInternal_/h(file:///var/folders/wr/g92p1f_s6c34hxrt50h3c8jc0000gn/T/anonymous4639208691666702457webdriver-profile/extensions/fxdriver@googlecode.com/components/command-processor.js:12661)
	at &lt;anonymous class&gt;.DelayedCommand.prototype.executeInternal_(file:///var/folders/wr/g92p1f_s6c34hxrt50h3c8jc0000gn/T/anonymous4639208691666702457webdriver-profile/extensions/fxdriver@googlecode.com/components/command-processor.js:12666)
	at &lt;anonymous class&gt;.DelayedCommand.prototype.execute/&lt;(file:///var/folders/wr/g92p1f_s6c34hxrt50h3c8jc0000gn/T/anonymous4639208691666702457webdriver-profile/extensions/fxdriver@googlecode.com/components/command-processor.js:12608)
</pre></div></td>
<td>98</td>
<td>testcases.A4Dev1101CampaignBuy@5cb9f472</td></tr>
</table><p>
<table width='100%' border='1' class='invocation-passed'>
<tr><td colspan='4' align='center'><b>PASSED TESTS</b></td></tr>
<tr><td><b>Test method</b></td>
<td width="30%"><b>Exception</b></td>
<td width="10%"><b>Time (seconds)</b></td>
<td><b>Instance</b></td>
</tr>
<tr>
<td title='testcases.A1Dev1028UnitCreate.CreateData()'><b>CreateData</b><br>Test class: testcases.A1Dev1028UnitCreate ()</td>
<td></td>
<td>140</td>
<td>testcases.A1Dev1028UnitCreate@56ac3a89</td></tr>
<tr>
<td title='testcases.A3Dev1079CheckPricesForADV2.addToMyLots()'><b>addToMyLots</b><br>Test class: testcases.A3Dev1079CheckPricesForADV2 ()</td>
<td></td>
<td>42</td>
<td>testcases.A3Dev1079CheckPricesForADV2@6e06451e</td></tr>
<tr>
<td title='testcases.A3Dev1080CheckPricesForDiffCampaign.addToMyLots()'><b>addToMyLots</b><br>Test class: testcases.A3Dev1080CheckPricesForDiffCampaign ()</td>
<td></td>
<td>30</td>
<td>testcases.A3Dev1080CheckPricesForDiffCampaign@cb644e</td></tr>
<tr>
<td title='testcases.A3Dev1077CheckAllPricesForADV.checkAllPrices()'><b>checkAllPrices</b><br>Test class: testcases.A3Dev1077CheckAllPricesForADV ()<br>Parameters: lastMinute, defaultSale, 5.000,00, 4.500,00, nPFfk3BuyNow, CD101V, 13-10-2016, CD101V - Cover 2, 6.300,00, 3.150,00, 3.150,00, 1.575,00, 0,00, 50,00, 0,00, 0,00, 1.575,00</td>
<td></td>
<td>54</td>
<td>testcases.A3Dev1077CheckAllPricesForADV@27c20538</td></tr>
<tr>
<td title='testcases.A3Dev1077CheckAllPricesForADV.checkAllPrices()'><b>checkAllPrices</b><br>Test class: testcases.A3Dev1077CheckAllPricesForADV ()<br>Parameters: lastMinute, defaultSale, 2.500,00, 2.250,00, nPFfk3BuyNow, CD102VL, 13-10-2016, CD102VL - Cover 3, 2.500,00, 2.750,00, 2.750,00, 1.375,00, 343,75, 50,00, 25,00, 0,00, 1.031,25</td>
<td></td>
<td>46</td>
<td>testcases.A3Dev1077CheckAllPricesForADV@27c20538</td></tr>
<tr>
<td title='testcases.A3Dev1077CheckAllPricesForADV.checkAllPrices()'><b>checkAllPrices</b><br>Test class: testcases.A3Dev1077CheckAllPricesForADV ()<br>Parameters: bid, defaultSale, 5.000,00, NoLM, nPFfk3BuyNow, CD101V, 15-10-2016, CD101V - Cover 2, 6.300,00, 3.150,00, 3.150,00, 1.575,00, 0,00, 50,00, 0,00, 0,00, 1.575,00</td>
<td></td>
<td>43</td>
<td>testcases.A3Dev1077CheckAllPricesForADV@27c20538</td></tr>
<tr>
<td title='testcases.A3Dev1077CheckAllPricesForADV.checkAllPrices()'><b>checkAllPrices</b><br>Test class: testcases.A3Dev1077CheckAllPricesForADV ()<br>Parameters: bid, defaultSale, 2.500,00, NoLM, nPFfk3BuyNow, CD102VL, 15-10-2016, CD102VL - Cover 3, 2.500,00, 2.750,00, 2.750,00, 1.375,00, 343,75, 50,00, 25,00, 0,00, 1.031,25</td>
<td></td>
<td>43</td>
<td>testcases.A3Dev1077CheckAllPricesForADV@27c20538</td></tr>
<tr>
<td title='testcases.A3Dev1077CheckAllPricesForADV.checkAllPrices()'><b>checkAllPrices</b><br>Test class: testcases.A3Dev1077CheckAllPricesForADV ()<br>Parameters: DefaultBuyNow, defaultSale, NoBid, NoLM, nPFfk3BuyNow, CD101V, 17-10-2016, CD101V - Cover 2, 6.300,00, 3.150,00, 3.150,00, 1.575,00, 0,00, 50,00, 0,00, 0,00, 1.575,00</td>
<td></td>
<td>43</td>
<td>testcases.A3Dev1077CheckAllPricesForADV@27c20538</td></tr>
<tr>
<td title='testcases.A3Dev1077CheckAllPricesForADV.checkAllPrices()'><b>checkAllPrices</b><br>Test class: testcases.A3Dev1077CheckAllPricesForADV ()<br>Parameters: DefaultBuyNow, defaultSale, NoBid, NoLM, nPFfk3BuyNow, CD101V, 17-10-2016, CD101V - Cover 3, 9.000,00, 4.500,00, 4.500,00, 2.250,00, 0,00, 50,00, 0,00, 0,00, 2.250,00</td>
<td></td>
<td>43</td>
<td>testcases.A3Dev1077CheckAllPricesForADV@27c20538</td></tr>
<tr>
<td title='testcases.A3Dev1077CheckAllPricesForADV.checkAllPrices()'><b>checkAllPrices</b><br>Test class: testcases.A3Dev1077CheckAllPricesForADV ()<br>Parameters: DefaultBuyNow, defaultSale, NoBid, NoLM, nPFfk3BuyNow, CD102VS, 17-10-2016, CD102VS - Cover 2, 5.040,00, 2.520,00, 2.520,00, 1.260,00, 0,00, 50,00, 0,00, 0,00, 1.260,00</td>
<td></td>
<td>42</td>
<td>testcases.A3Dev1077CheckAllPricesForADV@27c20538</td></tr>
<tr>
<td title='testcases.A3Dev1077CheckAllPricesForADV.checkAllPrices()'><b>checkAllPrices</b><br>Test class: testcases.A3Dev1077CheckAllPricesForADV ()<br>Parameters: DefaultBuyNow, defaultSale, NoBid, NoLM, nPFfk3BuyNow, CD101V, 18-10-2016, CD101V - Cover 2, 3.780,00, 1.890,00, 1.890,00, 945,00, 0,00, 50,00, 0,00, 0,00, 945,00</td>
<td></td>
<td>42</td>
<td>testcases.A3Dev1077CheckAllPricesForADV@27c20538</td></tr>
<tr>
<td title='testcases.A3Dev1077CheckAllPricesForADV.checkAllPrices()'><b>checkAllPrices</b><br>Test class: testcases.A3Dev1077CheckAllPricesForADV ()<br>Parameters: DefaultBuyNow, defaultSale, NoBid, NoLM, nPFfk3BuyNow, CD101V, 18-10-2016, CD101V - Cover 3, 5.400,00, 2.700,00, 2.700,00, 1.350,00, 0,00, 50,00, 0,00, 0,00, 1.350,00</td>
<td></td>
<td>41</td>
<td>testcases.A3Dev1077CheckAllPricesForADV@27c20538</td></tr>
<tr>
<td title='testcases.A3Dev1077CheckAllPricesForADV.checkAllPrices()'><b>checkAllPrices</b><br>Test class: testcases.A3Dev1077CheckAllPricesForADV ()<br>Parameters: AnotherSaleOrg, nPFfk3Res, NoBid, NoLM, nPFfk3BuyNow, CD101V, 17-10-2016, CD101V - Cover 2, 5.000,00, 5.500,00, 5.500,00, 2.750,00, 687,50, 50,00, 25,00, 0,00, 2.062,50</td>
<td></td>
<td>46</td>
<td>testcases.A3Dev1077CheckAllPricesForADV@27c20538</td></tr>
<tr>
<td title='testcases.A3Dev1077CheckAllPricesForADV.checkAllPrices()'><b>checkAllPrices</b><br>Test class: testcases.A3Dev1077CheckAllPricesForADV ()<br>Parameters: AnotherSaleOrg, nPFfk3UG, NoBid, NoLM, nPFfk3BuyNow, CD102VS, 17-10-2016, CD102VS - Cover 2, 5.040,00, 2.520,00, 2.520,00, 1.260,00, 0,00, 50,00, 0,00, 0,00, 1.260,00</td>
<td></td>
<td>45</td>
<td>testcases.A3Dev1077CheckAllPricesForADV@27c20538</td></tr>
<tr>
<td title='testcases.A4Dev1101CampaignBuy.checkCmpPricesBuy()'><b>checkCmpPricesBuy</b><br>Test class: testcases.A4Dev1101CampaignBuy ()<br>Parameters: nPFfk3ADV2-Campaign, nPFfk3BuyNow2, CD101V, 16-10-2016, CD101V - Pagina 2, 4.125,00</td>
<td></td>
<td>58</td>
<td>testcases.A4Dev1101CampaignBuy@5cb9f472</td></tr>
<tr>
<td title='testcases.A4Dev1101CampaignBuy.checkCmpPricesBuy()'><b>checkCmpPricesBuy</b><br>Test class: testcases.A4Dev1101CampaignBuy ()<br>Parameters: nPFfk3ADV2-Campaign, nPFfk3BuyNow2, CD102VS, 16-10-2016, CD102VS - Pagina 3, 2.062,50</td>
<td></td>
<td>55</td>
<td>testcases.A4Dev1101CampaignBuy@5cb9f472</td></tr>
<tr>
<td title='testcases.A3Dev1079CheckPricesForADV2.checkPrices()'><b>checkPrices</b><br>Test class: testcases.A3Dev1079CheckPricesForADV2 ()<br>Parameters: DefaultBuyNow, defaultSale, CD101V - Pagina 4-5, 5.000,00, 5.500,00, 5.500,00, 0,00, 1.375,00, 0,00, 25,00, 0,00, 4.125,00</td>
<td></td>
<td>10</td>
<td>testcases.A3Dev1079CheckPricesForADV2@6e06451e</td></tr>
<tr>
<td title='testcases.A3Dev1079CheckPricesForADV2.checkPrices()'><b>checkPrices</b><br>Test class: testcases.A3Dev1079CheckPricesForADV2 ()<br>Parameters: DefaultBuyNow, defaultSale, CD102VL - Pagina 3, 2.500,00, 2.750,00, 2.750,00, 0,00, 687,50, 0,00, 25,00, 0,00, 2.062,50</td>
<td></td>
<td>10</td>
<td>testcases.A3Dev1079CheckPricesForADV2@6e06451e</td></tr>
<tr>
<td title='testcases.A3Dev1079CheckPricesForADV2.checkPrices()'><b>checkPrices</b><br>Test class: testcases.A3Dev1079CheckPricesForADV2 ()<br>Parameters: AnotherSaleOrg, nPFfk3UG2, CD101V - Pagina 4-5, 10.000,00, 11.000,00, 11.000,00, 0,00, 0,00, 0,00, 0,00, 0,00, 11.000,00</td>
<td></td>
<td>13</td>
<td>testcases.A3Dev1079CheckPricesForADV2@6e06451e</td></tr>
<tr>
<td title='testcases.A3Dev1079CheckPricesForADV2.checkPrices()'><b>checkPrices</b><br>Test class: testcases.A3Dev1079CheckPricesForADV2 ()<br>Parameters: AnotherSaleOrg, nPFfk3UG2, CD102VL - Pagina 3, 5.000,00, 5.500,00, 5.500,00, 0,00, 0,00, 0,00, 0,00, 0,00, 5.500,00</td>
<td></td>
<td>13</td>
<td>testcases.A3Dev1079CheckPricesForADV2@6e06451e</td></tr>
<tr>
<td title='testcases.A3Dev1080CheckPricesForDiffCampaign.checkPrices()'><b>checkPrices</b><br>Test class: testcases.A3Dev1080CheckPricesForDiffCampaign ()<br>Parameters: nPFfk3UG, 1, 6.300,00, 3.150,00, 3.150,00, 1.575,00, 0,00, 50,00, 0,00, 0,00, 1.575,00</td>
<td></td>
<td>18</td>
<td>testcases.A3Dev1080CheckPricesForDiffCampaign@cb644e</td></tr>
<tr>
<td title='testcases.A3Dev1080CheckPricesForDiffCampaign.checkPrices()'><b>checkPrices</b><br>Test class: testcases.A3Dev1080CheckPricesForDiffCampaign ()<br>Parameters: nPFfk3UG, 2, 6.300,00, 3.150,00, 6.300,00, 3.150,00, 0,00, 50,00, 0,00, 0,00, 3.150,00</td>
<td></td>
<td>17</td>
<td>testcases.A3Dev1080CheckPricesForDiffCampaign@cb644e</td></tr>
<tr>
<td title='testcases.A3Dev1080CheckPricesForDiffCampaign.checkPrices()'><b>checkPrices</b><br>Test class: testcases.A3Dev1080CheckPricesForDiffCampaign ()<br>Parameters: nPFfk3Res, 1, 5.000,00, 5.500,00, 5.500,00, 2.750,00, 687,50, 50,00, 25,00, 0,00, 2.062,50</td>
<td></td>
<td>18</td>
<td>testcases.A3Dev1080CheckPricesForDiffCampaign@cb644e</td></tr>
<tr>
<td title='testcases.A3Dev1080CheckPricesForDiffCampaign.checkPrices()'><b>checkPrices</b><br>Test class: testcases.A3Dev1080CheckPricesForDiffCampaign ()<br>Parameters: nPFfk3Res, 2, 5.000,00, 5.500,00, 5.000,00, 2.500,00, 625,00, 50,00, 25,00, 0,00, 1.875,00</td>
<td></td>
<td>17</td>
<td>testcases.A3Dev1080CheckPricesForDiffCampaign@cb644e</td></tr>
<tr>
<td title='testcases.A3Dev1079CheckPricesForADV2.deleteLots()'><b>deleteLots</b><br>Test class: testcases.A3Dev1079CheckPricesForADV2 ()</td>
<td></td>
<td>8</td>
<td>testcases.A3Dev1079CheckPricesForADV2@6e06451e</td></tr>
<tr>
<td title='testcases.A3Dev1080CheckPricesForDiffCampaign.deleteLots()'><b>deleteLots</b><br>Test class: testcases.A3Dev1080CheckPricesForDiffCampaign ()</td>
<td></td>
<td>5</td>
<td>testcases.A3Dev1080CheckPricesForDiffCampaign@cb644e</td></tr>
<tr>
<td title='testcases.A2Dev1072LoginFirstTime.logInChangePass()'><b>logInChangePass</b><br>Test class: testcases.A2Dev1072LoginFirstTime ()<br>Parameters: nPFfk3ADV, dejuan@adoptiq.com</td>
<td></td>
<td>21</td>
<td>testcases.A2Dev1072LoginFirstTime@490ab905</td></tr>
<tr>
<td title='testcases.A2Dev1072LoginFirstTime.logInChangePass()'><b>logInChangePass</b><br>Test class: testcases.A2Dev1072LoginFirstTime ()<br>Parameters: nPFfk3ADV2, dejuan@adoptiq.com</td>
<td></td>
<td>21</td>
<td>testcases.A2Dev1072LoginFirstTime@490ab905</td></tr>
<tr>
<td title='testcases.A2Dev1072LoginFirstTime.logInChangePass()'><b>logInChangePass</b><br>Test class: testcases.A2Dev1072LoginFirstTime ()<br>Parameters: nPFfk3MB, dejuan@adoptiq.com</td>
<td></td>
<td>21</td>
<td>testcases.A2Dev1072LoginFirstTime@490ab905</td></tr>
<tr>
<td title='testcases.A2Dev1072LoginFirstTime.logInChangePass()'><b>logInChangePass</b><br>Test class: testcases.A2Dev1072LoginFirstTime ()<br>Parameters: nPFfk3UG, dejuan@adoptiq.com</td>
<td></td>
<td>21</td>
<td>testcases.A2Dev1072LoginFirstTime@490ab905</td></tr>
<tr>
<td title='testcases.A2Dev1072LoginFirstTime.logInChangePass()'><b>logInChangePass</b><br>Test class: testcases.A2Dev1072LoginFirstTime ()<br>Parameters: nPFfk3UG2, dejuan@adoptiq.com</td>
<td></td>
<td>21</td>
<td>testcases.A2Dev1072LoginFirstTime@490ab905</td></tr>
<tr>
<td title='testcases.A2Dev1072LoginFirstTime.logInChangePass()'><b>logInChangePass</b><br>Test class: testcases.A2Dev1072LoginFirstTime ()<br>Parameters: nPFfk3Res, dejuan@adoptiq.com</td>
<td></td>
<td>21</td>
<td>testcases.A2Dev1072LoginFirstTime@490ab905</td></tr>
<tr>
<td title='testcases.A2Dev1072LoginFirstTime.logInChangePass()'><b>logInChangePass</b><br>Test class: testcases.A2Dev1072LoginFirstTime ()<br>Parameters: nPFfk3Res2, dejuan@adoptiq.com</td>
<td></td>
<td>22</td>
<td>testcases.A2Dev1072LoginFirstTime@490ab905</td></tr>
</table><p>
</body>
</html>