<html>
<head>
<title>TestNG:  GRP-E5,E6,E7,E1,E2,E3,E4</title>
<link href="../testng.css" rel="stylesheet" type="text/css" />
<link href="../my-testng.css" rel="stylesheet" type="text/css" />

<style type="text/css">
.log { display: none;} 
.stack-trace { display: none;} 
</style>
<script type="text/javascript">
<!--
function flip(e) {
  current = e.style.display;
  if (current == 'block') {
    e.style.display = 'none';
    return 0;
  }
  else {
    e.style.display = 'block';
    return 1;
  }
}

function toggleBox(szDivId, elem, msg1, msg2)
{
  var res = -1;  if (document.getElementById) {
    res = flip(document.getElementById(szDivId));
  }
  else if (document.all) {
    // this is the way old msie versions work
    res = flip(document.all[szDivId]);
  }
  if(elem) {
    if(res == 0) elem.innerHTML = msg1; else elem.innerHTML = msg2;
  }

}

function toggleAllBoxes() {
  if (document.getElementsByTagName) {
    d = document.getElementsByTagName('div');
    for (i = 0; i < d.length; i++) {
      if (d[i].className == 'log') {
        flip(d[i]);
      }
    }
  }
}

// -->
</script>

</head>
<body>
<h2 align='center'>GRP-E5,E6,E7,E1,E2,E3,E4</h2><table border='1' align="center">
<tr>
<td>Tests passed/Failed/Skipped:</td><td>28/1/6</td>
</tr><tr>
<td>Started on:</td><td>Wed Nov 30 11:17:00 CET 2016</td>
</tr>
<tr><td>Total time:</td><td>1149 seconds (1149139 ms)</td>
</tr><tr>
<td>Included groups:</td><td>E5 E6 E7 E1 E2 E3 E4 </td>
</tr><tr>
<td>Excluded groups:</td><td></td>
</tr>
</table><p/>
<small><i>(Hover the method name to see the test class name)</i></small><p/>
<table width='100%' border='1' class='invocation-failed'>
<tr><td colspan='4' align='center'><b>FAILED TESTS</b></td></tr>
<tr><td><b>Test method</b></td>
<td width="30%"><b>Exception</b></td>
<td width="10%"><b>Time (seconds)</b></td>
<td><b>Instance</b></td>
</tr>
<tr>
<td title='testcases.E6Dev1139UnderBidADVMB.ADVunderBidautobid()'><b>ADVunderBidautobid</b><br>Test class: testcases.E6Dev1139UnderBidADVMB ()</td>
<td><div><pre>org.openqa.selenium.WebDriverException: Element is not clickable at point (338, 532.683349609375). Other element would receive the click: &lt;div style=&quot;z-index: 1001;&quot; widgetid=&quot;mxui_widget_Underlay_0&quot; id=&quot;mxui_widget_Underlay_0&quot; class=&quot;mx-underlay&quot;&gt;&lt;/div&gt;
Command duration or timeout: 75 milliseconds
Build info: version: &apos;2.53.1&apos;, revision: &apos;a36b8b1cd5757287168e54b817830adce9b0158d&apos;, time: &apos;2016-06-30 19:26:09&apos;
System info: host: &apos;mbpro-dejuan.local&apos;, ip: &apos;10.34.6.211&apos;, os.name: &apos;Mac OS X&apos;, os.arch: &apos;x86_64&apos;, os.version: &apos;10.11.6&apos;, java.version: &apos;1.8.0_91&apos;
Driver info: org.openqa.selenium.firefox.FirefoxDriver
Capabilities [{applicationCacheEnabled=true, rotatable=false, handlesAlerts=true, databaseEnabled=true, version=47.0.1, platform=MAC, nativeEvents=false, acceptSslCerts=true, webStorageEnabled=true, locationContextEnabled=true, browserName=firefox, takesScreenshot=true, javascriptEnabled=true, cssSelectorsEnabled=true}]
Session ID: 139d1a34-98fe-c741-bb73-eb7e53c4b104
	at org.openqa.selenium.remote.ErrorHandler.createThrowable(ErrorHandler.java:206)
	at org.openqa.selenium.remote.ErrorHandler.throwIfResponseFailed(ErrorHandler.java:158)
	at org.openqa.selenium.remote.RemoteWebDriver.execute(RemoteWebDriver.java:678)
	at org.openqa.selenium.remote.RemoteWebElement.execute(RemoteWebElement.java:327)
	at org.openqa.selenium.remote.RemoteWebElement.click(RemoteWebElement.java:85)
	at toplevel.Lib.ClickButton(Lib.java:251)
	at advertiser.Mylots.SelectALot(Mylots.java:46)
	at testcases.E6Dev1139UnderBidADVMB.ADVunderBidautobid(E6Dev1139UnderBidADVMB.java:63)
... Removed 28 stack frames</pre></div><a href='#' onClick='toggleBox("stack-trace962700314", this, "Click to show all stack frames", "Click to hide stack frames")'>Click to show all stack frames</a>
<div class='stack-trace' id='stack-trace962700314'><pre>org.openqa.selenium.WebDriverException: Element is not clickable at point (338, 532.683349609375). Other element would receive the click: &lt;div style=&quot;z-index: 1001;&quot; widgetid=&quot;mxui_widget_Underlay_0&quot; id=&quot;mxui_widget_Underlay_0&quot; class=&quot;mx-underlay&quot;&gt;&lt;/div&gt;
Command duration or timeout: 75 milliseconds
Build info: version: &apos;2.53.1&apos;, revision: &apos;a36b8b1cd5757287168e54b817830adce9b0158d&apos;, time: &apos;2016-06-30 19:26:09&apos;
System info: host: &apos;mbpro-dejuan.local&apos;, ip: &apos;10.34.6.211&apos;, os.name: &apos;Mac OS X&apos;, os.arch: &apos;x86_64&apos;, os.version: &apos;10.11.6&apos;, java.version: &apos;1.8.0_91&apos;
Driver info: org.openqa.selenium.firefox.FirefoxDriver
Capabilities [{applicationCacheEnabled=true, rotatable=false, handlesAlerts=true, databaseEnabled=true, version=47.0.1, platform=MAC, nativeEvents=false, acceptSslCerts=true, webStorageEnabled=true, locationContextEnabled=true, browserName=firefox, takesScreenshot=true, javascriptEnabled=true, cssSelectorsEnabled=true}]
Session ID: 139d1a34-98fe-c741-bb73-eb7e53c4b104
	at sun.reflect.NativeConstructorAccessorImpl.newInstance0(Native Method)
	at sun.reflect.NativeConstructorAccessorImpl.newInstance(NativeConstructorAccessorImpl.java:62)
	at sun.reflect.DelegatingConstructorAccessorImpl.newInstance(DelegatingConstructorAccessorImpl.java:45)
	at java.lang.reflect.Constructor.newInstance(Constructor.java:423)
	at org.openqa.selenium.remote.ErrorHandler.createThrowable(ErrorHandler.java:206)
	at org.openqa.selenium.remote.ErrorHandler.throwIfResponseFailed(ErrorHandler.java:158)
	at org.openqa.selenium.remote.RemoteWebDriver.execute(RemoteWebDriver.java:678)
	at org.openqa.selenium.remote.RemoteWebElement.execute(RemoteWebElement.java:327)
	at org.openqa.selenium.remote.RemoteWebElement.click(RemoteWebElement.java:85)
	at toplevel.Lib.ClickButton(Lib.java:251)
	at advertiser.Mylots.SelectALot(Mylots.java:46)
	at testcases.E6Dev1139UnderBidADVMB.ADVunderBidautobid(E6Dev1139UnderBidADVMB.java:63)
	at sun.reflect.NativeMethodAccessorImpl.invoke0(Native Method)
	at sun.reflect.NativeMethodAccessorImpl.invoke(NativeMethodAccessorImpl.java:62)
	at sun.reflect.DelegatingMethodAccessorImpl.invoke(DelegatingMethodAccessorImpl.java:43)
	at java.lang.reflect.Method.invoke(Method.java:498)
	at org.testng.internal.MethodInvocationHelper.invokeMethod(MethodInvocationHelper.java:86)
	at org.testng.internal.Invoker.invokeMethod(Invoker.java:643)
	at org.testng.internal.Invoker.invokeTestMethod(Invoker.java:820)
	at org.testng.internal.Invoker.invokeTestMethods(Invoker.java:1128)
	at org.testng.internal.TestMethodWorker.invokeTestMethods(TestMethodWorker.java:129)
	at org.testng.internal.TestMethodWorker.run(TestMethodWorker.java:112)
	at org.testng.TestRunner.privateRun(TestRunner.java:782)
	at org.testng.TestRunner.run(TestRunner.java:632)
	at org.testng.SuiteRunner.runTest(SuiteRunner.java:366)
	at org.testng.SuiteRunner.runSequentially(SuiteRunner.java:361)
	at org.testng.SuiteRunner.privateRun(SuiteRunner.java:319)
	at org.testng.SuiteRunner.run(SuiteRunner.java:268)
	at org.testng.SuiteRunnerWorker.runSuite(SuiteRunnerWorker.java:52)
	at org.testng.SuiteRunnerWorker.run(SuiteRunnerWorker.java:86)
	at org.testng.TestNG.runSuitesSequentially(TestNG.java:1244)
	at org.testng.TestNG.runSuitesLocally(TestNG.java:1169)
	at org.testng.TestNG.run(TestNG.java:1064)
	at org.testng.remote.AbstractRemoteTestNG.run(AbstractRemoteTestNG.java:126)
	at org.testng.remote.RemoteTestNG.initAndRun(RemoteTestNG.java:152)
	at org.testng.remote.RemoteTestNG.main(RemoteTestNG.java:57)
</pre></div></td>
<td>25</td>
<td>testcases.E6Dev1139UnderBidADVMB@31a5c39e</td></tr>
</table><p>
<table width='100%' border='1' class='invocation-passed'>
<tr><td colspan='4' align='center'><b>PASSED TESTS</b></td></tr>
<tr><td><b>Test method</b></td>
<td width="30%"><b>Exception</b></td>
<td width="10%"><b>Time (seconds)</b></td>
<td><b>Instance</b></td>
</tr>
<tr>
<td title='testcases.E2Dev1137AutoBidMBBidADV2.ADV2IsOutBid()'><b>ADV2IsOutBid</b><br>Test class: testcases.E2Dev1137AutoBidMBBidADV2 ()</td>
<td></td>
<td>23</td>
<td>testcases.E2Dev1137AutoBidMBBidADV2@2f686d1f</td></tr>
<tr>
<td title='testcases.E2Dev1137AutoBidMBBidADV2.ADV2bidAgainAgainBecomeWinner()'><b>ADV2bidAgainAgainBecomeWinner</b><br>Test class: testcases.E2Dev1137AutoBidMBBidADV2 ()</td>
<td></td>
<td>45</td>
<td>testcases.E2Dev1137AutoBidMBBidADV2@2f686d1f</td></tr>
<tr>
<td title='testcases.E2Dev1137AutoBidMBBidADV2.ADV2bidBecomeOutbid()'><b>ADV2bidBecomeOutbid</b><br>Test class: testcases.E2Dev1137AutoBidMBBidADV2 ()</td>
<td></td>
<td>31</td>
<td>testcases.E2Dev1137AutoBidMBBidADV2@2f686d1f</td></tr>
<tr>
<td title='testcases.E5Dev1526UnderBidMBADV2.ADV2underBid()'><b>ADV2underBid</b><br>Test class: testcases.E5Dev1526UnderBidMBADV2 ()</td>
<td></td>
<td>38</td>
<td>testcases.E5Dev1526UnderBidMBADV2@1ce92674</td></tr>
<tr>
<td title='testcases.E1Dev1523AutoBidADVBidMB.ADVIsOutBidADVBidAgain()'><b>ADVIsOutBidADVBidAgain</b><br>Test class: testcases.E1Dev1523AutoBidADVBidMB ()</td>
<td></td>
<td>35</td>
<td>testcases.E1Dev1523AutoBidADVBidMB@3fee9989</td></tr>
<tr>
<td title='testcases.E1Dev1523AutoBidADVBidMB.ADVLotStatusIsBid()'><b>ADVLotStatusIsBid</b><br>Test class: testcases.E1Dev1523AutoBidADVBidMB ()</td>
<td></td>
<td>19</td>
<td>testcases.E1Dev1523AutoBidADVBidMB@3fee9989</td></tr>
<tr>
<td title='testcases.E1Dev1523AutoBidADVBidMB.ADVautobid()'><b>ADVautobid</b><br>Test class: testcases.E1Dev1523AutoBidADVBidMB ()</td>
<td></td>
<td>42</td>
<td>testcases.E1Dev1523AutoBidADVBidMB@3fee9989</td></tr>
<tr>
<td title='testcases.E1Dev1523AutoBidADVBidMB.AddToMyLots()'><b>AddToMyLots</b><br>Test class: testcases.E1Dev1523AutoBidADVBidMB ()<br>Parameters: w5V6eAADV, </td>
<td></td>
<td>40</td>
<td>testcases.E1Dev1523AutoBidADVBidMB@3fee9989</td></tr>
<tr>
<td title='testcases.E1Dev1523AutoBidADVBidMB.AddToMyLots()'><b>AddToMyLots</b><br>Test class: testcases.E1Dev1523AutoBidADVBidMB ()<br>Parameters: w5V6eAMB, w5V6eAADV2-Campaign</td>
<td></td>
<td>40</td>
<td>testcases.E1Dev1523AutoBidADVBidMB@3fee9989</td></tr>
<tr>
<td title='testcases.E2Dev1137AutoBidMBBidADV2.AddToMyLots()'><b>AddToMyLots</b><br>Test class: testcases.E2Dev1137AutoBidMBBidADV2 ()<br>Parameters: w5V6eAMB, w5V6eAADV-Campaign</td>
<td></td>
<td>44</td>
<td>testcases.E2Dev1137AutoBidMBBidADV2@2f686d1f</td></tr>
<tr>
<td title='testcases.E2Dev1137AutoBidMBBidADV2.AddToMyLots()'><b>AddToMyLots</b><br>Test class: testcases.E2Dev1137AutoBidMBBidADV2 ()<br>Parameters: w5V6eAADV2, </td>
<td></td>
<td>42</td>
<td>testcases.E2Dev1137AutoBidMBBidADV2@2f686d1f</td></tr>
<tr>
<td title='testcases.E5Dev1526UnderBidMBADV2.AddToMyLots()'><b>AddToMyLots</b><br>Test class: testcases.E5Dev1526UnderBidMBADV2 ()<br>Parameters: w5V6eAMB, w5V6eAADV-Campaign</td>
<td></td>
<td>44</td>
<td>testcases.E5Dev1526UnderBidMBADV2@1ce92674</td></tr>
<tr>
<td title='testcases.E5Dev1526UnderBidMBADV2.AddToMyLots()'><b>AddToMyLots</b><br>Test class: testcases.E5Dev1526UnderBidMBADV2 ()<br>Parameters: w5V6eAADV2, </td>
<td></td>
<td>40</td>
<td>testcases.E5Dev1526UnderBidMBADV2@1ce92674</td></tr>
<tr>
<td title='testcases.E6Dev1139UnderBidADVMB.AddToMyLots()'><b>AddToMyLots</b><br>Test class: testcases.E6Dev1139UnderBidADVMB ()<br>Parameters: w5V6eAADV, </td>
<td></td>
<td>42</td>
<td>testcases.E6Dev1139UnderBidADVMB@31a5c39e</td></tr>
<tr>
<td title='testcases.E6Dev1139UnderBidADVMB.AddToMyLots()'><b>AddToMyLots</b><br>Test class: testcases.E6Dev1139UnderBidADVMB ()<br>Parameters: w5V6eAMB, w5V6eAADV2-Campaign</td>
<td></td>
<td>45</td>
<td>testcases.E6Dev1139UnderBidADVMB@31a5c39e</td></tr>
<tr>
<td title='testcases.E3Dev1524BulkBidADV.AddToMyLotsAndBid()'><b>AddToMyLotsAndBid</b><br>Test class: testcases.E3Dev1524BulkBidADV ()</td>
<td></td>
<td>59</td>
<td>testcases.E3Dev1524BulkBidADV@6e1567f1</td></tr>
<tr>
<td title='testcases.E4Dev1525BulkBidMB.AddToMyLotsAndBid()'><b>AddToMyLotsAndBid</b><br>Test class: testcases.E4Dev1525BulkBidMB ()</td>
<td></td>
<td>66</td>
<td>testcases.E4Dev1525BulkBidMB@5700d6b1</td></tr>
<tr>
<td title='testcases.E1Dev1523AutoBidADVBidMB.MBIsOutBid()'><b>MBIsOutBid</b><br>Test class: testcases.E1Dev1523AutoBidADVBidMB ()</td>
<td></td>
<td>24</td>
<td>testcases.E1Dev1523AutoBidADVBidMB@3fee9989</td></tr>
<tr>
<td title='testcases.E2Dev1137AutoBidMBBidADV2.MBIsOutBidADVBidAgain()'><b>MBIsOutBidADVBidAgain</b><br>Test class: testcases.E2Dev1137AutoBidMBBidADV2 ()</td>
<td></td>
<td>33</td>
<td>testcases.E2Dev1137AutoBidMBBidADV2@2f686d1f</td></tr>
<tr>
<td title='testcases.E2Dev1137AutoBidMBBidADV2.MBLotStatusIsBid()'><b>MBLotStatusIsBid</b><br>Test class: testcases.E2Dev1137AutoBidMBBidADV2 ()</td>
<td></td>
<td>19</td>
<td>testcases.E2Dev1137AutoBidMBBidADV2@2f686d1f</td></tr>
<tr>
<td title='testcases.E5Dev1526UnderBidMBADV2.MBLotStatusIsOutbid()'><b>MBLotStatusIsOutbid</b><br>Test class: testcases.E5Dev1526UnderBidMBADV2 ()</td>
<td></td>
<td>25</td>
<td>testcases.E5Dev1526UnderBidMBADV2@1ce92674</td></tr>
<tr>
<td title='testcases.E5Dev1526UnderBidMBADV2.MBLotStatusIsUnderBid()'><b>MBLotStatusIsUnderBid</b><br>Test class: testcases.E5Dev1526UnderBidMBADV2 ()</td>
<td></td>
<td>21</td>
<td>testcases.E5Dev1526UnderBidMBADV2@1ce92674</td></tr>
<tr>
<td title='testcases.E2Dev1137AutoBidMBBidADV2.MBautobid()'><b>MBautobid</b><br>Test class: testcases.E2Dev1137AutoBidMBBidADV2 ()</td>
<td></td>
<td>44</td>
<td>testcases.E2Dev1137AutoBidMBBidADV2@2f686d1f</td></tr>
<tr>
<td title='testcases.E1Dev1523AutoBidADVBidMB.MBbidAgainAgainBecomeWinner()'><b>MBbidAgainAgainBecomeWinner</b><br>Test class: testcases.E1Dev1523AutoBidADVBidMB ()</td>
<td></td>
<td>46</td>
<td>testcases.E1Dev1523AutoBidADVBidMB@3fee9989</td></tr>
<tr>
<td title='testcases.E1Dev1523AutoBidADVBidMB.MBbidBecomeOutbid()'><b>MBbidBecomeOutbid</b><br>Test class: testcases.E1Dev1523AutoBidADVBidMB ()</td>
<td></td>
<td>33</td>
<td>testcases.E1Dev1523AutoBidADVBidMB@3fee9989</td></tr>
<tr>
<td title='testcases.E5Dev1526UnderBidMBADV2.MBunderBidautobid()'><b>MBunderBidautobid</b><br>Test class: testcases.E5Dev1526UnderBidMBADV2 ()</td>
<td></td>
<td>46</td>
<td>testcases.E5Dev1526UnderBidMBADV2@1ce92674</td></tr>
<tr>
<td title='testcases.E5Dev1526UnderBidMBADV2.Res2AcceptADV2UnderBid()'><b>Res2AcceptADV2UnderBid</b><br>Test class: testcases.E5Dev1526UnderBidMBADV2 ()</td>
<td></td>
<td>29</td>
<td>testcases.E5Dev1526UnderBidMBADV2@1ce92674</td></tr>
<tr>
<td title='testcases.E5Dev1526UnderBidMBADV2.Res2RejectMBUnderBid()'><b>Res2RejectMBUnderBid</b><br>Test class: testcases.E5Dev1526UnderBidMBADV2 ()</td>
<td></td>
<td>30</td>
<td>testcases.E5Dev1526UnderBidMBADV2@1ce92674</td></tr>
</table><p>
<table width='100%' border='1' class='invocation-skipped'>
<tr><td colspan='4' align='center'><b>SKIPPED TESTS</b></td></tr>
<tr><td><b>Test method</b></td>
<td width="30%"><b>Exception</b></td>
<td width="10%"><b>Time (seconds)</b></td>
<td><b>Instance</b></td>
</tr>
<tr>
<td title='testcases.E6Dev1139UnderBidADVMB.ADVLotStatusIsOutbid()'><b>ADVLotStatusIsOutbid</b><br>Test class: testcases.E6Dev1139UnderBidADVMB ()</td>
<td><div><pre>java.lang.Throwable: Method E6Dev1139UnderBidADVMB.ADVLotStatusIsOutbid()[pri:0, instance:testcases.E6Dev1139UnderBidADVMB@31a5c39e] depends on not successfully finished methods
... Removed 17 stack frames</pre></div><a href='#' onClick='toggleBox("stack-trace151515831", this, "Click to show all stack frames", "Click to hide stack frames")'>Click to show all stack frames</a>
<div class='stack-trace' id='stack-trace151515831'><pre>java.lang.Throwable: Method E6Dev1139UnderBidADVMB.ADVLotStatusIsOutbid()[pri:0, instance:testcases.E6Dev1139UnderBidADVMB@31a5c39e] depends on not successfully finished methods
	at org.testng.internal.Invoker.invokeTestMethods(Invoker.java:1037)
	at org.testng.internal.TestMethodWorker.invokeTestMethods(TestMethodWorker.java:129)
	at org.testng.internal.TestMethodWorker.run(TestMethodWorker.java:112)
	at org.testng.TestRunner.privateRun(TestRunner.java:782)
	at org.testng.TestRunner.run(TestRunner.java:632)
	at org.testng.SuiteRunner.runTest(SuiteRunner.java:366)
	at org.testng.SuiteRunner.runSequentially(SuiteRunner.java:361)
	at org.testng.SuiteRunner.privateRun(SuiteRunner.java:319)
	at org.testng.SuiteRunner.run(SuiteRunner.java:268)
	at org.testng.SuiteRunnerWorker.runSuite(SuiteRunnerWorker.java:52)
	at org.testng.SuiteRunnerWorker.run(SuiteRunnerWorker.java:86)
	at org.testng.TestNG.runSuitesSequentially(TestNG.java:1244)
	at org.testng.TestNG.runSuitesLocally(TestNG.java:1169)
	at org.testng.TestNG.run(TestNG.java:1064)
	at org.testng.remote.AbstractRemoteTestNG.run(AbstractRemoteTestNG.java:126)
	at org.testng.remote.RemoteTestNG.initAndRun(RemoteTestNG.java:152)
	at org.testng.remote.RemoteTestNG.main(RemoteTestNG.java:57)
</pre></div></td>
<td>0</td>
<td>null</td></tr>
<tr>
<td title='testcases.E6Dev1139UnderBidADVMB.ADVLotStatusIsUnderBid()'><b>ADVLotStatusIsUnderBid</b><br>Test class: testcases.E6Dev1139UnderBidADVMB ()</td>
<td><div><pre>java.lang.Throwable: Method E6Dev1139UnderBidADVMB.ADVLotStatusIsUnderBid()[pri:0, instance:testcases.E6Dev1139UnderBidADVMB@31a5c39e] depends on not successfully finished methods
... Removed 17 stack frames</pre></div><a href='#' onClick='toggleBox("stack-trace2024945312", this, "Click to show all stack frames", "Click to hide stack frames")'>Click to show all stack frames</a>
<div class='stack-trace' id='stack-trace2024945312'><pre>java.lang.Throwable: Method E6Dev1139UnderBidADVMB.ADVLotStatusIsUnderBid()[pri:0, instance:testcases.E6Dev1139UnderBidADVMB@31a5c39e] depends on not successfully finished methods
	at org.testng.internal.Invoker.invokeTestMethods(Invoker.java:1037)
	at org.testng.internal.TestMethodWorker.invokeTestMethods(TestMethodWorker.java:129)
	at org.testng.internal.TestMethodWorker.run(TestMethodWorker.java:112)
	at org.testng.TestRunner.privateRun(TestRunner.java:782)
	at org.testng.TestRunner.run(TestRunner.java:632)
	at org.testng.SuiteRunner.runTest(SuiteRunner.java:366)
	at org.testng.SuiteRunner.runSequentially(SuiteRunner.java:361)
	at org.testng.SuiteRunner.privateRun(SuiteRunner.java:319)
	at org.testng.SuiteRunner.run(SuiteRunner.java:268)
	at org.testng.SuiteRunnerWorker.runSuite(SuiteRunnerWorker.java:52)
	at org.testng.SuiteRunnerWorker.run(SuiteRunnerWorker.java:86)
	at org.testng.TestNG.runSuitesSequentially(TestNG.java:1244)
	at org.testng.TestNG.runSuitesLocally(TestNG.java:1169)
	at org.testng.TestNG.run(TestNG.java:1064)
	at org.testng.remote.AbstractRemoteTestNG.run(AbstractRemoteTestNG.java:126)
	at org.testng.remote.RemoteTestNG.initAndRun(RemoteTestNG.java:152)
	at org.testng.remote.RemoteTestNG.main(RemoteTestNG.java:57)
</pre></div></td>
<td>0</td>
<td>null</td></tr>
<tr>
<td title='testcases.E6Dev1139UnderBidADVMB.MBunderBid()'><b>MBunderBid</b><br>Test class: testcases.E6Dev1139UnderBidADVMB ()</td>
<td><div><pre>java.lang.Throwable: Method E6Dev1139UnderBidADVMB.MBunderBid()[pri:0, instance:testcases.E6Dev1139UnderBidADVMB@31a5c39e] depends on not successfully finished methods
... Removed 17 stack frames</pre></div><a href='#' onClick='toggleBox("stack-trace2112135199", this, "Click to show all stack frames", "Click to hide stack frames")'>Click to show all stack frames</a>
<div class='stack-trace' id='stack-trace2112135199'><pre>java.lang.Throwable: Method E6Dev1139UnderBidADVMB.MBunderBid()[pri:0, instance:testcases.E6Dev1139UnderBidADVMB@31a5c39e] depends on not successfully finished methods
	at org.testng.internal.Invoker.invokeTestMethods(Invoker.java:1037)
	at org.testng.internal.TestMethodWorker.invokeTestMethods(TestMethodWorker.java:129)
	at org.testng.internal.TestMethodWorker.run(TestMethodWorker.java:112)
	at org.testng.TestRunner.privateRun(TestRunner.java:782)
	at org.testng.TestRunner.run(TestRunner.java:632)
	at org.testng.SuiteRunner.runTest(SuiteRunner.java:366)
	at org.testng.SuiteRunner.runSequentially(SuiteRunner.java:361)
	at org.testng.SuiteRunner.privateRun(SuiteRunner.java:319)
	at org.testng.SuiteRunner.run(SuiteRunner.java:268)
	at org.testng.SuiteRunnerWorker.runSuite(SuiteRunnerWorker.java:52)
	at org.testng.SuiteRunnerWorker.run(SuiteRunnerWorker.java:86)
	at org.testng.TestNG.runSuitesSequentially(TestNG.java:1244)
	at org.testng.TestNG.runSuitesLocally(TestNG.java:1169)
	at org.testng.TestNG.run(TestNG.java:1064)
	at org.testng.remote.AbstractRemoteTestNG.run(AbstractRemoteTestNG.java:126)
	at org.testng.remote.RemoteTestNG.initAndRun(RemoteTestNG.java:152)
	at org.testng.remote.RemoteTestNG.main(RemoteTestNG.java:57)
</pre></div></td>
<td>0</td>
<td>null</td></tr>
<tr>
<td title='testcases.E6Dev1139UnderBidADVMB.ResAcceptMBUnderBid()'><b>ResAcceptMBUnderBid</b><br>Test class: testcases.E6Dev1139UnderBidADVMB ()</td>
<td><div><pre>java.lang.Throwable: Method E6Dev1139UnderBidADVMB.ResAcceptMBUnderBid()[pri:0, instance:testcases.E6Dev1139UnderBidADVMB@31a5c39e] depends on not successfully finished methods
... Removed 17 stack frames</pre></div><a href='#' onClick='toggleBox("stack-trace2005706991", this, "Click to show all stack frames", "Click to hide stack frames")'>Click to show all stack frames</a>
<div class='stack-trace' id='stack-trace2005706991'><pre>java.lang.Throwable: Method E6Dev1139UnderBidADVMB.ResAcceptMBUnderBid()[pri:0, instance:testcases.E6Dev1139UnderBidADVMB@31a5c39e] depends on not successfully finished methods
	at org.testng.internal.Invoker.invokeTestMethods(Invoker.java:1037)
	at org.testng.internal.TestMethodWorker.invokeTestMethods(TestMethodWorker.java:129)
	at org.testng.internal.TestMethodWorker.run(TestMethodWorker.java:112)
	at org.testng.TestRunner.privateRun(TestRunner.java:782)
	at org.testng.TestRunner.run(TestRunner.java:632)
	at org.testng.SuiteRunner.runTest(SuiteRunner.java:366)
	at org.testng.SuiteRunner.runSequentially(SuiteRunner.java:361)
	at org.testng.SuiteRunner.privateRun(SuiteRunner.java:319)
	at org.testng.SuiteRunner.run(SuiteRunner.java:268)
	at org.testng.SuiteRunnerWorker.runSuite(SuiteRunnerWorker.java:52)
	at org.testng.SuiteRunnerWorker.run(SuiteRunnerWorker.java:86)
	at org.testng.TestNG.runSuitesSequentially(TestNG.java:1244)
	at org.testng.TestNG.runSuitesLocally(TestNG.java:1169)
	at org.testng.TestNG.run(TestNG.java:1064)
	at org.testng.remote.AbstractRemoteTestNG.run(AbstractRemoteTestNG.java:126)
	at org.testng.remote.RemoteTestNG.initAndRun(RemoteTestNG.java:152)
	at org.testng.remote.RemoteTestNG.main(RemoteTestNG.java:57)
</pre></div></td>
<td>0</td>
<td>null</td></tr>
<tr>
<td title='testcases.E6Dev1139UnderBidADVMB.ResRejectADVUnderBid()'><b>ResRejectADVUnderBid</b><br>Test class: testcases.E6Dev1139UnderBidADVMB ()</td>
<td><div><pre>java.lang.Throwable: Method E6Dev1139UnderBidADVMB.ResRejectADVUnderBid()[pri:0, instance:testcases.E6Dev1139UnderBidADVMB@31a5c39e] depends on not successfully finished methods
... Removed 17 stack frames</pre></div><a href='#' onClick='toggleBox("stack-trace876908140", this, "Click to show all stack frames", "Click to hide stack frames")'>Click to show all stack frames</a>
<div class='stack-trace' id='stack-trace876908140'><pre>java.lang.Throwable: Method E6Dev1139UnderBidADVMB.ResRejectADVUnderBid()[pri:0, instance:testcases.E6Dev1139UnderBidADVMB@31a5c39e] depends on not successfully finished methods
	at org.testng.internal.Invoker.invokeTestMethods(Invoker.java:1037)
	at org.testng.internal.TestMethodWorker.invokeTestMethods(TestMethodWorker.java:129)
	at org.testng.internal.TestMethodWorker.run(TestMethodWorker.java:112)
	at org.testng.TestRunner.privateRun(TestRunner.java:782)
	at org.testng.TestRunner.run(TestRunner.java:632)
	at org.testng.SuiteRunner.runTest(SuiteRunner.java:366)
	at org.testng.SuiteRunner.runSequentially(SuiteRunner.java:361)
	at org.testng.SuiteRunner.privateRun(SuiteRunner.java:319)
	at org.testng.SuiteRunner.run(SuiteRunner.java:268)
	at org.testng.SuiteRunnerWorker.runSuite(SuiteRunnerWorker.java:52)
	at org.testng.SuiteRunnerWorker.run(SuiteRunnerWorker.java:86)
	at org.testng.TestNG.runSuitesSequentially(TestNG.java:1244)
	at org.testng.TestNG.runSuitesLocally(TestNG.java:1169)
	at org.testng.TestNG.run(TestNG.java:1064)
	at org.testng.remote.AbstractRemoteTestNG.run(AbstractRemoteTestNG.java:126)
	at org.testng.remote.RemoteTestNG.initAndRun(RemoteTestNG.java:152)
	at org.testng.remote.RemoteTestNG.main(RemoteTestNG.java:57)
</pre></div></td>
<td>0</td>
<td>null</td></tr>
<tr>
<td title='testcases.E7Dev987UnderBidModifyDelete.UnderbidsAndModify()'><b>UnderbidsAndModify</b><br>Test class: testcases.E7Dev987UnderBidModifyDelete ()</td>
<td><div><pre>java.lang.Throwable: Method E7Dev987UnderBidModifyDelete.UnderbidsAndModify()[pri:0, instance:testcases.E7Dev987UnderBidModifyDelete@1ed4004b] depends on not successfully finished methods in group &quot;E6&quot;
... Removed 17 stack frames</pre></div><a href='#' onClick='toggleBox("stack-trace619241052", this, "Click to show all stack frames", "Click to hide stack frames")'>Click to show all stack frames</a>
<div class='stack-trace' id='stack-trace619241052'><pre>java.lang.Throwable: Method E7Dev987UnderBidModifyDelete.UnderbidsAndModify()[pri:0, instance:testcases.E7Dev987UnderBidModifyDelete@1ed4004b] depends on not successfully finished methods in group &quot;E6&quot;
	at org.testng.internal.Invoker.invokeTestMethods(Invoker.java:1037)
	at org.testng.internal.TestMethodWorker.invokeTestMethods(TestMethodWorker.java:129)
	at org.testng.internal.TestMethodWorker.run(TestMethodWorker.java:112)
	at org.testng.TestRunner.privateRun(TestRunner.java:782)
	at org.testng.TestRunner.run(TestRunner.java:632)
	at org.testng.SuiteRunner.runTest(SuiteRunner.java:366)
	at org.testng.SuiteRunner.runSequentially(SuiteRunner.java:361)
	at org.testng.SuiteRunner.privateRun(SuiteRunner.java:319)
	at org.testng.SuiteRunner.run(SuiteRunner.java:268)
	at org.testng.SuiteRunnerWorker.runSuite(SuiteRunnerWorker.java:52)
	at org.testng.SuiteRunnerWorker.run(SuiteRunnerWorker.java:86)
	at org.testng.TestNG.runSuitesSequentially(TestNG.java:1244)
	at org.testng.TestNG.runSuitesLocally(TestNG.java:1169)
	at org.testng.TestNG.run(TestNG.java:1064)
	at org.testng.remote.AbstractRemoteTestNG.run(AbstractRemoteTestNG.java:126)
	at org.testng.remote.RemoteTestNG.initAndRun(RemoteTestNG.java:152)
	at org.testng.remote.RemoteTestNG.main(RemoteTestNG.java:57)
</pre></div></td>
<td>0</td>
<td>null</td></tr>
</table><p>
</body>
</html>