<html>
<head>
<title>TestNG:  GRP-Offer,Buy,Option,Bid,CheckOrder</title>
<link href="../testng.css" rel="stylesheet" type="text/css" />
<link href="../my-testng.css" rel="stylesheet" type="text/css" />

<style type="text/css">
.log { display: none;} 
.stack-trace { display: none;} 
</style>
<script type="text/javascript">
<!--
function flip(e) {
  current = e.style.display;
  if (current == 'block') {
    e.style.display = 'none';
    return 0;
  }
  else {
    e.style.display = 'block';
    return 1;
  }
}

function toggleBox(szDivId, elem, msg1, msg2)
{
  var res = -1;  if (document.getElementById) {
    res = flip(document.getElementById(szDivId));
  }
  else if (document.all) {
    // this is the way old msie versions work
    res = flip(document.all[szDivId]);
  }
  if(elem) {
    if(res == 0) elem.innerHTML = msg1; else elem.innerHTML = msg2;
  }

}

function toggleAllBoxes() {
  if (document.getElementsByTagName) {
    d = document.getElementsByTagName('div');
    for (i = 0; i < d.length; i++) {
      if (d[i].className == 'log') {
        flip(d[i]);
      }
    }
  }
}

// -->
</script>

</head>
<body>
<h2 align='center'>GRP-Offer,Buy,Option,Bid,CheckOrder</h2><table border='1' align="center">
<tr>
<td>Tests passed/Failed/Skipped:</td><td>25/2/5</td>
</tr><tr>
<td>Started on:</td><td>Mon Sep 19 09:03:54 CEST 2016</td>
</tr>
<tr><td>Total time:</td><td>1172 seconds (1172071 ms)</td>
</tr><tr>
<td>Included groups:</td><td>Offer Buy Option Bid CheckOrder </td>
</tr><tr>
<td>Excluded groups:</td><td></td>
</tr>
</table><p/>
<small><i>(Hover the method name to see the test class name)</i></small><p/>
<table width='100%' border='1' class='invocation-failed'>
<tr><td colspan='4' align='center'><b>FAILED TESTS</b></td></tr>
<tr><td><b>Test method</b></td>
<td width="30%"><b>Exception</b></td>
<td width="10%"><b>Time (seconds)</b></td>
<td><b>Instance</b></td>
</tr>
<tr>
<td title='testcases.B2Dev1132OptionPush.CheckStatus()'><b>CheckStatus</b><br>Test class: testcases.B2Dev1132OptionPush ()</td>
<td><div><pre>java.lang.AssertionError: The following asserts failed:
	expected [3] but found [2]
	at testcases.B2Dev1132OptionPush.CheckStatus(B2Dev1132OptionPush.java:136)
... Removed 25 stack frames</pre></div><a href='#' onClick='toggleBox("stack-trace7548983", this, "Click to show all stack frames", "Click to hide stack frames")'>Click to show all stack frames</a>
<div class='stack-trace' id='stack-trace7548983'><pre>java.lang.AssertionError: The following asserts failed:
	expected [3] but found [2]
	at org.testng.asserts.SoftAssert.assertAll(SoftAssert.java:43)
	at testcases.B2Dev1132OptionPush.CheckStatus(B2Dev1132OptionPush.java:136)
	at sun.reflect.NativeMethodAccessorImpl.invoke0(Native Method)
	at sun.reflect.NativeMethodAccessorImpl.invoke(NativeMethodAccessorImpl.java:62)
	at sun.reflect.DelegatingMethodAccessorImpl.invoke(DelegatingMethodAccessorImpl.java:43)
	at java.lang.reflect.Method.invoke(Method.java:498)
	at org.testng.internal.MethodInvocationHelper.invokeMethod(MethodInvocationHelper.java:86)
	at org.testng.internal.Invoker.invokeMethod(Invoker.java:643)
	at org.testng.internal.Invoker.invokeTestMethod(Invoker.java:820)
	at org.testng.internal.Invoker.invokeTestMethods(Invoker.java:1128)
	at org.testng.internal.TestMethodWorker.invokeTestMethods(TestMethodWorker.java:129)
	at org.testng.internal.TestMethodWorker.run(TestMethodWorker.java:112)
	at org.testng.TestRunner.privateRun(TestRunner.java:782)
	at org.testng.TestRunner.run(TestRunner.java:632)
	at org.testng.SuiteRunner.runTest(SuiteRunner.java:366)
	at org.testng.SuiteRunner.runSequentially(SuiteRunner.java:361)
	at org.testng.SuiteRunner.privateRun(SuiteRunner.java:319)
	at org.testng.SuiteRunner.run(SuiteRunner.java:268)
	at org.testng.SuiteRunnerWorker.runSuite(SuiteRunnerWorker.java:52)
	at org.testng.SuiteRunnerWorker.run(SuiteRunnerWorker.java:86)
	at org.testng.TestNG.runSuitesSequentially(TestNG.java:1244)
	at org.testng.TestNG.runSuitesLocally(TestNG.java:1169)
	at org.testng.TestNG.run(TestNG.java:1064)
	at org.testng.remote.AbstractRemoteTestNG.run(AbstractRemoteTestNG.java:126)
	at org.testng.remote.RemoteTestNG.initAndRun(RemoteTestNG.java:152)
	at org.testng.remote.RemoteTestNG.main(RemoteTestNG.java:57)
</pre></div></td>
<td>23</td>
<td>testcases.B2Dev1132OptionPush@402a079c</td></tr>
</table><p>
<table width='100%' border='1' class='invocation-passed'>
<tr><td colspan='4' align='center'><b>PASSED TESTS</b></td></tr>
<tr><td><b>Test method</b></td>
<td width="30%"><b>Exception</b></td>
<td width="10%"><b>Time (seconds)</b></td>
<td><b>Instance</b></td>
</tr>
<tr>
<td title='testcases.C1Dev1137BidAutoBid.ADV2bidAgainAgainBecomeWinner()'><b>ADV2bidAgainAgainBecomeWinner</b><br>Test class: testcases.C1Dev1137BidAutoBid ()</td>
<td></td>
<td>88</td>
<td>testcases.C1Dev1137BidAutoBid@1ce92674</td></tr>
<tr>
<td title='testcases.C1Dev1137BidAutoBid.ADV2bidBecomeOutbid()'><b>ADV2bidBecomeOutbid</b><br>Test class: testcases.C1Dev1137BidAutoBid ()</td>
<td></td>
<td>57</td>
<td>testcases.C1Dev1137BidAutoBid@1ce92674</td></tr>
<tr>
<td title='testcases.C1Dev1137BidAutoBid.ADVLotStatusIsBid()'><b>ADVLotStatusIsBid</b><br>Test class: testcases.C1Dev1137BidAutoBid ()</td>
<td></td>
<td>15</td>
<td>testcases.C1Dev1137BidAutoBid@1ce92674</td></tr>
<tr>
<td title='testcases.C1Dev1137BidAutoBid.ADVautobid()'><b>ADVautobid</b><br>Test class: testcases.C1Dev1137BidAutoBid ()</td>
<td></td>
<td>39</td>
<td>testcases.C1Dev1137BidAutoBid@1ce92674</td></tr>
<tr>
<td title='testcases.C2Dev1139UnderBidAutoBid.AddToMyLots()'><b>AddToMyLots</b><br>Test class: testcases.C2Dev1139UnderBidAutoBid ()<br>Parameters: xAuToXADV</td>
<td></td>
<td>29</td>
<td>testcases.C2Dev1139UnderBidAutoBid@6500df86</td></tr>
<tr>
<td title='testcases.C2Dev1139UnderBidAutoBid.AddToMyLots()'><b>AddToMyLots</b><br>Test class: testcases.C2Dev1139UnderBidAutoBid ()<br>Parameters: xAuToXADV2</td>
<td></td>
<td>31</td>
<td>testcases.C2Dev1139UnderBidAutoBid@6500df86</td></tr>
<tr>
<td title='testcases.C1Dev1137BidAutoBid.AddToMyLots()'><b>AddToMyLots</b><br>Test class: testcases.C1Dev1137BidAutoBid ()<br>Parameters: xAuToXADV</td>
<td></td>
<td>28</td>
<td>testcases.C1Dev1137BidAutoBid@1ce92674</td></tr>
<tr>
<td title='testcases.C1Dev1137BidAutoBid.AddToMyLots()'><b>AddToMyLots</b><br>Test class: testcases.C1Dev1137BidAutoBid ()<br>Parameters: xAuToXADV2</td>
<td></td>
<td>29</td>
<td>testcases.C1Dev1137BidAutoBid@1ce92674</td></tr>
<tr>
<td title='testcases.B2Dev1132OptionPush.campaignAddAll()'><b>campaignAddAll</b><br>Test class: testcases.B2Dev1132OptionPush ()<br>Parameters: xAuToXADV2-Campaign, CD101V - Voorpagina, CD104BS - Pagina 3</td>
<td></td>
<td>12</td>
<td>testcases.B2Dev1132OptionPush@402a079c</td></tr>
<tr>
<td title='testcases.B2Dev1132OptionPush.campaignAddOne()'><b>campaignAddOne</b><br>Test class: testcases.B2Dev1132OptionPush ()<br>Parameters: xAuToXADV-Campaign, CD102VL - Cover 3</td>
<td></td>
<td>7</td>
<td>testcases.B2Dev1132OptionPush@402a079c</td></tr>
<tr>
<td title='testcases.A4Dev1101CampaignCheckPricesAndBuy.checkCmpPricesBuy()'><b>checkCmpPricesBuy</b><br>Test class: testcases.A4Dev1101CampaignCheckPricesAndBuy ()<br>Parameters: xAuToXMB, xAuToXADV2-Campaign, xAuToXBuyNow2, CD101V, 25-09-2016, CD101V - Pagina 2, 5.000,00, 5.500,00, 5.500,00, 0,00, 1.375,00, 0,00, 25,00, 0,00, 4.125,00</td>
<td></td>
<td>71</td>
<td>testcases.A4Dev1101CampaignCheckPricesAndBuy@3fee9989</td></tr>
<tr>
<td title='testcases.A4Dev1101CampaignCheckPricesAndBuy.checkCmpPricesBuy()'><b>checkCmpPricesBuy</b><br>Test class: testcases.A4Dev1101CampaignCheckPricesAndBuy ()<br>Parameters: xAuToXMB, xAuToXADV2-Campaign, xAuToXBuyNow2, CD104BS, 25-09-2016, CD104BS - Pagina 3, 1.250,00, 1.375,00, 1.375,00, 0,00, 343,75, 0,00, 25,00, 0,00, 1.031,25</td>
<td></td>
<td>63</td>
<td>testcases.A4Dev1101CampaignCheckPricesAndBuy@3fee9989</td></tr>
<tr>
<td title='testcases.A4Dev1101CampaignCheckPricesAndBuy.checkCmpPricesBuy()'><b>checkCmpPricesBuy</b><br>Test class: testcases.A4Dev1101CampaignCheckPricesAndBuy ()<br>Parameters: xAuToXMB, xAuToXADV-Campaign, xAuToXBuyNow, CD101V, 26-09-2016, CD101V - Cover 2, 6.300,00, 3.150,00, 3.150,00, 1.575,00, 0,00, 50,00, 0,00, 0,00, 1.575,00</td>
<td></td>
<td>61</td>
<td>testcases.A4Dev1101CampaignCheckPricesAndBuy@3fee9989</td></tr>
<tr>
<td title='testcases.A5Dev1102CheckOrders.checkOrderValue()'><b>checkOrderValue</b><br>Test class: testcases.A5Dev1102CheckOrders ()<br>Parameters: 26-09-2016, xAuToXBuyNow, CD101V - Cover 2, xAuToXADV, xAuToXADV-Campaign, 1.575,00, Nee, 0,00</td>
<td></td>
<td>0</td>
<td>testcases.A5Dev1102CheckOrders@7085bdee</td></tr>
<tr>
<td title='testcases.A5Dev1102CheckOrders.checkOrderValue()'><b>checkOrderValue</b><br>Test class: testcases.A5Dev1102CheckOrders ()<br>Parameters: 25-09-2016, xAuToXBuyNow2, CD104BS - Pagina 3, xAuToXADV2, xAuToXADV2-Campaign, 1.031,25, Nee, 0,00</td>
<td></td>
<td>0</td>
<td>testcases.A5Dev1102CheckOrders@7085bdee</td></tr>
<tr>
<td title='testcases.A5Dev1102CheckOrders.checkOrderValue()'><b>checkOrderValue</b><br>Test class: testcases.A5Dev1102CheckOrders ()<br>Parameters: 25-09-2016, xAuToXBuyNow2, CD101V - Pagina 2, xAuToXADV2, xAuToXADV2-Campaign, 4.125,00, Nee, 0,00</td>
<td></td>
<td>0</td>
<td>testcases.A5Dev1102CheckOrders@7085bdee</td></tr>
<tr>
<td title='testcases.A5Dev1102CheckOrders.compareOrdersPubSideAndMBSide()'><b>compareOrdersPubSideAndMBSide</b><br>Test class: testcases.A5Dev1102CheckOrders ()</td>
<td></td>
<td>0</td>
<td>testcases.A5Dev1102CheckOrders@7085bdee</td></tr>
<tr>
<td title='testcases.B2Dev1132OptionPush.deletAnOffer()'><b>deletAnOffer</b><br>Test class: testcases.B2Dev1132OptionPush ()<br>Parameters: CD102VS - Cover 3</td>
<td></td>
<td>5</td>
<td>testcases.B2Dev1132OptionPush@402a079c</td></tr>
<tr>
<td title='testcases.B2Dev1132OptionPush.notificationNoCampaignDeselect()'><b>notificationNoCampaignDeselect</b><br>Test class: testcases.B2Dev1132OptionPush ()<br>Parameters: CD104BS - Pagina 3, CD101V - Voorpagina, CD102VL - Cover 3, CD102VS - Cover 3</td>
<td></td>
<td>19</td>
<td>testcases.B2Dev1132OptionPush@402a079c</td></tr>
<tr>
<td title='testcases.B2Dev1132OptionPush.optionPush()'><b>optionPush</b><br>Test class: testcases.B2Dev1132OptionPush ()<br>Parameters: xAuToXRes2, xAuToXMB, xAuToXADV2, xAuToXBuyNow2, CD101V, 25-09-2016, 400, CD101V - Voorpagina</td>
<td></td>
<td>60</td>
<td>testcases.B2Dev1132OptionPush@402a079c</td></tr>
<tr>
<td title='testcases.B2Dev1132OptionPush.optionPush()'><b>optionPush</b><br>Test class: testcases.B2Dev1132OptionPush ()<br>Parameters: xAuToXUG2, xAuToXMB, xAuToXADV2, xAuToXBuyNow2, CD104BS, 25-09-2016, 300, CD104BS - Pagina 3</td>
<td></td>
<td>49</td>
<td>testcases.B2Dev1132OptionPush@402a079c</td></tr>
<tr>
<td title='testcases.B2Dev1132OptionPush.optionPush()'><b>optionPush</b><br>Test class: testcases.B2Dev1132OptionPush ()<br>Parameters: xAuToXRes, xAuToXMB, xAuToXADV, xAuToXBuyNow, CD102VL, 26-09-2016, 200, CD102VL - Cover 3</td>
<td></td>
<td>48</td>
<td>testcases.B2Dev1132OptionPush@402a079c</td></tr>
<tr>
<td title='testcases.B2Dev1132OptionPush.optionPush()'><b>optionPush</b><br>Test class: testcases.B2Dev1132OptionPush ()<br>Parameters: xAuToXUG, xAuToXMB, xAuToXADV, xAuToXBuyNow, CD102VS, 26-09-2016, 100, CD102VS - Cover 3</td>
<td></td>
<td>45</td>
<td>testcases.B2Dev1132OptionPush@402a079c</td></tr>
<tr>
<td title='testcases.B1Dev1121OptionRequestAcceptReject.optionRequestAcceptReject()'><b>optionRequestAcceptReject</b><br>Test class: testcases.B1Dev1121OptionRequestAcceptReject ()<br>Parameters: accept, xAuToXRes2, xAuToXMB, xAuToXADV2-Campaign, xAuToXBuyNow2, CD101V, 25-09-2016, CD101V - Pagina 4-5</td>
<td></td>
<td>92</td>
<td>testcases.B1Dev1121OptionRequestAcceptReject@73ad2d6</td></tr>
<tr>
<td title='testcases.B1Dev1121OptionRequestAcceptReject.optionRequestAcceptReject()'><b>optionRequestAcceptReject</b><br>Test class: testcases.B1Dev1121OptionRequestAcceptReject ()<br>Parameters: reject, xAuToXUG, xAuToXMB, xAuToXADV-Campaign, xAuToXBuyNow, CD101V, 26-09-2016, CD101V - Cover 3</td>
<td></td>
<td>82</td>
<td>testcases.B1Dev1121OptionRequestAcceptReject@73ad2d6</td></tr>
</table><p>
<table width='100%' border='1' class='invocation-skipped'>
<tr><td colspan='4' align='center'><b>SKIPPED TESTS</b></td></tr>
<tr><td><b>Test method</b></td>
<td width="30%"><b>Exception</b></td>
<td width="10%"><b>Time (seconds)</b></td>
<td><b>Instance</b></td>
</tr>
<tr>
<td title='testcases.C2Dev1139UnderBidAutoBid.ADV2LotStatusIsOutbid()'><b>ADV2LotStatusIsOutbid</b><br>Test class: testcases.C2Dev1139UnderBidAutoBid ()</td>
<td><div><pre>java.lang.Throwable: Method C2Dev1139UnderBidAutoBid.ADV2LotStatusIsOutbid()[pri:0, instance:testcases.C2Dev1139UnderBidAutoBid@6500df86] depends on not successfully finished methods in group &quot;Offer&quot;
... Removed 17 stack frames</pre></div><a href='#' onClick='toggleBox("stack-trace1476812556", this, "Click to show all stack frames", "Click to hide stack frames")'>Click to show all stack frames</a>
<div class='stack-trace' id='stack-trace1476812556'><pre>java.lang.Throwable: Method C2Dev1139UnderBidAutoBid.ADV2LotStatusIsOutbid()[pri:0, instance:testcases.C2Dev1139UnderBidAutoBid@6500df86] depends on not successfully finished methods in group &quot;Offer&quot;
	at org.testng.internal.Invoker.invokeTestMethods(Invoker.java:1037)
	at org.testng.internal.TestMethodWorker.invokeTestMethods(TestMethodWorker.java:129)
	at org.testng.internal.TestMethodWorker.run(TestMethodWorker.java:112)
	at org.testng.TestRunner.privateRun(TestRunner.java:782)
	at org.testng.TestRunner.run(TestRunner.java:632)
	at org.testng.SuiteRunner.runTest(SuiteRunner.java:366)
	at org.testng.SuiteRunner.runSequentially(SuiteRunner.java:361)
	at org.testng.SuiteRunner.privateRun(SuiteRunner.java:319)
	at org.testng.SuiteRunner.run(SuiteRunner.java:268)
	at org.testng.SuiteRunnerWorker.runSuite(SuiteRunnerWorker.java:52)
	at org.testng.SuiteRunnerWorker.run(SuiteRunnerWorker.java:86)
	at org.testng.TestNG.runSuitesSequentially(TestNG.java:1244)
	at org.testng.TestNG.runSuitesLocally(TestNG.java:1169)
	at org.testng.TestNG.run(TestNG.java:1064)
	at org.testng.remote.AbstractRemoteTestNG.run(AbstractRemoteTestNG.java:126)
	at org.testng.remote.RemoteTestNG.initAndRun(RemoteTestNG.java:152)
	at org.testng.remote.RemoteTestNG.main(RemoteTestNG.java:57)
</pre></div></td>
<td>0</td>
<td>null</td></tr>
<tr>
<td title='testcases.C2Dev1139UnderBidAutoBid.ADV2underBid()'><b>ADV2underBid</b><br>Test class: testcases.C2Dev1139UnderBidAutoBid ()</td>
<td><div><pre>java.lang.Throwable: Method C2Dev1139UnderBidAutoBid.ADV2underBid()[pri:0, instance:testcases.C2Dev1139UnderBidAutoBid@6500df86] depends on not successfully finished methods in group &quot;Offer&quot;
... Removed 17 stack frames</pre></div><a href='#' onClick='toggleBox("stack-trace701724503", this, "Click to show all stack frames", "Click to hide stack frames")'>Click to show all stack frames</a>
<div class='stack-trace' id='stack-trace701724503'><pre>java.lang.Throwable: Method C2Dev1139UnderBidAutoBid.ADV2underBid()[pri:0, instance:testcases.C2Dev1139UnderBidAutoBid@6500df86] depends on not successfully finished methods in group &quot;Offer&quot;
	at org.testng.internal.Invoker.invokeTestMethods(Invoker.java:1037)
	at org.testng.internal.TestMethodWorker.invokeTestMethods(TestMethodWorker.java:129)
	at org.testng.internal.TestMethodWorker.run(TestMethodWorker.java:112)
	at org.testng.TestRunner.privateRun(TestRunner.java:782)
	at org.testng.TestRunner.run(TestRunner.java:632)
	at org.testng.SuiteRunner.runTest(SuiteRunner.java:366)
	at org.testng.SuiteRunner.runSequentially(SuiteRunner.java:361)
	at org.testng.SuiteRunner.privateRun(SuiteRunner.java:319)
	at org.testng.SuiteRunner.run(SuiteRunner.java:268)
	at org.testng.SuiteRunnerWorker.runSuite(SuiteRunnerWorker.java:52)
	at org.testng.SuiteRunnerWorker.run(SuiteRunnerWorker.java:86)
	at org.testng.TestNG.runSuitesSequentially(TestNG.java:1244)
	at org.testng.TestNG.runSuitesLocally(TestNG.java:1169)
	at org.testng.TestNG.run(TestNG.java:1064)
	at org.testng.remote.AbstractRemoteTestNG.run(AbstractRemoteTestNG.java:126)
	at org.testng.remote.RemoteTestNG.initAndRun(RemoteTestNG.java:152)
	at org.testng.remote.RemoteTestNG.main(RemoteTestNG.java:57)
</pre></div></td>
<td>0</td>
<td>null</td></tr>
<tr>
<td title='testcases.C2Dev1139UnderBidAutoBid.ADVCanBid()'><b>ADVCanBid</b><br>Test class: testcases.C2Dev1139UnderBidAutoBid ()</td>
<td><div><pre>java.lang.Throwable: Method C2Dev1139UnderBidAutoBid.ADVCanBid()[pri:0, instance:testcases.C2Dev1139UnderBidAutoBid@6500df86] depends on not successfully finished methods in group &quot;Offer&quot;
... Removed 17 stack frames</pre></div><a href='#' onClick='toggleBox("stack-trace594916129", this, "Click to show all stack frames", "Click to hide stack frames")'>Click to show all stack frames</a>
<div class='stack-trace' id='stack-trace594916129'><pre>java.lang.Throwable: Method C2Dev1139UnderBidAutoBid.ADVCanBid()[pri:0, instance:testcases.C2Dev1139UnderBidAutoBid@6500df86] depends on not successfully finished methods in group &quot;Offer&quot;
	at org.testng.internal.Invoker.invokeTestMethods(Invoker.java:1037)
	at org.testng.internal.TestMethodWorker.invokeTestMethods(TestMethodWorker.java:129)
	at org.testng.internal.TestMethodWorker.run(TestMethodWorker.java:112)
	at org.testng.TestRunner.privateRun(TestRunner.java:782)
	at org.testng.TestRunner.run(TestRunner.java:632)
	at org.testng.SuiteRunner.runTest(SuiteRunner.java:366)
	at org.testng.SuiteRunner.runSequentially(SuiteRunner.java:361)
	at org.testng.SuiteRunner.privateRun(SuiteRunner.java:319)
	at org.testng.SuiteRunner.run(SuiteRunner.java:268)
	at org.testng.SuiteRunnerWorker.runSuite(SuiteRunnerWorker.java:52)
	at org.testng.SuiteRunnerWorker.run(SuiteRunnerWorker.java:86)
	at org.testng.TestNG.runSuitesSequentially(TestNG.java:1244)
	at org.testng.TestNG.runSuitesLocally(TestNG.java:1169)
	at org.testng.TestNG.run(TestNG.java:1064)
	at org.testng.remote.AbstractRemoteTestNG.run(AbstractRemoteTestNG.java:126)
	at org.testng.remote.RemoteTestNG.initAndRun(RemoteTestNG.java:152)
	at org.testng.remote.RemoteTestNG.main(RemoteTestNG.java:57)
</pre></div></td>
<td>0</td>
<td>null</td></tr>
<tr>
<td title='testcases.C2Dev1139UnderBidAutoBid.ADVunderBidautobid()'><b>ADVunderBidautobid</b><br>Test class: testcases.C2Dev1139UnderBidAutoBid ()</td>
<td><div><pre>java.lang.Throwable: Method C2Dev1139UnderBidAutoBid.ADVunderBidautobid()[pri:0, instance:testcases.C2Dev1139UnderBidAutoBid@6500df86] depends on not successfully finished methods in group &quot;Offer&quot;
... Removed 17 stack frames</pre></div><a href='#' onClick='toggleBox("stack-trace352378889", this, "Click to show all stack frames", "Click to hide stack frames")'>Click to show all stack frames</a>
<div class='stack-trace' id='stack-trace352378889'><pre>java.lang.Throwable: Method C2Dev1139UnderBidAutoBid.ADVunderBidautobid()[pri:0, instance:testcases.C2Dev1139UnderBidAutoBid@6500df86] depends on not successfully finished methods in group &quot;Offer&quot;
	at org.testng.internal.Invoker.invokeTestMethods(Invoker.java:1037)
	at org.testng.internal.TestMethodWorker.invokeTestMethods(TestMethodWorker.java:129)
	at org.testng.internal.TestMethodWorker.run(TestMethodWorker.java:112)
	at org.testng.TestRunner.privateRun(TestRunner.java:782)
	at org.testng.TestRunner.run(TestRunner.java:632)
	at org.testng.SuiteRunner.runTest(SuiteRunner.java:366)
	at org.testng.SuiteRunner.runSequentially(SuiteRunner.java:361)
	at org.testng.SuiteRunner.privateRun(SuiteRunner.java:319)
	at org.testng.SuiteRunner.run(SuiteRunner.java:268)
	at org.testng.SuiteRunnerWorker.runSuite(SuiteRunnerWorker.java:52)
	at org.testng.SuiteRunnerWorker.run(SuiteRunnerWorker.java:86)
	at org.testng.TestNG.runSuitesSequentially(TestNG.java:1244)
	at org.testng.TestNG.runSuitesLocally(TestNG.java:1169)
	at org.testng.TestNG.run(TestNG.java:1064)
	at org.testng.remote.AbstractRemoteTestNG.run(AbstractRemoteTestNG.java:126)
	at org.testng.remote.RemoteTestNG.initAndRun(RemoteTestNG.java:152)
	at org.testng.remote.RemoteTestNG.main(RemoteTestNG.java:57)
</pre></div></td>
<td>0</td>
<td>null</td></tr>
<tr>
<td title='testcases.C2Dev1139UnderBidAutoBid.ResAcceptADV2UnderBid()'><b>ResAcceptADV2UnderBid</b><br>Test class: testcases.C2Dev1139UnderBidAutoBid ()</td>
<td><div><pre>java.lang.Throwable: Method C2Dev1139UnderBidAutoBid.ResAcceptADV2UnderBid()[pri:0, instance:testcases.C2Dev1139UnderBidAutoBid@6500df86] depends on not successfully finished methods in group &quot;Offer&quot;
... Removed 17 stack frames</pre></div><a href='#' onClick='toggleBox("stack-trace2008746677", this, "Click to show all stack frames", "Click to hide stack frames")'>Click to show all stack frames</a>
<div class='stack-trace' id='stack-trace2008746677'><pre>java.lang.Throwable: Method C2Dev1139UnderBidAutoBid.ResAcceptADV2UnderBid()[pri:0, instance:testcases.C2Dev1139UnderBidAutoBid@6500df86] depends on not successfully finished methods in group &quot;Offer&quot;
	at org.testng.internal.Invoker.invokeTestMethods(Invoker.java:1037)
	at org.testng.internal.TestMethodWorker.invokeTestMethods(TestMethodWorker.java:129)
	at org.testng.internal.TestMethodWorker.run(TestMethodWorker.java:112)
	at org.testng.TestRunner.privateRun(TestRunner.java:782)
	at org.testng.TestRunner.run(TestRunner.java:632)
	at org.testng.SuiteRunner.runTest(SuiteRunner.java:366)
	at org.testng.SuiteRunner.runSequentially(SuiteRunner.java:361)
	at org.testng.SuiteRunner.privateRun(SuiteRunner.java:319)
	at org.testng.SuiteRunner.run(SuiteRunner.java:268)
	at org.testng.SuiteRunnerWorker.runSuite(SuiteRunnerWorker.java:52)
	at org.testng.SuiteRunnerWorker.run(SuiteRunnerWorker.java:86)
	at org.testng.TestNG.runSuitesSequentially(TestNG.java:1244)
	at org.testng.TestNG.runSuitesLocally(TestNG.java:1169)
	at org.testng.TestNG.run(TestNG.java:1064)
	at org.testng.remote.AbstractRemoteTestNG.run(AbstractRemoteTestNG.java:126)
	at org.testng.remote.RemoteTestNG.initAndRun(RemoteTestNG.java:152)
	at org.testng.remote.RemoteTestNG.main(RemoteTestNG.java:57)
</pre></div></td>
<td>0</td>
<td>null</td></tr>
</table><p>
</body>
</html>