<html>
<head>
<title>TestNG:  GRP-D4,D5,D6,D1,D2,D3</title>
<link href="../testng.css" rel="stylesheet" type="text/css" />
<link href="../my-testng.css" rel="stylesheet" type="text/css" />

<style type="text/css">
.log { display: none;} 
.stack-trace { display: none;} 
</style>
<script type="text/javascript">
<!--
function flip(e) {
  current = e.style.display;
  if (current == 'block') {
    e.style.display = 'none';
    return 0;
  }
  else {
    e.style.display = 'block';
    return 1;
  }
}

function toggleBox(szDivId, elem, msg1, msg2)
{
  var res = -1;  if (document.getElementById) {
    res = flip(document.getElementById(szDivId));
  }
  else if (document.all) {
    // this is the way old msie versions work
    res = flip(document.all[szDivId]);
  }
  if(elem) {
    if(res == 0) elem.innerHTML = msg1; else elem.innerHTML = msg2;
  }

}

function toggleAllBoxes() {
  if (document.getElementsByTagName) {
    d = document.getElementsByTagName('div');
    for (i = 0; i < d.length; i++) {
      if (d[i].className == 'log') {
        flip(d[i]);
      }
    }
  }
}

// -->
</script>

</head>
<body>
<h2 align='center'>GRP-D4,D5,D6,D1,D2,D3</h2><table border='1' align="center">
<tr>
<td>Tests passed/Failed/Skipped:</td><td>28/1/5</td>
</tr><tr>
<td>Started on:</td><td>Fri Nov 25 15:31:46 CET 2016</td>
</tr>
<tr><td>Total time:</td><td>779 seconds (779595 ms)</td>
</tr><tr>
<td>Included groups:</td><td>D4 D5 D6 D1 D2 D3 </td>
</tr><tr>
<td>Excluded groups:</td><td></td>
</tr>
</table><p/>
<small><i>(Hover the method name to see the test class name)</i></small><p/>
<table width='100%' border='1' class='invocation-failed'>
<tr><td colspan='4' align='center'><b>FAILED TESTS</b></td></tr>
<tr><td><b>Test method</b></td>
<td width="30%"><b>Exception</b></td>
<td width="10%"><b>Time (seconds)</b></td>
<td><b>Instance</b></td>
</tr>
<tr>
<td title='testcases.D5Dev0000PlusPADV.checkFinalOrderResults()'><b>checkFinalOrderResults</b><br>Test class: testcases.D5Dev0000PlusPADV ()<br>Parameters: 02-12-2016, pkTjkzBuyNow2, CD102VS - Pagina 4-5, pkTjkzADV,  , 2.062,50, Ja, 2.162,50</td>
<td><div><pre>java.lang.AssertionError: The following asserts failed:
	expected [2.162,50] but found [2162,50]
	at testcases.D5Dev0000PlusPADV.checkFinalOrderResults(D5Dev0000PlusPADV.java:109)
... Removed 25 stack frames</pre></div><a href='#' onClick='toggleBox("stack-trace47918293", this, "Click to show all stack frames", "Click to hide stack frames")'>Click to show all stack frames</a>
<div class='stack-trace' id='stack-trace47918293'><pre>java.lang.AssertionError: The following asserts failed:
	expected [2.162,50] but found [2162,50]
	at org.testng.asserts.SoftAssert.assertAll(SoftAssert.java:43)
	at testcases.D5Dev0000PlusPADV.checkFinalOrderResults(D5Dev0000PlusPADV.java:109)
	at sun.reflect.NativeMethodAccessorImpl.invoke0(Native Method)
	at sun.reflect.NativeMethodAccessorImpl.invoke(NativeMethodAccessorImpl.java:62)
	at sun.reflect.DelegatingMethodAccessorImpl.invoke(DelegatingMethodAccessorImpl.java:43)
	at java.lang.reflect.Method.invoke(Method.java:498)
	at org.testng.internal.MethodInvocationHelper.invokeMethod(MethodInvocationHelper.java:86)
	at org.testng.internal.Invoker.invokeMethod(Invoker.java:643)
	at org.testng.internal.Invoker.invokeTestMethod(Invoker.java:820)
	at org.testng.internal.Invoker.invokeTestMethods(Invoker.java:1128)
	at org.testng.internal.TestMethodWorker.invokeTestMethods(TestMethodWorker.java:129)
	at org.testng.internal.TestMethodWorker.run(TestMethodWorker.java:112)
	at org.testng.TestRunner.privateRun(TestRunner.java:782)
	at org.testng.TestRunner.run(TestRunner.java:632)
	at org.testng.SuiteRunner.runTest(SuiteRunner.java:366)
	at org.testng.SuiteRunner.runSequentially(SuiteRunner.java:361)
	at org.testng.SuiteRunner.privateRun(SuiteRunner.java:319)
	at org.testng.SuiteRunner.run(SuiteRunner.java:268)
	at org.testng.SuiteRunnerWorker.runSuite(SuiteRunnerWorker.java:52)
	at org.testng.SuiteRunnerWorker.run(SuiteRunnerWorker.java:86)
	at org.testng.TestNG.runSuitesSequentially(TestNG.java:1244)
	at org.testng.TestNG.runSuitesLocally(TestNG.java:1169)
	at org.testng.TestNG.run(TestNG.java:1064)
	at org.testng.remote.AbstractRemoteTestNG.run(AbstractRemoteTestNG.java:126)
	at org.testng.remote.RemoteTestNG.initAndRun(RemoteTestNG.java:152)
	at org.testng.remote.RemoteTestNG.main(RemoteTestNG.java:57)
</pre></div></td>
<td>0</td>
<td>testcases.D5Dev0000PlusPADV@3c0ecd4b</td></tr>
</table><p>
<table width='100%' border='1' class='invocation-passed'>
<tr><td colspan='4' align='center'><b>PASSED TESTS</b></td></tr>
<tr><td><b>Test method</b></td>
<td width="30%"><b>Exception</b></td>
<td width="10%"><b>Time (seconds)</b></td>
<td><b>Instance</b></td>
</tr>
<tr>
<td title='testcases.D2Dev986ADVBuy.ADBuyMultiple()'><b>ADBuyMultiple</b><br>Test class: testcases.D2Dev986ADVBuy ()</td>
<td></td>
<td>20</td>
<td>testcases.D2Dev986ADVBuy@4cf777e8</td></tr>
<tr>
<td title='testcases.D2Dev986ADVBuy.ADBuyOne()'><b>ADBuyOne</b><br>Test class: testcases.D2Dev986ADVBuy ()</td>
<td></td>
<td>12</td>
<td>testcases.D2Dev986ADVBuy@4cf777e8</td></tr>
<tr>
<td title='testcases.D3Dev1102ADV2BuyDealIDAndBulkDealID.AddInventoriesToMyLots()'><b>AddInventoriesToMyLots</b><br>Test class: testcases.D3Dev1102ADV2BuyDealIDAndBulkDealID ()</td>
<td></td>
<td>46</td>
<td>testcases.D3Dev1102ADV2BuyDealIDAndBulkDealID@7085bdee</td></tr>
<tr>
<td title='testcases.D4Dev1194MBBuyDealIDAndBulkDealID.AddInventoriesToMyLots()'><b>AddInventoriesToMyLots</b><br>Test class: testcases.D4Dev1194MBBuyDealIDAndBulkDealID ()</td>
<td></td>
<td>48</td>
<td>testcases.D4Dev1194MBBuyDealIDAndBulkDealID@14bf9759</td></tr>
<tr>
<td title='testcases.D5Dev0000PlusPADV.AddInventoriesToMyLots()'><b>AddInventoriesToMyLots</b><br>Test class: testcases.D5Dev0000PlusPADV ()</td>
<td></td>
<td>47</td>
<td>testcases.D5Dev0000PlusPADV@3c0ecd4b</td></tr>
<tr>
<td title='testcases.D6Dev0000PlusPMB.AddInventoriesToMyLots()'><b>AddInventoriesToMyLots</b><br>Test class: testcases.D6Dev0000PlusPMB ()</td>
<td></td>
<td>71</td>
<td>testcases.D6Dev0000PlusPMB@4f7d0008</td></tr>
<tr>
<td title='testcases.D2Dev986ADVBuy.AddToMyLots()'><b>AddToMyLots</b><br>Test class: testcases.D2Dev986ADVBuy ()</td>
<td></td>
<td>37</td>
<td>testcases.D2Dev986ADVBuy@4cf777e8</td></tr>
<tr>
<td title='testcases.D5Dev0000PlusPADV.BuySinglePPP()'><b>BuySinglePPP</b><br>Test class: testcases.D5Dev0000PlusPADV ()</td>
<td></td>
<td>23</td>
<td>testcases.D5Dev0000PlusPADV@3c0ecd4b</td></tr>
<tr>
<td title='testcases.D5Dev0000PlusPADV.MBGetOrderOverview()'><b>MBGetOrderOverview</b><br>Test class: testcases.D5Dev0000PlusPADV ()</td>
<td></td>
<td>16</td>
<td>testcases.D5Dev0000PlusPADV@3c0ecd4b</td></tr>
<tr>
<td title='testcases.D1Dev1101MBBuyCheckOrders.SelectCmpBuyOne()'><b>SelectCmpBuyOne</b><br>Test class: testcases.D1Dev1101MBBuyCheckOrders ()<br>Parameters: pkTjkzADV-Campaign, pkTjkzBuyNow, CD101V, 01-12-2016, CD101V - Cover 2, 1.575,00</td>
<td></td>
<td>52</td>
<td>testcases.D1Dev1101MBBuyCheckOrders@2f686d1f</td></tr>
<tr>
<td title='testcases.D1Dev1101MBBuyCheckOrders.SelectCmpBuyTwoTogether()'><b>SelectCmpBuyTwoTogether</b><br>Test class: testcases.D1Dev1101MBBuyCheckOrders ()<br>Parameters: pkTjkzADV2-Campaign, pkTjkzBuyNow2, CD101V, CD102VS, 01-12-2016, CD101V - Pagina 2, CD102VS - Pagina 3</td>
<td></td>
<td>67</td>
<td>testcases.D1Dev1101MBBuyCheckOrders@2f686d1f</td></tr>
<tr>
<td title='testcases.D3Dev1102ADV2BuyDealIDAndBulkDealID.SetBulkDealIdAndBuy()'><b>SetBulkDealIdAndBuy</b><br>Test class: testcases.D3Dev1102ADV2BuyDealIDAndBulkDealID ()</td>
<td></td>
<td>35</td>
<td>testcases.D3Dev1102ADV2BuyDealIDAndBulkDealID@7085bdee</td></tr>
<tr>
<td title='testcases.D4Dev1194MBBuyDealIDAndBulkDealID.SetBulkDealIdAndBuyAndGetOrderOverview()'><b>SetBulkDealIdAndBuyAndGetOrderOverview</b><br>Test class: testcases.D4Dev1194MBBuyDealIDAndBulkDealID ()</td>
<td></td>
<td>51</td>
<td>testcases.D4Dev1194MBBuyDealIDAndBulkDealID@14bf9759</td></tr>
<tr>
<td title='testcases.D3Dev1102ADV2BuyDealIDAndBulkDealID.SetSingleDealIdAndBuy()'><b>SetSingleDealIdAndBuy</b><br>Test class: testcases.D3Dev1102ADV2BuyDealIDAndBulkDealID ()</td>
<td></td>
<td>20</td>
<td>testcases.D3Dev1102ADV2BuyDealIDAndBulkDealID@7085bdee</td></tr>
<tr>
<td title='testcases.D4Dev1194MBBuyDealIDAndBulkDealID.SetSingleDealIdAndBuy()'><b>SetSingleDealIdAndBuy</b><br>Test class: testcases.D4Dev1194MBBuyDealIDAndBulkDealID ()</td>
<td></td>
<td>23</td>
<td>testcases.D4Dev1194MBBuyDealIDAndBulkDealID@14bf9759</td></tr>
<tr>
<td title='testcases.D4Dev1194MBBuyDealIDAndBulkDealID.campaignMultipleBuyGetOrderOverview()'><b>campaignMultipleBuyGetOrderOverview</b><br>Test class: testcases.D4Dev1194MBBuyDealIDAndBulkDealID ()</td>
<td></td>
<td>22</td>
<td>testcases.D4Dev1194MBBuyDealIDAndBulkDealID@14bf9759</td></tr>
<tr>
<td title='testcases.D4Dev1194MBBuyDealIDAndBulkDealID.checkFinalOrderResults()'><b>checkFinalOrderResults</b><br>Test class: testcases.D4Dev1194MBBuyDealIDAndBulkDealID ()<br>Parameters: 02-12-2016, pkTjkzBuyNow, CD102VL - Cover 3, pkTjkzADV, pkTjkzADV-Campaign, 2.160,00, Nee, 0,00</td>
<td></td>
<td>0</td>
<td>testcases.D4Dev1194MBBuyDealIDAndBulkDealID@14bf9759</td></tr>
<tr>
<td title='testcases.D4Dev1194MBBuyDealIDAndBulkDealID.checkFinalOrderResults()'><b>checkFinalOrderResults</b><br>Test class: testcases.D4Dev1194MBBuyDealIDAndBulkDealID ()<br>Parameters: 02-12-2016, pkTjkzBuyNow, CD102VS - Cover 3, pkTjkzADV, pkTjkzADV-Campaign, 2.592,00, Nee, 0,00</td>
<td></td>
<td>0</td>
<td>testcases.D4Dev1194MBBuyDealIDAndBulkDealID@14bf9759</td></tr>
<tr>
<td title='testcases.D4Dev1194MBBuyDealIDAndBulkDealID.checkOrderResults()'><b>checkOrderResults</b><br>Test class: testcases.D4Dev1194MBBuyDealIDAndBulkDealID ()<br>Parameters: 02-12-2016, pkTjkzBuyNow, CD102VS - Cover 2, pkTjkzADV, pkTjkzADV-Campaign, , Nee, 0,00</td>
<td></td>
<td>0</td>
<td>testcases.D4Dev1194MBBuyDealIDAndBulkDealID@14bf9759</td></tr>
<tr>
<td title='testcases.D4Dev1194MBBuyDealIDAndBulkDealID.checkOrderResults()'><b>checkOrderResults</b><br>Test class: testcases.D4Dev1194MBBuyDealIDAndBulkDealID ()<br>Parameters: 02-12-2016, pkTjkzBuyNow, CD102VL - Cover 3, pkTjkzADV, pkTjkzADV-Campaign, , Nee, 0,00</td>
<td></td>
<td>0</td>
<td>testcases.D4Dev1194MBBuyDealIDAndBulkDealID@14bf9759</td></tr>
<tr>
<td title='testcases.D4Dev1194MBBuyDealIDAndBulkDealID.checkOrderResults()'><b>checkOrderResults</b><br>Test class: testcases.D4Dev1194MBBuyDealIDAndBulkDealID ()<br>Parameters: 02-12-2016, pkTjkzBuyNow, CD102VS - Cover 3, pkTjkzADV, pkTjkzADV-Campaign, , Nee, 0,00</td>
<td></td>
<td>0</td>
<td>testcases.D4Dev1194MBBuyDealIDAndBulkDealID@14bf9759</td></tr>
<tr>
<td title='testcases.D1Dev1101MBBuyCheckOrders.checkOrderValue()'><b>checkOrderValue</b><br>Test class: testcases.D1Dev1101MBBuyCheckOrders ()<br>Parameters: 01-12-2016, pkTjkzBuyNow, CD101V - Cover 2, pkTjkzADV, pkTjkzADV-Campaign, 1.575,00, Nee, 0,00</td>
<td></td>
<td>0</td>
<td>testcases.D1Dev1101MBBuyCheckOrders@2f686d1f</td></tr>
<tr>
<td title='testcases.D1Dev1101MBBuyCheckOrders.checkOrderValue()'><b>checkOrderValue</b><br>Test class: testcases.D1Dev1101MBBuyCheckOrders ()<br>Parameters: 01-12-2016, pkTjkzBuyNow2, CD102VS - Pagina 3, pkTjkzADV2, pkTjkzADV2-Campaign, 2.062,50, Nee, 0,00</td>
<td></td>
<td>0</td>
<td>testcases.D1Dev1101MBBuyCheckOrders@2f686d1f</td></tr>
<tr>
<td title='testcases.D1Dev1101MBBuyCheckOrders.checkOrderValue()'><b>checkOrderValue</b><br>Test class: testcases.D1Dev1101MBBuyCheckOrders ()<br>Parameters: 01-12-2016, pkTjkzBuyNow2, CD101V - Pagina 2, pkTjkzADV2, pkTjkzADV2-Campaign, 4.125,00, Nee, 0,00</td>
<td></td>
<td>0</td>
<td>testcases.D1Dev1101MBBuyCheckOrders@2f686d1f</td></tr>
<tr>
<td title='testcases.D1Dev1101MBBuyCheckOrders.compareOrdersPubSideAndMBSide()'><b>compareOrdersPubSideAndMBSide</b><br>Test class: testcases.D1Dev1101MBBuyCheckOrders ()</td>
<td></td>
<td>0</td>
<td>testcases.D1Dev1101MBBuyCheckOrders@2f686d1f</td></tr>
<tr>
<td title='testcases.D1Dev1101MBBuyCheckOrders.fatchOrders()'><b>fatchOrders</b><br>Test class: testcases.D1Dev1101MBBuyCheckOrders ()</td>
<td></td>
<td>42</td>
<td>testcases.D1Dev1101MBBuyCheckOrders@2f686d1f</td></tr>
<tr>
<td title='testcases.D5Dev0000PlusPADV.setPPPricesByPublisher()'><b>setPPPricesByPublisher</b><br>Test class: testcases.D5Dev0000PlusPADV ()</td>
<td></td>
<td>32</td>
<td>testcases.D5Dev0000PlusPADV@3c0ecd4b</td></tr>
<tr>
<td title='testcases.D4Dev1194MBBuyDealIDAndBulkDealID.setPricesByPublisher()'><b>setPricesByPublisher</b><br>Test class: testcases.D4Dev1194MBBuyDealIDAndBulkDealID ()</td>
<td></td>
<td>44</td>
<td>testcases.D4Dev1194MBBuyDealIDAndBulkDealID@14bf9759</td></tr>
</table><p>
<table width='100%' border='1' class='invocation-skipped'>
<tr><td colspan='4' align='center'><b>SKIPPED TESTS</b></td></tr>
<tr><td><b>Test method</b></td>
<td width="30%"><b>Exception</b></td>
<td width="10%"><b>Time (seconds)</b></td>
<td><b>Instance</b></td>
</tr>
<tr>
<td title='testcases.D6Dev0000PlusPMB.BuyMultiplePPPAndBuyAndGetOrderOverview()'><b>BuyMultiplePPPAndBuyAndGetOrderOverview</b><br>Test class: testcases.D6Dev0000PlusPMB ()</td>
<td><div><pre>java.lang.Throwable: Method D6Dev0000PlusPMB.BuyMultiplePPPAndBuyAndGetOrderOverview()[pri:0, instance:testcases.D6Dev0000PlusPMB@4f7d0008] depends on not successfully finished methods in group &quot;D5&quot;
... Removed 17 stack frames</pre></div><a href='#' onClick='toggleBox("stack-trace203472514", this, "Click to show all stack frames", "Click to hide stack frames")'>Click to show all stack frames</a>
<div class='stack-trace' id='stack-trace203472514'><pre>java.lang.Throwable: Method D6Dev0000PlusPMB.BuyMultiplePPPAndBuyAndGetOrderOverview()[pri:0, instance:testcases.D6Dev0000PlusPMB@4f7d0008] depends on not successfully finished methods in group &quot;D5&quot;
	at org.testng.internal.Invoker.invokeTestMethods(Invoker.java:1037)
	at org.testng.internal.TestMethodWorker.invokeTestMethods(TestMethodWorker.java:129)
	at org.testng.internal.TestMethodWorker.run(TestMethodWorker.java:112)
	at org.testng.TestRunner.privateRun(TestRunner.java:782)
	at org.testng.TestRunner.run(TestRunner.java:632)
	at org.testng.SuiteRunner.runTest(SuiteRunner.java:366)
	at org.testng.SuiteRunner.runSequentially(SuiteRunner.java:361)
	at org.testng.SuiteRunner.privateRun(SuiteRunner.java:319)
	at org.testng.SuiteRunner.run(SuiteRunner.java:268)
	at org.testng.SuiteRunnerWorker.runSuite(SuiteRunnerWorker.java:52)
	at org.testng.SuiteRunnerWorker.run(SuiteRunnerWorker.java:86)
	at org.testng.TestNG.runSuitesSequentially(TestNG.java:1244)
	at org.testng.TestNG.runSuitesLocally(TestNG.java:1169)
	at org.testng.TestNG.run(TestNG.java:1064)
	at org.testng.remote.AbstractRemoteTestNG.run(AbstractRemoteTestNG.java:126)
	at org.testng.remote.RemoteTestNG.initAndRun(RemoteTestNG.java:152)
	at org.testng.remote.RemoteTestNG.main(RemoteTestNG.java:57)
</pre></div></td>
<td>0</td>
<td>null</td></tr>
<tr>
<td title='testcases.D6Dev0000PlusPMB.BuySinglePPP()'><b>BuySinglePPP</b><br>Test class: testcases.D6Dev0000PlusPMB ()</td>
<td><div><pre>java.lang.Throwable: Method D6Dev0000PlusPMB.BuySinglePPP()[pri:0, instance:testcases.D6Dev0000PlusPMB@4f7d0008] depends on not successfully finished methods in group &quot;D5&quot;
... Removed 17 stack frames</pre></div><a href='#' onClick='toggleBox("stack-trace428245792", this, "Click to show all stack frames", "Click to hide stack frames")'>Click to show all stack frames</a>
<div class='stack-trace' id='stack-trace428245792'><pre>java.lang.Throwable: Method D6Dev0000PlusPMB.BuySinglePPP()[pri:0, instance:testcases.D6Dev0000PlusPMB@4f7d0008] depends on not successfully finished methods in group &quot;D5&quot;
	at org.testng.internal.Invoker.invokeTestMethods(Invoker.java:1037)
	at org.testng.internal.TestMethodWorker.invokeTestMethods(TestMethodWorker.java:129)
	at org.testng.internal.TestMethodWorker.run(TestMethodWorker.java:112)
	at org.testng.TestRunner.privateRun(TestRunner.java:782)
	at org.testng.TestRunner.run(TestRunner.java:632)
	at org.testng.SuiteRunner.runTest(SuiteRunner.java:366)
	at org.testng.SuiteRunner.runSequentially(SuiteRunner.java:361)
	at org.testng.SuiteRunner.privateRun(SuiteRunner.java:319)
	at org.testng.SuiteRunner.run(SuiteRunner.java:268)
	at org.testng.SuiteRunnerWorker.runSuite(SuiteRunnerWorker.java:52)
	at org.testng.SuiteRunnerWorker.run(SuiteRunnerWorker.java:86)
	at org.testng.TestNG.runSuitesSequentially(TestNG.java:1244)
	at org.testng.TestNG.runSuitesLocally(TestNG.java:1169)
	at org.testng.TestNG.run(TestNG.java:1064)
	at org.testng.remote.AbstractRemoteTestNG.run(AbstractRemoteTestNG.java:126)
	at org.testng.remote.RemoteTestNG.initAndRun(RemoteTestNG.java:152)
	at org.testng.remote.RemoteTestNG.main(RemoteTestNG.java:57)
</pre></div></td>
<td>0</td>
<td>null</td></tr>
<tr>
<td title='testcases.D6Dev0000PlusPMB.MBGetOrderOverview()'><b>MBGetOrderOverview</b><br>Test class: testcases.D6Dev0000PlusPMB ()</td>
<td><div><pre>java.lang.Throwable: Method D6Dev0000PlusPMB.MBGetOrderOverview()[pri:0, instance:testcases.D6Dev0000PlusPMB@4f7d0008] depends on not successfully finished methods in group &quot;D5&quot;
... Removed 17 stack frames</pre></div><a href='#' onClick='toggleBox("stack-trace1647243882", this, "Click to show all stack frames", "Click to hide stack frames")'>Click to show all stack frames</a>
<div class='stack-trace' id='stack-trace1647243882'><pre>java.lang.Throwable: Method D6Dev0000PlusPMB.MBGetOrderOverview()[pri:0, instance:testcases.D6Dev0000PlusPMB@4f7d0008] depends on not successfully finished methods in group &quot;D5&quot;
	at org.testng.internal.Invoker.invokeTestMethods(Invoker.java:1037)
	at org.testng.internal.TestMethodWorker.invokeTestMethods(TestMethodWorker.java:129)
	at org.testng.internal.TestMethodWorker.run(TestMethodWorker.java:112)
	at org.testng.TestRunner.privateRun(TestRunner.java:782)
	at org.testng.TestRunner.run(TestRunner.java:632)
	at org.testng.SuiteRunner.runTest(SuiteRunner.java:366)
	at org.testng.SuiteRunner.runSequentially(SuiteRunner.java:361)
	at org.testng.SuiteRunner.privateRun(SuiteRunner.java:319)
	at org.testng.SuiteRunner.run(SuiteRunner.java:268)
	at org.testng.SuiteRunnerWorker.runSuite(SuiteRunnerWorker.java:52)
	at org.testng.SuiteRunnerWorker.run(SuiteRunnerWorker.java:86)
	at org.testng.TestNG.runSuitesSequentially(TestNG.java:1244)
	at org.testng.TestNG.runSuitesLocally(TestNG.java:1169)
	at org.testng.TestNG.run(TestNG.java:1064)
	at org.testng.remote.AbstractRemoteTestNG.run(AbstractRemoteTestNG.java:126)
	at org.testng.remote.RemoteTestNG.initAndRun(RemoteTestNG.java:152)
	at org.testng.remote.RemoteTestNG.main(RemoteTestNG.java:57)
</pre></div></td>
<td>0</td>
<td>null</td></tr>
<tr>
<td title='testcases.D6Dev0000PlusPMB.checkFinalOrderResults()'><b>checkFinalOrderResults</b><br>Test class: testcases.D6Dev0000PlusPMB ()</td>
<td><div><pre>java.lang.Throwable: Method D6Dev0000PlusPMB.checkFinalOrderResults(java.lang.String, java.lang.String, java.lang.String, java.lang.String, java.lang.String, java.lang.String, java.lang.String, java.lang.String)[pri:0, instance:testcases.D6Dev0000PlusPMB@4f7d0008] depends on not successfully finished methods in group &quot;D5&quot;
... Removed 17 stack frames</pre></div><a href='#' onClick='toggleBox("stack-trace1599566873", this, "Click to show all stack frames", "Click to hide stack frames")'>Click to show all stack frames</a>
<div class='stack-trace' id='stack-trace1599566873'><pre>java.lang.Throwable: Method D6Dev0000PlusPMB.checkFinalOrderResults(java.lang.String, java.lang.String, java.lang.String, java.lang.String, java.lang.String, java.lang.String, java.lang.String, java.lang.String)[pri:0, instance:testcases.D6Dev0000PlusPMB@4f7d0008] depends on not successfully finished methods in group &quot;D5&quot;
	at org.testng.internal.Invoker.invokeTestMethods(Invoker.java:1037)
	at org.testng.internal.TestMethodWorker.invokeTestMethods(TestMethodWorker.java:129)
	at org.testng.internal.TestMethodWorker.run(TestMethodWorker.java:112)
	at org.testng.TestRunner.privateRun(TestRunner.java:782)
	at org.testng.TestRunner.run(TestRunner.java:632)
	at org.testng.SuiteRunner.runTest(SuiteRunner.java:366)
	at org.testng.SuiteRunner.runSequentially(SuiteRunner.java:361)
	at org.testng.SuiteRunner.privateRun(SuiteRunner.java:319)
	at org.testng.SuiteRunner.run(SuiteRunner.java:268)
	at org.testng.SuiteRunnerWorker.runSuite(SuiteRunnerWorker.java:52)
	at org.testng.SuiteRunnerWorker.run(SuiteRunnerWorker.java:86)
	at org.testng.TestNG.runSuitesSequentially(TestNG.java:1244)
	at org.testng.TestNG.runSuitesLocally(TestNG.java:1169)
	at org.testng.TestNG.run(TestNG.java:1064)
	at org.testng.remote.AbstractRemoteTestNG.run(AbstractRemoteTestNG.java:126)
	at org.testng.remote.RemoteTestNG.initAndRun(RemoteTestNG.java:152)
	at org.testng.remote.RemoteTestNG.main(RemoteTestNG.java:57)
</pre></div></td>
<td>0</td>
<td>null</td></tr>
<tr>
<td title='testcases.D6Dev0000PlusPMB.setPPPricesByPublisher()'><b>setPPPricesByPublisher</b><br>Test class: testcases.D6Dev0000PlusPMB ()</td>
<td><div><pre>java.lang.Throwable: Method D6Dev0000PlusPMB.setPPPricesByPublisher()[pri:0, instance:testcases.D6Dev0000PlusPMB@4f7d0008] depends on not successfully finished methods in group &quot;D5&quot;
... Removed 17 stack frames</pre></div><a href='#' onClick='toggleBox("stack-trace1056185446", this, "Click to show all stack frames", "Click to hide stack frames")'>Click to show all stack frames</a>
<div class='stack-trace' id='stack-trace1056185446'><pre>java.lang.Throwable: Method D6Dev0000PlusPMB.setPPPricesByPublisher()[pri:0, instance:testcases.D6Dev0000PlusPMB@4f7d0008] depends on not successfully finished methods in group &quot;D5&quot;
	at org.testng.internal.Invoker.invokeTestMethods(Invoker.java:1037)
	at org.testng.internal.TestMethodWorker.invokeTestMethods(TestMethodWorker.java:129)
	at org.testng.internal.TestMethodWorker.run(TestMethodWorker.java:112)
	at org.testng.TestRunner.privateRun(TestRunner.java:782)
	at org.testng.TestRunner.run(TestRunner.java:632)
	at org.testng.SuiteRunner.runTest(SuiteRunner.java:366)
	at org.testng.SuiteRunner.runSequentially(SuiteRunner.java:361)
	at org.testng.SuiteRunner.privateRun(SuiteRunner.java:319)
	at org.testng.SuiteRunner.run(SuiteRunner.java:268)
	at org.testng.SuiteRunnerWorker.runSuite(SuiteRunnerWorker.java:52)
	at org.testng.SuiteRunnerWorker.run(SuiteRunnerWorker.java:86)
	at org.testng.TestNG.runSuitesSequentially(TestNG.java:1244)
	at org.testng.TestNG.runSuitesLocally(TestNG.java:1169)
	at org.testng.TestNG.run(TestNG.java:1064)
	at org.testng.remote.AbstractRemoteTestNG.run(AbstractRemoteTestNG.java:126)
	at org.testng.remote.RemoteTestNG.initAndRun(RemoteTestNG.java:152)
	at org.testng.remote.RemoteTestNG.main(RemoteTestNG.java:57)
</pre></div></td>
<td>0</td>
<td>null</td></tr>
</table><p>
</body>
</html>