<html>
<head>
<title>TestNG:  GRP-Offer,Buy,Option,CheckOrder,Bid,UnderBid</title>
<link href="../testng.css" rel="stylesheet" type="text/css" />
<link href="../my-testng.css" rel="stylesheet" type="text/css" />

<style type="text/css">
.log { display: none;} 
.stack-trace { display: none;} 
</style>
<script type="text/javascript">
<!--
function flip(e) {
  current = e.style.display;
  if (current == 'block') {
    e.style.display = 'none';
    return 0;
  }
  else {
    e.style.display = 'block';
    return 1;
  }
}

function toggleBox(szDivId, elem, msg1, msg2)
{
  var res = -1;  if (document.getElementById) {
    res = flip(document.getElementById(szDivId));
  }
  else if (document.all) {
    // this is the way old msie versions work
    res = flip(document.all[szDivId]);
  }
  if(elem) {
    if(res == 0) elem.innerHTML = msg1; else elem.innerHTML = msg2;
  }

}

function toggleAllBoxes() {
  if (document.getElementsByTagName) {
    d = document.getElementsByTagName('div');
    for (i = 0; i < d.length; i++) {
      if (d[i].className == 'log') {
        flip(d[i]);
      }
    }
  }
}

// -->
</script>

</head>
<body>
<h2 align='center'>GRP-Offer,Buy,Option,CheckOrder,Bid,UnderBid</h2><table border='1' align="center">
<tr>
<td>Tests passed/Failed/Skipped:</td><td>29/3/1</td>
</tr><tr>
<td>Started on:</td><td>Fri Sep 23 11:40:20 CEST 2016</td>
</tr>
<tr><td>Total time:</td><td>1466 seconds (1466859 ms)</td>
</tr><tr>
<td>Included groups:</td><td>Offer Buy Option CheckOrder Bid UnderBid </td>
</tr><tr>
<td>Excluded groups:</td><td></td>
</tr>
</table><p/>
<small><i>(Hover the method name to see the test class name)</i></small><p/>
<table width='100%' border='1' class='invocation-failed'>
<tr><td colspan='4' align='center'><b>FAILED TESTS</b></td></tr>
<tr><td><b>Test method</b></td>
<td width="30%"><b>Exception</b></td>
<td width="10%"><b>Time (seconds)</b></td>
<td><b>Instance</b></td>
</tr>
<tr>
<td title='testcases.C2Dev1139UnderBidAutoBid.ADVCanBid()'><b>ADVCanBid</b><br>Test class: testcases.C2Dev1139UnderBidAutoBid ()</td>
<td><div><pre>org.openqa.selenium.TimeoutException: Timed out after 60 seconds waiting for visibility of element located by By.xpath: //tr//*[contains(text(), &apos;CD101V - Cover 3&apos;)]/ancestor::table[contains(@class, &apos;mx-name-table6&apos;)]/tbody/tr[1]/td[1]
Build info: version: &apos;2.53.1&apos;, revision: &apos;a36b8b1cd5757287168e54b817830adce9b0158d&apos;, time: &apos;2016-06-30 19:26:09&apos;
System info: host: &apos;mbpro-dejuan.local&apos;, ip: &apos;10.34.6.211&apos;, os.name: &apos;Mac OS X&apos;, os.arch: &apos;x86_64&apos;, os.version: &apos;10.11.6&apos;, java.version: &apos;1.8.0_91&apos;
Driver info: org.openqa.selenium.firefox.FirefoxDriver
Capabilities [{applicationCacheEnabled=true, rotatable=false, handlesAlerts=true, databaseEnabled=true, version=47.0.1, platform=MAC, nativeEvents=false, acceptSslCerts=true, webStorageEnabled=true, locationContextEnabled=true, browserName=firefox, takesScreenshot=true, javascriptEnabled=true, cssSelectorsEnabled=true}]
Session ID: ba122e37-a12c-ce48-aee8-e677d3455f1e
	at org.openqa.selenium.support.ui.WebDriverWait.timeoutException(WebDriverWait.java:80)
	at org.openqa.selenium.support.ui.FluentWait.until(FluentWait.java:261)
	at toplevel.Helper.FindElement(Helper.java:219)
	at toplevel.Top.ClickButton(Top.java:104)
	at advertiser.Mylots.SelectALot(Mylots.java:44)
	at testcases.C2Dev1139UnderBidAutoBid.ADVCanBid(C2Dev1139UnderBidAutoBid.java:113)
	at sun.reflect.NativeMethodAccessorImpl.invoke0(Native Method)
	at sun.reflect.NativeMethodAccessorImpl.invoke(NativeMethodAccessorImpl.java:62)
	at sun.reflect.DelegatingMethodAccessorImpl.invoke(DelegatingMethodAccessorImpl.java:43)
	at java.lang.reflect.Method.invoke(Method.java:498)
	at org.testng.internal.MethodInvocationHelper.invokeMethod(MethodInvocationHelper.java:86)
	at org.testng.internal.Invoker.invokeMethod(Invoker.java:643)
	at org.testng.internal.Invoker.invokeTestMethod(Invoker.java:820)
	at org.testng.internal.Invoker.invokeTestMethods(Invoker.java:1128)
	at org.testng.internal.TestMethodWorker.invokeTestMethods(TestMethodWorker.java:129)
	at org.testng.internal.TestMethodWorker.run(TestMethodWorker.java:112)
	at org.testng.TestRunner.privateRun(TestRunner.java:782)
	at org.testng.TestRunner.run(TestRunner.java:632)
	at org.testng.SuiteRunner.runTest(SuiteRunner.java:366)
	at org.testng.SuiteRunner.runSequentially(SuiteRunner.java:361)
	at org.testng.SuiteRunner.privateRun(SuiteRunner.java:319)
	at org.testng.SuiteRunner.run(SuiteRunner.java:268)
	at org.testng.SuiteRunnerWorker.runSuite(SuiteRunnerWorker.java:52)
	at org.testng.SuiteRunnerWorker.run(SuiteRunnerWorker.java:86)
	at org.testng.TestNG.runSuitesSequentially(TestNG.java:1244)
	at org.testng.TestNG.runSuitesLocally(TestNG.java:1169)
	at org.testng.TestNG.run(TestNG.java:1064)
	at org.testng.remote.AbstractRemoteTestNG.run(AbstractRemoteTestNG.java:126)
	at org.testng.remote.RemoteTestNG.initAndRun(RemoteTestNG.java:152)
	at org.testng.remote.RemoteTestNG.main(RemoteTestNG.java:57)
Caused by: org.openqa.selenium.NoSuchElementException: Unable to locate element: {&quot;method&quot;:&quot;xpath&quot;,&quot;selector&quot;:&quot;//tr//*[contains(text(), &apos;CD101V - Cover 3&apos;)]/ancestor::table[contains(@class, &apos;mx-name-table6&apos;)]/tbody/tr[1]/td[1]&quot;}
Command duration or timeout: 23 milliseconds
For documentation on this error, please visit: http://seleniumhq.org/exceptions/no_such_element.html
Build info: version: &apos;2.53.1&apos;, revision: &apos;a36b8b1cd5757287168e54b817830adce9b0158d&apos;, time: &apos;2016-06-30 19:26:09&apos;
System info: host: &apos;mbpro-dejuan.local&apos;, ip: &apos;10.34.6.211&apos;, os.name: &apos;Mac OS X&apos;, os.arch: &apos;x86_64&apos;, os.version: &apos;10.11.6&apos;, java.version: &apos;1.8.0_91&apos;
Driver info: org.openqa.selenium.firefox.FirefoxDriver
Capabilities [{applicationCacheEnabled=true, rotatable=false, handlesAlerts=true, databaseEnabled=true, version=47.0.1, platform=MAC, nativeEvents=false, acceptSslCerts=true, webStorageEnabled=true, locationContextEnabled=true, browserName=firefox, takesScreenshot=true, javascriptEnabled=true, cssSelectorsEnabled=true}]
Session ID: ba122e37-a12c-ce48-aee8-e677d3455f1e
*** Element info: {Using=xpath, value=//tr//*[contains(text(), &apos;CD101V - Cover 3&apos;)]/ancestor::table[contains(@class, &apos;mx-name-table6&apos;)]/tbody/tr[1]/td[1]}
	at sun.reflect.GeneratedConstructorAccessor14.newInstance(Unknown Source)
	at sun.reflect.DelegatingConstructorAccessorImpl.newInstance(DelegatingConstructorAccessorImpl.java:45)
	at java.lang.reflect.Constructor.newInstance(Constructor.java:423)
	at org.openqa.selenium.remote.ErrorHandler.createThrowable(ErrorHandler.java:206)
	at org.openqa.selenium.remote.ErrorHandler.throwIfResponseFailed(ErrorHandler.java:158)
	at org.openqa.selenium.remote.RemoteWebDriver.execute(RemoteWebDriver.java:678)
	at org.openqa.selenium.remote.RemoteWebDriver.findElement(RemoteWebDriver.java:363)
	at org.openqa.selenium.remote.RemoteWebDriver.findElementByXPath(RemoteWebDriver.java:500)
	at org.openqa.selenium.By$ByXPath.findElement(By.java:361)
	at org.openqa.selenium.remote.RemoteWebDriver.findElement(RemoteWebDriver.java:355)
	at org.openqa.selenium.support.ui.ExpectedConditions.findElement(ExpectedConditions.java:899)
	at org.openqa.selenium.support.ui.ExpectedConditions.access$000(ExpectedConditions.java:41)
	at org.openqa.selenium.support.ui.ExpectedConditions$7.apply(ExpectedConditions.java:205)
	at org.openqa.selenium.support.ui.ExpectedConditions$7.apply(ExpectedConditions.java:201)
	at org.openqa.selenium.support.ui.FluentWait.until(FluentWait.java:238)
	... 28 more
Caused by: org.openqa.selenium.NoSuchElementException: Unable to locate element: {&quot;method&quot;:&quot;xpath&quot;,&quot;selector&quot;:&quot;//tr//*[contains(text(), &apos;CD101V - Cover 3&apos;)]/ancestor::table[contains(@class, &apos;mx-name-table6&apos;)]/tbody/tr[1]/td[1]&quot;}
For documentation on this error, please visit: http://seleniumhq.org/exceptions/no_such_element.html
Build info: version: &apos;2.53.1&apos;, revision: &apos;a36b8b1cd5757287168e54b817830adce9b0158d&apos;, time: &apos;2016-06-30 19:26:09&apos;
System info: host: &apos;mbpro-dejuan.local&apos;, ip: &apos;10.34.6.211&apos;, os.name: &apos;Mac OS X&apos;, os.arch: &apos;x86_64&apos;, os.version: &apos;10.11.6&apos;, java.version: &apos;1.8.0_91&apos;
Driver info: driver.version: unknown
	at &lt;anonymous class&gt;.FirefoxDriver.prototype.findElementInternal_(file:///var/folders/wr/g92p1f_s6c34hxrt50h3c8jc0000gn/T/anonymous3047484895127481743webdriver-profile/extensions/fxdriver@googlecode.com/components/driver-component.js:10770)
	at &lt;anonymous class&gt;.FirefoxDriver.prototype.findElement(file:///var/folders/wr/g92p1f_s6c34hxrt50h3c8jc0000gn/T/anonymous3047484895127481743webdriver-profile/extensions/fxdriver@googlecode.com/components/driver-component.js:10779)
	at &lt;anonymous class&gt;.DelayedCommand.prototype.executeInternal_/h(file:///var/folders/wr/g92p1f_s6c34hxrt50h3c8jc0000gn/T/anonymous3047484895127481743webdriver-profile/extensions/fxdriver@googlecode.com/components/command-processor.js:12661)
	at &lt;anonymous class&gt;.DelayedCommand.prototype.executeInternal_(file:///var/folders/wr/g92p1f_s6c34hxrt50h3c8jc0000gn/T/anonymous3047484895127481743webdriver-profile/extensions/fxdriver@googlecode.com/components/command-processor.js:12666)
	at &lt;anonymous class&gt;.DelayedCommand.prototype.execute/&lt;(file:///var/folders/wr/g92p1f_s6c34hxrt50h3c8jc0000gn/T/anonymous3047484895127481743webdriver-profile/extensions/fxdriver@googlecode.com/components/command-processor.js:12608)
</pre></div><a href='#' onClick='toggleBox("stack-trace2090894907", this, "Click to show all stack frames", "Click to hide stack frames")'>Click to show all stack frames</a>
<div class='stack-trace' id='stack-trace2090894907'><pre>org.openqa.selenium.TimeoutException: Timed out after 60 seconds waiting for visibility of element located by By.xpath: //tr//*[contains(text(), &apos;CD101V - Cover 3&apos;)]/ancestor::table[contains(@class, &apos;mx-name-table6&apos;)]/tbody/tr[1]/td[1]
Build info: version: &apos;2.53.1&apos;, revision: &apos;a36b8b1cd5757287168e54b817830adce9b0158d&apos;, time: &apos;2016-06-30 19:26:09&apos;
System info: host: &apos;mbpro-dejuan.local&apos;, ip: &apos;10.34.6.211&apos;, os.name: &apos;Mac OS X&apos;, os.arch: &apos;x86_64&apos;, os.version: &apos;10.11.6&apos;, java.version: &apos;1.8.0_91&apos;
Driver info: org.openqa.selenium.firefox.FirefoxDriver
Capabilities [{applicationCacheEnabled=true, rotatable=false, handlesAlerts=true, databaseEnabled=true, version=47.0.1, platform=MAC, nativeEvents=false, acceptSslCerts=true, webStorageEnabled=true, locationContextEnabled=true, browserName=firefox, takesScreenshot=true, javascriptEnabled=true, cssSelectorsEnabled=true}]
Session ID: ba122e37-a12c-ce48-aee8-e677d3455f1e
	at org.openqa.selenium.support.ui.WebDriverWait.timeoutException(WebDriverWait.java:80)
	at org.openqa.selenium.support.ui.FluentWait.until(FluentWait.java:261)
	at toplevel.Helper.FindElement(Helper.java:219)
	at toplevel.Top.ClickButton(Top.java:104)
	at advertiser.Mylots.SelectALot(Mylots.java:44)
	at testcases.C2Dev1139UnderBidAutoBid.ADVCanBid(C2Dev1139UnderBidAutoBid.java:113)
	at sun.reflect.NativeMethodAccessorImpl.invoke0(Native Method)
	at sun.reflect.NativeMethodAccessorImpl.invoke(NativeMethodAccessorImpl.java:62)
	at sun.reflect.DelegatingMethodAccessorImpl.invoke(DelegatingMethodAccessorImpl.java:43)
	at java.lang.reflect.Method.invoke(Method.java:498)
	at org.testng.internal.MethodInvocationHelper.invokeMethod(MethodInvocationHelper.java:86)
	at org.testng.internal.Invoker.invokeMethod(Invoker.java:643)
	at org.testng.internal.Invoker.invokeTestMethod(Invoker.java:820)
	at org.testng.internal.Invoker.invokeTestMethods(Invoker.java:1128)
	at org.testng.internal.TestMethodWorker.invokeTestMethods(TestMethodWorker.java:129)
	at org.testng.internal.TestMethodWorker.run(TestMethodWorker.java:112)
	at org.testng.TestRunner.privateRun(TestRunner.java:782)
	at org.testng.TestRunner.run(TestRunner.java:632)
	at org.testng.SuiteRunner.runTest(SuiteRunner.java:366)
	at org.testng.SuiteRunner.runSequentially(SuiteRunner.java:361)
	at org.testng.SuiteRunner.privateRun(SuiteRunner.java:319)
	at org.testng.SuiteRunner.run(SuiteRunner.java:268)
	at org.testng.SuiteRunnerWorker.runSuite(SuiteRunnerWorker.java:52)
	at org.testng.SuiteRunnerWorker.run(SuiteRunnerWorker.java:86)
	at org.testng.TestNG.runSuitesSequentially(TestNG.java:1244)
	at org.testng.TestNG.runSuitesLocally(TestNG.java:1169)
	at org.testng.TestNG.run(TestNG.java:1064)
	at org.testng.remote.AbstractRemoteTestNG.run(AbstractRemoteTestNG.java:126)
	at org.testng.remote.RemoteTestNG.initAndRun(RemoteTestNG.java:152)
	at org.testng.remote.RemoteTestNG.main(RemoteTestNG.java:57)
Caused by: org.openqa.selenium.NoSuchElementException: Unable to locate element: {&quot;method&quot;:&quot;xpath&quot;,&quot;selector&quot;:&quot;//tr//*[contains(text(), &apos;CD101V - Cover 3&apos;)]/ancestor::table[contains(@class, &apos;mx-name-table6&apos;)]/tbody/tr[1]/td[1]&quot;}
Command duration or timeout: 23 milliseconds
For documentation on this error, please visit: http://seleniumhq.org/exceptions/no_such_element.html
Build info: version: &apos;2.53.1&apos;, revision: &apos;a36b8b1cd5757287168e54b817830adce9b0158d&apos;, time: &apos;2016-06-30 19:26:09&apos;
System info: host: &apos;mbpro-dejuan.local&apos;, ip: &apos;10.34.6.211&apos;, os.name: &apos;Mac OS X&apos;, os.arch: &apos;x86_64&apos;, os.version: &apos;10.11.6&apos;, java.version: &apos;1.8.0_91&apos;
Driver info: org.openqa.selenium.firefox.FirefoxDriver
Capabilities [{applicationCacheEnabled=true, rotatable=false, handlesAlerts=true, databaseEnabled=true, version=47.0.1, platform=MAC, nativeEvents=false, acceptSslCerts=true, webStorageEnabled=true, locationContextEnabled=true, browserName=firefox, takesScreenshot=true, javascriptEnabled=true, cssSelectorsEnabled=true}]
Session ID: ba122e37-a12c-ce48-aee8-e677d3455f1e
*** Element info: {Using=xpath, value=//tr//*[contains(text(), &apos;CD101V - Cover 3&apos;)]/ancestor::table[contains(@class, &apos;mx-name-table6&apos;)]/tbody/tr[1]/td[1]}
	at sun.reflect.GeneratedConstructorAccessor14.newInstance(Unknown Source)
	at sun.reflect.DelegatingConstructorAccessorImpl.newInstance(DelegatingConstructorAccessorImpl.java:45)
	at java.lang.reflect.Constructor.newInstance(Constructor.java:423)
	at org.openqa.selenium.remote.ErrorHandler.createThrowable(ErrorHandler.java:206)
	at org.openqa.selenium.remote.ErrorHandler.throwIfResponseFailed(ErrorHandler.java:158)
	at org.openqa.selenium.remote.RemoteWebDriver.execute(RemoteWebDriver.java:678)
	at org.openqa.selenium.remote.RemoteWebDriver.findElement(RemoteWebDriver.java:363)
	at org.openqa.selenium.remote.RemoteWebDriver.findElementByXPath(RemoteWebDriver.java:500)
	at org.openqa.selenium.By$ByXPath.findElement(By.java:361)
	at org.openqa.selenium.remote.RemoteWebDriver.findElement(RemoteWebDriver.java:355)
	at org.openqa.selenium.support.ui.ExpectedConditions.findElement(ExpectedConditions.java:899)
	at org.openqa.selenium.support.ui.ExpectedConditions.access$000(ExpectedConditions.java:41)
	at org.openqa.selenium.support.ui.ExpectedConditions$7.apply(ExpectedConditions.java:205)
	at org.openqa.selenium.support.ui.ExpectedConditions$7.apply(ExpectedConditions.java:201)
	at org.openqa.selenium.support.ui.FluentWait.until(FluentWait.java:238)
	... 28 more
Caused by: org.openqa.selenium.NoSuchElementException: Unable to locate element: {&quot;method&quot;:&quot;xpath&quot;,&quot;selector&quot;:&quot;//tr//*[contains(text(), &apos;CD101V - Cover 3&apos;)]/ancestor::table[contains(@class, &apos;mx-name-table6&apos;)]/tbody/tr[1]/td[1]&quot;}
For documentation on this error, please visit: http://seleniumhq.org/exceptions/no_such_element.html
Build info: version: &apos;2.53.1&apos;, revision: &apos;a36b8b1cd5757287168e54b817830adce9b0158d&apos;, time: &apos;2016-06-30 19:26:09&apos;
System info: host: &apos;mbpro-dejuan.local&apos;, ip: &apos;10.34.6.211&apos;, os.name: &apos;Mac OS X&apos;, os.arch: &apos;x86_64&apos;, os.version: &apos;10.11.6&apos;, java.version: &apos;1.8.0_91&apos;
Driver info: driver.version: unknown
	at &lt;anonymous class&gt;.FirefoxDriver.prototype.findElementInternal_(file:///var/folders/wr/g92p1f_s6c34hxrt50h3c8jc0000gn/T/anonymous3047484895127481743webdriver-profile/extensions/fxdriver@googlecode.com/components/driver-component.js:10770)
	at &lt;anonymous class&gt;.FirefoxDriver.prototype.findElement(file:///var/folders/wr/g92p1f_s6c34hxrt50h3c8jc0000gn/T/anonymous3047484895127481743webdriver-profile/extensions/fxdriver@googlecode.com/components/driver-component.js:10779)
	at &lt;anonymous class&gt;.DelayedCommand.prototype.executeInternal_/h(file:///var/folders/wr/g92p1f_s6c34hxrt50h3c8jc0000gn/T/anonymous3047484895127481743webdriver-profile/extensions/fxdriver@googlecode.com/components/command-processor.js:12661)
	at &lt;anonymous class&gt;.DelayedCommand.prototype.executeInternal_(file:///var/folders/wr/g92p1f_s6c34hxrt50h3c8jc0000gn/T/anonymous3047484895127481743webdriver-profile/extensions/fxdriver@googlecode.com/components/command-processor.js:12666)
	at &lt;anonymous class&gt;.DelayedCommand.prototype.execute/&lt;(file:///var/folders/wr/g92p1f_s6c34hxrt50h3c8jc0000gn/T/anonymous3047484895127481743webdriver-profile/extensions/fxdriver@googlecode.com/components/command-processor.js:12608)
</pre></div></td>
<td>71</td>
<td>testcases.C2Dev1139UnderBidAutoBid@6500df86</td></tr>
<tr>
<td title='testcases.B2Dev1132OptionPush.CheckStatus()'><b>CheckStatus</b><br>Test class: testcases.B2Dev1132OptionPush ()</td>
<td><div><pre>org.openqa.selenium.support.ui.UnexpectedTagNameException: Element should have been &quot;select&quot; but was &quot;input&quot;
Build info: version: &apos;2.53.1&apos;, revision: &apos;a36b8b1cd5757287168e54b817830adce9b0158d&apos;, time: &apos;2016-06-30 19:26:09&apos;
System info: host: &apos;mbpro-dejuan.local&apos;, ip: &apos;10.34.6.211&apos;, os.name: &apos;Mac OS X&apos;, os.arch: &apos;x86_64&apos;, os.version: &apos;10.11.6&apos;, java.version: &apos;1.8.0_91&apos;
Driver info: driver.version: unknown
	at org.openqa.selenium.support.ui.Select.&lt;init&gt;(Select.java:47)
	at toplevel.Top.SelectDropdownItem(Top.java:142)
	at advertiser.Exchange.SelectCampaign(Exchange.java:22)
	at testcases.B2Dev1132OptionPush.CheckStatus(B2Dev1132OptionPush.java:151)
	at sun.reflect.NativeMethodAccessorImpl.invoke0(Native Method)
	at sun.reflect.NativeMethodAccessorImpl.invoke(NativeMethodAccessorImpl.java:62)
	at sun.reflect.DelegatingMethodAccessorImpl.invoke(DelegatingMethodAccessorImpl.java:43)
	at java.lang.reflect.Method.invoke(Method.java:498)
	at org.testng.internal.MethodInvocationHelper.invokeMethod(MethodInvocationHelper.java:86)
	at org.testng.internal.Invoker.invokeMethod(Invoker.java:643)
	at org.testng.internal.Invoker.invokeTestMethod(Invoker.java:820)
	at org.testng.internal.Invoker.invokeTestMethods(Invoker.java:1128)
	at org.testng.internal.TestMethodWorker.invokeTestMethods(TestMethodWorker.java:129)
	at org.testng.internal.TestMethodWorker.run(TestMethodWorker.java:112)
	at org.testng.TestRunner.privateRun(TestRunner.java:782)
	at org.testng.TestRunner.run(TestRunner.java:632)
	at org.testng.SuiteRunner.runTest(SuiteRunner.java:366)
	at org.testng.SuiteRunner.runSequentially(SuiteRunner.java:361)
	at org.testng.SuiteRunner.privateRun(SuiteRunner.java:319)
	at org.testng.SuiteRunner.run(SuiteRunner.java:268)
	at org.testng.SuiteRunnerWorker.runSuite(SuiteRunnerWorker.java:52)
	at org.testng.SuiteRunnerWorker.run(SuiteRunnerWorker.java:86)
	at org.testng.TestNG.runSuitesSequentially(TestNG.java:1244)
	at org.testng.TestNG.runSuitesLocally(TestNG.java:1169)
	at org.testng.TestNG.run(TestNG.java:1064)
	at org.testng.remote.AbstractRemoteTestNG.run(AbstractRemoteTestNG.java:126)
	at org.testng.remote.RemoteTestNG.initAndRun(RemoteTestNG.java:152)
	at org.testng.remote.RemoteTestNG.main(RemoteTestNG.java:57)
</pre></div><a href='#' onClick='toggleBox("stack-trace1963974958", this, "Click to show all stack frames", "Click to hide stack frames")'>Click to show all stack frames</a>
<div class='stack-trace' id='stack-trace1963974958'><pre>org.openqa.selenium.support.ui.UnexpectedTagNameException: Element should have been &quot;select&quot; but was &quot;input&quot;
Build info: version: &apos;2.53.1&apos;, revision: &apos;a36b8b1cd5757287168e54b817830adce9b0158d&apos;, time: &apos;2016-06-30 19:26:09&apos;
System info: host: &apos;mbpro-dejuan.local&apos;, ip: &apos;10.34.6.211&apos;, os.name: &apos;Mac OS X&apos;, os.arch: &apos;x86_64&apos;, os.version: &apos;10.11.6&apos;, java.version: &apos;1.8.0_91&apos;
Driver info: driver.version: unknown
	at org.openqa.selenium.support.ui.Select.&lt;init&gt;(Select.java:47)
	at toplevel.Top.SelectDropdownItem(Top.java:142)
	at advertiser.Exchange.SelectCampaign(Exchange.java:22)
	at testcases.B2Dev1132OptionPush.CheckStatus(B2Dev1132OptionPush.java:151)
	at sun.reflect.NativeMethodAccessorImpl.invoke0(Native Method)
	at sun.reflect.NativeMethodAccessorImpl.invoke(NativeMethodAccessorImpl.java:62)
	at sun.reflect.DelegatingMethodAccessorImpl.invoke(DelegatingMethodAccessorImpl.java:43)
	at java.lang.reflect.Method.invoke(Method.java:498)
	at org.testng.internal.MethodInvocationHelper.invokeMethod(MethodInvocationHelper.java:86)
	at org.testng.internal.Invoker.invokeMethod(Invoker.java:643)
	at org.testng.internal.Invoker.invokeTestMethod(Invoker.java:820)
	at org.testng.internal.Invoker.invokeTestMethods(Invoker.java:1128)
	at org.testng.internal.TestMethodWorker.invokeTestMethods(TestMethodWorker.java:129)
	at org.testng.internal.TestMethodWorker.run(TestMethodWorker.java:112)
	at org.testng.TestRunner.privateRun(TestRunner.java:782)
	at org.testng.TestRunner.run(TestRunner.java:632)
	at org.testng.SuiteRunner.runTest(SuiteRunner.java:366)
	at org.testng.SuiteRunner.runSequentially(SuiteRunner.java:361)
	at org.testng.SuiteRunner.privateRun(SuiteRunner.java:319)
	at org.testng.SuiteRunner.run(SuiteRunner.java:268)
	at org.testng.SuiteRunnerWorker.runSuite(SuiteRunnerWorker.java:52)
	at org.testng.SuiteRunnerWorker.run(SuiteRunnerWorker.java:86)
	at org.testng.TestNG.runSuitesSequentially(TestNG.java:1244)
	at org.testng.TestNG.runSuitesLocally(TestNG.java:1169)
	at org.testng.TestNG.run(TestNG.java:1064)
	at org.testng.remote.AbstractRemoteTestNG.run(AbstractRemoteTestNG.java:126)
	at org.testng.remote.RemoteTestNG.initAndRun(RemoteTestNG.java:152)
	at org.testng.remote.RemoteTestNG.main(RemoteTestNG.java:57)
</pre></div></td>
<td>2</td>
<td>testcases.B2Dev1132OptionPush@1ce92674</td></tr>
<tr>
<td title='testcases.B2Dev1132OptionPush.campaignAddOne()'><b>campaignAddOne</b><br>Test class: testcases.B2Dev1132OptionPush ()<br>Parameters: MiljEZADV-Campaign, CD102VL - Cover 3</td>
<td><div><pre>org.openqa.selenium.WebDriverException: Element is not clickable at point (1386.4000244140625, 233.31666564941406). Other element would receive the click: &lt;div style=&quot;z-index: 1001;&quot; widgetid=&quot;mxui_widget_Underlay_0&quot; id=&quot;mxui_widget_Underlay_0&quot; class=&quot;mx-underlay&quot;&gt;&lt;/div&gt;
Command duration or timeout: 79 milliseconds
Build info: version: &apos;2.53.1&apos;, revision: &apos;a36b8b1cd5757287168e54b817830adce9b0158d&apos;, time: &apos;2016-06-30 19:26:09&apos;
System info: host: &apos;mbpro-dejuan.local&apos;, ip: &apos;10.34.6.211&apos;, os.name: &apos;Mac OS X&apos;, os.arch: &apos;x86_64&apos;, os.version: &apos;10.11.6&apos;, java.version: &apos;1.8.0_91&apos;
Driver info: org.openqa.selenium.firefox.FirefoxDriver
Capabilities [{applicationCacheEnabled=true, rotatable=false, handlesAlerts=true, databaseEnabled=true, version=47.0.1, platform=MAC, nativeEvents=false, acceptSslCerts=true, webStorageEnabled=true, locationContextEnabled=true, browserName=firefox, takesScreenshot=true, javascriptEnabled=true, cssSelectorsEnabled=true}]
Session ID: 70617ca3-e4ca-a04a-9b7b-784ae4427a6d
	at sun.reflect.NativeConstructorAccessorImpl.newInstance0(Native Method)
	at sun.reflect.NativeConstructorAccessorImpl.newInstance(NativeConstructorAccessorImpl.java:62)
	at sun.reflect.DelegatingConstructorAccessorImpl.newInstance(DelegatingConstructorAccessorImpl.java:45)
	at java.lang.reflect.Constructor.newInstance(Constructor.java:423)
	at org.openqa.selenium.remote.ErrorHandler.createThrowable(ErrorHandler.java:206)
	at org.openqa.selenium.remote.ErrorHandler.throwIfResponseFailed(ErrorHandler.java:158)
	at org.openqa.selenium.remote.RemoteWebDriver.execute(RemoteWebDriver.java:678)
	at org.openqa.selenium.remote.RemoteWebElement.execute(RemoteWebElement.java:327)
	at org.openqa.selenium.remote.RemoteWebElement.click(RemoteWebElement.java:85)
	at toplevel.Top.ClickContextSensitiveItem(Top.java:150)
	at advertiser.Exchange.AddToMyLots(Exchange.java:81)
	at testcases.B2Dev1132OptionPush.campaignAddOne(B2Dev1132OptionPush.java:128)
	at sun.reflect.NativeMethodAccessorImpl.invoke0(Native Method)
	at sun.reflect.NativeMethodAccessorImpl.invoke(NativeMethodAccessorImpl.java:62)
	at sun.reflect.DelegatingMethodAccessorImpl.invoke(DelegatingMethodAccessorImpl.java:43)
	at java.lang.reflect.Method.invoke(Method.java:498)
	at org.testng.internal.MethodInvocationHelper.invokeMethod(MethodInvocationHelper.java:86)
	at org.testng.internal.Invoker.invokeMethod(Invoker.java:643)
	at org.testng.internal.Invoker.invokeTestMethod(Invoker.java:820)
	at org.testng.internal.Invoker.invokeTestMethods(Invoker.java:1128)
	at org.testng.internal.TestMethodWorker.invokeTestMethods(TestMethodWorker.java:129)
	at org.testng.internal.TestMethodWorker.run(TestMethodWorker.java:112)
	at org.testng.TestRunner.privateRun(TestRunner.java:782)
	at org.testng.TestRunner.run(TestRunner.java:632)
	at org.testng.SuiteRunner.runTest(SuiteRunner.java:366)
	at org.testng.SuiteRunner.runSequentially(SuiteRunner.java:361)
	at org.testng.SuiteRunner.privateRun(SuiteRunner.java:319)
	at org.testng.SuiteRunner.run(SuiteRunner.java:268)
	at org.testng.SuiteRunnerWorker.runSuite(SuiteRunnerWorker.java:52)
	at org.testng.SuiteRunnerWorker.run(SuiteRunnerWorker.java:86)
	at org.testng.TestNG.runSuitesSequentially(TestNG.java:1244)
	at org.testng.TestNG.runSuitesLocally(TestNG.java:1169)
	at org.testng.TestNG.run(TestNG.java:1064)
	at org.testng.remote.AbstractRemoteTestNG.run(AbstractRemoteTestNG.java:126)
	at org.testng.remote.RemoteTestNG.initAndRun(RemoteTestNG.java:152)
	at org.testng.remote.RemoteTestNG.main(RemoteTestNG.java:57)
</pre></div><a href='#' onClick='toggleBox("stack-trace5255258", this, "Click to show all stack frames", "Click to hide stack frames")'>Click to show all stack frames</a>
<div class='stack-trace' id='stack-trace5255258'><pre>org.openqa.selenium.WebDriverException: Element is not clickable at point (1386.4000244140625, 233.31666564941406). Other element would receive the click: &lt;div style=&quot;z-index: 1001;&quot; widgetid=&quot;mxui_widget_Underlay_0&quot; id=&quot;mxui_widget_Underlay_0&quot; class=&quot;mx-underlay&quot;&gt;&lt;/div&gt;
Command duration or timeout: 79 milliseconds
Build info: version: &apos;2.53.1&apos;, revision: &apos;a36b8b1cd5757287168e54b817830adce9b0158d&apos;, time: &apos;2016-06-30 19:26:09&apos;
System info: host: &apos;mbpro-dejuan.local&apos;, ip: &apos;10.34.6.211&apos;, os.name: &apos;Mac OS X&apos;, os.arch: &apos;x86_64&apos;, os.version: &apos;10.11.6&apos;, java.version: &apos;1.8.0_91&apos;
Driver info: org.openqa.selenium.firefox.FirefoxDriver
Capabilities [{applicationCacheEnabled=true, rotatable=false, handlesAlerts=true, databaseEnabled=true, version=47.0.1, platform=MAC, nativeEvents=false, acceptSslCerts=true, webStorageEnabled=true, locationContextEnabled=true, browserName=firefox, takesScreenshot=true, javascriptEnabled=true, cssSelectorsEnabled=true}]
Session ID: 70617ca3-e4ca-a04a-9b7b-784ae4427a6d
	at sun.reflect.NativeConstructorAccessorImpl.newInstance0(Native Method)
	at sun.reflect.NativeConstructorAccessorImpl.newInstance(NativeConstructorAccessorImpl.java:62)
	at sun.reflect.DelegatingConstructorAccessorImpl.newInstance(DelegatingConstructorAccessorImpl.java:45)
	at java.lang.reflect.Constructor.newInstance(Constructor.java:423)
	at org.openqa.selenium.remote.ErrorHandler.createThrowable(ErrorHandler.java:206)
	at org.openqa.selenium.remote.ErrorHandler.throwIfResponseFailed(ErrorHandler.java:158)
	at org.openqa.selenium.remote.RemoteWebDriver.execute(RemoteWebDriver.java:678)
	at org.openqa.selenium.remote.RemoteWebElement.execute(RemoteWebElement.java:327)
	at org.openqa.selenium.remote.RemoteWebElement.click(RemoteWebElement.java:85)
	at toplevel.Top.ClickContextSensitiveItem(Top.java:150)
	at advertiser.Exchange.AddToMyLots(Exchange.java:81)
	at testcases.B2Dev1132OptionPush.campaignAddOne(B2Dev1132OptionPush.java:128)
	at sun.reflect.NativeMethodAccessorImpl.invoke0(Native Method)
	at sun.reflect.NativeMethodAccessorImpl.invoke(NativeMethodAccessorImpl.java:62)
	at sun.reflect.DelegatingMethodAccessorImpl.invoke(DelegatingMethodAccessorImpl.java:43)
	at java.lang.reflect.Method.invoke(Method.java:498)
	at org.testng.internal.MethodInvocationHelper.invokeMethod(MethodInvocationHelper.java:86)
	at org.testng.internal.Invoker.invokeMethod(Invoker.java:643)
	at org.testng.internal.Invoker.invokeTestMethod(Invoker.java:820)
	at org.testng.internal.Invoker.invokeTestMethods(Invoker.java:1128)
	at org.testng.internal.TestMethodWorker.invokeTestMethods(TestMethodWorker.java:129)
	at org.testng.internal.TestMethodWorker.run(TestMethodWorker.java:112)
	at org.testng.TestRunner.privateRun(TestRunner.java:782)
	at org.testng.TestRunner.run(TestRunner.java:632)
	at org.testng.SuiteRunner.runTest(SuiteRunner.java:366)
	at org.testng.SuiteRunner.runSequentially(SuiteRunner.java:361)
	at org.testng.SuiteRunner.privateRun(SuiteRunner.java:319)
	at org.testng.SuiteRunner.run(SuiteRunner.java:268)
	at org.testng.SuiteRunnerWorker.runSuite(SuiteRunnerWorker.java:52)
	at org.testng.SuiteRunnerWorker.run(SuiteRunnerWorker.java:86)
	at org.testng.TestNG.runSuitesSequentially(TestNG.java:1244)
	at org.testng.TestNG.runSuitesLocally(TestNG.java:1169)
	at org.testng.TestNG.run(TestNG.java:1064)
	at org.testng.remote.AbstractRemoteTestNG.run(AbstractRemoteTestNG.java:126)
	at org.testng.remote.RemoteTestNG.initAndRun(RemoteTestNG.java:152)
	at org.testng.remote.RemoteTestNG.main(RemoteTestNG.java:57)
</pre></div></td>
<td>5</td>
<td>testcases.B2Dev1132OptionPush@1ce92674</td></tr>
</table><p>
<table width='100%' border='1' class='invocation-passed'>
<tr><td colspan='4' align='center'><b>PASSED TESTS</b></td></tr>
<tr><td><b>Test method</b></td>
<td width="30%"><b>Exception</b></td>
<td width="10%"><b>Time (seconds)</b></td>
<td><b>Instance</b></td>
</tr>
<tr>
<td title='testcases.C1Dev1137BidAutoBid.ADV2IsOutBid()'><b>ADV2IsOutBid</b><br>Test class: testcases.C1Dev1137BidAutoBid ()</td>
<td></td>
<td>27</td>
<td>testcases.C1Dev1137BidAutoBid@402a079c</td></tr>
<tr>
<td title='testcases.C1Dev1137BidAutoBid.ADV2bidAgainAgainBecomeWinner()'><b>ADV2bidAgainAgainBecomeWinner</b><br>Test class: testcases.C1Dev1137BidAutoBid ()</td>
<td></td>
<td>98</td>
<td>testcases.C1Dev1137BidAutoBid@402a079c</td></tr>
<tr>
<td title='testcases.C1Dev1137BidAutoBid.ADV2bidBecomeOutbid()'><b>ADV2bidBecomeOutbid</b><br>Test class: testcases.C1Dev1137BidAutoBid ()</td>
<td></td>
<td>62</td>
<td>testcases.C1Dev1137BidAutoBid@402a079c</td></tr>
<tr>
<td title='testcases.C2Dev1139UnderBidAutoBid.ADV2underBid()'><b>ADV2underBid</b><br>Test class: testcases.C2Dev1139UnderBidAutoBid ()</td>
<td></td>
<td>32</td>
<td>testcases.C2Dev1139UnderBidAutoBid@6500df86</td></tr>
<tr>
<td title='testcases.C1Dev1137BidAutoBid.ADVIsOutBidADVBidAgain()'><b>ADVIsOutBidADVBidAgain</b><br>Test class: testcases.C1Dev1137BidAutoBid ()</td>
<td></td>
<td>56</td>
<td>testcases.C1Dev1137BidAutoBid@402a079c</td></tr>
<tr>
<td title='testcases.C1Dev1137BidAutoBid.ADVLotStatusIsBid()'><b>ADVLotStatusIsBid</b><br>Test class: testcases.C1Dev1137BidAutoBid ()</td>
<td></td>
<td>16</td>
<td>testcases.C1Dev1137BidAutoBid@402a079c</td></tr>
<tr>
<td title='testcases.C1Dev1137BidAutoBid.ADVautobid()'><b>ADVautobid</b><br>Test class: testcases.C1Dev1137BidAutoBid ()</td>
<td></td>
<td>39</td>
<td>testcases.C1Dev1137BidAutoBid@402a079c</td></tr>
<tr>
<td title='testcases.C2Dev1139UnderBidAutoBid.ADVunderBidautobid()'><b>ADVunderBidautobid</b><br>Test class: testcases.C2Dev1139UnderBidAutoBid ()</td>
<td></td>
<td>40</td>
<td>testcases.C2Dev1139UnderBidAutoBid@6500df86</td></tr>
<tr>
<td title='testcases.C1Dev1137BidAutoBid.AddToMyLots()'><b>AddToMyLots</b><br>Test class: testcases.C1Dev1137BidAutoBid ()<br>Parameters: MiljEZADV</td>
<td></td>
<td>33</td>
<td>testcases.C1Dev1137BidAutoBid@402a079c</td></tr>
<tr>
<td title='testcases.C1Dev1137BidAutoBid.AddToMyLots()'><b>AddToMyLots</b><br>Test class: testcases.C1Dev1137BidAutoBid ()<br>Parameters: MiljEZADV2</td>
<td></td>
<td>33</td>
<td>testcases.C1Dev1137BidAutoBid@402a079c</td></tr>
<tr>
<td title='testcases.C2Dev1139UnderBidAutoBid.AddToMyLots()'><b>AddToMyLots</b><br>Test class: testcases.C2Dev1139UnderBidAutoBid ()<br>Parameters: MiljEZADV</td>
<td></td>
<td>40</td>
<td>testcases.C2Dev1139UnderBidAutoBid@6500df86</td></tr>
<tr>
<td title='testcases.C2Dev1139UnderBidAutoBid.AddToMyLots()'><b>AddToMyLots</b><br>Test class: testcases.C2Dev1139UnderBidAutoBid ()<br>Parameters: MiljEZADV2</td>
<td></td>
<td>37</td>
<td>testcases.C2Dev1139UnderBidAutoBid@6500df86</td></tr>
<tr>
<td title='testcases.C2Dev1139UnderBidAutoBid.ResAcceptADV2UnderBid()'><b>ResAcceptADV2UnderBid</b><br>Test class: testcases.C2Dev1139UnderBidAutoBid ()</td>
<td></td>
<td>25</td>
<td>testcases.C2Dev1139UnderBidAutoBid@6500df86</td></tr>
<tr>
<td title='testcases.B2Dev1132OptionPush.campaignAddAll()'><b>campaignAddAll</b><br>Test class: testcases.B2Dev1132OptionPush ()<br>Parameters: MiljEZADV2-Campaign, CD101V - Voorpagina, CD102VL - Pagina 3</td>
<td></td>
<td>14</td>
<td>testcases.B2Dev1132OptionPush@1ce92674</td></tr>
<tr>
<td title='testcases.A4Dev1101CampaignBuy.checkCmpPricesBuy()'><b>checkCmpPricesBuy</b><br>Test class: testcases.A4Dev1101CampaignBuy ()<br>Parameters: MiljEZMB, MiljEZADV2-Campaign, MiljEZBuyNow2, CD101V, 29-09-2016, CD101V - Pagina 2, 4.125,00</td>
<td></td>
<td>64</td>
<td>testcases.A4Dev1101CampaignBuy@3fee9989</td></tr>
<tr>
<td title='testcases.A4Dev1101CampaignBuy.checkCmpPricesBuy()'><b>checkCmpPricesBuy</b><br>Test class: testcases.A4Dev1101CampaignBuy ()<br>Parameters: MiljEZMB, MiljEZADV2-Campaign, MiljEZBuyNow2, CD102VS, 29-09-2016, CD102VS - Pagina 3, 2.062,50</td>
<td></td>
<td>60</td>
<td>testcases.A4Dev1101CampaignBuy@3fee9989</td></tr>
<tr>
<td title='testcases.A4Dev1101CampaignBuy.checkCmpPricesBuy()'><b>checkCmpPricesBuy</b><br>Test class: testcases.A4Dev1101CampaignBuy ()<br>Parameters: MiljEZMB, MiljEZADV-Campaign, MiljEZBuyNow, CD101V, 01-10-2016, CD101V - Cover 2, 1.575,00</td>
<td></td>
<td>60</td>
<td>testcases.A4Dev1101CampaignBuy@3fee9989</td></tr>
<tr>
<td title='testcases.A5Dev1102CheckOrders.checkOrderValue()'><b>checkOrderValue</b><br>Test class: testcases.A5Dev1102CheckOrders ()<br>Parameters: 01-10-2016, MiljEZBuyNow, CD101V - Cover 2, MiljEZADV, MiljEZADV-Campaign, 1.575,00, Nee, 0,00</td>
<td></td>
<td>0</td>
<td>testcases.A5Dev1102CheckOrders@7085bdee</td></tr>
<tr>
<td title='testcases.A5Dev1102CheckOrders.checkOrderValue()'><b>checkOrderValue</b><br>Test class: testcases.A5Dev1102CheckOrders ()<br>Parameters: 29-09-2016, MiljEZBuyNow2, CD102VS - Pagina 3, MiljEZADV2, MiljEZADV2-Campaign, 2.062,50, Nee, 0,00</td>
<td></td>
<td>0</td>
<td>testcases.A5Dev1102CheckOrders@7085bdee</td></tr>
<tr>
<td title='testcases.A5Dev1102CheckOrders.checkOrderValue()'><b>checkOrderValue</b><br>Test class: testcases.A5Dev1102CheckOrders ()<br>Parameters: 29-09-2016, MiljEZBuyNow2, CD101V - Pagina 2, MiljEZADV2, MiljEZADV2-Campaign, 4.125,00, Nee, 0,00</td>
<td></td>
<td>0</td>
<td>testcases.A5Dev1102CheckOrders@7085bdee</td></tr>
<tr>
<td title='testcases.A5Dev1102CheckOrders.compareOrdersPubSideAndMBSide()'><b>compareOrdersPubSideAndMBSide</b><br>Test class: testcases.A5Dev1102CheckOrders ()</td>
<td></td>
<td>0</td>
<td>testcases.A5Dev1102CheckOrders@7085bdee</td></tr>
<tr>
<td title='testcases.B2Dev1132OptionPush.deletAnOffer()'><b>deletAnOffer</b><br>Test class: testcases.B2Dev1132OptionPush ()<br>Parameters: CD102VS - Cover 3</td>
<td></td>
<td>6</td>
<td>testcases.B2Dev1132OptionPush@1ce92674</td></tr>
<tr>
<td title='testcases.B2Dev1132OptionPush.notificationNoCampaignDeselect()'><b>notificationNoCampaignDeselect</b><br>Test class: testcases.B2Dev1132OptionPush ()<br>Parameters: CD102VL - Pagina 3, CD101V - Voorpagina, CD102VL - Cover 3, CD102VS - Cover 3</td>
<td></td>
<td>25</td>
<td>testcases.B2Dev1132OptionPush@1ce92674</td></tr>
<tr>
<td title='testcases.B2Dev1132OptionPush.optionPush()'><b>optionPush</b><br>Test class: testcases.B2Dev1132OptionPush ()<br>Parameters: MiljEZRes2, MiljEZMB, MiljEZADV2, MiljEZBuyNow2, CD101V, 29-09-2016, 400, CD101V - Voorpagina</td>
<td></td>
<td>61</td>
<td>testcases.B2Dev1132OptionPush@1ce92674</td></tr>
<tr>
<td title='testcases.B2Dev1132OptionPush.optionPush()'><b>optionPush</b><br>Test class: testcases.B2Dev1132OptionPush ()<br>Parameters: MiljEZUG2, MiljEZMB, MiljEZADV2, MiljEZBuyNow2, CD102VL, 29-09-2016, 300, CD102VL - Pagina 3</td>
<td></td>
<td>54</td>
<td>testcases.B2Dev1132OptionPush@1ce92674</td></tr>
<tr>
<td title='testcases.B2Dev1132OptionPush.optionPush()'><b>optionPush</b><br>Test class: testcases.B2Dev1132OptionPush ()<br>Parameters: MiljEZRes, MiljEZMB, MiljEZADV, MiljEZBuyNow, CD102VL, 30-09-2016, 200, CD102VL - Cover 3</td>
<td></td>
<td>55</td>
<td>testcases.B2Dev1132OptionPush@1ce92674</td></tr>
<tr>
<td title='testcases.B2Dev1132OptionPush.optionPush()'><b>optionPush</b><br>Test class: testcases.B2Dev1132OptionPush ()<br>Parameters: MiljEZUG, MiljEZMB, MiljEZADV, MiljEZBuyNow, CD102VS, 30-09-2016, 100, CD102VS - Cover 3</td>
<td></td>
<td>55</td>
<td>testcases.B2Dev1132OptionPush@1ce92674</td></tr>
<tr>
<td title='testcases.B1Dev1121OptionRequestAcceptReject.optionRequestAcceptReject()'><b>optionRequestAcceptReject</b><br>Test class: testcases.B1Dev1121OptionRequestAcceptReject ()<br>Parameters: accept, MiljEZRes2, MiljEZMB, MiljEZADV2-Campaign, MiljEZBuyNow2, CD101V, 29-09-2016, CD101V - Pagina 4-5</td>
<td></td>
<td>105</td>
<td>testcases.B1Dev1121OptionRequestAcceptReject@73ad2d6</td></tr>
<tr>
<td title='testcases.B1Dev1121OptionRequestAcceptReject.optionRequestAcceptReject()'><b>optionRequestAcceptReject</b><br>Test class: testcases.B1Dev1121OptionRequestAcceptReject ()<br>Parameters: reject, MiljEZUG, MiljEZMB, MiljEZADV-Campaign, MiljEZBuyNow, CD101V, 01-10-2016, CD101V - Cover 3</td>
<td></td>
<td>101</td>
<td>testcases.B1Dev1121OptionRequestAcceptReject@73ad2d6</td></tr>
</table><p>
<table width='100%' border='1' class='invocation-skipped'>
<tr><td colspan='4' align='center'><b>SKIPPED TESTS</b></td></tr>
<tr><td><b>Test method</b></td>
<td width="30%"><b>Exception</b></td>
<td width="10%"><b>Time (seconds)</b></td>
<td><b>Instance</b></td>
</tr>
<tr>
<td title='testcases.C2Dev1139UnderBidAutoBid.ADV2LotStatusIsOutbid()'><b>ADV2LotStatusIsOutbid</b><br>Test class: testcases.C2Dev1139UnderBidAutoBid ()</td>
<td><div><pre>java.lang.Throwable: Method C2Dev1139UnderBidAutoBid.ADV2LotStatusIsOutbid()[pri:0, instance:testcases.C2Dev1139UnderBidAutoBid@6500df86] depends on not successfully finished methods
	at org.testng.internal.Invoker.invokeTestMethods(Invoker.java:1037)
	at org.testng.internal.TestMethodWorker.invokeTestMethods(TestMethodWorker.java:129)
	at org.testng.internal.TestMethodWorker.run(TestMethodWorker.java:112)
	at org.testng.TestRunner.privateRun(TestRunner.java:782)
	at org.testng.TestRunner.run(TestRunner.java:632)
	at org.testng.SuiteRunner.runTest(SuiteRunner.java:366)
	at org.testng.SuiteRunner.runSequentially(SuiteRunner.java:361)
	at org.testng.SuiteRunner.privateRun(SuiteRunner.java:319)
	at org.testng.SuiteRunner.run(SuiteRunner.java:268)
	at org.testng.SuiteRunnerWorker.runSuite(SuiteRunnerWorker.java:52)
	at org.testng.SuiteRunnerWorker.run(SuiteRunnerWorker.java:86)
	at org.testng.TestNG.runSuitesSequentially(TestNG.java:1244)
	at org.testng.TestNG.runSuitesLocally(TestNG.java:1169)
	at org.testng.TestNG.run(TestNG.java:1064)
	at org.testng.remote.AbstractRemoteTestNG.run(AbstractRemoteTestNG.java:126)
	at org.testng.remote.RemoteTestNG.initAndRun(RemoteTestNG.java:152)
	at org.testng.remote.RemoteTestNG.main(RemoteTestNG.java:57)
</pre></div><a href='#' onClick='toggleBox("stack-trace1757032717", this, "Click to show all stack frames", "Click to hide stack frames")'>Click to show all stack frames</a>
<div class='stack-trace' id='stack-trace1757032717'><pre>java.lang.Throwable: Method C2Dev1139UnderBidAutoBid.ADV2LotStatusIsOutbid()[pri:0, instance:testcases.C2Dev1139UnderBidAutoBid@6500df86] depends on not successfully finished methods
	at org.testng.internal.Invoker.invokeTestMethods(Invoker.java:1037)
	at org.testng.internal.TestMethodWorker.invokeTestMethods(TestMethodWorker.java:129)
	at org.testng.internal.TestMethodWorker.run(TestMethodWorker.java:112)
	at org.testng.TestRunner.privateRun(TestRunner.java:782)
	at org.testng.TestRunner.run(TestRunner.java:632)
	at org.testng.SuiteRunner.runTest(SuiteRunner.java:366)
	at org.testng.SuiteRunner.runSequentially(SuiteRunner.java:361)
	at org.testng.SuiteRunner.privateRun(SuiteRunner.java:319)
	at org.testng.SuiteRunner.run(SuiteRunner.java:268)
	at org.testng.SuiteRunnerWorker.runSuite(SuiteRunnerWorker.java:52)
	at org.testng.SuiteRunnerWorker.run(SuiteRunnerWorker.java:86)
	at org.testng.TestNG.runSuitesSequentially(TestNG.java:1244)
	at org.testng.TestNG.runSuitesLocally(TestNG.java:1169)
	at org.testng.TestNG.run(TestNG.java:1064)
	at org.testng.remote.AbstractRemoteTestNG.run(AbstractRemoteTestNG.java:126)
	at org.testng.remote.RemoteTestNG.initAndRun(RemoteTestNG.java:152)
	at org.testng.remote.RemoteTestNG.main(RemoteTestNG.java:57)
</pre></div></td>
<td>0</td>
<td>null</td></tr>
</table><p>
</body>
</html>