<?xml version="1.0" encoding="UTF-8"?>
<!-- Generated by org.testng.reporters.JUnitXMLReporter -->
<testsuite hostname="mbpro-dejuan.local" name="GRP-Offer,Buy,Option,CheckOrder,Bid,UnderBid" tests="33" failures="3" timestamp="23 Sep 2016 10:04:47 GMT" time="1466.859" errors="0">
  <testcase name="" time="64.021" classname="testcases.A4Dev1101CampaignBuy"/>
  <testcase name="" time="60.465" classname="testcases.A4Dev1101CampaignBuy"/>
  <testcase name="" time="60.091" classname="testcases.A4Dev1101CampaignBuy"/>
  <testcase name="" time="0.001" classname="testcases.A5Dev1102CheckOrders"/>
  <testcase name="" time="0.0" classname="testcases.A5Dev1102CheckOrders"/>
  <testcase name="" time="0.001" classname="testcases.A5Dev1102CheckOrders"/>
  <testcase name="" time="0.001" classname="testcases.A5Dev1102CheckOrders"/>
  <testcase name="" time="105.487" classname="testcases.B1Dev1121OptionRequestAcceptReject"/>
  <testcase name="" time="101.622" classname="testcases.B1Dev1121OptionRequestAcceptReject"/>
  <testcase name="" time="61.08" classname="testcases.B2Dev1132OptionPush"/>
  <testcase name="" time="54.422" classname="testcases.B2Dev1132OptionPush"/>
  <testcase name="" time="55.222" classname="testcases.B2Dev1132OptionPush"/>
  <testcase name="" time="55.608" classname="testcases.B2Dev1132OptionPush"/>
  <testcase name="" time="25.91" classname="testcases.B2Dev1132OptionPush"/>
  <testcase name="" time="6.352" classname="testcases.B2Dev1132OptionPush"/>
  <testcase name="" time="14.372" classname="testcases.B2Dev1132OptionPush"/>
  <testcase name="" time="5.739" classname="testcases.B2Dev1132OptionPush">
    <failure type="org.openqa.selenium.WebDriverException" message="Element is not clickable at point (1386.4000244140625, 233.31666564941406). Other element would receive the click: &amp;lt;div style=&amp;quot;z-index: 1001;&amp;quot; widgetid=&amp;quot;mxui_widget_Underlay_0&amp;quot; id=&amp;quot;mxui_widget_Underlay_0&amp;quot; class=&amp;quot;mx-underlay&amp;quot;&amp;gt;&amp;lt;/div&amp;gt;
Command duration or timeout: 79 milliseconds
Build info: version: &amp;apos;2.53.1&amp;apos;, revision: &amp;apos;a36b8b1cd5757287168e54b817830adce9b0158d&amp;apos;, time: &amp;apos;2016-06-30 19:26:09&amp;apos;
System info: host: &amp;apos;mbpro-dejuan.local&amp;apos;, ip: &amp;apos;10.34.6.211&amp;apos;, os.name: &amp;apos;Mac OS X&amp;apos;, os.arch: &amp;apos;x86_64&amp;apos;, os.version: &amp;apos;10.11.6&amp;apos;, java.version: &amp;apos;1.8.0_91&amp;apos;
Driver info: org.openqa.selenium.firefox.FirefoxDriver
Capabilities [{applicationCacheEnabled=true, rotatable=false, handlesAlerts=true, databaseEnabled=true, version=47.0.1, platform=MAC, nativeEvents=false, acceptSslCerts=true, webStorageEnabled=true, locationContextEnabled=true, browserName=firefox, takesScreenshot=true, javascriptEnabled=true, cssSelectorsEnabled=true}]
Session ID: 70617ca3-e4ca-a04a-9b7b-784ae4427a6d">
      <![CDATA[org.openqa.selenium.WebDriverException: Element is not clickable at point (1386.4000244140625, 233.31666564941406). Other element would receive the click: <div style="z-index: 1001;" widgetid="mxui_widget_Underlay_0" id="mxui_widget_Underlay_0" class="mx-underlay"></div>
Command duration or timeout: 79 milliseconds
Build info: version: '2.53.1', revision: 'a36b8b1cd5757287168e54b817830adce9b0158d', time: '2016-06-30 19:26:09'
System info: host: 'mbpro-dejuan.local', ip: '10.34.6.211', os.name: 'Mac OS X', os.arch: 'x86_64', os.version: '10.11.6', java.version: '1.8.0_91'
Driver info: org.openqa.selenium.firefox.FirefoxDriver
Capabilities [{applicationCacheEnabled=true, rotatable=false, handlesAlerts=true, databaseEnabled=true, version=47.0.1, platform=MAC, nativeEvents=false, acceptSslCerts=true, webStorageEnabled=true, locationContextEnabled=true, browserName=firefox, takesScreenshot=true, javascriptEnabled=true, cssSelectorsEnabled=true}]
Session ID: 70617ca3-e4ca-a04a-9b7b-784ae4427a6d
	at sun.reflect.NativeConstructorAccessorImpl.newInstance0(Native Method)
	at sun.reflect.NativeConstructorAccessorImpl.newInstance(NativeConstructorAccessorImpl.java:62)
	at sun.reflect.DelegatingConstructorAccessorImpl.newInstance(DelegatingConstructorAccessorImpl.java:45)
	at java.lang.reflect.Constructor.newInstance(Constructor.java:423)
	at org.openqa.selenium.remote.ErrorHandler.createThrowable(ErrorHandler.java:206)
	at org.openqa.selenium.remote.ErrorHandler.throwIfResponseFailed(ErrorHandler.java:158)
	at org.openqa.selenium.remote.RemoteWebDriver.execute(RemoteWebDriver.java:678)
	at org.openqa.selenium.remote.RemoteWebElement.execute(RemoteWebElement.java:327)
	at org.openqa.selenium.remote.RemoteWebElement.click(RemoteWebElement.java:85)
	at toplevel.Top.ClickContextSensitiveItem(Top.java:150)
	at advertiser.Exchange.AddToMyLots(Exchange.java:81)
	at testcases.B2Dev1132OptionPush.campaignAddOne(B2Dev1132OptionPush.java:128)
	at sun.reflect.NativeMethodAccessorImpl.invoke0(Native Method)
	at sun.reflect.NativeMethodAccessorImpl.invoke(NativeMethodAccessorImpl.java:62)
	at sun.reflect.DelegatingMethodAccessorImpl.invoke(DelegatingMethodAccessorImpl.java:43)
	at java.lang.reflect.Method.invoke(Method.java:498)
	at org.testng.internal.MethodInvocationHelper.invokeMethod(MethodInvocationHelper.java:86)
	at org.testng.internal.Invoker.invokeMethod(Invoker.java:643)
	at org.testng.internal.Invoker.invokeTestMethod(Invoker.java:820)
	at org.testng.internal.Invoker.invokeTestMethods(Invoker.java:1128)
	at org.testng.internal.TestMethodWorker.invokeTestMethods(TestMethodWorker.java:129)
	at org.testng.internal.TestMethodWorker.run(TestMethodWorker.java:112)
	at org.testng.TestRunner.privateRun(TestRunner.java:782)
	at org.testng.TestRunner.run(TestRunner.java:632)
	at org.testng.SuiteRunner.runTest(SuiteRunner.java:366)
	at org.testng.SuiteRunner.runSequentially(SuiteRunner.java:361)
	at org.testng.SuiteRunner.privateRun(SuiteRunner.java:319)
	at org.testng.SuiteRunner.run(SuiteRunner.java:268)
	at org.testng.SuiteRunnerWorker.runSuite(SuiteRunnerWorker.java:52)
	at org.testng.SuiteRunnerWorker.run(SuiteRunnerWorker.java:86)
	at org.testng.TestNG.runSuitesSequentially(TestNG.java:1244)
	at org.testng.TestNG.runSuitesLocally(TestNG.java:1169)
	at org.testng.TestNG.run(TestNG.java:1064)
	at org.testng.remote.AbstractRemoteTestNG.run(AbstractRemoteTestNG.java:126)
	at org.testng.remote.RemoteTestNG.initAndRun(RemoteTestNG.java:152)
	at org.testng.remote.RemoteTestNG.main(RemoteTestNG.java:57)
]]>
    </failure>
  </testcase> <!--  -->
  <testcase name="" time="2.466" classname="testcases.B2Dev1132OptionPush">
    <failure type="org.openqa.selenium.support.ui.UnexpectedTagNameException" message="Element should have been &amp;quot;select&amp;quot; but was &amp;quot;input&amp;quot;
Build info: version: &amp;apos;2.53.1&amp;apos;, revision: &amp;apos;a36b8b1cd5757287168e54b817830adce9b0158d&amp;apos;, time: &amp;apos;2016-06-30 19:26:09&amp;apos;
System info: host: &amp;apos;mbpro-dejuan.local&amp;apos;, ip: &amp;apos;10.34.6.211&amp;apos;, os.name: &amp;apos;Mac OS X&amp;apos;, os.arch: &amp;apos;x86_64&amp;apos;, os.version: &amp;apos;10.11.6&amp;apos;, java.version: &amp;apos;1.8.0_91&amp;apos;
Driver info: driver.version: unknown">
      <![CDATA[org.openqa.selenium.support.ui.UnexpectedTagNameException: Element should have been "select" but was "input"
Build info: version: '2.53.1', revision: 'a36b8b1cd5757287168e54b817830adce9b0158d', time: '2016-06-30 19:26:09'
System info: host: 'mbpro-dejuan.local', ip: '10.34.6.211', os.name: 'Mac OS X', os.arch: 'x86_64', os.version: '10.11.6', java.version: '1.8.0_91'
Driver info: driver.version: unknown
	at org.openqa.selenium.support.ui.Select.<init>(Select.java:47)
	at toplevel.Top.SelectDropdownItem(Top.java:142)
	at advertiser.Exchange.SelectCampaign(Exchange.java:22)
	at testcases.B2Dev1132OptionPush.CheckStatus(B2Dev1132OptionPush.java:151)
	at sun.reflect.NativeMethodAccessorImpl.invoke0(Native Method)
	at sun.reflect.NativeMethodAccessorImpl.invoke(NativeMethodAccessorImpl.java:62)
	at sun.reflect.DelegatingMethodAccessorImpl.invoke(DelegatingMethodAccessorImpl.java:43)
	at java.lang.reflect.Method.invoke(Method.java:498)
	at org.testng.internal.MethodInvocationHelper.invokeMethod(MethodInvocationHelper.java:86)
	at org.testng.internal.Invoker.invokeMethod(Invoker.java:643)
	at org.testng.internal.Invoker.invokeTestMethod(Invoker.java:820)
	at org.testng.internal.Invoker.invokeTestMethods(Invoker.java:1128)
	at org.testng.internal.TestMethodWorker.invokeTestMethods(TestMethodWorker.java:129)
	at org.testng.internal.TestMethodWorker.run(TestMethodWorker.java:112)
	at org.testng.TestRunner.privateRun(TestRunner.java:782)
	at org.testng.TestRunner.run(TestRunner.java:632)
	at org.testng.SuiteRunner.runTest(SuiteRunner.java:366)
	at org.testng.SuiteRunner.runSequentially(SuiteRunner.java:361)
	at org.testng.SuiteRunner.privateRun(SuiteRunner.java:319)
	at org.testng.SuiteRunner.run(SuiteRunner.java:268)
	at org.testng.SuiteRunnerWorker.runSuite(SuiteRunnerWorker.java:52)
	at org.testng.SuiteRunnerWorker.run(SuiteRunnerWorker.java:86)
	at org.testng.TestNG.runSuitesSequentially(TestNG.java:1244)
	at org.testng.TestNG.runSuitesLocally(TestNG.java:1169)
	at org.testng.TestNG.run(TestNG.java:1064)
	at org.testng.remote.AbstractRemoteTestNG.run(AbstractRemoteTestNG.java:126)
	at org.testng.remote.RemoteTestNG.initAndRun(RemoteTestNG.java:152)
	at org.testng.remote.RemoteTestNG.main(RemoteTestNG.java:57)
]]>
    </failure>
  </testcase> <!--  -->
  <testcase name="" time="33.633" classname="testcases.C1Dev1137BidAutoBid"/>
  <testcase name="" time="33.282" classname="testcases.C1Dev1137BidAutoBid"/>
  <testcase name="" time="39.338" classname="testcases.C1Dev1137BidAutoBid"/>
  <testcase name="" time="62.69" classname="testcases.C1Dev1137BidAutoBid"/>
  <testcase name="" time="16.899" classname="testcases.C1Dev1137BidAutoBid"/>
  <testcase name="" time="98.917" classname="testcases.C1Dev1137BidAutoBid"/>
  <testcase name="" time="56.574" classname="testcases.C1Dev1137BidAutoBid"/>
  <testcase name="" time="27.611" classname="testcases.C1Dev1137BidAutoBid"/>
  <testcase name="" time="40.239" classname="testcases.C2Dev1139UnderBidAutoBid"/>
  <testcase name="" time="37.749" classname="testcases.C2Dev1139UnderBidAutoBid"/>
  <testcase name="" time="40.005" classname="testcases.C2Dev1139UnderBidAutoBid"/>
  <testcase name="" time="32.033" classname="testcases.C2Dev1139UnderBidAutoBid"/>
  <testcase name="" time="25.929" classname="testcases.C2Dev1139UnderBidAutoBid"/>
  <testcase name="" time="71.069" classname="testcases.C2Dev1139UnderBidAutoBid">
    <failure type="org.openqa.selenium.TimeoutException" message="Timed out after 60 seconds waiting for visibility of element located by By.xpath: //tr//*[contains(text(), &amp;apos;CD101V - Cover 3&amp;apos;)]/ancestor::table[contains(@class, &amp;apos;mx-name-table6&amp;apos;)]/tbody/tr[1]/td[1]
Build info: version: &amp;apos;2.53.1&amp;apos;, revision: &amp;apos;a36b8b1cd5757287168e54b817830adce9b0158d&amp;apos;, time: &amp;apos;2016-06-30 19:26:09&amp;apos;
System info: host: &amp;apos;mbpro-dejuan.local&amp;apos;, ip: &amp;apos;10.34.6.211&amp;apos;, os.name: &amp;apos;Mac OS X&amp;apos;, os.arch: &amp;apos;x86_64&amp;apos;, os.version: &amp;apos;10.11.6&amp;apos;, java.version: &amp;apos;1.8.0_91&amp;apos;
Driver info: org.openqa.selenium.firefox.FirefoxDriver
Capabilities [{applicationCacheEnabled=true, rotatable=false, handlesAlerts=true, databaseEnabled=true, version=47.0.1, platform=MAC, nativeEvents=false, acceptSslCerts=true, webStorageEnabled=true, locationContextEnabled=true, browserName=firefox, takesScreenshot=true, javascriptEnabled=true, cssSelectorsEnabled=true}]
Session ID: ba122e37-a12c-ce48-aee8-e677d3455f1e">
      <![CDATA[org.openqa.selenium.TimeoutException: Timed out after 60 seconds waiting for visibility of element located by By.xpath: //tr//*[contains(text(), 'CD101V - Cover 3')]/ancestor::table[contains(@class, 'mx-name-table6')]/tbody/tr[1]/td[1]
Build info: version: '2.53.1', revision: 'a36b8b1cd5757287168e54b817830adce9b0158d', time: '2016-06-30 19:26:09'
System info: host: 'mbpro-dejuan.local', ip: '10.34.6.211', os.name: 'Mac OS X', os.arch: 'x86_64', os.version: '10.11.6', java.version: '1.8.0_91'
Driver info: org.openqa.selenium.firefox.FirefoxDriver
Capabilities [{applicationCacheEnabled=true, rotatable=false, handlesAlerts=true, databaseEnabled=true, version=47.0.1, platform=MAC, nativeEvents=false, acceptSslCerts=true, webStorageEnabled=true, locationContextEnabled=true, browserName=firefox, takesScreenshot=true, javascriptEnabled=true, cssSelectorsEnabled=true}]
Session ID: ba122e37-a12c-ce48-aee8-e677d3455f1e
	at org.openqa.selenium.support.ui.WebDriverWait.timeoutException(WebDriverWait.java:80)
	at org.openqa.selenium.support.ui.FluentWait.until(FluentWait.java:261)
	at toplevel.Helper.FindElement(Helper.java:219)
	at toplevel.Top.ClickButton(Top.java:104)
	at advertiser.Mylots.SelectALot(Mylots.java:44)
	at testcases.C2Dev1139UnderBidAutoBid.ADVCanBid(C2Dev1139UnderBidAutoBid.java:113)
	at sun.reflect.NativeMethodAccessorImpl.invoke0(Native Method)
	at sun.reflect.NativeMethodAccessorImpl.invoke(NativeMethodAccessorImpl.java:62)
	at sun.reflect.DelegatingMethodAccessorImpl.invoke(DelegatingMethodAccessorImpl.java:43)
	at java.lang.reflect.Method.invoke(Method.java:498)
	at org.testng.internal.MethodInvocationHelper.invokeMethod(MethodInvocationHelper.java:86)
	at org.testng.internal.Invoker.invokeMethod(Invoker.java:643)
	at org.testng.internal.Invoker.invokeTestMethod(Invoker.java:820)
	at org.testng.internal.Invoker.invokeTestMethods(Invoker.java:1128)
	at org.testng.internal.TestMethodWorker.invokeTestMethods(TestMethodWorker.java:129)
	at org.testng.internal.TestMethodWorker.run(TestMethodWorker.java:112)
	at org.testng.TestRunner.privateRun(TestRunner.java:782)
	at org.testng.TestRunner.run(TestRunner.java:632)
	at org.testng.SuiteRunner.runTest(SuiteRunner.java:366)
	at org.testng.SuiteRunner.runSequentially(SuiteRunner.java:361)
	at org.testng.SuiteRunner.privateRun(SuiteRunner.java:319)
	at org.testng.SuiteRunner.run(SuiteRunner.java:268)
	at org.testng.SuiteRunnerWorker.runSuite(SuiteRunnerWorker.java:52)
	at org.testng.SuiteRunnerWorker.run(SuiteRunnerWorker.java:86)
	at org.testng.TestNG.runSuitesSequentially(TestNG.java:1244)
	at org.testng.TestNG.runSuitesLocally(TestNG.java:1169)
	at org.testng.TestNG.run(TestNG.java:1064)
	at org.testng.remote.AbstractRemoteTestNG.run(AbstractRemoteTestNG.java:126)
	at org.testng.remote.RemoteTestNG.initAndRun(RemoteTestNG.java:152)
	at org.testng.remote.RemoteTestNG.main(RemoteTestNG.java:57)
Caused by: org.openqa.selenium.NoSuchElementException: Unable to locate element: {"method":"xpath","selector":"//tr//*[contains(text(), 'CD101V - Cover 3')]/ancestor::table[contains(@class, 'mx-name-table6')]/tbody/tr[1]/td[1]"}
Command duration or timeout: 23 milliseconds
For documentation on this error, please visit: http://seleniumhq.org/exceptions/no_such_element.html
Build info: version: '2.53.1', revision: 'a36b8b1cd5757287168e54b817830adce9b0158d', time: '2016-06-30 19:26:09'
System info: host: 'mbpro-dejuan.local', ip: '10.34.6.211', os.name: 'Mac OS X', os.arch: 'x86_64', os.version: '10.11.6', java.version: '1.8.0_91'
Driver info: org.openqa.selenium.firefox.FirefoxDriver
Capabilities [{applicationCacheEnabled=true, rotatable=false, handlesAlerts=true, databaseEnabled=true, version=47.0.1, platform=MAC, nativeEvents=false, acceptSslCerts=true, webStorageEnabled=true, locationContextEnabled=true, browserName=firefox, takesScreenshot=true, javascriptEnabled=true, cssSelectorsEnabled=true}]
Session ID: ba122e37-a12c-ce48-aee8-e677d3455f1e
*** Element info: {Using=xpath, value=//tr//*[contains(text(), 'CD101V - Cover 3')]/ancestor::table[contains(@class, 'mx-name-table6')]/tbody/tr[1]/td[1]}
	at sun.reflect.GeneratedConstructorAccessor14.newInstance(Unknown Source)
	at sun.reflect.DelegatingConstructorAccessorImpl.newInstance(DelegatingConstructorAccessorImpl.java:45)
	at java.lang.reflect.Constructor.newInstance(Constructor.java:423)
	at org.openqa.selenium.remote.ErrorHandler.createThrowable(ErrorHandler.java:206)
	at org.openqa.selenium.remote.ErrorHandler.throwIfResponseFailed(ErrorHandler.java:158)
	at org.openqa.selenium.remote.RemoteWebDriver.execute(RemoteWebDriver.java:678)
	at org.openqa.selenium.remote.RemoteWebDriver.findElement(RemoteWebDriver.java:363)
	at org.openqa.selenium.remote.RemoteWebDriver.findElementByXPath(RemoteWebDriver.java:500)
	at org.openqa.selenium.By$ByXPath.findElement(By.java:361)
	at org.openqa.selenium.remote.RemoteWebDriver.findElement(RemoteWebDriver.java:355)
	at org.openqa.selenium.support.ui.ExpectedConditions.findElement(ExpectedConditions.java:899)
	at org.openqa.selenium.support.ui.ExpectedConditions.access$000(ExpectedConditions.java:41)
	at org.openqa.selenium.support.ui.ExpectedConditions$7.apply(ExpectedConditions.java:205)
	at org.openqa.selenium.support.ui.ExpectedConditions$7.apply(ExpectedConditions.java:201)
	at org.openqa.selenium.support.ui.FluentWait.until(FluentWait.java:238)
	... 28 more
Caused by: org.openqa.selenium.NoSuchElementException: Unable to locate element: {"method":"xpath","selector":"//tr//*[contains(text(), 'CD101V - Cover 3')]/ancestor::table[contains(@class, 'mx-name-table6')]/tbody/tr[1]/td[1]"}
For documentation on this error, please visit: http://seleniumhq.org/exceptions/no_such_element.html
Build info: version: '2.53.1', revision: 'a36b8b1cd5757287168e54b817830adce9b0158d', time: '2016-06-30 19:26:09'
System info: host: 'mbpro-dejuan.local', ip: '10.34.6.211', os.name: 'Mac OS X', os.arch: 'x86_64', os.version: '10.11.6', java.version: '1.8.0_91'
Driver info: driver.version: unknown
	at <anonymous class>.FirefoxDriver.prototype.findElementInternal_(file:///var/folders/wr/g92p1f_s6c34hxrt50h3c8jc0000gn/T/anonymous3047484895127481743webdriver-profile/extensions/fxdriver@googlecode.com/components/driver-component.js:10770)
	at <anonymous class>.FirefoxDriver.prototype.findElement(file:///var/folders/wr/g92p1f_s6c34hxrt50h3c8jc0000gn/T/anonymous3047484895127481743webdriver-profile/extensions/fxdriver@googlecode.com/components/driver-component.js:10779)
	at <anonymous class>.DelayedCommand.prototype.executeInternal_/h(file:///var/folders/wr/g92p1f_s6c34hxrt50h3c8jc0000gn/T/anonymous3047484895127481743webdriver-profile/extensions/fxdriver@googlecode.com/components/command-processor.js:12661)
	at <anonymous class>.DelayedCommand.prototype.executeInternal_(file:///var/folders/wr/g92p1f_s6c34hxrt50h3c8jc0000gn/T/anonymous3047484895127481743webdriver-profile/extensions/fxdriver@googlecode.com/components/command-processor.js:12666)
	at <anonymous class>.DelayedCommand.prototype.execute/<(file:///var/folders/wr/g92p1f_s6c34hxrt50h3c8jc0000gn/T/anonymous3047484895127481743webdriver-profile/extensions/fxdriver@googlecode.com/components/command-processor.js:12608)
]]>
    </failure>
  </testcase> <!--  -->
  <testcase name="ADV2LotStatusIsOutbid" time="0.0" classname="testcases.C2Dev1139UnderBidAutoBid">
    <skipped/>
  </testcase> <!-- ADV2LotStatusIsOutbid -->
</testsuite> <!-- GRP-Offer,Buy,Option,CheckOrder,Bid,UnderBid -->
