<?xml version="1.0" encoding="UTF-8"?>
<!-- Generated by org.testng.reporters.JUnitXMLReporter -->
<testsuite hostname="mbpro-dejuan.lan" name="GRP-CheckPriceMB,CheckPriceAD,CheckPriceAD2" tests="23" failures="9" timestamp="18 Sep 2016 14:38:43 GMT" time="521.154" errors="0">
  <testcase name="" time="39.948" classname="testcases.A3Dev1077CheckAllPricesForADV"/>
  <testcase name="" time="39.164" classname="testcases.A3Dev1077CheckAllPricesForADV"/>
  <testcase name="" time="39.046" classname="testcases.A3Dev1077CheckAllPricesForADV"/>
  <testcase name="" time="38.071" classname="testcases.A3Dev1077CheckAllPricesForADV"/>
  <testcase name="" time="36.896" classname="testcases.A3Dev1077CheckAllPricesForADV"/>
  <testcase name="" time="37.307" classname="testcases.A3Dev1077CheckAllPricesForADV"/>
  <testcase name="" time="36.318" classname="testcases.A3Dev1077CheckAllPricesForADV"/>
  <testcase name="" time="80.029" classname="testcases.A3Dev1077CheckAllPricesForADV">
    <failure type="org.openqa.selenium.TimeoutException" message="Timed out after 60 seconds waiting for visibility of element located by By.xpath: //table[contains(@class, &amp;apos;int-table-to-datagrid&amp;apos;)]//*[contains(text(), &amp;apos;CD101V - Cover 2&amp;apos;)]/ancestor::table[contains(@class, &amp;apos;mx-name-table1&amp;apos;)]/tbody/tr[1]
Build info: version: &amp;apos;2.53.1&amp;apos;, revision: &amp;apos;a36b8b1cd5757287168e54b817830adce9b0158d&amp;apos;, time: &amp;apos;2016-06-30 19:26:09&amp;apos;
System info: host: &amp;apos;mbpro-dejuan.lan&amp;apos;, ip: &amp;apos;192.168.1.93&amp;apos;, os.name: &amp;apos;Mac OS X&amp;apos;, os.arch: &amp;apos;x86_64&amp;apos;, os.version: &amp;apos;10.11.6&amp;apos;, java.version: &amp;apos;1.8.0_91&amp;apos;
Driver info: org.openqa.selenium.firefox.FirefoxDriver
Capabilities [{applicationCacheEnabled=true, rotatable=false, handlesAlerts=true, databaseEnabled=true, version=47.0.1, platform=MAC, nativeEvents=false, acceptSslCerts=true, webStorageEnabled=true, locationContextEnabled=true, browserName=firefox, takesScreenshot=true, javascriptEnabled=true, cssSelectorsEnabled=true}]
Session ID: 12da58ee-0473-1847-b2e4-150c07bcdf5a">
      <![CDATA[org.openqa.selenium.TimeoutException: Timed out after 60 seconds waiting for visibility of element located by By.xpath: //table[contains(@class, 'int-table-to-datagrid')]//*[contains(text(), 'CD101V - Cover 2')]/ancestor::table[contains(@class, 'mx-name-table1')]/tbody/tr[1]
Build info: version: '2.53.1', revision: 'a36b8b1cd5757287168e54b817830adce9b0158d', time: '2016-06-30 19:26:09'
System info: host: 'mbpro-dejuan.lan', ip: '192.168.1.93', os.name: 'Mac OS X', os.arch: 'x86_64', os.version: '10.11.6', java.version: '1.8.0_91'
Driver info: org.openqa.selenium.firefox.FirefoxDriver
Capabilities [{applicationCacheEnabled=true, rotatable=false, handlesAlerts=true, databaseEnabled=true, version=47.0.1, platform=MAC, nativeEvents=false, acceptSslCerts=true, webStorageEnabled=true, locationContextEnabled=true, browserName=firefox, takesScreenshot=true, javascriptEnabled=true, cssSelectorsEnabled=true}]
Session ID: 12da58ee-0473-1847-b2e4-150c07bcdf5a
	at org.openqa.selenium.support.ui.WebDriverWait.timeoutException(WebDriverWait.java:80)
	at org.openqa.selenium.support.ui.FluentWait.until(FluentWait.java:261)
	at toplevel.Helper.FindElement(Helper.java:219)
	at toplevel.Top.ClickContextSensitiveItem(Top.java:140)
	at advertiser.Exchange.AddToMyLots(Exchange.java:48)
	at testcases.A3Dev1077CheckAllPricesForADV.checkAllPrices(A3Dev1077CheckAllPricesForADV.java:46)
Caused by: org.openqa.selenium.NoSuchElementException: Unable to locate element: {"method":"xpath","selector":"//table[contains(@class, 'int-table-to-datagrid')]//*[contains(text(), 'CD101V - Cover 2')]/ancestor::table[contains(@class, 'mx-name-table1')]/tbody/tr[1]"}
Command duration or timeout: 18 milliseconds
For documentation on this error, please visit: http://seleniumhq.org/exceptions/no_such_element.html
Build info: version: '2.53.1', revision: 'a36b8b1cd5757287168e54b817830adce9b0158d', time: '2016-06-30 19:26:09'
System info: host: 'mbpro-dejuan.lan', ip: '192.168.1.93', os.name: 'Mac OS X', os.arch: 'x86_64', os.version: '10.11.6', java.version: '1.8.0_91'
Driver info: org.openqa.selenium.firefox.FirefoxDriver
Capabilities [{applicationCacheEnabled=true, rotatable=false, handlesAlerts=true, databaseEnabled=true, version=47.0.1, platform=MAC, nativeEvents=false, acceptSslCerts=true, webStorageEnabled=true, locationContextEnabled=true, browserName=firefox, takesScreenshot=true, javascriptEnabled=true, cssSelectorsEnabled=true}]
Session ID: 12da58ee-0473-1847-b2e4-150c07bcdf5a
*** Element info: {Using=xpath, value=//table[contains(@class, 'int-table-to-datagrid')]//*[contains(text(), 'CD101V - Cover 2')]/ancestor::table[contains(@class, 'mx-name-table1')]/tbody/tr[1]}
	at org.openqa.selenium.remote.ErrorHandler.createThrowable(ErrorHandler.java:206)
	at org.openqa.selenium.remote.ErrorHandler.throwIfResponseFailed(ErrorHandler.java:158)
	at org.openqa.selenium.remote.RemoteWebDriver.execute(RemoteWebDriver.java:678)
	at org.openqa.selenium.remote.RemoteWebDriver.findElement(RemoteWebDriver.java:363)
	at org.openqa.selenium.remote.RemoteWebDriver.findElementByXPath(RemoteWebDriver.java:500)
	at org.openqa.selenium.By$ByXPath.findElement(By.java:361)
	at org.openqa.selenium.remote.RemoteWebDriver.findElement(RemoteWebDriver.java:355)
	at org.openqa.selenium.support.ui.ExpectedConditions.findElement(ExpectedConditions.java:899)
	at org.openqa.selenium.support.ui.ExpectedConditions.access$000(ExpectedConditions.java:41)
	at org.openqa.selenium.support.ui.ExpectedConditions$7.apply(ExpectedConditions.java:205)
	at org.openqa.selenium.support.ui.ExpectedConditions$7.apply(ExpectedConditions.java:201)
	at org.openqa.selenium.support.ui.FluentWait.until(FluentWait.java:238)
	... 28 more
Caused by: org.openqa.selenium.NoSuchElementException: Unable to locate element: {"method":"xpath","selector":"//table[contains(@class, 'int-table-to-datagrid')]//*[contains(text(), 'CD101V - Cover 2')]/ancestor::table[contains(@class, 'mx-name-table1')]/tbody/tr[1]"}
For documentation on this error, please visit: http://seleniumhq.org/exceptions/no_such_element.html
Build info: version: '2.53.1', revision: 'a36b8b1cd5757287168e54b817830adce9b0158d', time: '2016-06-30 19:26:09'
System info: host: 'mbpro-dejuan.lan', ip: '192.168.1.93', os.name: 'Mac OS X', os.arch: 'x86_64', os.version: '10.11.6', java.version: '1.8.0_91'
Driver info: driver.version: unknown
	at <anonymous class>.FirefoxDriver.prototype.findElementInternal_(file:///var/folders/wr/g92p1f_s6c34hxrt50h3c8jc0000gn/T/anonymous675373485369438022webdriver-profile/extensions/fxdriver@googlecode.com/components/driver-component.js:10770)
	at <anonymous class>.FirefoxDriver.prototype.findElement(file:///var/folders/wr/g92p1f_s6c34hxrt50h3c8jc0000gn/T/anonymous675373485369438022webdriver-profile/extensions/fxdriver@googlecode.com/components/driver-component.js:10779)
	at <anonymous class>.DelayedCommand.prototype.executeInternal_/h(file:///var/folders/wr/g92p1f_s6c34hxrt50h3c8jc0000gn/T/anonymous675373485369438022webdriver-profile/extensions/fxdriver@googlecode.com/components/command-processor.js:12661)
	at <anonymous class>.DelayedCommand.prototype.executeInternal_(file:///var/folders/wr/g92p1f_s6c34hxrt50h3c8jc0000gn/T/anonymous675373485369438022webdriver-profile/extensions/fxdriver@googlecode.com/components/command-processor.js:12666)
	at <anonymous class>.DelayedCommand.prototype.execute/<(file:///var/folders/wr/g92p1f_s6c34hxrt50h3c8jc0000gn/T/anonymous675373485369438022webdriver-profile/extensions/fxdriver@googlecode.com/components/command-processor.js:12608)
... Removed 27 stack frames]]>
    </failure>
  </testcase> <!--  -->
  <testcase name="" time="0.748" classname="testcases.A3Dev1077CheckAllPricesForADV">
    <failure type="org.openqa.selenium.WebDriverException" message="Element is not clickable at point (259, 28). Other element would receive the click: &amp;lt;div style=&amp;quot;z-index: 1001;&amp;quot; widgetid=&amp;quot;mxui_widget_Underlay_0&amp;quot; id=&amp;quot;mxui_widget_Underlay_0&amp;quot; class=&amp;quot;mx-underlay&amp;quot;&amp;gt;&amp;lt;/div&amp;gt;
Command duration or timeout: 72 milliseconds
Build info: version: &amp;apos;2.53.1&amp;apos;, revision: &amp;apos;a36b8b1cd5757287168e54b817830adce9b0158d&amp;apos;, time: &amp;apos;2016-06-30 19:26:09&amp;apos;
System info: host: &amp;apos;mbpro-dejuan.lan&amp;apos;, ip: &amp;apos;192.168.1.93&amp;apos;, os.name: &amp;apos;Mac OS X&amp;apos;, os.arch: &amp;apos;x86_64&amp;apos;, os.version: &amp;apos;10.11.6&amp;apos;, java.version: &amp;apos;1.8.0_91&amp;apos;
Driver info: org.openqa.selenium.firefox.FirefoxDriver
Capabilities [{applicationCacheEnabled=true, rotatable=false, handlesAlerts=true, databaseEnabled=true, version=47.0.1, platform=MAC, nativeEvents=false, acceptSslCerts=true, webStorageEnabled=true, locationContextEnabled=true, browserName=firefox, takesScreenshot=true, javascriptEnabled=true, cssSelectorsEnabled=true}]
Session ID: 12da58ee-0473-1847-b2e4-150c07bcdf5a">
      <![CDATA[org.openqa.selenium.WebDriverException: Element is not clickable at point (259, 28). Other element would receive the click: <div style="z-index: 1001;" widgetid="mxui_widget_Underlay_0" id="mxui_widget_Underlay_0" class="mx-underlay"></div>
Command duration or timeout: 72 milliseconds
Build info: version: '2.53.1', revision: 'a36b8b1cd5757287168e54b817830adce9b0158d', time: '2016-06-30 19:26:09'
System info: host: 'mbpro-dejuan.lan', ip: '192.168.1.93', os.name: 'Mac OS X', os.arch: 'x86_64', os.version: '10.11.6', java.version: '1.8.0_91'
Driver info: org.openqa.selenium.firefox.FirefoxDriver
Capabilities [{applicationCacheEnabled=true, rotatable=false, handlesAlerts=true, databaseEnabled=true, version=47.0.1, platform=MAC, nativeEvents=false, acceptSslCerts=true, webStorageEnabled=true, locationContextEnabled=true, browserName=firefox, takesScreenshot=true, javascriptEnabled=true, cssSelectorsEnabled=true}]
Session ID: 12da58ee-0473-1847-b2e4-150c07bcdf5a
	at org.openqa.selenium.remote.ErrorHandler.createThrowable(ErrorHandler.java:206)
	at org.openqa.selenium.remote.ErrorHandler.throwIfResponseFailed(ErrorHandler.java:158)
	at org.openqa.selenium.remote.RemoteWebDriver.execute(RemoteWebDriver.java:678)
	at org.openqa.selenium.remote.RemoteWebElement.execute(RemoteWebElement.java:327)
	at org.openqa.selenium.remote.RemoteWebElement.click(RemoteWebElement.java:85)
	at toplevel.Top.SelectMenuLink(Top.java:123)
	at advertiser.Exchange.GotoBuyerEchangePage(Exchange.java:19)
	at testcases.A3Dev1077CheckAllPricesForADV.checkAllPrices(A3Dev1077CheckAllPricesForADV.java:40)
... Removed 28 stack frames]]>
    </failure>
  </testcase> <!--  -->
  <testcase name="" time="0.743" classname="testcases.A3Dev1077CheckAllPricesForADV">
    <failure type="org.openqa.selenium.WebDriverException" message="Element is not clickable at point (259, 28). Other element would receive the click: &amp;lt;div style=&amp;quot;z-index: 1001;&amp;quot; widgetid=&amp;quot;mxui_widget_Underlay_0&amp;quot; id=&amp;quot;mxui_widget_Underlay_0&amp;quot; class=&amp;quot;mx-underlay&amp;quot;&amp;gt;&amp;lt;/div&amp;gt;
Command duration or timeout: 68 milliseconds
Build info: version: &amp;apos;2.53.1&amp;apos;, revision: &amp;apos;a36b8b1cd5757287168e54b817830adce9b0158d&amp;apos;, time: &amp;apos;2016-06-30 19:26:09&amp;apos;
System info: host: &amp;apos;mbpro-dejuan.lan&amp;apos;, ip: &amp;apos;192.168.1.93&amp;apos;, os.name: &amp;apos;Mac OS X&amp;apos;, os.arch: &amp;apos;x86_64&amp;apos;, os.version: &amp;apos;10.11.6&amp;apos;, java.version: &amp;apos;1.8.0_91&amp;apos;
Driver info: org.openqa.selenium.firefox.FirefoxDriver
Capabilities [{applicationCacheEnabled=true, rotatable=false, handlesAlerts=true, databaseEnabled=true, version=47.0.1, platform=MAC, nativeEvents=false, acceptSslCerts=true, webStorageEnabled=true, locationContextEnabled=true, browserName=firefox, takesScreenshot=true, javascriptEnabled=true, cssSelectorsEnabled=true}]
Session ID: 12da58ee-0473-1847-b2e4-150c07bcdf5a">
      <![CDATA[org.openqa.selenium.WebDriverException: Element is not clickable at point (259, 28). Other element would receive the click: <div style="z-index: 1001;" widgetid="mxui_widget_Underlay_0" id="mxui_widget_Underlay_0" class="mx-underlay"></div>
Command duration or timeout: 68 milliseconds
Build info: version: '2.53.1', revision: 'a36b8b1cd5757287168e54b817830adce9b0158d', time: '2016-06-30 19:26:09'
System info: host: 'mbpro-dejuan.lan', ip: '192.168.1.93', os.name: 'Mac OS X', os.arch: 'x86_64', os.version: '10.11.6', java.version: '1.8.0_91'
Driver info: org.openqa.selenium.firefox.FirefoxDriver
Capabilities [{applicationCacheEnabled=true, rotatable=false, handlesAlerts=true, databaseEnabled=true, version=47.0.1, platform=MAC, nativeEvents=false, acceptSslCerts=true, webStorageEnabled=true, locationContextEnabled=true, browserName=firefox, takesScreenshot=true, javascriptEnabled=true, cssSelectorsEnabled=true}]
Session ID: 12da58ee-0473-1847-b2e4-150c07bcdf5a
	at org.openqa.selenium.remote.ErrorHandler.createThrowable(ErrorHandler.java:206)
	at org.openqa.selenium.remote.ErrorHandler.throwIfResponseFailed(ErrorHandler.java:158)
	at org.openqa.selenium.remote.RemoteWebDriver.execute(RemoteWebDriver.java:678)
	at org.openqa.selenium.remote.RemoteWebElement.execute(RemoteWebElement.java:327)
	at org.openqa.selenium.remote.RemoteWebElement.click(RemoteWebElement.java:85)
	at toplevel.Top.SelectMenuLink(Top.java:123)
	at advertiser.Exchange.GotoBuyerEchangePage(Exchange.java:19)
	at testcases.A3Dev1077CheckAllPricesForADV.checkAllPrices(A3Dev1077CheckAllPricesForADV.java:40)
... Removed 28 stack frames]]>
    </failure>
  </testcase> <!--  -->
  <testcase name="" time="0.746" classname="testcases.A3Dev1077CheckAllPricesForADV">
    <failure type="org.openqa.selenium.WebDriverException" message="Element is not clickable at point (259, 28). Other element would receive the click: &amp;lt;div style=&amp;quot;z-index: 1001;&amp;quot; widgetid=&amp;quot;mxui_widget_Underlay_0&amp;quot; id=&amp;quot;mxui_widget_Underlay_0&amp;quot; class=&amp;quot;mx-underlay&amp;quot;&amp;gt;&amp;lt;/div&amp;gt;
Command duration or timeout: 73 milliseconds
Build info: version: &amp;apos;2.53.1&amp;apos;, revision: &amp;apos;a36b8b1cd5757287168e54b817830adce9b0158d&amp;apos;, time: &amp;apos;2016-06-30 19:26:09&amp;apos;
System info: host: &amp;apos;mbpro-dejuan.lan&amp;apos;, ip: &amp;apos;192.168.1.93&amp;apos;, os.name: &amp;apos;Mac OS X&amp;apos;, os.arch: &amp;apos;x86_64&amp;apos;, os.version: &amp;apos;10.11.6&amp;apos;, java.version: &amp;apos;1.8.0_91&amp;apos;
Driver info: org.openqa.selenium.firefox.FirefoxDriver
Capabilities [{applicationCacheEnabled=true, rotatable=false, handlesAlerts=true, databaseEnabled=true, version=47.0.1, platform=MAC, nativeEvents=false, acceptSslCerts=true, webStorageEnabled=true, locationContextEnabled=true, browserName=firefox, takesScreenshot=true, javascriptEnabled=true, cssSelectorsEnabled=true}]
Session ID: 12da58ee-0473-1847-b2e4-150c07bcdf5a">
      <![CDATA[org.openqa.selenium.WebDriverException: Element is not clickable at point (259, 28). Other element would receive the click: <div style="z-index: 1001;" widgetid="mxui_widget_Underlay_0" id="mxui_widget_Underlay_0" class="mx-underlay"></div>
Command duration or timeout: 73 milliseconds
Build info: version: '2.53.1', revision: 'a36b8b1cd5757287168e54b817830adce9b0158d', time: '2016-06-30 19:26:09'
System info: host: 'mbpro-dejuan.lan', ip: '192.168.1.93', os.name: 'Mac OS X', os.arch: 'x86_64', os.version: '10.11.6', java.version: '1.8.0_91'
Driver info: org.openqa.selenium.firefox.FirefoxDriver
Capabilities [{applicationCacheEnabled=true, rotatable=false, handlesAlerts=true, databaseEnabled=true, version=47.0.1, platform=MAC, nativeEvents=false, acceptSslCerts=true, webStorageEnabled=true, locationContextEnabled=true, browserName=firefox, takesScreenshot=true, javascriptEnabled=true, cssSelectorsEnabled=true}]
Session ID: 12da58ee-0473-1847-b2e4-150c07bcdf5a
	at org.openqa.selenium.remote.ErrorHandler.createThrowable(ErrorHandler.java:206)
	at org.openqa.selenium.remote.ErrorHandler.throwIfResponseFailed(ErrorHandler.java:158)
	at org.openqa.selenium.remote.RemoteWebDriver.execute(RemoteWebDriver.java:678)
	at org.openqa.selenium.remote.RemoteWebElement.execute(RemoteWebElement.java:327)
	at org.openqa.selenium.remote.RemoteWebElement.click(RemoteWebElement.java:85)
	at toplevel.Top.SelectMenuLink(Top.java:123)
	at advertiser.Exchange.GotoBuyerEchangePage(Exchange.java:19)
	at testcases.A3Dev1077CheckAllPricesForADV.checkAllPrices(A3Dev1077CheckAllPricesForADV.java:40)
... Removed 28 stack frames]]>
    </failure>
  </testcase> <!--  -->
  <testcase name="" time="31.34" classname="testcases.A3Dev1079CheckPricesForADV2"/>
  <testcase name="" time="9.007" classname="testcases.A3Dev1079CheckPricesForADV2"/>
  <testcase name="" time="8.985" classname="testcases.A3Dev1079CheckPricesForADV2"/>
  <testcase name="" time="11.323" classname="testcases.A3Dev1079CheckPricesForADV2"/>
  <testcase name="" time="11.629" classname="testcases.A3Dev1079CheckPricesForADV2"/>
  <testcase name="" time="6.636" classname="testcases.A3Dev1079CheckPricesForADV2"/>
  <testcase name="" time="29.514" classname="testcases.A3Dev1080CheckPricesForDiffCampaign"/>
  <testcase name="" time="0.841" classname="testcases.A3Dev1080CheckPricesForDiffCampaign">
    <failure type="org.openqa.selenium.WebDriverException" message="Element is not clickable at point (361, 302.1166687011719). Other element would receive the click: &amp;lt;td&amp;gt;&amp;lt;/td&amp;gt;
Command duration or timeout: 120 milliseconds
Build info: version: &amp;apos;2.53.1&amp;apos;, revision: &amp;apos;a36b8b1cd5757287168e54b817830adce9b0158d&amp;apos;, time: &amp;apos;2016-06-30 19:26:09&amp;apos;
System info: host: &amp;apos;mbpro-dejuan.lan&amp;apos;, ip: &amp;apos;192.168.1.93&amp;apos;, os.name: &amp;apos;Mac OS X&amp;apos;, os.arch: &amp;apos;x86_64&amp;apos;, os.version: &amp;apos;10.11.6&amp;apos;, java.version: &amp;apos;1.8.0_91&amp;apos;
Driver info: org.openqa.selenium.firefox.FirefoxDriver
Capabilities [{applicationCacheEnabled=true, rotatable=false, handlesAlerts=true, databaseEnabled=true, version=47.0.1, platform=MAC, nativeEvents=false, acceptSslCerts=true, webStorageEnabled=true, locationContextEnabled=true, browserName=firefox, takesScreenshot=true, javascriptEnabled=true, cssSelectorsEnabled=true}]
Session ID: 05e812d8-5ac7-044a-bd2a-c4e1ef1a844d">
      <![CDATA[org.openqa.selenium.WebDriverException: Element is not clickable at point (361, 302.1166687011719). Other element would receive the click: <td></td>
Command duration or timeout: 120 milliseconds
Build info: version: '2.53.1', revision: 'a36b8b1cd5757287168e54b817830adce9b0158d', time: '2016-06-30 19:26:09'
System info: host: 'mbpro-dejuan.lan', ip: '192.168.1.93', os.name: 'Mac OS X', os.arch: 'x86_64', os.version: '10.11.6', java.version: '1.8.0_91'
Driver info: org.openqa.selenium.firefox.FirefoxDriver
Capabilities [{applicationCacheEnabled=true, rotatable=false, handlesAlerts=true, databaseEnabled=true, version=47.0.1, platform=MAC, nativeEvents=false, acceptSslCerts=true, webStorageEnabled=true, locationContextEnabled=true, browserName=firefox, takesScreenshot=true, javascriptEnabled=true, cssSelectorsEnabled=true}]
Session ID: 05e812d8-5ac7-044a-bd2a-c4e1ef1a844d
	at org.openqa.selenium.remote.ErrorHandler.createThrowable(ErrorHandler.java:206)
	at org.openqa.selenium.remote.ErrorHandler.throwIfResponseFailed(ErrorHandler.java:158)
	at org.openqa.selenium.remote.RemoteWebDriver.execute(RemoteWebDriver.java:678)
	at org.openqa.selenium.remote.RemoteWebElement.execute(RemoteWebElement.java:327)
	at org.openqa.selenium.remote.RemoteWebElement.click(RemoteWebElement.java:85)
	at toplevel.Top.ClickContextSensitiveItem(Top.java:141)
	at advertiser.Mylots.ExpandALot(Mylots.java:74)
	at testcases.A3Dev1080CheckPricesForDiffCampaign.checkPrices(A3Dev1080CheckPricesForDiffCampaign.java:56)
... Removed 28 stack frames]]>
    </failure>
  </testcase> <!--  -->
  <testcase name="" time="0.745" classname="testcases.A3Dev1080CheckPricesForDiffCampaign">
    <failure type="org.openqa.selenium.WebDriverException" message="Element is not clickable at point (361, 302.1166687011719). Other element would receive the click: &amp;lt;td&amp;gt;&amp;lt;/td&amp;gt;
Command duration or timeout: 76 milliseconds
Build info: version: &amp;apos;2.53.1&amp;apos;, revision: &amp;apos;a36b8b1cd5757287168e54b817830adce9b0158d&amp;apos;, time: &amp;apos;2016-06-30 19:26:09&amp;apos;
System info: host: &amp;apos;mbpro-dejuan.lan&amp;apos;, ip: &amp;apos;192.168.1.93&amp;apos;, os.name: &amp;apos;Mac OS X&amp;apos;, os.arch: &amp;apos;x86_64&amp;apos;, os.version: &amp;apos;10.11.6&amp;apos;, java.version: &amp;apos;1.8.0_91&amp;apos;
Driver info: org.openqa.selenium.firefox.FirefoxDriver
Capabilities [{applicationCacheEnabled=true, rotatable=false, handlesAlerts=true, databaseEnabled=true, version=47.0.1, platform=MAC, nativeEvents=false, acceptSslCerts=true, webStorageEnabled=true, locationContextEnabled=true, browserName=firefox, takesScreenshot=true, javascriptEnabled=true, cssSelectorsEnabled=true}]
Session ID: 05e812d8-5ac7-044a-bd2a-c4e1ef1a844d">
      <![CDATA[org.openqa.selenium.WebDriverException: Element is not clickable at point (361, 302.1166687011719). Other element would receive the click: <td></td>
Command duration or timeout: 76 milliseconds
Build info: version: '2.53.1', revision: 'a36b8b1cd5757287168e54b817830adce9b0158d', time: '2016-06-30 19:26:09'
System info: host: 'mbpro-dejuan.lan', ip: '192.168.1.93', os.name: 'Mac OS X', os.arch: 'x86_64', os.version: '10.11.6', java.version: '1.8.0_91'
Driver info: org.openqa.selenium.firefox.FirefoxDriver
Capabilities [{applicationCacheEnabled=true, rotatable=false, handlesAlerts=true, databaseEnabled=true, version=47.0.1, platform=MAC, nativeEvents=false, acceptSslCerts=true, webStorageEnabled=true, locationContextEnabled=true, browserName=firefox, takesScreenshot=true, javascriptEnabled=true, cssSelectorsEnabled=true}]
Session ID: 05e812d8-5ac7-044a-bd2a-c4e1ef1a844d
	at org.openqa.selenium.remote.ErrorHandler.createThrowable(ErrorHandler.java:206)
	at org.openqa.selenium.remote.ErrorHandler.throwIfResponseFailed(ErrorHandler.java:158)
	at org.openqa.selenium.remote.RemoteWebDriver.execute(RemoteWebDriver.java:678)
	at org.openqa.selenium.remote.RemoteWebElement.execute(RemoteWebElement.java:327)
	at org.openqa.selenium.remote.RemoteWebElement.click(RemoteWebElement.java:85)
	at toplevel.Top.ClickContextSensitiveItem(Top.java:141)
	at advertiser.Mylots.ExpandALot(Mylots.java:74)
	at testcases.A3Dev1080CheckPricesForDiffCampaign.checkPrices(A3Dev1080CheckPricesForDiffCampaign.java:56)
... Removed 28 stack frames]]>
    </failure>
  </testcase> <!--  -->
  <testcase name="" time="0.739" classname="testcases.A3Dev1080CheckPricesForDiffCampaign">
    <failure type="org.openqa.selenium.WebDriverException" message="Element is not clickable at point (361, 302.1166687011719). Other element would receive the click: &amp;lt;td&amp;gt;&amp;lt;/td&amp;gt;
Command duration or timeout: 73 milliseconds
Build info: version: &amp;apos;2.53.1&amp;apos;, revision: &amp;apos;a36b8b1cd5757287168e54b817830adce9b0158d&amp;apos;, time: &amp;apos;2016-06-30 19:26:09&amp;apos;
System info: host: &amp;apos;mbpro-dejuan.lan&amp;apos;, ip: &amp;apos;192.168.1.93&amp;apos;, os.name: &amp;apos;Mac OS X&amp;apos;, os.arch: &amp;apos;x86_64&amp;apos;, os.version: &amp;apos;10.11.6&amp;apos;, java.version: &amp;apos;1.8.0_91&amp;apos;
Driver info: org.openqa.selenium.firefox.FirefoxDriver
Capabilities [{applicationCacheEnabled=true, rotatable=false, handlesAlerts=true, databaseEnabled=true, version=47.0.1, platform=MAC, nativeEvents=false, acceptSslCerts=true, webStorageEnabled=true, locationContextEnabled=true, browserName=firefox, takesScreenshot=true, javascriptEnabled=true, cssSelectorsEnabled=true}]
Session ID: 05e812d8-5ac7-044a-bd2a-c4e1ef1a844d">
      <![CDATA[org.openqa.selenium.WebDriverException: Element is not clickable at point (361, 302.1166687011719). Other element would receive the click: <td></td>
Command duration or timeout: 73 milliseconds
Build info: version: '2.53.1', revision: 'a36b8b1cd5757287168e54b817830adce9b0158d', time: '2016-06-30 19:26:09'
System info: host: 'mbpro-dejuan.lan', ip: '192.168.1.93', os.name: 'Mac OS X', os.arch: 'x86_64', os.version: '10.11.6', java.version: '1.8.0_91'
Driver info: org.openqa.selenium.firefox.FirefoxDriver
Capabilities [{applicationCacheEnabled=true, rotatable=false, handlesAlerts=true, databaseEnabled=true, version=47.0.1, platform=MAC, nativeEvents=false, acceptSslCerts=true, webStorageEnabled=true, locationContextEnabled=true, browserName=firefox, takesScreenshot=true, javascriptEnabled=true, cssSelectorsEnabled=true}]
Session ID: 05e812d8-5ac7-044a-bd2a-c4e1ef1a844d
	at org.openqa.selenium.remote.ErrorHandler.createThrowable(ErrorHandler.java:206)
	at org.openqa.selenium.remote.ErrorHandler.throwIfResponseFailed(ErrorHandler.java:158)
	at org.openqa.selenium.remote.RemoteWebDriver.execute(RemoteWebDriver.java:678)
	at org.openqa.selenium.remote.RemoteWebElement.execute(RemoteWebElement.java:327)
	at org.openqa.selenium.remote.RemoteWebElement.click(RemoteWebElement.java:85)
	at toplevel.Top.ClickContextSensitiveItem(Top.java:141)
	at advertiser.Mylots.ExpandALot(Mylots.java:74)
	at testcases.A3Dev1080CheckPricesForDiffCampaign.checkPrices(A3Dev1080CheckPricesForDiffCampaign.java:56)
... Removed 28 stack frames]]>
    </failure>
  </testcase> <!--  -->
  <testcase name="" time="0.734" classname="testcases.A3Dev1080CheckPricesForDiffCampaign">
    <failure type="org.openqa.selenium.WebDriverException" message="Element is not clickable at point (361, 302.1166687011719). Other element would receive the click: &amp;lt;td&amp;gt;&amp;lt;/td&amp;gt;
Command duration or timeout: 74 milliseconds
Build info: version: &amp;apos;2.53.1&amp;apos;, revision: &amp;apos;a36b8b1cd5757287168e54b817830adce9b0158d&amp;apos;, time: &amp;apos;2016-06-30 19:26:09&amp;apos;
System info: host: &amp;apos;mbpro-dejuan.lan&amp;apos;, ip: &amp;apos;192.168.1.93&amp;apos;, os.name: &amp;apos;Mac OS X&amp;apos;, os.arch: &amp;apos;x86_64&amp;apos;, os.version: &amp;apos;10.11.6&amp;apos;, java.version: &amp;apos;1.8.0_91&amp;apos;
Driver info: org.openqa.selenium.firefox.FirefoxDriver
Capabilities [{applicationCacheEnabled=true, rotatable=false, handlesAlerts=true, databaseEnabled=true, version=47.0.1, platform=MAC, nativeEvents=false, acceptSslCerts=true, webStorageEnabled=true, locationContextEnabled=true, browserName=firefox, takesScreenshot=true, javascriptEnabled=true, cssSelectorsEnabled=true}]
Session ID: 05e812d8-5ac7-044a-bd2a-c4e1ef1a844d">
      <![CDATA[org.openqa.selenium.WebDriverException: Element is not clickable at point (361, 302.1166687011719). Other element would receive the click: <td></td>
Command duration or timeout: 74 milliseconds
Build info: version: '2.53.1', revision: 'a36b8b1cd5757287168e54b817830adce9b0158d', time: '2016-06-30 19:26:09'
System info: host: 'mbpro-dejuan.lan', ip: '192.168.1.93', os.name: 'Mac OS X', os.arch: 'x86_64', os.version: '10.11.6', java.version: '1.8.0_91'
Driver info: org.openqa.selenium.firefox.FirefoxDriver
Capabilities [{applicationCacheEnabled=true, rotatable=false, handlesAlerts=true, databaseEnabled=true, version=47.0.1, platform=MAC, nativeEvents=false, acceptSslCerts=true, webStorageEnabled=true, locationContextEnabled=true, browserName=firefox, takesScreenshot=true, javascriptEnabled=true, cssSelectorsEnabled=true}]
Session ID: 05e812d8-5ac7-044a-bd2a-c4e1ef1a844d
	at org.openqa.selenium.remote.ErrorHandler.createThrowable(ErrorHandler.java:206)
	at org.openqa.selenium.remote.ErrorHandler.throwIfResponseFailed(ErrorHandler.java:158)
	at org.openqa.selenium.remote.RemoteWebDriver.execute(RemoteWebDriver.java:678)
	at org.openqa.selenium.remote.RemoteWebElement.execute(RemoteWebElement.java:327)
	at org.openqa.selenium.remote.RemoteWebElement.click(RemoteWebElement.java:85)
	at toplevel.Top.ClickContextSensitiveItem(Top.java:141)
	at advertiser.Mylots.ExpandALot(Mylots.java:74)
	at testcases.A3Dev1080CheckPricesForDiffCampaign.checkPrices(A3Dev1080CheckPricesForDiffCampaign.java:56)
... Removed 28 stack frames]]>
    </failure>
  </testcase> <!--  -->
  <testcase name="" time="0.739" classname="testcases.A3Dev1080CheckPricesForDiffCampaign">
    <failure type="org.openqa.selenium.WebDriverException" message="Element is not clickable at point (338, 302.433349609375). Other element would receive the click: &amp;lt;td&amp;gt;&amp;lt;/td&amp;gt;
Command duration or timeout: 77 milliseconds
Build info: version: &amp;apos;2.53.1&amp;apos;, revision: &amp;apos;a36b8b1cd5757287168e54b817830adce9b0158d&amp;apos;, time: &amp;apos;2016-06-30 19:26:09&amp;apos;
System info: host: &amp;apos;mbpro-dejuan.lan&amp;apos;, ip: &amp;apos;192.168.1.93&amp;apos;, os.name: &amp;apos;Mac OS X&amp;apos;, os.arch: &amp;apos;x86_64&amp;apos;, os.version: &amp;apos;10.11.6&amp;apos;, java.version: &amp;apos;1.8.0_91&amp;apos;
Driver info: org.openqa.selenium.firefox.FirefoxDriver
Capabilities [{applicationCacheEnabled=true, rotatable=false, handlesAlerts=true, databaseEnabled=true, version=47.0.1, platform=MAC, nativeEvents=false, acceptSslCerts=true, webStorageEnabled=true, locationContextEnabled=true, browserName=firefox, takesScreenshot=true, javascriptEnabled=true, cssSelectorsEnabled=true}]
Session ID: 05e812d8-5ac7-044a-bd2a-c4e1ef1a844d">
      <![CDATA[org.openqa.selenium.WebDriverException: Element is not clickable at point (338, 302.433349609375). Other element would receive the click: <td></td>
Command duration or timeout: 77 milliseconds
Build info: version: '2.53.1', revision: 'a36b8b1cd5757287168e54b817830adce9b0158d', time: '2016-06-30 19:26:09'
System info: host: 'mbpro-dejuan.lan', ip: '192.168.1.93', os.name: 'Mac OS X', os.arch: 'x86_64', os.version: '10.11.6', java.version: '1.8.0_91'
Driver info: org.openqa.selenium.firefox.FirefoxDriver
Capabilities [{applicationCacheEnabled=true, rotatable=false, handlesAlerts=true, databaseEnabled=true, version=47.0.1, platform=MAC, nativeEvents=false, acceptSslCerts=true, webStorageEnabled=true, locationContextEnabled=true, browserName=firefox, takesScreenshot=true, javascriptEnabled=true, cssSelectorsEnabled=true}]
Session ID: 05e812d8-5ac7-044a-bd2a-c4e1ef1a844d
	at org.openqa.selenium.remote.ErrorHandler.createThrowable(ErrorHandler.java:206)
	at org.openqa.selenium.remote.ErrorHandler.throwIfResponseFailed(ErrorHandler.java:158)
	at org.openqa.selenium.remote.RemoteWebDriver.execute(RemoteWebDriver.java:678)
	at org.openqa.selenium.remote.RemoteWebElement.execute(RemoteWebElement.java:327)
	at org.openqa.selenium.remote.RemoteWebElement.click(RemoteWebElement.java:85)
	at toplevel.Top.ClickButton(Top.java:107)
	at advertiser.Mylots.SelectALot(Mylots.java:44)
	at testcases.A3Dev1080CheckPricesForDiffCampaign.deleteLots(A3Dev1080CheckPricesForDiffCampaign.java:101)
... Removed 28 stack frames]]>
    </failure>
  </testcase> <!--  -->
</testsuite> <!-- GRP-CheckPriceMB,CheckPriceAD,CheckPriceAD2 -->
