<?xml version="1.0" encoding="UTF-8"?>
<!-- Generated by org.testng.reporters.JUnitXMLReporter -->
<testsuite hostname="mbpro-dejuan.local" name="GRP-CreateData,Offer,Buy,CheckPrice,LoginFirstTime,Option,CheckOrder" tests="45" failures="9" timestamp="6 Sep 2016 13:36:33 GMT" time="2315.442" errors="0">
  <testcase name="" time="341.293" classname="testcases.A1Dev1028UnitCreate"/>
  <testcase name="" time="11.147" classname="testcases.A2Dev1072LoginFirstTime"/>
  <testcase name="" time="10.617" classname="testcases.A2Dev1072LoginFirstTime"/>
  <testcase name="" time="10.661" classname="testcases.A2Dev1072LoginFirstTime"/>
  <testcase name="" time="10.134" classname="testcases.A2Dev1072LoginFirstTime"/>
  <testcase name="" time="10.236" classname="testcases.A2Dev1072LoginFirstTime"/>
  <testcase name="" time="10.323" classname="testcases.A2Dev1072LoginFirstTime"/>
  <testcase name="" time="10.408" classname="testcases.A2Dev1072LoginFirstTime"/>
  <testcase name="" time="55.398" classname="testcases.A3Dev1077CheckBuyNowPrices"/>
  <testcase name="" time="40.121" classname="testcases.A3Dev1077CheckBuyNowPrices"/>
  <testcase name="" time="38.938" classname="testcases.A3Dev1077CheckBuyNowPrices"/>
  <testcase name="" time="39.528" classname="testcases.A3Dev1077CheckBuyNowPrices"/>
  <testcase name="" time="39.388" classname="testcases.A3Dev1077CheckBuyNowPrices">
    <failure type="java.lang.AssertionError" message="The following asserts failed:
	expected [2520] but found [3.150,00],
	expected [1.375,00] but found [1.575,00],
	expected [1.375,00] but found [1.575,00],
	expected [687,50] but found [787,50],
	expected [687,50] but found [787,50],
	expected [687,50] but found [787,50]">
      <![CDATA[java.lang.AssertionError: The following asserts failed:
	expected [2520] but found [3.150,00],
	expected [1.375,00] but found [1.575,00],
	expected [1.375,00] but found [1.575,00],
	expected [687,50] but found [787,50],
	expected [687,50] but found [787,50],
	expected [687,50] but found [787,50]
	at testcases.A3Dev1077CheckBuyNowPrices.checkPrices(A3Dev1077CheckBuyNowPrices.java:79)
... Removed 25 stack frames]]>
    </failure>
  </testcase> <!--  -->
  <testcase name="" time="38.999" classname="testcases.A3Dev1077CheckBuyNowPrices">
    <failure type="java.lang.AssertionError" message="The following asserts failed:
	expected [1.890,0] but found [1.890,00],
	expected [1.890,0] but found [1.890,00]">
      <![CDATA[java.lang.AssertionError: The following asserts failed:
	expected [1.890,0] but found [1.890,00],
	expected [1.890,0] but found [1.890,00]
	at testcases.A3Dev1077CheckBuyNowPrices.checkPrices(A3Dev1077CheckBuyNowPrices.java:79)
... Removed 25 stack frames]]>
    </failure>
  </testcase> <!--  -->
  <testcase name="" time="39.584" classname="testcases.A3Dev1077CheckBuyNowPrices"/>
  <testcase name="" time="42.199" classname="testcases.A3Dev1080CheckLastMinutePrices"/>
  <testcase name="" time="42.17" classname="testcases.A3Dev1080CheckLastMinutePrices"/>
  <testcase name="" time="42.165" classname="testcases.A3Dev1080CheckLastMinutePrices"/>
  <testcase name="" time="41.448" classname="testcases.A3Dev1080CheckLastMinutePrices"/>
  <testcase name="" time="42.664" classname="testcases.A3Dev1079CheckBuyNowPricesDiffSalesOrg"/>
  <testcase name="" time="42.88" classname="testcases.A3Dev1079CheckBuyNowPricesDiffSalesOrg"/>
  <testcase name="" time="42.409" classname="testcases.A3Dev1079CheckBuyNowPricesDiffSalesOrg"/>
  <testcase name="" time="43.773" classname="testcases.A3Dev1079CheckBuyNowPricesDiffSalesOrg">
    <failure type="java.lang.AssertionError" message="The following asserts failed:
	expected [5.040,00] but found [3.150,00],
	expected [2.520,00] but found [1.575,00],
	expected [2.520,00] but found [1.575,00],
	expected [1.260,00] but found [787,50],
	expected [1.260,00] but found [787,50],
	expected [1.260,00] but found [787,50]">
      <![CDATA[java.lang.AssertionError: The following asserts failed:
	expected [5.040,00] but found [3.150,00],
	expected [2.520,00] but found [1.575,00],
	expected [2.520,00] but found [1.575,00],
	expected [1.260,00] but found [787,50],
	expected [1.260,00] but found [787,50],
	expected [1.260,00] but found [787,50]
	at testcases.A3Dev1079CheckBuyNowPricesDiffSalesOrg.checkAnotherSalePrices(A3Dev1079CheckBuyNowPricesDiffSalesOrg.java:80)
... Removed 25 stack frames]]>
    </failure>
  </testcase> <!--  -->
  <testcase name="" time="41.235" classname="testcases.A3Dev1082CheckBidPrices"/>
  <testcase name="" time="40.456" classname="testcases.A3Dev1082CheckBidPrices"/>
  <testcase name="" time="42.804" classname="testcases.A3Dev1082CheckBidPrices"/>
  <testcase name="" time="47.25" classname="testcases.A3Dev1082CheckBidPrices"/>
  <testcase name="" time="83.628" classname="testcases.A4Dev1101CampaignCheckPricesAndBuy"/>
  <testcase name="" time="69.277" classname="testcases.A4Dev1101CampaignCheckPricesAndBuy"/>
  <testcase name="" time="90.423" classname="testcases.A4Dev1101CampaignCheckPricesAndBuy"/>
  <testcase name="" time="0.0" classname="testcases.A5Dev1102CheckOrders"/>
  <testcase name="" time="0.0" classname="testcases.A5Dev1102CheckOrders"/>
  <testcase name="" time="0.001" classname="testcases.A5Dev1102CheckOrders"/>
  <testcase name="" time="0.0" classname="testcases.A5Dev1102CheckOrders"/>
  <testcase name="" time="126.838" classname="testcases.B1Dev1121OptionRequestAcceptReject"/>
  <testcase name="" time="117.384" classname="testcases.B1Dev1121OptionRequestAcceptReject"/>
  <testcase name="" time="72.122" classname="testcases.B2Dev1000OptionPush"/>
  <testcase name="" time="19.235" classname="testcases.B2Dev1000OptionPush">
    <failure type="org.openqa.selenium.WebDriverException" message="Element is not clickable at point (400, 329.79998779296875). Other element would receive the click: &amp;lt;label class=&amp;quot;checkbox&amp;quot;&amp;gt;&amp;lt;/label&amp;gt;
Command duration or timeout: 84 milliseconds
Build info: version: &amp;apos;2.53.1&amp;apos;, revision: &amp;apos;a36b8b1cd5757287168e54b817830adce9b0158d&amp;apos;, time: &amp;apos;2016-06-30 19:26:09&amp;apos;
System info: host: &amp;apos;mbpro-dejuan.local&amp;apos;, ip: &amp;apos;10.34.6.211&amp;apos;, os.name: &amp;apos;Mac OS X&amp;apos;, os.arch: &amp;apos;x86_64&amp;apos;, os.version: &amp;apos;10.11.6&amp;apos;, java.version: &amp;apos;1.8.0_91&amp;apos;
Driver info: org.openqa.selenium.firefox.FirefoxDriver
Capabilities [{applicationCacheEnabled=true, rotatable=false, handlesAlerts=true, databaseEnabled=true, version=47.0.1, platform=MAC, nativeEvents=false, acceptSslCerts=true, webStorageEnabled=true, locationContextEnabled=true, browserName=firefox, takesScreenshot=true, javascriptEnabled=true, cssSelectorsEnabled=true}]
Session ID: 08695a8b-da8d-874d-bf9e-085ffd471638">
      <![CDATA[org.openqa.selenium.WebDriverException: Element is not clickable at point (400, 329.79998779296875). Other element would receive the click: <label class="checkbox"></label>
Command duration or timeout: 84 milliseconds
Build info: version: '2.53.1', revision: 'a36b8b1cd5757287168e54b817830adce9b0158d', time: '2016-06-30 19:26:09'
System info: host: 'mbpro-dejuan.local', ip: '10.34.6.211', os.name: 'Mac OS X', os.arch: 'x86_64', os.version: '10.11.6', java.version: '1.8.0_91'
Driver info: org.openqa.selenium.firefox.FirefoxDriver
Capabilities [{applicationCacheEnabled=true, rotatable=false, handlesAlerts=true, databaseEnabled=true, version=47.0.1, platform=MAC, nativeEvents=false, acceptSslCerts=true, webStorageEnabled=true, locationContextEnabled=true, browserName=firefox, takesScreenshot=true, javascriptEnabled=true, cssSelectorsEnabled=true}]
Session ID: 08695a8b-da8d-874d-bf9e-085ffd471638
	at org.openqa.selenium.remote.ErrorHandler.createThrowable(ErrorHandler.java:206)
	at org.openqa.selenium.remote.ErrorHandler.throwIfResponseFailed(ErrorHandler.java:158)
	at org.openqa.selenium.remote.RemoteWebDriver.execute(RemoteWebDriver.java:678)
	at org.openqa.selenium.remote.RemoteWebElement.execute(RemoteWebElement.java:327)
	at org.openqa.selenium.remote.RemoteWebElement.click(RemoteWebElement.java:85)
	at advertiser.Exchange.SelectMediumOrFormat(Exchange.java:47)
	at testcases.B2Dev1000OptionPush.optionPush(B2Dev1000OptionPush.java:40)
... Removed 28 stack frames]]>
    </failure>
  </testcase> <!--  -->
  <testcase name="" time="50.893" classname="testcases.B2Dev1000OptionPush"/>
  <testcase name="" time="52.524" classname="testcases.B2Dev1000OptionPush"/>
  <testcase name="" time="72.238" classname="testcases.B2Dev1000OptionPush">
    <failure type="org.openqa.selenium.TimeoutException" message="Timed out after 60 seconds waiting for visibility of element located by By.xpath: //table[contains(@class, &amp;apos;int-table-to-datagrid&amp;apos;)]//*[contains(text(), &amp;apos;CD104BS - Pagina 3&amp;apos;)]/ancestor::table[contains(@class, &amp;apos;mx-name-table1&amp;apos;)]/tbody/tr[1]
Build info: version: &amp;apos;2.53.1&amp;apos;, revision: &amp;apos;a36b8b1cd5757287168e54b817830adce9b0158d&amp;apos;, time: &amp;apos;2016-06-30 19:26:09&amp;apos;
System info: host: &amp;apos;mbpro-dejuan.local&amp;apos;, ip: &amp;apos;10.34.6.211&amp;apos;, os.name: &amp;apos;Mac OS X&amp;apos;, os.arch: &amp;apos;x86_64&amp;apos;, os.version: &amp;apos;10.11.6&amp;apos;, java.version: &amp;apos;1.8.0_91&amp;apos;
Driver info: org.openqa.selenium.firefox.FirefoxDriver
Capabilities [{applicationCacheEnabled=true, rotatable=false, handlesAlerts=true, databaseEnabled=true, version=47.0.1, platform=MAC, nativeEvents=false, acceptSslCerts=true, webStorageEnabled=true, locationContextEnabled=true, browserName=firefox, takesScreenshot=true, javascriptEnabled=true, cssSelectorsEnabled=true}]
Session ID: 08695a8b-da8d-874d-bf9e-085ffd471638">
      <![CDATA[org.openqa.selenium.TimeoutException: Timed out after 60 seconds waiting for visibility of element located by By.xpath: //table[contains(@class, 'int-table-to-datagrid')]//*[contains(text(), 'CD104BS - Pagina 3')]/ancestor::table[contains(@class, 'mx-name-table1')]/tbody/tr[1]
Build info: version: '2.53.1', revision: 'a36b8b1cd5757287168e54b817830adce9b0158d', time: '2016-06-30 19:26:09'
System info: host: 'mbpro-dejuan.local', ip: '10.34.6.211', os.name: 'Mac OS X', os.arch: 'x86_64', os.version: '10.11.6', java.version: '1.8.0_91'
Driver info: org.openqa.selenium.firefox.FirefoxDriver
Capabilities [{applicationCacheEnabled=true, rotatable=false, handlesAlerts=true, databaseEnabled=true, version=47.0.1, platform=MAC, nativeEvents=false, acceptSslCerts=true, webStorageEnabled=true, locationContextEnabled=true, browserName=firefox, takesScreenshot=true, javascriptEnabled=true, cssSelectorsEnabled=true}]
Session ID: 08695a8b-da8d-874d-bf9e-085ffd471638
	at org.openqa.selenium.support.ui.WebDriverWait.timeoutException(WebDriverWait.java:80)
	at org.openqa.selenium.support.ui.FluentWait.until(FluentWait.java:261)
	at advertiser.Exchange.SelectAInventory(Exchange.java:73)
	at testcases.B2Dev1000OptionPush.notificationNoCampaignDeselect(B2Dev1000OptionPush.java:65)
Caused by: org.openqa.selenium.NoSuchElementException: Unable to locate element: {"method":"xpath","selector":"//table[contains(@class, 'int-table-to-datagrid')]//*[contains(text(), 'CD104BS - Pagina 3')]/ancestor::table[contains(@class, 'mx-name-table1')]/tbody/tr[1]"}
Command duration or timeout: 15 milliseconds
For documentation on this error, please visit: http://seleniumhq.org/exceptions/no_such_element.html
Build info: version: '2.53.1', revision: 'a36b8b1cd5757287168e54b817830adce9b0158d', time: '2016-06-30 19:26:09'
System info: host: 'mbpro-dejuan.local', ip: '10.34.6.211', os.name: 'Mac OS X', os.arch: 'x86_64', os.version: '10.11.6', java.version: '1.8.0_91'
Driver info: org.openqa.selenium.firefox.FirefoxDriver
Capabilities [{applicationCacheEnabled=true, rotatable=false, handlesAlerts=true, databaseEnabled=true, version=47.0.1, platform=MAC, nativeEvents=false, acceptSslCerts=true, webStorageEnabled=true, locationContextEnabled=true, browserName=firefox, takesScreenshot=true, javascriptEnabled=true, cssSelectorsEnabled=true}]
Session ID: 08695a8b-da8d-874d-bf9e-085ffd471638
*** Element info: {Using=xpath, value=//table[contains(@class, 'int-table-to-datagrid')]//*[contains(text(), 'CD104BS - Pagina 3')]/ancestor::table[contains(@class, 'mx-name-table1')]/tbody/tr[1]}
	at org.openqa.selenium.remote.ErrorHandler.createThrowable(ErrorHandler.java:206)
	at org.openqa.selenium.remote.ErrorHandler.throwIfResponseFailed(ErrorHandler.java:158)
	at org.openqa.selenium.remote.RemoteWebDriver.execute(RemoteWebDriver.java:678)
	at org.openqa.selenium.remote.RemoteWebDriver.findElement(RemoteWebDriver.java:363)
	at org.openqa.selenium.remote.RemoteWebDriver.findElementByXPath(RemoteWebDriver.java:500)
	at org.openqa.selenium.By$ByXPath.findElement(By.java:361)
	at org.openqa.selenium.remote.RemoteWebDriver.findElement(RemoteWebDriver.java:355)
	at org.openqa.selenium.support.ui.ExpectedConditions.findElement(ExpectedConditions.java:899)
	at org.openqa.selenium.support.ui.ExpectedConditions.access$000(ExpectedConditions.java:41)
	at org.openqa.selenium.support.ui.ExpectedConditions$7.apply(ExpectedConditions.java:205)
	at org.openqa.selenium.support.ui.ExpectedConditions$7.apply(ExpectedConditions.java:201)
	at org.openqa.selenium.support.ui.FluentWait.until(FluentWait.java:238)
	... 26 more
Caused by: org.openqa.selenium.NoSuchElementException: Unable to locate element: {"method":"xpath","selector":"//table[contains(@class, 'int-table-to-datagrid')]//*[contains(text(), 'CD104BS - Pagina 3')]/ancestor::table[contains(@class, 'mx-name-table1')]/tbody/tr[1]"}
For documentation on this error, please visit: http://seleniumhq.org/exceptions/no_such_element.html
Build info: version: '2.53.1', revision: 'a36b8b1cd5757287168e54b817830adce9b0158d', time: '2016-06-30 19:26:09'
System info: host: 'mbpro-dejuan.local', ip: '10.34.6.211', os.name: 'Mac OS X', os.arch: 'x86_64', os.version: '10.11.6', java.version: '1.8.0_91'
Driver info: driver.version: unknown
	at <anonymous class>.FirefoxDriver.prototype.findElementInternal_(file:///var/folders/wr/g92p1f_s6c34hxrt50h3c8jc0000gn/T/anonymous2778923394478248598webdriver-profile/extensions/fxdriver@googlecode.com/components/driver-component.js:10770)
	at <anonymous class>.FirefoxDriver.prototype.findElement(file:///var/folders/wr/g92p1f_s6c34hxrt50h3c8jc0000gn/T/anonymous2778923394478248598webdriver-profile/extensions/fxdriver@googlecode.com/components/driver-component.js:10779)
	at <anonymous class>.DelayedCommand.prototype.executeInternal_/h(file:///var/folders/wr/g92p1f_s6c34hxrt50h3c8jc0000gn/T/anonymous2778923394478248598webdriver-profile/extensions/fxdriver@googlecode.com/components/command-processor.js:12661)
	at <anonymous class>.DelayedCommand.prototype.executeInternal_(file:///var/folders/wr/g92p1f_s6c34hxrt50h3c8jc0000gn/T/anonymous2778923394478248598webdriver-profile/extensions/fxdriver@googlecode.com/components/command-processor.js:12666)
	at <anonymous class>.DelayedCommand.prototype.execute/<(file:///var/folders/wr/g92p1f_s6c34hxrt50h3c8jc0000gn/T/anonymous2778923394478248598webdriver-profile/extensions/fxdriver@googlecode.com/components/command-processor.js:12608)
... Removed 27 stack frames]]>
    </failure>
  </testcase> <!--  -->
  <testcase name="" time="60.01" classname="testcases.B2Dev1000OptionPush">
    <failure type="org.openqa.selenium.TimeoutException" message="Timed out after 60 seconds waiting for visibility of element located by By.xpath: //table[contains(@class, &amp;apos;int-table-to-datagrid&amp;apos;)]//*[contains(text(), &amp;apos;CD102VS - Cover 3&amp;apos;)]/ancestor::table[contains(@class, &amp;apos;mx-name-table1&amp;apos;)]/tbody/tr[1]
Build info: version: &amp;apos;2.53.1&amp;apos;, revision: &amp;apos;a36b8b1cd5757287168e54b817830adce9b0158d&amp;apos;, time: &amp;apos;2016-06-30 19:26:09&amp;apos;
System info: host: &amp;apos;mbpro-dejuan.local&amp;apos;, ip: &amp;apos;10.34.6.211&amp;apos;, os.name: &amp;apos;Mac OS X&amp;apos;, os.arch: &amp;apos;x86_64&amp;apos;, os.version: &amp;apos;10.11.6&amp;apos;, java.version: &amp;apos;1.8.0_91&amp;apos;
Driver info: org.openqa.selenium.firefox.FirefoxDriver
Capabilities [{applicationCacheEnabled=true, rotatable=false, handlesAlerts=true, databaseEnabled=true, version=47.0.1, platform=MAC, nativeEvents=false, acceptSslCerts=true, webStorageEnabled=true, locationContextEnabled=true, browserName=firefox, takesScreenshot=true, javascriptEnabled=true, cssSelectorsEnabled=true}]
Session ID: 08695a8b-da8d-874d-bf9e-085ffd471638">
      <![CDATA[org.openqa.selenium.TimeoutException: Timed out after 60 seconds waiting for visibility of element located by By.xpath: //table[contains(@class, 'int-table-to-datagrid')]//*[contains(text(), 'CD102VS - Cover 3')]/ancestor::table[contains(@class, 'mx-name-table1')]/tbody/tr[1]
Build info: version: '2.53.1', revision: 'a36b8b1cd5757287168e54b817830adce9b0158d', time: '2016-06-30 19:26:09'
System info: host: 'mbpro-dejuan.local', ip: '10.34.6.211', os.name: 'Mac OS X', os.arch: 'x86_64', os.version: '10.11.6', java.version: '1.8.0_91'
Driver info: org.openqa.selenium.firefox.FirefoxDriver
Capabilities [{applicationCacheEnabled=true, rotatable=false, handlesAlerts=true, databaseEnabled=true, version=47.0.1, platform=MAC, nativeEvents=false, acceptSslCerts=true, webStorageEnabled=true, locationContextEnabled=true, browserName=firefox, takesScreenshot=true, javascriptEnabled=true, cssSelectorsEnabled=true}]
Session ID: 08695a8b-da8d-874d-bf9e-085ffd471638
	at org.openqa.selenium.support.ui.WebDriverWait.timeoutException(WebDriverWait.java:80)
	at org.openqa.selenium.support.ui.FluentWait.until(FluentWait.java:261)
	at advertiser.Exchange.SelectAInventory(Exchange.java:73)
	at testcases.B2Dev1000OptionPush.deletAnOffer(B2Dev1000OptionPush.java:81)
Caused by: org.openqa.selenium.NoSuchElementException: Unable to locate element: {"method":"xpath","selector":"//table[contains(@class, 'int-table-to-datagrid')]//*[contains(text(), 'CD102VS - Cover 3')]/ancestor::table[contains(@class, 'mx-name-table1')]/tbody/tr[1]"}
Command duration or timeout: 15 milliseconds
For documentation on this error, please visit: http://seleniumhq.org/exceptions/no_such_element.html
Build info: version: '2.53.1', revision: 'a36b8b1cd5757287168e54b817830adce9b0158d', time: '2016-06-30 19:26:09'
System info: host: 'mbpro-dejuan.local', ip: '10.34.6.211', os.name: 'Mac OS X', os.arch: 'x86_64', os.version: '10.11.6', java.version: '1.8.0_91'
Driver info: org.openqa.selenium.firefox.FirefoxDriver
Capabilities [{applicationCacheEnabled=true, rotatable=false, handlesAlerts=true, databaseEnabled=true, version=47.0.1, platform=MAC, nativeEvents=false, acceptSslCerts=true, webStorageEnabled=true, locationContextEnabled=true, browserName=firefox, takesScreenshot=true, javascriptEnabled=true, cssSelectorsEnabled=true}]
Session ID: 08695a8b-da8d-874d-bf9e-085ffd471638
*** Element info: {Using=xpath, value=//table[contains(@class, 'int-table-to-datagrid')]//*[contains(text(), 'CD102VS - Cover 3')]/ancestor::table[contains(@class, 'mx-name-table1')]/tbody/tr[1]}
	at org.openqa.selenium.remote.ErrorHandler.createThrowable(ErrorHandler.java:206)
	at org.openqa.selenium.remote.ErrorHandler.throwIfResponseFailed(ErrorHandler.java:158)
	at org.openqa.selenium.remote.RemoteWebDriver.execute(RemoteWebDriver.java:678)
	at org.openqa.selenium.remote.RemoteWebDriver.findElement(RemoteWebDriver.java:363)
	at org.openqa.selenium.remote.RemoteWebDriver.findElementByXPath(RemoteWebDriver.java:500)
	at org.openqa.selenium.By$ByXPath.findElement(By.java:361)
	at org.openqa.selenium.remote.RemoteWebDriver.findElement(RemoteWebDriver.java:355)
	at org.openqa.selenium.support.ui.ExpectedConditions.findElement(ExpectedConditions.java:899)
	at org.openqa.selenium.support.ui.ExpectedConditions.access$000(ExpectedConditions.java:41)
	at org.openqa.selenium.support.ui.ExpectedConditions$7.apply(ExpectedConditions.java:205)
	at org.openqa.selenium.support.ui.ExpectedConditions$7.apply(ExpectedConditions.java:201)
	at org.openqa.selenium.support.ui.FluentWait.until(FluentWait.java:238)
	... 26 more
Caused by: org.openqa.selenium.NoSuchElementException: Unable to locate element: {"method":"xpath","selector":"//table[contains(@class, 'int-table-to-datagrid')]//*[contains(text(), 'CD102VS - Cover 3')]/ancestor::table[contains(@class, 'mx-name-table1')]/tbody/tr[1]"}
For documentation on this error, please visit: http://seleniumhq.org/exceptions/no_such_element.html
Build info: version: '2.53.1', revision: 'a36b8b1cd5757287168e54b817830adce9b0158d', time: '2016-06-30 19:26:09'
System info: host: 'mbpro-dejuan.local', ip: '10.34.6.211', os.name: 'Mac OS X', os.arch: 'x86_64', os.version: '10.11.6', java.version: '1.8.0_91'
Driver info: driver.version: unknown
	at <anonymous class>.FirefoxDriver.prototype.findElementInternal_(file:///var/folders/wr/g92p1f_s6c34hxrt50h3c8jc0000gn/T/anonymous2778923394478248598webdriver-profile/extensions/fxdriver@googlecode.com/components/driver-component.js:10770)
	at <anonymous class>.FirefoxDriver.prototype.findElement(file:///var/folders/wr/g92p1f_s6c34hxrt50h3c8jc0000gn/T/anonymous2778923394478248598webdriver-profile/extensions/fxdriver@googlecode.com/components/driver-component.js:10779)
	at <anonymous class>.DelayedCommand.prototype.executeInternal_/h(file:///var/folders/wr/g92p1f_s6c34hxrt50h3c8jc0000gn/T/anonymous2778923394478248598webdriver-profile/extensions/fxdriver@googlecode.com/components/command-processor.js:12661)
	at <anonymous class>.DelayedCommand.prototype.executeInternal_(file:///var/folders/wr/g92p1f_s6c34hxrt50h3c8jc0000gn/T/anonymous2778923394478248598webdriver-profile/extensions/fxdriver@googlecode.com/components/command-processor.js:12666)
	at <anonymous class>.DelayedCommand.prototype.execute/<(file:///var/folders/wr/g92p1f_s6c34hxrt50h3c8jc0000gn/T/anonymous2778923394478248598webdriver-profile/extensions/fxdriver@googlecode.com/components/command-processor.js:12608)
... Removed 27 stack frames]]>
    </failure>
  </testcase> <!--  -->
  <testcase name="" time="2.247" classname="testcases.B2Dev1000OptionPush">
    <failure type="org.openqa.selenium.support.ui.UnexpectedTagNameException" message="Element should have been &amp;quot;select&amp;quot; but was &amp;quot;input&amp;quot;
Build info: version: &amp;apos;2.53.1&amp;apos;, revision: &amp;apos;a36b8b1cd5757287168e54b817830adce9b0158d&amp;apos;, time: &amp;apos;2016-06-30 19:26:09&amp;apos;
System info: host: &amp;apos;mbpro-dejuan.local&amp;apos;, ip: &amp;apos;10.34.6.211&amp;apos;, os.name: &amp;apos;Mac OS X&amp;apos;, os.arch: &amp;apos;x86_64&amp;apos;, os.version: &amp;apos;10.11.6&amp;apos;, java.version: &amp;apos;1.8.0_91&amp;apos;
Driver info: driver.version: unknown">
      <![CDATA[org.openqa.selenium.support.ui.UnexpectedTagNameException: Element should have been "select" but was "input"
Build info: version: '2.53.1', revision: 'a36b8b1cd5757287168e54b817830adce9b0158d', time: '2016-06-30 19:26:09'
System info: host: 'mbpro-dejuan.local', ip: '10.34.6.211', os.name: 'Mac OS X', os.arch: 'x86_64', os.version: '10.11.6', java.version: '1.8.0_91'
Driver info: driver.version: unknown
	at org.openqa.selenium.support.ui.Select.<init>(Select.java:47)
	at advertiser.Exchange.SelectCampaign(Exchange.java:28)
	at testcases.B2Dev1000OptionPush.campaignAddAll(B2Dev1000OptionPush.java:94)
... Removed 24 stack frames]]>
    </failure>
  </testcase> <!--  -->
  <testcase name="" time="1.23" classname="testcases.B2Dev1000OptionPush">
    <failure type="org.openqa.selenium.support.ui.UnexpectedTagNameException" message="Element should have been &amp;quot;select&amp;quot; but was &amp;quot;input&amp;quot;
Build info: version: &amp;apos;2.53.1&amp;apos;, revision: &amp;apos;a36b8b1cd5757287168e54b817830adce9b0158d&amp;apos;, time: &amp;apos;2016-06-30 19:26:09&amp;apos;
System info: host: &amp;apos;mbpro-dejuan.local&amp;apos;, ip: &amp;apos;10.34.6.211&amp;apos;, os.name: &amp;apos;Mac OS X&amp;apos;, os.arch: &amp;apos;x86_64&amp;apos;, os.version: &amp;apos;10.11.6&amp;apos;, java.version: &amp;apos;1.8.0_91&amp;apos;
Driver info: driver.version: unknown">
      <![CDATA[org.openqa.selenium.support.ui.UnexpectedTagNameException: Element should have been "select" but was "input"
Build info: version: '2.53.1', revision: 'a36b8b1cd5757287168e54b817830adce9b0158d', time: '2016-06-30 19:26:09'
System info: host: 'mbpro-dejuan.local', ip: '10.34.6.211', os.name: 'Mac OS X', os.arch: 'x86_64', os.version: '10.11.6', java.version: '1.8.0_91'
Driver info: driver.version: unknown
	at org.openqa.selenium.support.ui.Select.<init>(Select.java:47)
	at advertiser.Exchange.SelectCampaign(Exchange.java:28)
	at testcases.B2Dev1000OptionPush.campaignAddOne(B2Dev1000OptionPush.java:110)
... Removed 24 stack frames]]>
    </failure>
  </testcase> <!--  -->
  <testcase name="" time="1.232" classname="testcases.B2Dev1000OptionPush">
    <failure type="org.openqa.selenium.support.ui.UnexpectedTagNameException" message="Element should have been &amp;quot;select&amp;quot; but was &amp;quot;input&amp;quot;
Build info: version: &amp;apos;2.53.1&amp;apos;, revision: &amp;apos;a36b8b1cd5757287168e54b817830adce9b0158d&amp;apos;, time: &amp;apos;2016-06-30 19:26:09&amp;apos;
System info: host: &amp;apos;mbpro-dejuan.local&amp;apos;, ip: &amp;apos;10.34.6.211&amp;apos;, os.name: &amp;apos;Mac OS X&amp;apos;, os.arch: &amp;apos;x86_64&amp;apos;, os.version: &amp;apos;10.11.6&amp;apos;, java.version: &amp;apos;1.8.0_91&amp;apos;
Driver info: driver.version: unknown">
      <![CDATA[org.openqa.selenium.support.ui.UnexpectedTagNameException: Element should have been "select" but was "input"
Build info: version: '2.53.1', revision: 'a36b8b1cd5757287168e54b817830adce9b0158d', time: '2016-06-30 19:26:09'
System info: host: 'mbpro-dejuan.local', ip: '10.34.6.211', os.name: 'Mac OS X', os.arch: 'x86_64', os.version: '10.11.6', java.version: '1.8.0_91'
Driver info: driver.version: unknown
	at org.openqa.selenium.support.ui.Select.<init>(Select.java:47)
	at advertiser.Exchange.SelectCampaign(Exchange.java:28)
	at testcases.B2Dev1000OptionPush.CheckStatus(B2Dev1000OptionPush.java:123)
... Removed 24 stack frames]]>
    </failure>
  </testcase> <!--  -->
</testsuite> <!-- GRP-CreateData,Offer,Buy,CheckPrice,LoginFirstTime,Option,CheckOrder -->
