<?xml version="1.0" encoding="UTF-8"?>
<!-- Generated by org.testng.reporters.JUnitXMLReporter -->
<testsuite hostname="mbpro-dejuan.local" name="GRP-CheckPriceMB,CreateData,CheckPriceAD,BuyMultiple,Offer,Buy,LoginFirstTime,CheckPriceAD2,Option,CheckOrder,Bid" tests="34" failures="1" timestamp="10 Oct 2016 07:25:17 GMT" time="1416.972" errors="0">
  <testcase name="@AfterClass stop" time="0.0" classname="testcases.A4Dev1101CampaignBuy">
    <failure type="org.openqa.selenium.TimeoutException" message="Timed out after 60 seconds waiting for visibility of element located by By.cssSelector: .mx-name-signOutButton
Build info: version: &amp;apos;2.53.1&amp;apos;, revision: &amp;apos;a36b8b1cd5757287168e54b817830adce9b0158d&amp;apos;, time: &amp;apos;2016-06-30 19:26:09&amp;apos;
System info: host: &amp;apos;mbpro-dejuan.local&amp;apos;, ip: &amp;apos;10.34.6.211&amp;apos;, os.name: &amp;apos;Mac OS X&amp;apos;, os.arch: &amp;apos;x86_64&amp;apos;, os.version: &amp;apos;10.11.6&amp;apos;, java.version: &amp;apos;1.8.0_91&amp;apos;
Driver info: org.openqa.selenium.firefox.FirefoxDriver
Capabilities [{applicationCacheEnabled=true, rotatable=false, handlesAlerts=true, databaseEnabled=true, version=47.0.1, platform=MAC, nativeEvents=false, acceptSslCerts=true, webStorageEnabled=true, locationContextEnabled=true, browserName=firefox, takesScreenshot=true, javascriptEnabled=true, cssSelectorsEnabled=true}]
Session ID: 22d51cd4-bcf4-6945-9781-d0b76c915d36">
      <![CDATA[org.openqa.selenium.TimeoutException: Timed out after 60 seconds waiting for visibility of element located by By.cssSelector: .mx-name-signOutButton
Build info: version: '2.53.1', revision: 'a36b8b1cd5757287168e54b817830adce9b0158d', time: '2016-06-30 19:26:09'
System info: host: 'mbpro-dejuan.local', ip: '10.34.6.211', os.name: 'Mac OS X', os.arch: 'x86_64', os.version: '10.11.6', java.version: '1.8.0_91'
Driver info: org.openqa.selenium.firefox.FirefoxDriver
Capabilities [{applicationCacheEnabled=true, rotatable=false, handlesAlerts=true, databaseEnabled=true, version=47.0.1, platform=MAC, nativeEvents=false, acceptSslCerts=true, webStorageEnabled=true, locationContextEnabled=true, browserName=firefox, takesScreenshot=true, javascriptEnabled=true, cssSelectorsEnabled=true}]
Session ID: 22d51cd4-bcf4-6945-9781-d0b76c915d36
	at org.openqa.selenium.support.ui.WebDriverWait.timeoutException(WebDriverWait.java:80)
	at org.openqa.selenium.support.ui.FluentWait.until(FluentWait.java:261)
	at toplevel.Helper.FindElement(Helper.java:219)
	at toplevel.Top.ClickButton(Top.java:105)
	at toplevel.Top.Logout(Top.java:65)
	at testcases.A4Dev1101CampaignBuy.stop(A4Dev1101CampaignBuy.java:71)
Caused by: org.openqa.selenium.NoSuchElementException: Unable to locate element: {"method":"css selector","selector":".mx-name-signOutButton"}
Command duration or timeout: 6 milliseconds
For documentation on this error, please visit: http://seleniumhq.org/exceptions/no_such_element.html
Build info: version: '2.53.1', revision: 'a36b8b1cd5757287168e54b817830adce9b0158d', time: '2016-06-30 19:26:09'
System info: host: 'mbpro-dejuan.local', ip: '10.34.6.211', os.name: 'Mac OS X', os.arch: 'x86_64', os.version: '10.11.6', java.version: '1.8.0_91'
Driver info: org.openqa.selenium.firefox.FirefoxDriver
Capabilities [{applicationCacheEnabled=true, rotatable=false, handlesAlerts=true, databaseEnabled=true, version=47.0.1, platform=MAC, nativeEvents=false, acceptSslCerts=true, webStorageEnabled=true, locationContextEnabled=true, browserName=firefox, takesScreenshot=true, javascriptEnabled=true, cssSelectorsEnabled=true}]
Session ID: 22d51cd4-bcf4-6945-9781-d0b76c915d36
*** Element info: {Using=css selector, value=.mx-name-signOutButton}
	at org.openqa.selenium.remote.ErrorHandler.createThrowable(ErrorHandler.java:206)
	at org.openqa.selenium.remote.ErrorHandler.throwIfResponseFailed(ErrorHandler.java:158)
	at org.openqa.selenium.remote.RemoteWebDriver.execute(RemoteWebDriver.java:678)
	at org.openqa.selenium.remote.RemoteWebDriver.findElement(RemoteWebDriver.java:363)
	at org.openqa.selenium.remote.RemoteWebDriver.findElementByCssSelector(RemoteWebDriver.java:492)
	at org.openqa.selenium.By$ByCssSelector.findElement(By.java:430)
	at org.openqa.selenium.remote.RemoteWebDriver.findElement(RemoteWebDriver.java:355)
	at org.openqa.selenium.support.ui.ExpectedConditions.findElement(ExpectedConditions.java:899)
	at org.openqa.selenium.support.ui.ExpectedConditions.access$000(ExpectedConditions.java:41)
	at org.openqa.selenium.support.ui.ExpectedConditions$7.apply(ExpectedConditions.java:205)
	at org.openqa.selenium.support.ui.ExpectedConditions$7.apply(ExpectedConditions.java:201)
	at org.openqa.selenium.support.ui.FluentWait.until(FluentWait.java:238)
	... 28 more
Caused by: org.openqa.selenium.NoSuchElementException: Unable to locate element: {"method":"css selector","selector":".mx-name-signOutButton"}
For documentation on this error, please visit: http://seleniumhq.org/exceptions/no_such_element.html
Build info: version: '2.53.1', revision: 'a36b8b1cd5757287168e54b817830adce9b0158d', time: '2016-06-30 19:26:09'
System info: host: 'mbpro-dejuan.local', ip: '10.34.6.211', os.name: 'Mac OS X', os.arch: 'x86_64', os.version: '10.11.6', java.version: '1.8.0_91'
Driver info: driver.version: unknown
	at <anonymous class>.FirefoxDriver.prototype.findElementInternal_(file:///var/folders/wr/g92p1f_s6c34hxrt50h3c8jc0000gn/T/anonymous4639208691666702457webdriver-profile/extensions/fxdriver@googlecode.com/components/driver-component.js:10770)
	at <anonymous class>.FirefoxDriver.prototype.findElement(file:///var/folders/wr/g92p1f_s6c34hxrt50h3c8jc0000gn/T/anonymous4639208691666702457webdriver-profile/extensions/fxdriver@googlecode.com/components/driver-component.js:10779)
	at <anonymous class>.DelayedCommand.prototype.executeInternal_/h(file:///var/folders/wr/g92p1f_s6c34hxrt50h3c8jc0000gn/T/anonymous4639208691666702457webdriver-profile/extensions/fxdriver@googlecode.com/components/command-processor.js:12661)
	at <anonymous class>.DelayedCommand.prototype.executeInternal_(file:///var/folders/wr/g92p1f_s6c34hxrt50h3c8jc0000gn/T/anonymous4639208691666702457webdriver-profile/extensions/fxdriver@googlecode.com/components/command-processor.js:12666)
	at <anonymous class>.DelayedCommand.prototype.execute/<(file:///var/folders/wr/g92p1f_s6c34hxrt50h3c8jc0000gn/T/anonymous4639208691666702457webdriver-profile/extensions/fxdriver@googlecode.com/components/command-processor.js:12608)
... Removed 27 stack frames]]>
    </failure>
  </testcase> <!-- @AfterClass stop -->
  <testcase name="" time="140.882" classname="testcases.A1Dev1028UnitCreate"/>
  <testcase name="" time="21.676" classname="testcases.A2Dev1072LoginFirstTime"/>
  <testcase name="" time="21.574" classname="testcases.A2Dev1072LoginFirstTime"/>
  <testcase name="" time="21.8" classname="testcases.A2Dev1072LoginFirstTime"/>
  <testcase name="" time="21.563" classname="testcases.A2Dev1072LoginFirstTime"/>
  <testcase name="" time="21.701" classname="testcases.A2Dev1072LoginFirstTime"/>
  <testcase name="" time="21.506" classname="testcases.A2Dev1072LoginFirstTime"/>
  <testcase name="" time="22.1" classname="testcases.A2Dev1072LoginFirstTime"/>
  <testcase name="" time="54.456" classname="testcases.A3Dev1077CheckAllPricesForADV"/>
  <testcase name="" time="46.013" classname="testcases.A3Dev1077CheckAllPricesForADV"/>
  <testcase name="" time="43.936" classname="testcases.A3Dev1077CheckAllPricesForADV"/>
  <testcase name="" time="43.817" classname="testcases.A3Dev1077CheckAllPricesForADV"/>
  <testcase name="" time="43.977" classname="testcases.A3Dev1077CheckAllPricesForADV"/>
  <testcase name="" time="43.616" classname="testcases.A3Dev1077CheckAllPricesForADV"/>
  <testcase name="" time="42.915" classname="testcases.A3Dev1077CheckAllPricesForADV"/>
  <testcase name="" time="42.016" classname="testcases.A3Dev1077CheckAllPricesForADV"/>
  <testcase name="" time="41.901" classname="testcases.A3Dev1077CheckAllPricesForADV"/>
  <testcase name="" time="46.08" classname="testcases.A3Dev1077CheckAllPricesForADV"/>
  <testcase name="" time="45.417" classname="testcases.A3Dev1077CheckAllPricesForADV"/>
  <testcase name="" time="42.712" classname="testcases.A3Dev1079CheckPricesForADV2"/>
  <testcase name="" time="10.203" classname="testcases.A3Dev1079CheckPricesForADV2"/>
  <testcase name="" time="10.186" classname="testcases.A3Dev1079CheckPricesForADV2"/>
  <testcase name="" time="13.295" classname="testcases.A3Dev1079CheckPricesForADV2"/>
  <testcase name="" time="13.107" classname="testcases.A3Dev1079CheckPricesForADV2"/>
  <testcase name="" time="8.165" classname="testcases.A3Dev1079CheckPricesForADV2"/>
  <testcase name="" time="30.188" classname="testcases.A3Dev1080CheckPricesForDiffCampaign"/>
  <testcase name="" time="18.243" classname="testcases.A3Dev1080CheckPricesForDiffCampaign"/>
  <testcase name="" time="17.7" classname="testcases.A3Dev1080CheckPricesForDiffCampaign"/>
  <testcase name="" time="18.321" classname="testcases.A3Dev1080CheckPricesForDiffCampaign"/>
  <testcase name="" time="17.84" classname="testcases.A3Dev1080CheckPricesForDiffCampaign"/>
  <testcase name="" time="5.81" classname="testcases.A3Dev1080CheckPricesForDiffCampaign"/>
  <testcase name="" time="58.571" classname="testcases.A4Dev1101CampaignBuy"/>
  <testcase name="" time="55.054" classname="testcases.A4Dev1101CampaignBuy"/>
  <testcase name="" time="98.592" classname="testcases.A4Dev1101CampaignBuy">
    <failure type="org.openqa.selenium.TimeoutException" message="Timed out after 60 seconds waiting for visibility of element located by By.xpath: //tr//*[contains(text(), &amp;apos;nPFfk3BuyNow&amp;apos;)]/ancestor::table[contains(@class, &amp;apos;mx-name-table6&amp;apos;)]/tbody/tr[1]/td[1]
Build info: version: &amp;apos;2.53.1&amp;apos;, revision: &amp;apos;a36b8b1cd5757287168e54b817830adce9b0158d&amp;apos;, time: &amp;apos;2016-06-30 19:26:09&amp;apos;
System info: host: &amp;apos;mbpro-dejuan.local&amp;apos;, ip: &amp;apos;10.34.6.211&amp;apos;, os.name: &amp;apos;Mac OS X&amp;apos;, os.arch: &amp;apos;x86_64&amp;apos;, os.version: &amp;apos;10.11.6&amp;apos;, java.version: &amp;apos;1.8.0_91&amp;apos;
Driver info: org.openqa.selenium.firefox.FirefoxDriver
Capabilities [{applicationCacheEnabled=true, rotatable=false, handlesAlerts=true, databaseEnabled=true, version=47.0.1, platform=MAC, nativeEvents=false, acceptSslCerts=true, webStorageEnabled=true, locationContextEnabled=true, browserName=firefox, takesScreenshot=true, javascriptEnabled=true, cssSelectorsEnabled=true}]
Session ID: 22d51cd4-bcf4-6945-9781-d0b76c915d36">
      <![CDATA[org.openqa.selenium.TimeoutException: Timed out after 60 seconds waiting for visibility of element located by By.xpath: //tr//*[contains(text(), 'nPFfk3BuyNow')]/ancestor::table[contains(@class, 'mx-name-table6')]/tbody/tr[1]/td[1]
Build info: version: '2.53.1', revision: 'a36b8b1cd5757287168e54b817830adce9b0158d', time: '2016-06-30 19:26:09'
System info: host: 'mbpro-dejuan.local', ip: '10.34.6.211', os.name: 'Mac OS X', os.arch: 'x86_64', os.version: '10.11.6', java.version: '1.8.0_91'
Driver info: org.openqa.selenium.firefox.FirefoxDriver
Capabilities [{applicationCacheEnabled=true, rotatable=false, handlesAlerts=true, databaseEnabled=true, version=47.0.1, platform=MAC, nativeEvents=false, acceptSslCerts=true, webStorageEnabled=true, locationContextEnabled=true, browserName=firefox, takesScreenshot=true, javascriptEnabled=true, cssSelectorsEnabled=true}]
Session ID: 22d51cd4-bcf4-6945-9781-d0b76c915d36
	at org.openqa.selenium.support.ui.WebDriverWait.timeoutException(WebDriverWait.java:80)
	at org.openqa.selenium.support.ui.FluentWait.until(FluentWait.java:261)
	at toplevel.Helper.FindElement(Helper.java:219)
	at toplevel.Top.ClickButton(Top.java:105)
	at advertiser.Mylots.SelectALot(Mylots.java:46)
	at testcases.A4Dev1101CampaignBuy.checkCmpPricesBuy(A4Dev1101CampaignBuy.java:58)
Caused by: org.openqa.selenium.NoSuchElementException: Unable to locate element: {"method":"xpath","selector":"//tr//*[contains(text(), 'nPFfk3BuyNow')]/ancestor::table[contains(@class, 'mx-name-table6')]/tbody/tr[1]/td[1]"}
Command duration or timeout: 15 milliseconds
For documentation on this error, please visit: http://seleniumhq.org/exceptions/no_such_element.html
Build info: version: '2.53.1', revision: 'a36b8b1cd5757287168e54b817830adce9b0158d', time: '2016-06-30 19:26:09'
System info: host: 'mbpro-dejuan.local', ip: '10.34.6.211', os.name: 'Mac OS X', os.arch: 'x86_64', os.version: '10.11.6', java.version: '1.8.0_91'
Driver info: org.openqa.selenium.firefox.FirefoxDriver
Capabilities [{applicationCacheEnabled=true, rotatable=false, handlesAlerts=true, databaseEnabled=true, version=47.0.1, platform=MAC, nativeEvents=false, acceptSslCerts=true, webStorageEnabled=true, locationContextEnabled=true, browserName=firefox, takesScreenshot=true, javascriptEnabled=true, cssSelectorsEnabled=true}]
Session ID: 22d51cd4-bcf4-6945-9781-d0b76c915d36
*** Element info: {Using=xpath, value=//tr//*[contains(text(), 'nPFfk3BuyNow')]/ancestor::table[contains(@class, 'mx-name-table6')]/tbody/tr[1]/td[1]}
	at org.openqa.selenium.remote.ErrorHandler.createThrowable(ErrorHandler.java:206)
	at org.openqa.selenium.remote.ErrorHandler.throwIfResponseFailed(ErrorHandler.java:158)
	at org.openqa.selenium.remote.RemoteWebDriver.execute(RemoteWebDriver.java:678)
	at org.openqa.selenium.remote.RemoteWebDriver.findElement(RemoteWebDriver.java:363)
	at org.openqa.selenium.remote.RemoteWebDriver.findElementByXPath(RemoteWebDriver.java:500)
	at org.openqa.selenium.By$ByXPath.findElement(By.java:361)
	at org.openqa.selenium.remote.RemoteWebDriver.findElement(RemoteWebDriver.java:355)
	at org.openqa.selenium.support.ui.ExpectedConditions.findElement(ExpectedConditions.java:899)
	at org.openqa.selenium.support.ui.ExpectedConditions.access$000(ExpectedConditions.java:41)
	at org.openqa.selenium.support.ui.ExpectedConditions$7.apply(ExpectedConditions.java:205)
	at org.openqa.selenium.support.ui.ExpectedConditions$7.apply(ExpectedConditions.java:201)
	at org.openqa.selenium.support.ui.FluentWait.until(FluentWait.java:238)
	... 28 more
Caused by: org.openqa.selenium.NoSuchElementException: Unable to locate element: {"method":"xpath","selector":"//tr//*[contains(text(), 'nPFfk3BuyNow')]/ancestor::table[contains(@class, 'mx-name-table6')]/tbody/tr[1]/td[1]"}
For documentation on this error, please visit: http://seleniumhq.org/exceptions/no_such_element.html
Build info: version: '2.53.1', revision: 'a36b8b1cd5757287168e54b817830adce9b0158d', time: '2016-06-30 19:26:09'
System info: host: 'mbpro-dejuan.local', ip: '10.34.6.211', os.name: 'Mac OS X', os.arch: 'x86_64', os.version: '10.11.6', java.version: '1.8.0_91'
Driver info: driver.version: unknown
	at <anonymous class>.FirefoxDriver.prototype.findElementInternal_(file:///var/folders/wr/g92p1f_s6c34hxrt50h3c8jc0000gn/T/anonymous4639208691666702457webdriver-profile/extensions/fxdriver@googlecode.com/components/driver-component.js:10770)
	at <anonymous class>.FirefoxDriver.prototype.findElement(file:///var/folders/wr/g92p1f_s6c34hxrt50h3c8jc0000gn/T/anonymous4639208691666702457webdriver-profile/extensions/fxdriver@googlecode.com/components/driver-component.js:10779)
	at <anonymous class>.DelayedCommand.prototype.executeInternal_/h(file:///var/folders/wr/g92p1f_s6c34hxrt50h3c8jc0000gn/T/anonymous4639208691666702457webdriver-profile/extensions/fxdriver@googlecode.com/components/command-processor.js:12661)
	at <anonymous class>.DelayedCommand.prototype.executeInternal_(file:///var/folders/wr/g92p1f_s6c34hxrt50h3c8jc0000gn/T/anonymous4639208691666702457webdriver-profile/extensions/fxdriver@googlecode.com/components/command-processor.js:12666)
	at <anonymous class>.DelayedCommand.prototype.execute/<(file:///var/folders/wr/g92p1f_s6c34hxrt50h3c8jc0000gn/T/anonymous4639208691666702457webdriver-profile/extensions/fxdriver@googlecode.com/components/command-processor.js:12608)
... Removed 27 stack frames]]>
    </failure>
  </testcase> <!--  -->
</testsuite> <!-- GRP-CheckPriceMB,CreateData,CheckPriceAD,BuyMultiple,Offer,Buy,LoginFirstTime,CheckPriceAD2,Option,CheckOrder,Bid -->
